{"/home/kelvi/Documents/42_red-tetris/frontend/src/App.tsx": {"path":"/home/kelvi/Documents/42_red-tetris/frontend/src/App.tsx","statementMap":{"0":{"start":{"line":10,"column":2},"end":{"line":18,"column":null}}},"fnMap":{"0":{"name":"App","decl":{"start":{"line":9,"column":9},"end":{"line":9,"column":15}},"loc":{"start":{"line":9,"column":15},"end":{"line":20,"column":null}},"line":9}},"branchMap":{},"s":{"0":0},"f":{"0":0},"b":{},"meta":{"lastBranch":0,"lastFunction":1,"lastStatement":1,"seen":{"f:9:9:9:15":0,"s:10:2:18:Infinity":0}}}
,"/home/kelvi/Documents/42_red-tetris/frontend/src/main.tsx": {"path":"/home/kelvi/Documents/42_red-tetris/frontend/src/main.tsx","statementMap":{"0":{"start":{"line":9,"column":18},"end":{"line":9,"column":null}},"1":{"start":{"line":11,"column":0},"end":{"line":13,"column":null}},"2":{"start":{"line":12,"column":2},"end":{"line":12,"column":null}},"3":{"start":{"line":15,"column":6},"end":{"line":15,"column":null}},"4":{"start":{"line":17,"column":0},"end":{"line":25,"column":null}}},"fnMap":{},"branchMap":{"0":{"loc":{"start":{"line":11,"column":0},"end":{"line":13,"column":null}},"type":"if","locations":[{"start":{"line":11,"column":0},"end":{"line":13,"column":null}},{"start":{},"end":{}}],"line":11}},"s":{"0":0,"1":0,"2":0,"3":0,"4":0},"f":{},"b":{"0":[0,0]},"meta":{"lastBranch":1,"lastFunction":0,"lastStatement":5,"seen":{"s:9:18:9:Infinity":0,"b:11:0:13:Infinity:undefined:undefined:undefined:undefined":0,"s:11:0:13:Infinity":1,"s:12:2:12:Infinity":2,"s:15:6:15:Infinity":3,"s:17:0:25:Infinity":4}}}
,"/home/kelvi/Documents/42_red-tetris/frontend/src/socket.ts": {"path":"/home/kelvi/Documents/42_red-tetris/frontend/src/socket.ts","statementMap":{"0":{"start":{"line":3,"column":28},"end":{"line":3,"column":null}},"1":{"start":{"line":6,"column":2},"end":{"line":10,"column":null}},"2":{"start":{"line":7,"column":4},"end":{"line":7,"column":null}},"3":{"start":{"line":8,"column":2},"end":{"line":10,"column":null}},"4":{"start":{"line":9,"column":4},"end":{"line":9,"column":null}},"5":{"start":{"line":11,"column":2},"end":{"line":11,"column":null}}},"fnMap":{"0":{"name":"getSocket","decl":{"start":{"line":5,"column":16},"end":{"line":5,"column":36}},"loc":{"start":{"line":5,"column":36},"end":{"line":12,"column":null}},"line":5}},"branchMap":{"0":{"loc":{"start":{"line":6,"column":2},"end":{"line":10,"column":null}},"type":"if","locations":[{"start":{"line":6,"column":2},"end":{"line":10,"column":null}},{"start":{"line":8,"column":2},"end":{"line":10,"column":null}}],"line":6},"1":{"loc":{"start":{"line":8,"column":2},"end":{"line":10,"column":null}},"type":"if","locations":[{"start":{"line":8,"column":2},"end":{"line":10,"column":null}},{"start":{},"end":{}}],"line":8}},"s":{"0":0,"1":0,"2":0,"3":0,"4":0,"5":0},"f":{"0":0},"b":{"0":[0,0],"1":[0,0]},"meta":{"lastBranch":2,"lastFunction":1,"lastStatement":6,"seen":{"s:3:28:3:Infinity":0,"f:5:16:5:36":0,"b:6:2:10:Infinity:8:2:10:Infinity":0,"s:6:2:10:Infinity":1,"s:7:4:7:Infinity":2,"b:8:2:10:Infinity:undefined:undefined:undefined:undefined":1,"s:8:2:10:Infinity":3,"s:9:4:9:Infinity":4,"s:11:2:11:Infinity":5}}}
,"/home/kelvi/Documents/42_red-tetris/frontend/src/store.ts": {"path":"/home/kelvi/Documents/42_red-tetris/frontend/src/store.ts","statementMap":{"0":{"start":{"line":10,"column":21},"end":{"line":10,"column":null}},"1":{"start":{"line":12,"column":6},"end":{"line":16,"column":null}},"2":{"start":{"line":18,"column":6},"end":{"line":22,"column":null}},"3":{"start":{"line":27,"column":30},"end":{"line":27,"column":null}},"4":{"start":{"line":28,"column":63},"end":{"line":28,"column":null}}},"fnMap":{"0":{"name":"(anonymous_0)","decl":{"start":{"line":27,"column":30},"end":{"line":27,"column":36}},"loc":{"start":{"line":27,"column":30},"end":{"line":27,"column":null}},"line":27}},"branchMap":{},"s":{"0":0,"1":0,"2":0,"3":0,"4":0},"f":{"0":0},"b":{},"meta":{"lastBranch":0,"lastFunction":1,"lastStatement":5,"seen":{"s:10:21:10:Infinity":0,"s:12:6:16:Infinity":1,"s:18:6:22:Infinity":2,"s:27:30:27:Infinity":3,"f:27:30:27:36":0,"s:28:63:28:Infinity":4}}}
,"/home/kelvi/Documents/42_red-tetris/frontend/src/components/Game/Board.tsx": {"path":"/home/kelvi/Documents/42_red-tetris/frontend/src/components/Game/Board.tsx","statementMap":{"0":{"start":{"line":20,"column":8},"end":{"line":20,"column":null}},"1":{"start":{"line":21,"column":8},"end":{"line":21,"column":null}},"2":{"start":{"line":22,"column":8},"end":{"line":22,"column":null}},"3":{"start":{"line":23,"column":15},"end":{"line":23,"column":null}},"4":{"start":{"line":24,"column":25},"end":{"line":24,"column":null}},"5":{"start":{"line":25,"column":19},"end":{"line":25,"column":null}},"6":{"start":{"line":26,"column":24},"end":{"line":26,"column":null}},"7":{"start":{"line":27,"column":49},"end":{"line":27,"column":null}},"8":{"start":{"line":28,"column":17},"end":{"line":28,"column":null}},"9":{"start":{"line":30,"column":32},"end":{"line":30,"column":null}},"10":{"start":{"line":31,"column":32},"end":{"line":31,"column":null}},"11":{"start":{"line":33,"column":2},"end":{"line":56,"column":null}},"12":{"start":{"line":34,"column":4},"end":{"line":34,"column":null}},"13":{"start":{"line":34,"column":34},"end":{"line":34,"column":null}},"14":{"start":{"line":36,"column":4},"end":{"line":40,"column":null}},"15":{"start":{"line":37,"column":6},"end":{"line":37,"column":null}},"16":{"start":{"line":38,"column":6},"end":{"line":38,"column":null}},"17":{"start":{"line":39,"column":6},"end":{"line":39,"column":null}},"18":{"start":{"line":42,"column":4},"end":{"line":42,"column":null}},"19":{"start":{"line":44,"column":14},"end":{"line":44,"column":null}},"20":{"start":{"line":46,"column":4},"end":{"line":55,"column":null}},"21":{"start":{"line":47,"column":6},"end":{"line":52,"column":null}},"22":{"start":{"line":48,"column":8},"end":{"line":48,"column":null}},"23":{"start":{"line":49,"column":8},"end":{"line":49,"column":null}},"24":{"start":{"line":50,"column":8},"end":{"line":50,"column":null}},"25":{"start":{"line":51,"column":8},"end":{"line":51,"column":null}},"26":{"start":{"line":54,"column":6},"end":{"line":54,"column":null}},"27":{"start":{"line":58,"column":8},"end":{"line":58,"column":null}},"28":{"start":{"line":59,"column":36},"end":{"line":59,"column":null}},"29":{"start":{"line":60,"column":24},"end":{"line":60,"column":null}},"30":{"start":{"line":62,"column":24},"end":{"line":69,"column":null}},"31":{"start":{"line":63,"column":4},"end":{"line":63,"column":null}},"32":{"start":{"line":63,"column":40},"end":{"line":63,"column":null}},"33":{"start":{"line":64,"column":20},"end":{"line":64,"column":null}},"34":{"start":{"line":65,"column":4},"end":{"line":67,"column":null}},"35":{"start":{"line":68,"column":4},"end":{"line":68,"column":null}},"36":{"start":{"line":82,"column":2},"end":{"line":82,"column":null}},"37":{"start":{"line":85,"column":2},"end":{"line":100,"column":null}},"38":{"start":{"line":86,"column":4},"end":{"line":86,"column":null}},"39":{"start":{"line":86,"column":27},"end":{"line":86,"column":null}},"40":{"start":{"line":88,"column":22},"end":{"line":94,"column":null}},"41":{"start":{"line":89,"column":8},"end":{"line":89,"column":null}},"42":{"start":{"line":89,"column":58},"end":{"line":89,"column":null}},"43":{"start":{"line":92,"column":8},"end":{"line":92,"column":null}},"44":{"start":{"line":93,"column":8},"end":{"line":93,"column":null}},"45":{"start":{"line":96,"column":4},"end":{"line":96,"column":null}},"46":{"start":{"line":97,"column":4},"end":{"line":99,"column":null}},"47":{"start":{"line":98,"column":8},"end":{"line":98,"column":null}},"48":{"start":{"line":103,"column":2},"end":{"line":110,"column":null}},"49":{"start":{"line":104,"column":4},"end":{"line":104,"column":null}},"50":{"start":{"line":104,"column":40},"end":{"line":104,"column":null}},"51":{"start":{"line":106,"column":4},"end":{"line":109,"column":null}},"52":{"start":{"line":113,"column":2},"end":{"line":128,"column":null}},"53":{"start":{"line":114,"column":4},"end":{"line":114,"column":null}},"54":{"start":{"line":114,"column":27},"end":{"line":114,"column":null}},"55":{"start":{"line":116,"column":29},"end":{"line":121,"column":null}},"56":{"start":{"line":117,"column":6},"end":{"line":120,"column":null}},"57":{"start":{"line":117,"column":30},"end":{"line":120,"column":8}},"58":{"start":{"line":123,"column":4},"end":{"line":123,"column":null}},"59":{"start":{"line":125,"column":4},"end":{"line":127,"column":null}},"60":{"start":{"line":126,"column":6},"end":{"line":126,"column":null}},"61":{"start":{"line":130,"column":2},"end":{"line":136,"column":null}},"62":{"start":{"line":131,"column":4},"end":{"line":134,"column":null}},"63":{"start":{"line":138,"column":2},"end":{"line":143,"column":null}},"64":{"start":{"line":139,"column":4},"end":{"line":142,"column":null}},"65":{"start":{"line":140,"column":6},"end":{"line":140,"column":null}},"66":{"start":{"line":141,"column":6},"end":{"line":141,"column":null}},"67":{"start":{"line":145,"column":2},"end":{"line":150,"column":null}},"68":{"start":{"line":146,"column":4},"end":{"line":146,"column":null}},"69":{"start":{"line":146,"column":16},"end":{"line":146,"column":null}},"70":{"start":{"line":147,"column":4},"end":{"line":149,"column":null}},"71":{"start":{"line":148,"column":6},"end":{"line":148,"column":null}},"72":{"start":{"line":152,"column":2},"end":{"line":171,"column":null}},"73":{"start":{"line":153,"column":4},"end":{"line":170,"column":null}},"74":{"start":{"line":154,"column":6},"end":{"line":154,"column":null}},"75":{"start":{"line":154,"column":18},"end":{"line":154,"column":null}},"76":{"start":{"line":155,"column":16},"end":{"line":155,"column":null}},"77":{"start":{"line":156,"column":6},"end":{"line":169,"column":null}},"78":{"start":{"line":157,"column":8},"end":{"line":168,"column":null}},"79":{"start":{"line":158,"column":10},"end":{"line":158,"column":null}},"80":{"start":{"line":159,"column":10},"end":{"line":159,"column":null}},"81":{"start":{"line":161,"column":10},"end":{"line":167,"column":null}},"82":{"start":{"line":162,"column":12},"end":{"line":166,"column":null}},"83":{"start":{"line":163,"column":14},"end":{"line":163,"column":null}},"84":{"start":{"line":165,"column":14},"end":{"line":165,"column":null}},"85":{"start":{"line":173,"column":4},"end":{"line":192,"column":null}},"86":{"start":{"line":174,"column":6},"end":{"line":174,"column":null}},"87":{"start":{"line":174,"column":18},"end":{"line":174,"column":null}},"88":{"start":{"line":175,"column":22},"end":{"line":185,"column":null}},"89":{"start":{"line":176,"column":8},"end":{"line":176,"column":null}},"90":{"start":{"line":177,"column":8},"end":{"line":177,"column":null}},"91":{"start":{"line":178,"column":8},"end":{"line":178,"column":null}},"92":{"start":{"line":180,"column":8},"end":{"line":184,"column":null}},"93":{"start":{"line":181,"column":10},"end":{"line":183,"column":null}},"94":{"start":{"line":182,"column":12},"end":{"line":182,"column":null}},"95":{"start":{"line":187,"column":6},"end":{"line":187,"column":null}},"96":{"start":{"line":187,"column":18},"end":{"line":187,"column":null}},"97":{"start":{"line":189,"column":6},"end":{"line":191,"column":null}},"98":{"start":{"line":190,"column":8},"end":{"line":190,"column":null}},"99":{"start":{"line":190,"column":20},"end":{"line":190,"column":null}},"100":{"start":{"line":194,"column":4},"end":{"line":212,"column":null}},"101":{"start":{"line":195,"column":6},"end":{"line":195,"column":null}},"102":{"start":{"line":195,"column":18},"end":{"line":195,"column":null}},"103":{"start":{"line":196,"column":33},"end":{"line":204,"column":null}},"104":{"start":{"line":197,"column":8},"end":{"line":203,"column":null}},"105":{"start":{"line":198,"column":10},"end":{"line":202,"column":null}},"106":{"start":{"line":199,"column":12},"end":{"line":199,"column":null}},"107":{"start":{"line":206,"column":6},"end":{"line":206,"column":null}},"108":{"start":{"line":208,"column":6},"end":{"line":211,"column":null}},"109":{"start":{"line":209,"column":8},"end":{"line":209,"column":null}},"110":{"start":{"line":214,"column":4},"end":{"line":225,"column":null}},"111":{"start":{"line":215,"column":6},"end":{"line":215,"column":null}},"112":{"start":{"line":215,"column":18},"end":{"line":215,"column":null}},"113":{"start":{"line":216,"column":33},"end":{"line":219,"column":null}},"114":{"start":{"line":217,"column":25},"end":{"line":217,"column":null}},"115":{"start":{"line":218,"column":8},"end":{"line":218,"column":null}},"116":{"start":{"line":221,"column":6},"end":{"line":221,"column":null}},"117":{"start":{"line":221,"column":18},"end":{"line":221,"column":null}},"118":{"start":{"line":222,"column":6},"end":{"line":224,"column":null}},"119":{"start":{"line":223,"column":8},"end":{"line":223,"column":null}},"120":{"start":{"line":223,"column":20},"end":{"line":223,"column":null}},"121":{"start":{"line":227,"column":4},"end":{"line":245,"column":null}},"122":{"start":{"line":228,"column":6},"end":{"line":228,"column":null}},"123":{"start":{"line":228,"column":18},"end":{"line":228,"column":null}},"124":{"start":{"line":229,"column":27},"end":{"line":239,"column":null}},"125":{"start":{"line":230,"column":25},"end":{"line":230,"column":null}},"126":{"start":{"line":231,"column":8},"end":{"line":231,"column":null}},"127":{"start":{"line":233,"column":8},"end":{"line":238,"column":null}},"128":{"start":{"line":234,"column":23},"end":{"line":234,"column":null}},"129":{"start":{"line":235,"column":22},"end":{"line":235,"column":null}},"130":{"start":{"line":235,"column":50},"end":{"line":235,"column":75}},"131":{"start":{"line":236,"column":10},"end":{"line":236,"column":null}},"132":{"start":{"line":236,"column":19},"end":{"line":236,"column":null}},"133":{"start":{"line":237,"column":10},"end":{"line":237,"column":null}},"134":{"start":{"line":241,"column":6},"end":{"line":241,"column":null}},"135":{"start":{"line":241,"column":18},"end":{"line":241,"column":null}},"136":{"start":{"line":242,"column":6},"end":{"line":244,"column":null}},"137":{"start":{"line":243,"column":8},"end":{"line":243,"column":null}},"138":{"start":{"line":243,"column":20},"end":{"line":243,"column":null}},"139":{"start":{"line":247,"column":4},"end":{"line":263,"column":null}},"140":{"start":{"line":248,"column":6},"end":{"line":248,"column":null}},"141":{"start":{"line":248,"column":18},"end":{"line":248,"column":null}},"142":{"start":{"line":249,"column":22},"end":{"line":257,"column":null}},"143":{"start":{"line":250,"column":8},"end":{"line":250,"column":null}},"144":{"start":{"line":251,"column":8},"end":{"line":251,"column":null}},"145":{"start":{"line":252,"column":8},"end":{"line":252,"column":null}},"146":{"start":{"line":253,"column":8},"end":{"line":256,"column":null}},"147":{"start":{"line":254,"column":10},"end":{"line":254,"column":null}},"148":{"start":{"line":254,"column":16},"end":{"line":254,"column":30}},"149":{"start":{"line":255,"column":10},"end":{"line":255,"column":null}},"150":{"start":{"line":259,"column":6},"end":{"line":259,"column":null}},"151":{"start":{"line":259,"column":18},"end":{"line":259,"column":null}},"152":{"start":{"line":260,"column":6},"end":{"line":262,"column":null}},"153":{"start":{"line":261,"column":8},"end":{"line":261,"column":null}},"154":{"start":{"line":261,"column":20},"end":{"line":261,"column":null}},"155":{"start":{"line":266,"column":24},"end":{"line":298,"column":null}},"156":{"start":{"line":267,"column":4},"end":{"line":267,"column":null}},"157":{"start":{"line":267,"column":27},"end":{"line":267,"column":null}},"158":{"start":{"line":269,"column":20},"end":{"line":269,"column":null}},"159":{"start":{"line":271,"column":4},"end":{"line":297,"column":null}},"160":{"start":{"line":273,"column":8},"end":{"line":273,"column":null}},"161":{"start":{"line":274,"column":8},"end":{"line":274,"column":null}},"162":{"start":{"line":275,"column":8},"end":{"line":275,"column":null}},"163":{"start":{"line":278,"column":8},"end":{"line":278,"column":null}},"164":{"start":{"line":279,"column":8},"end":{"line":279,"column":null}},"165":{"start":{"line":280,"column":8},"end":{"line":280,"column":null}},"166":{"start":{"line":283,"column":8},"end":{"line":283,"column":null}},"167":{"start":{"line":284,"column":8},"end":{"line":284,"column":null}},"168":{"start":{"line":285,"column":8},"end":{"line":285,"column":null}},"169":{"start":{"line":288,"column":8},"end":{"line":288,"column":null}},"170":{"start":{"line":289,"column":8},"end":{"line":289,"column":null}},"171":{"start":{"line":290,"column":8},"end":{"line":290,"column":null}},"172":{"start":{"line":291,"column":8},"end":{"line":291,"column":null}},"173":{"start":{"line":294,"column":8},"end":{"line":294,"column":null}},"174":{"start":{"line":295,"column":8},"end":{"line":295,"column":null}},"175":{"start":{"line":296,"column":8},"end":{"line":296,"column":null}},"176":{"start":{"line":300,"column":22},"end":{"line":306,"column":null}},"177":{"start":{"line":301,"column":4},"end":{"line":301,"column":null}},"178":{"start":{"line":301,"column":27},"end":{"line":301,"column":null}},"179":{"start":{"line":303,"column":4},"end":{"line":305,"column":null}},"180":{"start":{"line":304,"column":6},"end":{"line":304,"column":null}},"181":{"start":{"line":308,"column":2},"end":{"line":393,"column":null}},"182":{"start":{"line":314,"column":12},"end":{"line":321,"column":null}},"183":{"start":{"line":335,"column":30},"end":{"line":335,"column":null}},"184":{"start":{"line":339,"column":12},"end":{"line":343,"column":null}},"185":{"start":{"line":340,"column":14},"end":{"line":340,"column":null}},"186":{"start":{"line":342,"column":14},"end":{"line":342,"column":null}},"187":{"start":{"line":364,"column":22},"end":{"line":371,"column":null}}},"fnMap":{"0":{"name":"Board","decl":{"start":{"line":19,"column":9},"end":{"line":19,"column":17}},"loc":{"start":{"line":19,"column":17},"end":{"line":395,"column":null}},"line":19},"1":{"name":"(anonymous_1)","decl":{"start":{"line":33,"column":12},"end":{"line":33,"column":18}},"loc":{"start":{"line":33,"column":18},"end":{"line":56,"column":5}},"line":33},"2":{"name":"(anonymous_2)","decl":{"start":{"line":46,"column":58},"end":{"line":46,"column":59}},"loc":{"start":{"line":46,"column":72},"end":{"line":55,"column":5}},"line":46},"3":{"name":"(anonymous_3)","decl":{"start":{"line":62,"column":42},"end":{"line":62,"column":43}},"loc":{"start":{"line":62,"column":60},"end":{"line":69,"column":5}},"line":62},"4":{"name":"(anonymous_4)","decl":{"start":{"line":85,"column":12},"end":{"line":85,"column":18}},"loc":{"start":{"line":85,"column":18},"end":{"line":100,"column":5}},"line":85},"5":{"name":"(anonymous_5)","decl":{"start":{"line":88,"column":22},"end":{"line":88,"column":23}},"loc":{"start":{"line":88,"column":86},"end":{"line":94,"column":null}},"line":88},"6":{"name":"(anonymous_6)","decl":{"start":{"line":97,"column":11},"end":{"line":97,"column":17}},"loc":{"start":{"line":97,"column":17},"end":{"line":99,"column":null}},"line":97},"7":{"name":"(anonymous_7)","decl":{"start":{"line":103,"column":12},"end":{"line":103,"column":18}},"loc":{"start":{"line":103,"column":18},"end":{"line":110,"column":5}},"line":103},"8":{"name":"(anonymous_8)","decl":{"start":{"line":113,"column":12},"end":{"line":113,"column":18}},"loc":{"start":{"line":113,"column":18},"end":{"line":128,"column":5}},"line":113},"9":{"name":"(anonymous_9)","decl":{"start":{"line":116,"column":29},"end":{"line":116,"column":30}},"loc":{"start":{"line":116,"column":87},"end":{"line":121,"column":null}},"line":116},"10":{"name":"(anonymous_10)","decl":{"start":{"line":117,"column":19},"end":{"line":117,"column":20}},"loc":{"start":{"line":117,"column":30},"end":{"line":120,"column":8}},"line":117},"11":{"name":"(anonymous_11)","decl":{"start":{"line":125,"column":11},"end":{"line":125,"column":17}},"loc":{"start":{"line":125,"column":17},"end":{"line":127,"column":null}},"line":125},"12":{"name":"(anonymous_12)","decl":{"start":{"line":138,"column":12},"end":{"line":138,"column":18}},"loc":{"start":{"line":138,"column":18},"end":{"line":143,"column":5}},"line":138},"13":{"name":"(anonymous_13)","decl":{"start":{"line":145,"column":12},"end":{"line":145,"column":18}},"loc":{"start":{"line":145,"column":18},"end":{"line":150,"column":5}},"line":145},"14":{"name":"(anonymous_14)","decl":{"start":{"line":152,"column":12},"end":{"line":152,"column":18}},"loc":{"start":{"line":152,"column":18},"end":{"line":171,"column":5}},"line":152},"15":{"name":"(anonymous_15)","decl":{"start":{"line":156,"column":59},"end":{"line":156,"column":60}},"loc":{"start":{"line":156,"column":73},"end":{"line":169,"column":7}},"line":156},"16":{"name":"(anonymous_16)","decl":{"start":{"line":161,"column":21},"end":{"line":161,"column":27}},"loc":{"start":{"line":161,"column":27},"end":{"line":167,"column":13}},"line":161},"17":{"name":"(anonymous_17)","decl":{"start":{"line":162,"column":37},"end":{"line":162,"column":43}},"loc":{"start":{"line":162,"column":43},"end":{"line":164,"column":13}},"line":162},"18":{"name":"(anonymous_18)","decl":{"start":{"line":164,"column":21},"end":{"line":164,"column":27}},"loc":{"start":{"line":164,"column":27},"end":{"line":166,"column":13}},"line":164},"19":{"name":"(anonymous_19)","decl":{"start":{"line":173,"column":14},"end":{"line":173,"column":20}},"loc":{"start":{"line":173,"column":20},"end":{"line":192,"column":7}},"line":173},"20":{"name":"(anonymous_20)","decl":{"start":{"line":175,"column":22},"end":{"line":175,"column":23}},"loc":{"start":{"line":175,"column":37},"end":{"line":185,"column":null}},"line":175},"21":{"name":"(anonymous_21)","decl":{"start":{"line":180,"column":19},"end":{"line":180,"column":25}},"loc":{"start":{"line":180,"column":25},"end":{"line":184,"column":11}},"line":180},"22":{"name":"(anonymous_22)","decl":{"start":{"line":181,"column":35},"end":{"line":181,"column":41}},"loc":{"start":{"line":181,"column":41},"end":{"line":183,"column":11}},"line":181},"23":{"name":"(anonymous_23)","decl":{"start":{"line":189,"column":13},"end":{"line":189,"column":19}},"loc":{"start":{"line":189,"column":19},"end":{"line":191,"column":null}},"line":189},"24":{"name":"(anonymous_24)","decl":{"start":{"line":194,"column":14},"end":{"line":194,"column":20}},"loc":{"start":{"line":194,"column":20},"end":{"line":212,"column":7}},"line":194},"25":{"name":"(anonymous_25)","decl":{"start":{"line":196,"column":33},"end":{"line":196,"column":34}},"loc":{"start":{"line":196,"column":59},"end":{"line":204,"column":null}},"line":196},"26":{"name":"(anonymous_26)","decl":{"start":{"line":208,"column":13},"end":{"line":208,"column":19}},"loc":{"start":{"line":208,"column":19},"end":{"line":211,"column":null}},"line":208},"27":{"name":"(anonymous_27)","decl":{"start":{"line":214,"column":14},"end":{"line":214,"column":20}},"loc":{"start":{"line":214,"column":20},"end":{"line":225,"column":7}},"line":214},"28":{"name":"(anonymous_28)","decl":{"start":{"line":216,"column":33},"end":{"line":216,"column":34}},"loc":{"start":{"line":216,"column":48},"end":{"line":219,"column":null}},"line":216},"29":{"name":"(anonymous_29)","decl":{"start":{"line":222,"column":13},"end":{"line":222,"column":19}},"loc":{"start":{"line":222,"column":19},"end":{"line":224,"column":null}},"line":222},"30":{"name":"(anonymous_30)","decl":{"start":{"line":227,"column":14},"end":{"line":227,"column":20}},"loc":{"start":{"line":227,"column":20},"end":{"line":245,"column":7}},"line":227},"31":{"name":"(anonymous_31)","decl":{"start":{"line":229,"column":27},"end":{"line":229,"column":28}},"loc":{"start":{"line":229,"column":42},"end":{"line":239,"column":null}},"line":229},"32":{"name":"(anonymous_32)","decl":{"start":{"line":233,"column":21},"end":{"line":233,"column":29}},"loc":{"start":{"line":233,"column":29},"end":{"line":238,"column":9}},"line":233},"33":{"name":"(anonymous_33)","decl":{"start":{"line":235,"column":45},"end":{"line":235,"column":50}},"loc":{"start":{"line":235,"column":50},"end":{"line":235,"column":75}},"line":235},"34":{"name":"(anonymous_34)","decl":{"start":{"line":242,"column":13},"end":{"line":242,"column":19}},"loc":{"start":{"line":242,"column":19},"end":{"line":244,"column":null}},"line":242},"35":{"name":"(anonymous_35)","decl":{"start":{"line":247,"column":14},"end":{"line":247,"column":20}},"loc":{"start":{"line":247,"column":20},"end":{"line":263,"column":7}},"line":247},"36":{"name":"(anonymous_36)","decl":{"start":{"line":249,"column":22},"end":{"line":249,"column":23}},"loc":{"start":{"line":249,"column":37},"end":{"line":257,"column":null}},"line":249},"37":{"name":"(anonymous_37)","decl":{"start":{"line":253,"column":19},"end":{"line":253,"column":25}},"loc":{"start":{"line":253,"column":25},"end":{"line":256,"column":11}},"line":253},"38":{"name":"(anonymous_38)","decl":{"start":{"line":260,"column":13},"end":{"line":260,"column":19}},"loc":{"start":{"line":260,"column":19},"end":{"line":262,"column":null}},"line":260},"39":{"name":"(anonymous_39)","decl":{"start":{"line":266,"column":24},"end":{"line":266,"column":25}},"loc":{"start":{"line":266,"column":52},"end":{"line":298,"column":null}},"line":266},"40":{"name":"(anonymous_40)","decl":{"start":{"line":300,"column":22},"end":{"line":300,"column":23}},"loc":{"start":{"line":300,"column":50},"end":{"line":306,"column":null}},"line":300},"41":{"name":"(anonymous_41)","decl":{"start":{"line":313,"column":41},"end":{"line":313,"column":42}},"loc":{"start":{"line":314,"column":12},"end":{"line":321,"column":null}},"line":314},"42":{"name":"(anonymous_42)","decl":{"start":{"line":335,"column":24},"end":{"line":335,"column":30}},"loc":{"start":{"line":335,"column":30},"end":{"line":335,"column":null}},"line":335},"43":{"name":"(anonymous_43)","decl":{"start":{"line":338,"column":51},"end":{"line":338,"column":57}},"loc":{"start":{"line":338,"column":57},"end":{"line":344,"column":13}},"line":338},"44":{"name":"(anonymous_44)","decl":{"start":{"line":339,"column":37},"end":{"line":339,"column":43}},"loc":{"start":{"line":339,"column":43},"end":{"line":341,"column":13}},"line":339},"45":{"name":"(anonymous_45)","decl":{"start":{"line":341,"column":21},"end":{"line":341,"column":27}},"loc":{"start":{"line":341,"column":27},"end":{"line":343,"column":13}},"line":341},"46":{"name":"(anonymous_46)","decl":{"start":{"line":363,"column":51},"end":{"line":363,"column":52}},"loc":{"start":{"line":364,"column":22},"end":{"line":371,"column":null}},"line":364}},"branchMap":{"0":{"loc":{"start":{"line":23,"column":15},"end":{"line":23,"column":null}},"type":"binary-expr","locations":[{"start":{"line":23,"column":15},"end":{"line":23,"column":32}},{"start":{"line":23,"column":32},"end":{"line":23,"column":62}},{"start":{"line":23,"column":62},"end":{"line":23,"column":null}}],"line":23},"1":{"loc":{"start":{"line":24,"column":25},"end":{"line":24,"column":null}},"type":"binary-expr","locations":[{"start":{"line":24,"column":25},"end":{"line":24,"column":54}},{"start":{"line":24,"column":54},"end":{"line":24,"column":null}}],"line":24},"2":{"loc":{"start":{"line":25,"column":19},"end":{"line":25,"column":null}},"type":"binary-expr","locations":[{"start":{"line":25,"column":19},"end":{"line":25,"column":34}},{"start":{"line":25,"column":34},"end":{"line":25,"column":62}},{"start":{"line":25,"column":62},"end":{"line":25,"column":null}}],"line":25},"3":{"loc":{"start":{"line":26,"column":24},"end":{"line":26,"column":null}},"type":"binary-expr","locations":[{"start":{"line":26,"column":24},"end":{"line":26,"column":57}},{"start":{"line":26,"column":57},"end":{"line":26,"column":null}}],"line":26},"4":{"loc":{"start":{"line":30,"column":61},"end":{"line":30,"column":99}},"type":"cond-expr","locations":[{"start":{"line":30,"column":88},"end":{"line":30,"column":95}},{"start":{"line":30,"column":95},"end":{"line":30,"column":99}}],"line":30},"5":{"loc":{"start":{"line":30,"column":61},"end":{"line":30,"column":88}},"type":"binary-expr","locations":[{"start":{"line":30,"column":61},"end":{"line":30,"column":79}},{"start":{"line":30,"column":79},"end":{"line":30,"column":88}}],"line":30},"6":{"loc":{"start":{"line":34,"column":4},"end":{"line":34,"column":null}},"type":"if","locations":[{"start":{"line":34,"column":4},"end":{"line":34,"column":null}},{"start":{},"end":{}}],"line":34},"7":{"loc":{"start":{"line":34,"column":8},"end":{"line":34,"column":34}},"type":"binary-expr","locations":[{"start":{"line":34,"column":8},"end":{"line":34,"column":26}},{"start":{"line":34,"column":26},"end":{"line":34,"column":34}}],"line":34},"8":{"loc":{"start":{"line":36,"column":4},"end":{"line":40,"column":null}},"type":"if","locations":[{"start":{"line":36,"column":4},"end":{"line":40,"column":null}},{"start":{},"end":{}}],"line":36},"9":{"loc":{"start":{"line":36,"column":8},"end":{"line":36,"column":28}},"type":"binary-expr","locations":[{"start":{"line":36,"column":8},"end":{"line":36,"column":21}},{"start":{"line":36,"column":21},"end":{"line":36,"column":28}}],"line":36},"10":{"loc":{"start":{"line":44,"column":14},"end":{"line":44,"column":null}},"type":"binary-expr","locations":[{"start":{"line":44,"column":14},"end":{"line":44,"column":24}},{"start":{"line":44,"column":24},"end":{"line":44,"column":null}}],"line":44},"11":{"loc":{"start":{"line":47,"column":6},"end":{"line":52,"column":null}},"type":"if","locations":[{"start":{"line":47,"column":6},"end":{"line":52,"column":null}},{"start":{},"end":{}}],"line":47},"12":{"loc":{"start":{"line":47,"column":10},"end":{"line":47,"column":27}},"type":"binary-expr","locations":[{"start":{"line":47,"column":10},"end":{"line":47,"column":18}},{"start":{"line":47,"column":18},"end":{"line":47,"column":27}}],"line":47},"13":{"loc":{"start":{"line":63,"column":4},"end":{"line":63,"column":null}},"type":"if","locations":[{"start":{"line":63,"column":4},"end":{"line":63,"column":null}},{"start":{},"end":{}}],"line":63},"14":{"loc":{"start":{"line":63,"column":8},"end":{"line":63,"column":40}},"type":"binary-expr","locations":[{"start":{"line":63,"column":8},"end":{"line":63,"column":18}},{"start":{"line":63,"column":18},"end":{"line":63,"column":29}},{"start":{"line":63,"column":29},"end":{"line":63,"column":40}}],"line":63},"15":{"loc":{"start":{"line":65,"column":4},"end":{"line":67,"column":null}},"type":"if","locations":[{"start":{"line":65,"column":4},"end":{"line":67,"column":null}},{"start":{},"end":{}}],"line":65},"16":{"loc":{"start":{"line":86,"column":4},"end":{"line":86,"column":null}},"type":"if","locations":[{"start":{"line":86,"column":4},"end":{"line":86,"column":null}},{"start":{},"end":{}}],"line":86},"17":{"loc":{"start":{"line":86,"column":8},"end":{"line":86,"column":27}},"type":"binary-expr","locations":[{"start":{"line":86,"column":8},"end":{"line":86,"column":18}},{"start":{"line":86,"column":18},"end":{"line":86,"column":27}}],"line":86},"18":{"loc":{"start":{"line":89,"column":8},"end":{"line":89,"column":null}},"type":"if","locations":[{"start":{"line":89,"column":8},"end":{"line":89,"column":null}},{"start":{},"end":{}}],"line":89},"19":{"loc":{"start":{"line":89,"column":12},"end":{"line":89,"column":58}},"type":"binary-expr","locations":[{"start":{"line":89,"column":12},"end":{"line":89,"column":29}},{"start":{"line":89,"column":29},"end":{"line":89,"column":58}}],"line":89},"20":{"loc":{"start":{"line":104,"column":4},"end":{"line":104,"column":null}},"type":"if","locations":[{"start":{"line":104,"column":4},"end":{"line":104,"column":null}},{"start":{},"end":{}}],"line":104},"21":{"loc":{"start":{"line":104,"column":8},"end":{"line":104,"column":40}},"type":"binary-expr","locations":[{"start":{"line":104,"column":8},"end":{"line":104,"column":18}},{"start":{"line":104,"column":18},"end":{"line":104,"column":29}},{"start":{"line":104,"column":29},"end":{"line":104,"column":40}}],"line":104},"22":{"loc":{"start":{"line":114,"column":4},"end":{"line":114,"column":null}},"type":"if","locations":[{"start":{"line":114,"column":4},"end":{"line":114,"column":null}},{"start":{},"end":{}}],"line":114},"23":{"loc":{"start":{"line":114,"column":8},"end":{"line":114,"column":27}},"type":"binary-expr","locations":[{"start":{"line":114,"column":8},"end":{"line":114,"column":18}},{"start":{"line":114,"column":18},"end":{"line":114,"column":27}}],"line":114},"24":{"loc":{"start":{"line":130,"column":2},"end":{"line":136,"column":null}},"type":"if","locations":[{"start":{"line":130,"column":2},"end":{"line":136,"column":null}},{"start":{},"end":{}}],"line":130},"25":{"loc":{"start":{"line":139,"column":4},"end":{"line":142,"column":null}},"type":"if","locations":[{"start":{"line":139,"column":4},"end":{"line":142,"column":null}},{"start":{},"end":{}}],"line":139},"26":{"loc":{"start":{"line":139,"column":8},"end":{"line":139,"column":40}},"type":"binary-expr","locations":[{"start":{"line":139,"column":8},"end":{"line":139,"column":26}},{"start":{"line":139,"column":26},"end":{"line":139,"column":40}}],"line":139},"27":{"loc":{"start":{"line":146,"column":4},"end":{"line":146,"column":null}},"type":"if","locations":[{"start":{"line":146,"column":4},"end":{"line":146,"column":null}},{"start":{},"end":{}}],"line":146},"28":{"loc":{"start":{"line":147,"column":4},"end":{"line":149,"column":null}},"type":"if","locations":[{"start":{"line":147,"column":4},"end":{"line":149,"column":null}},{"start":{},"end":{}}],"line":147},"29":{"loc":{"start":{"line":147,"column":8},"end":{"line":147,"column":31}},"type":"binary-expr","locations":[{"start":{"line":147,"column":8},"end":{"line":147,"column":19}},{"start":{"line":147,"column":19},"end":{"line":147,"column":31}}],"line":147},"30":{"loc":{"start":{"line":153,"column":4},"end":{"line":170,"column":null}},"type":"if","locations":[{"start":{"line":153,"column":4},"end":{"line":170,"column":null}},{"start":{},"end":{}}],"line":153},"31":{"loc":{"start":{"line":154,"column":6},"end":{"line":154,"column":null}},"type":"if","locations":[{"start":{"line":154,"column":6},"end":{"line":154,"column":null}},{"start":{},"end":{}}],"line":154},"32":{"loc":{"start":{"line":155,"column":16},"end":{"line":155,"column":null}},"type":"binary-expr","locations":[{"start":{"line":155,"column":16},"end":{"line":155,"column":26}},{"start":{"line":155,"column":26},"end":{"line":155,"column":null}}],"line":155},"33":{"loc":{"start":{"line":157,"column":8},"end":{"line":168,"column":null}},"type":"if","locations":[{"start":{"line":157,"column":8},"end":{"line":168,"column":null}},{"start":{},"end":{}}],"line":157},"34":{"loc":{"start":{"line":157,"column":12},"end":{"line":157,"column":27}},"type":"binary-expr","locations":[{"start":{"line":157,"column":12},"end":{"line":157,"column":19}},{"start":{"line":157,"column":19},"end":{"line":157,"column":27}}],"line":157},"35":{"loc":{"start":{"line":174,"column":6},"end":{"line":174,"column":null}},"type":"if","locations":[{"start":{"line":174,"column":6},"end":{"line":174,"column":null}},{"start":{},"end":{}}],"line":174},"36":{"loc":{"start":{"line":187,"column":6},"end":{"line":187,"column":null}},"type":"if","locations":[{"start":{"line":187,"column":6},"end":{"line":187,"column":null}},{"start":{},"end":{}}],"line":187},"37":{"loc":{"start":{"line":190,"column":8},"end":{"line":190,"column":null}},"type":"if","locations":[{"start":{"line":190,"column":8},"end":{"line":190,"column":null}},{"start":{},"end":{}}],"line":190},"38":{"loc":{"start":{"line":195,"column":6},"end":{"line":195,"column":null}},"type":"if","locations":[{"start":{"line":195,"column":6},"end":{"line":195,"column":null}},{"start":{},"end":{}}],"line":195},"39":{"loc":{"start":{"line":197,"column":8},"end":{"line":203,"column":null}},"type":"if","locations":[{"start":{"line":197,"column":8},"end":{"line":203,"column":null}},{"start":{},"end":{}}],"line":197},"40":{"loc":{"start":{"line":197,"column":12},"end":{"line":197,"column":32}},"type":"binary-expr","locations":[{"start":{"line":197,"column":12},"end":{"line":197,"column":22}},{"start":{"line":197,"column":22},"end":{"line":197,"column":32}}],"line":197},"41":{"loc":{"start":{"line":215,"column":6},"end":{"line":215,"column":null}},"type":"if","locations":[{"start":{"line":215,"column":6},"end":{"line":215,"column":null}},{"start":{},"end":{}}],"line":215},"42":{"loc":{"start":{"line":217,"column":25},"end":{"line":217,"column":null}},"type":"binary-expr","locations":[{"start":{"line":217,"column":25},"end":{"line":217,"column":45}},{"start":{"line":217,"column":45},"end":{"line":217,"column":null}}],"line":217},"43":{"loc":{"start":{"line":221,"column":6},"end":{"line":221,"column":null}},"type":"if","locations":[{"start":{"line":221,"column":6},"end":{"line":221,"column":null}},{"start":{},"end":{}}],"line":221},"44":{"loc":{"start":{"line":223,"column":8},"end":{"line":223,"column":null}},"type":"if","locations":[{"start":{"line":223,"column":8},"end":{"line":223,"column":null}},{"start":{},"end":{}}],"line":223},"45":{"loc":{"start":{"line":228,"column":6},"end":{"line":228,"column":null}},"type":"if","locations":[{"start":{"line":228,"column":6},"end":{"line":228,"column":null}},{"start":{},"end":{}}],"line":228},"46":{"loc":{"start":{"line":230,"column":25},"end":{"line":230,"column":null}},"type":"binary-expr","locations":[{"start":{"line":230,"column":25},"end":{"line":230,"column":45}},{"start":{"line":230,"column":45},"end":{"line":230,"column":null}}],"line":230},"47":{"loc":{"start":{"line":236,"column":10},"end":{"line":236,"column":null}},"type":"if","locations":[{"start":{"line":236,"column":10},"end":{"line":236,"column":null}},{"start":{},"end":{}}],"line":236},"48":{"loc":{"start":{"line":241,"column":6},"end":{"line":241,"column":null}},"type":"if","locations":[{"start":{"line":241,"column":6},"end":{"line":241,"column":null}},{"start":{},"end":{}}],"line":241},"49":{"loc":{"start":{"line":243,"column":8},"end":{"line":243,"column":null}},"type":"if","locations":[{"start":{"line":243,"column":8},"end":{"line":243,"column":null}},{"start":{},"end":{}}],"line":243},"50":{"loc":{"start":{"line":248,"column":6},"end":{"line":248,"column":null}},"type":"if","locations":[{"start":{"line":248,"column":6},"end":{"line":248,"column":null}},{"start":{},"end":{}}],"line":248},"51":{"loc":{"start":{"line":259,"column":6},"end":{"line":259,"column":null}},"type":"if","locations":[{"start":{"line":259,"column":6},"end":{"line":259,"column":null}},{"start":{},"end":{}}],"line":259},"52":{"loc":{"start":{"line":261,"column":8},"end":{"line":261,"column":null}},"type":"if","locations":[{"start":{"line":261,"column":8},"end":{"line":261,"column":null}},{"start":{},"end":{}}],"line":261},"53":{"loc":{"start":{"line":267,"column":4},"end":{"line":267,"column":null}},"type":"if","locations":[{"start":{"line":267,"column":4},"end":{"line":267,"column":null}},{"start":{},"end":{}}],"line":267},"54":{"loc":{"start":{"line":267,"column":8},"end":{"line":267,"column":27}},"type":"binary-expr","locations":[{"start":{"line":267,"column":8},"end":{"line":267,"column":20}},{"start":{"line":267,"column":20},"end":{"line":267,"column":27}}],"line":267},"55":{"loc":{"start":{"line":271,"column":4},"end":{"line":297,"column":null}},"type":"switch","locations":[{"start":{"line":272,"column":6},"end":{"line":275,"column":null}},{"start":{"line":277,"column":6},"end":{"line":280,"column":null}},{"start":{"line":282,"column":6},"end":{"line":285,"column":null}},{"start":{"line":287,"column":6},"end":{"line":291,"column":null}},{"start":{"line":293,"column":6},"end":{"line":296,"column":null}}],"line":271},"56":{"loc":{"start":{"line":301,"column":4},"end":{"line":301,"column":null}},"type":"if","locations":[{"start":{"line":301,"column":4},"end":{"line":301,"column":null}},{"start":{},"end":{}}],"line":301},"57":{"loc":{"start":{"line":301,"column":8},"end":{"line":301,"column":27}},"type":"binary-expr","locations":[{"start":{"line":301,"column":8},"end":{"line":301,"column":20}},{"start":{"line":301,"column":20},"end":{"line":301,"column":27}}],"line":301},"58":{"loc":{"start":{"line":303,"column":4},"end":{"line":305,"column":null}},"type":"if","locations":[{"start":{"line":303,"column":4},"end":{"line":305,"column":null}},{"start":{},"end":{}}],"line":303},"59":{"loc":{"start":{"line":311,"column":7},"end":{"line":323,"column":null}},"type":"binary-expr","locations":[{"start":{"line":311,"column":7},"end":{"line":311,"column":18}},{"start":{"line":311,"column":18},"end":{"line":311,"column":32}},{"start":{"line":311,"column":32},"end":{"line":311,"column":null}},{"start":{"line":312,"column":8},"end":{"line":323,"column":null}}],"line":311},"60":{"loc":{"start":{"line":348,"column":13},"end":{"line":348,"column":null}},"type":"binary-expr","locations":[{"start":{"line":348,"column":13},"end":{"line":348,"column":25}},{"start":{"line":348,"column":25},"end":{"line":348,"column":34}},{"start":{"line":348,"column":34},"end":{"line":348,"column":null}}],"line":348},"61":{"loc":{"start":{"line":349,"column":13},"end":{"line":349,"column":null}},"type":"binary-expr","locations":[{"start":{"line":349,"column":13},"end":{"line":349,"column":25}},{"start":{"line":349,"column":25},"end":{"line":349,"column":34}},{"start":{"line":349,"column":34},"end":{"line":349,"column":null}}],"line":349},"62":{"loc":{"start":{"line":350,"column":13},"end":{"line":353,"column":null}},"type":"binary-expr","locations":[{"start":{"line":350,"column":13},"end":{"line":350,"column":null}},{"start":{"line":351,"column":14},"end":{"line":353,"column":null}}],"line":350},"63":{"loc":{"start":{"line":352,"column":17},"end":{"line":352,"column":null}},"type":"cond-expr","locations":[{"start":{"line":352,"column":28},"end":{"line":352,"column":44}},{"start":{"line":352,"column":44},"end":{"line":352,"column":null}}],"line":352},"64":{"loc":{"start":{"line":357,"column":11},"end":{"line":380,"column":null}},"type":"cond-expr","locations":[{"start":{"line":358,"column":12},"end":{"line":378,"column":null}},{"start":{"line":380,"column":12},"end":{"line":380,"column":null}}],"line":357},"65":{"loc":{"start":{"line":357,"column":11},"end":{"line":357,"column":null}},"type":"binary-expr","locations":[{"start":{"line":357,"column":11},"end":{"line":357,"column":23}},{"start":{"line":357,"column":23},"end":{"line":357,"column":null}}],"line":357},"66":{"loc":{"start":{"line":359,"column":15},"end":{"line":376,"column":null}},"type":"cond-expr","locations":[{"start":{"line":360,"column":16},"end":{"line":374,"column":null}},{"start":{"line":376,"column":16},"end":{"line":376,"column":null}}],"line":359},"67":{"loc":{"start":{"line":359,"column":15},"end":{"line":359,"column":null}},"type":"binary-expr","locations":[{"start":{"line":359,"column":15},"end":{"line":359,"column":26}},{"start":{"line":359,"column":26},"end":{"line":359,"column":39}},{"start":{"line":359,"column":39},"end":{"line":359,"column":null}}],"line":359},"68":{"loc":{"start":{"line":383,"column":11},"end":{"line":389,"column":null}},"type":"binary-expr","locations":[{"start":{"line":383,"column":11},"end":{"line":383,"column":null}},{"start":{"line":384,"column":12},"end":{"line":389,"column":null}}],"line":383}},"s":{"0":0,"1":0,"2":0,"3":0,"4":0,"5":0,"6":0,"7":0,"8":0,"9":0,"10":0,"11":0,"12":0,"13":0,"14":0,"15":0,"16":0,"17":0,"18":0,"19":0,"20":0,"21":0,"22":0,"23":0,"24":0,"25":0,"26":0,"27":0,"28":0,"29":0,"30":0,"31":0,"32":0,"33":0,"34":0,"35":0,"36":0,"37":0,"38":0,"39":0,"40":0,"41":0,"42":0,"43":0,"44":0,"45":0,"46":0,"47":0,"48":0,"49":0,"50":0,"51":0,"52":0,"53":0,"54":0,"55":0,"56":0,"57":0,"58":0,"59":0,"60":0,"61":0,"62":0,"63":0,"64":0,"65":0,"66":0,"67":0,"68":0,"69":0,"70":0,"71":0,"72":0,"73":0,"74":0,"75":0,"76":0,"77":0,"78":0,"79":0,"80":0,"81":0,"82":0,"83":0,"84":0,"85":0,"86":0,"87":0,"88":0,"89":0,"90":0,"91":0,"92":0,"93":0,"94":0,"95":0,"96":0,"97":0,"98":0,"99":0,"100":0,"101":0,"102":0,"103":0,"104":0,"105":0,"106":0,"107":0,"108":0,"109":0,"110":0,"111":0,"112":0,"113":0,"114":0,"115":0,"116":0,"117":0,"118":0,"119":0,"120":0,"121":0,"122":0,"123":0,"124":0,"125":0,"126":0,"127":0,"128":0,"129":0,"130":0,"131":0,"132":0,"133":0,"134":0,"135":0,"136":0,"137":0,"138":0,"139":0,"140":0,"141":0,"142":0,"143":0,"144":0,"145":0,"146":0,"147":0,"148":0,"149":0,"150":0,"151":0,"152":0,"153":0,"154":0,"155":0,"156":0,"157":0,"158":0,"159":0,"160":0,"161":0,"162":0,"163":0,"164":0,"165":0,"166":0,"167":0,"168":0,"169":0,"170":0,"171":0,"172":0,"173":0,"174":0,"175":0,"176":0,"177":0,"178":0,"179":0,"180":0,"181":0,"182":0,"183":0,"184":0,"185":0,"186":0,"187":0},"f":{"0":0,"1":0,"2":0,"3":0,"4":0,"5":0,"6":0,"7":0,"8":0,"9":0,"10":0,"11":0,"12":0,"13":0,"14":0,"15":0,"16":0,"17":0,"18":0,"19":0,"20":0,"21":0,"22":0,"23":0,"24":0,"25":0,"26":0,"27":0,"28":0,"29":0,"30":0,"31":0,"32":0,"33":0,"34":0,"35":0,"36":0,"37":0,"38":0,"39":0,"40":0,"41":0,"42":0,"43":0,"44":0,"45":0,"46":0},"b":{"0":[0,0,0],"1":[0,0],"2":[0,0,0],"3":[0,0],"4":[0,0],"5":[0,0],"6":[0,0],"7":[0,0],"8":[0,0],"9":[0,0],"10":[0,0],"11":[0,0],"12":[0,0],"13":[0,0],"14":[0,0,0],"15":[0,0],"16":[0,0],"17":[0,0],"18":[0,0],"19":[0,0],"20":[0,0],"21":[0,0,0],"22":[0,0],"23":[0,0],"24":[0,0],"25":[0,0],"26":[0,0],"27":[0,0],"28":[0,0],"29":[0,0],"30":[0,0],"31":[0,0],"32":[0,0],"33":[0,0],"34":[0,0],"35":[0,0],"36":[0,0],"37":[0,0],"38":[0,0],"39":[0,0],"40":[0,0],"41":[0,0],"42":[0,0],"43":[0,0],"44":[0,0],"45":[0,0],"46":[0,0],"47":[0,0],"48":[0,0],"49":[0,0],"50":[0,0],"51":[0,0],"52":[0,0],"53":[0,0],"54":[0,0],"55":[0,0,0,0,0],"56":[0,0],"57":[0,0],"58":[0,0],"59":[0,0,0,0],"60":[0,0,0],"61":[0,0,0],"62":[0,0],"63":[0,0],"64":[0,0],"65":[0,0],"66":[0,0],"67":[0,0,0],"68":[0,0]},"meta":{"lastBranch":69,"lastFunction":47,"lastStatement":188,"seen":{"f:19:9:19:17":0,"s:20:8:20:Infinity":0,"s:21:8:21:Infinity":1,"s:22:8:22:Infinity":2,"s:23:15:23:Infinity":3,"b:23:15:23:32:23:32:23:62:23:62:23:Infinity":0,"s:24:25:24:Infinity":4,"b:24:25:24:54:24:54:24:Infinity":1,"s:25:19:25:Infinity":5,"b:25:19:25:34:25:34:25:62:25:62:25:Infinity":2,"s:26:24:26:Infinity":6,"b:26:24:26:57:26:57:26:Infinity":3,"s:27:49:27:Infinity":7,"s:28:17:28:Infinity":8,"s:30:32:30:Infinity":9,"b:30:88:30:95:30:95:30:99":4,"b:30:61:30:79:30:79:30:88":5,"s:31:32:31:Infinity":10,"s:33:2:56:Infinity":11,"f:33:12:33:18":1,"b:34:4:34:Infinity:undefined:undefined:undefined:undefined":6,"s:34:4:34:Infinity":12,"b:34:8:34:26:34:26:34:34":7,"s:34:34:34:Infinity":13,"b:36:4:40:Infinity:undefined:undefined:undefined:undefined":8,"s:36:4:40:Infinity":14,"b:36:8:36:21:36:21:36:28":9,"s:37:6:37:Infinity":15,"s:38:6:38:Infinity":16,"s:39:6:39:Infinity":17,"s:42:4:42:Infinity":18,"s:44:14:44:Infinity":19,"b:44:14:44:24:44:24:44:Infinity":10,"s:46:4:55:Infinity":20,"f:46:58:46:59":2,"b:47:6:52:Infinity:undefined:undefined:undefined:undefined":11,"s:47:6:52:Infinity":21,"b:47:10:47:18:47:18:47:27":12,"s:48:8:48:Infinity":22,"s:49:8:49:Infinity":23,"s:50:8:50:Infinity":24,"s:51:8:51:Infinity":25,"s:54:6:54:Infinity":26,"s:58:8:58:Infinity":27,"s:59:36:59:Infinity":28,"s:60:24:60:Infinity":29,"s:62:24:69:Infinity":30,"f:62:42:62:43":3,"b:63:4:63:Infinity:undefined:undefined:undefined:undefined":13,"s:63:4:63:Infinity":31,"b:63:8:63:18:63:18:63:29:63:29:63:40":14,"s:63:40:63:Infinity":32,"s:64:20:64:Infinity":33,"b:65:4:67:Infinity:undefined:undefined:undefined:undefined":15,"s:65:4:67:Infinity":34,"s:68:4:68:Infinity":35,"s:82:2:82:Infinity":36,"s:85:2:100:Infinity":37,"f:85:12:85:18":4,"b:86:4:86:Infinity:undefined:undefined:undefined:undefined":16,"s:86:4:86:Infinity":38,"b:86:8:86:18:86:18:86:27":17,"s:86:27:86:Infinity":39,"s:88:22:94:Infinity":40,"f:88:22:88:23":5,"b:89:8:89:Infinity:undefined:undefined:undefined:undefined":18,"s:89:8:89:Infinity":41,"b:89:12:89:29:89:29:89:58":19,"s:89:58:89:Infinity":42,"s:92:8:92:Infinity":43,"s:93:8:93:Infinity":44,"s:96:4:96:Infinity":45,"s:97:4:99:Infinity":46,"f:97:11:97:17":6,"s:98:8:98:Infinity":47,"s:103:2:110:Infinity":48,"f:103:12:103:18":7,"b:104:4:104:Infinity:undefined:undefined:undefined:undefined":20,"s:104:4:104:Infinity":49,"b:104:8:104:18:104:18:104:29:104:29:104:40":21,"s:104:40:104:Infinity":50,"s:106:4:109:Infinity":51,"s:113:2:128:Infinity":52,"f:113:12:113:18":8,"b:114:4:114:Infinity:undefined:undefined:undefined:undefined":22,"s:114:4:114:Infinity":53,"b:114:8:114:18:114:18:114:27":23,"s:114:27:114:Infinity":54,"s:116:29:121:Infinity":55,"f:116:29:116:30":9,"s:117:6:120:Infinity":56,"f:117:19:117:20":10,"s:117:30:120:8":57,"s:123:4:123:Infinity":58,"s:125:4:127:Infinity":59,"f:125:11:125:17":11,"s:126:6:126:Infinity":60,"b:130:2:136:Infinity:undefined:undefined:undefined:undefined":24,"s:130:2:136:Infinity":61,"s:131:4:134:Infinity":62,"s:138:2:143:Infinity":63,"f:138:12:138:18":12,"b:139:4:142:Infinity:undefined:undefined:undefined:undefined":25,"s:139:4:142:Infinity":64,"b:139:8:139:26:139:26:139:40":26,"s:140:6:140:Infinity":65,"s:141:6:141:Infinity":66,"s:145:2:150:Infinity":67,"f:145:12:145:18":13,"b:146:4:146:Infinity:undefined:undefined:undefined:undefined":27,"s:146:4:146:Infinity":68,"s:146:16:146:Infinity":69,"b:147:4:149:Infinity:undefined:undefined:undefined:undefined":28,"s:147:4:149:Infinity":70,"b:147:8:147:19:147:19:147:31":29,"s:148:6:148:Infinity":71,"s:152:2:171:Infinity":72,"f:152:12:152:18":14,"b:153:4:170:Infinity:undefined:undefined:undefined:undefined":30,"s:153:4:170:Infinity":73,"b:154:6:154:Infinity:undefined:undefined:undefined:undefined":31,"s:154:6:154:Infinity":74,"s:154:18:154:Infinity":75,"s:155:16:155:Infinity":76,"b:155:16:155:26:155:26:155:Infinity":32,"s:156:6:169:Infinity":77,"f:156:59:156:60":15,"b:157:8:168:Infinity:undefined:undefined:undefined:undefined":33,"s:157:8:168:Infinity":78,"b:157:12:157:19:157:19:157:27":34,"s:158:10:158:Infinity":79,"s:159:10:159:Infinity":80,"s:161:10:167:Infinity":81,"f:161:21:161:27":16,"s:162:12:166:Infinity":82,"f:162:37:162:43":17,"s:163:14:163:Infinity":83,"f:164:21:164:27":18,"s:165:14:165:Infinity":84,"s:173:4:192:Infinity":85,"f:173:14:173:20":19,"b:174:6:174:Infinity:undefined:undefined:undefined:undefined":35,"s:174:6:174:Infinity":86,"s:174:18:174:Infinity":87,"s:175:22:185:Infinity":88,"f:175:22:175:23":20,"s:176:8:176:Infinity":89,"s:177:8:177:Infinity":90,"s:178:8:178:Infinity":91,"s:180:8:184:Infinity":92,"f:180:19:180:25":21,"s:181:10:183:Infinity":93,"f:181:35:181:41":22,"s:182:12:182:Infinity":94,"b:187:6:187:Infinity:undefined:undefined:undefined:undefined":36,"s:187:6:187:Infinity":95,"s:187:18:187:Infinity":96,"s:189:6:191:Infinity":97,"f:189:13:189:19":23,"b:190:8:190:Infinity:undefined:undefined:undefined:undefined":37,"s:190:8:190:Infinity":98,"s:190:20:190:Infinity":99,"s:194:4:212:Infinity":100,"f:194:14:194:20":24,"b:195:6:195:Infinity:undefined:undefined:undefined:undefined":38,"s:195:6:195:Infinity":101,"s:195:18:195:Infinity":102,"s:196:33:204:Infinity":103,"f:196:33:196:34":25,"b:197:8:203:Infinity:undefined:undefined:undefined:undefined":39,"s:197:8:203:Infinity":104,"b:197:12:197:22:197:22:197:32":40,"s:198:10:202:Infinity":105,"s:199:12:199:Infinity":106,"s:206:6:206:Infinity":107,"s:208:6:211:Infinity":108,"f:208:13:208:19":26,"s:209:8:209:Infinity":109,"s:214:4:225:Infinity":110,"f:214:14:214:20":27,"b:215:6:215:Infinity:undefined:undefined:undefined:undefined":41,"s:215:6:215:Infinity":111,"s:215:18:215:Infinity":112,"s:216:33:219:Infinity":113,"f:216:33:216:34":28,"s:217:25:217:Infinity":114,"b:217:25:217:45:217:45:217:Infinity":42,"s:218:8:218:Infinity":115,"b:221:6:221:Infinity:undefined:undefined:undefined:undefined":43,"s:221:6:221:Infinity":116,"s:221:18:221:Infinity":117,"s:222:6:224:Infinity":118,"f:222:13:222:19":29,"b:223:8:223:Infinity:undefined:undefined:undefined:undefined":44,"s:223:8:223:Infinity":119,"s:223:20:223:Infinity":120,"s:227:4:245:Infinity":121,"f:227:14:227:20":30,"b:228:6:228:Infinity:undefined:undefined:undefined:undefined":45,"s:228:6:228:Infinity":122,"s:228:18:228:Infinity":123,"s:229:27:239:Infinity":124,"f:229:27:229:28":31,"s:230:25:230:Infinity":125,"b:230:25:230:45:230:45:230:Infinity":46,"s:231:8:231:Infinity":126,"s:233:8:238:Infinity":127,"f:233:21:233:29":32,"s:234:23:234:Infinity":128,"s:235:22:235:Infinity":129,"f:235:45:235:50":33,"s:235:50:235:75":130,"b:236:10:236:Infinity:undefined:undefined:undefined:undefined":47,"s:236:10:236:Infinity":131,"s:236:19:236:Infinity":132,"s:237:10:237:Infinity":133,"b:241:6:241:Infinity:undefined:undefined:undefined:undefined":48,"s:241:6:241:Infinity":134,"s:241:18:241:Infinity":135,"s:242:6:244:Infinity":136,"f:242:13:242:19":34,"b:243:8:243:Infinity:undefined:undefined:undefined:undefined":49,"s:243:8:243:Infinity":137,"s:243:20:243:Infinity":138,"s:247:4:263:Infinity":139,"f:247:14:247:20":35,"b:248:6:248:Infinity:undefined:undefined:undefined:undefined":50,"s:248:6:248:Infinity":140,"s:248:18:248:Infinity":141,"s:249:22:257:Infinity":142,"f:249:22:249:23":36,"s:250:8:250:Infinity":143,"s:251:8:251:Infinity":144,"s:252:8:252:Infinity":145,"s:253:8:256:Infinity":146,"f:253:19:253:25":37,"s:254:10:254:Infinity":147,"s:254:16:254:30":148,"s:255:10:255:Infinity":149,"b:259:6:259:Infinity:undefined:undefined:undefined:undefined":51,"s:259:6:259:Infinity":150,"s:259:18:259:Infinity":151,"s:260:6:262:Infinity":152,"f:260:13:260:19":38,"b:261:8:261:Infinity:undefined:undefined:undefined:undefined":52,"s:261:8:261:Infinity":153,"s:261:20:261:Infinity":154,"s:266:24:298:Infinity":155,"f:266:24:266:25":39,"b:267:4:267:Infinity:undefined:undefined:undefined:undefined":53,"s:267:4:267:Infinity":156,"b:267:8:267:20:267:20:267:27":54,"s:267:27:267:Infinity":157,"s:269:20:269:Infinity":158,"b:272:6:275:Infinity:277:6:280:Infinity:282:6:285:Infinity:287:6:291:Infinity:293:6:296:Infinity":55,"s:271:4:297:Infinity":159,"s:273:8:273:Infinity":160,"s:274:8:274:Infinity":161,"s:275:8:275:Infinity":162,"s:278:8:278:Infinity":163,"s:279:8:279:Infinity":164,"s:280:8:280:Infinity":165,"s:283:8:283:Infinity":166,"s:284:8:284:Infinity":167,"s:285:8:285:Infinity":168,"s:288:8:288:Infinity":169,"s:289:8:289:Infinity":170,"s:290:8:290:Infinity":171,"s:291:8:291:Infinity":172,"s:294:8:294:Infinity":173,"s:295:8:295:Infinity":174,"s:296:8:296:Infinity":175,"s:300:22:306:Infinity":176,"f:300:22:300:23":40,"b:301:4:301:Infinity:undefined:undefined:undefined:undefined":56,"s:301:4:301:Infinity":177,"b:301:8:301:20:301:20:301:27":57,"s:301:27:301:Infinity":178,"b:303:4:305:Infinity:undefined:undefined:undefined:undefined":58,"s:303:4:305:Infinity":179,"s:304:6:304:Infinity":180,"s:308:2:393:Infinity":181,"b:311:7:311:18:311:18:311:32:311:32:311:Infinity:312:8:323:Infinity":59,"f:313:41:313:42":41,"s:314:12:321:Infinity":182,"f:335:24:335:30":42,"s:335:30:335:Infinity":183,"f:338:51:338:57":43,"s:339:12:343:Infinity":184,"f:339:37:339:43":44,"s:340:14:340:Infinity":185,"f:341:21:341:27":45,"s:342:14:342:Infinity":186,"b:348:13:348:25:348:25:348:34:348:34:348:Infinity":60,"b:349:13:349:25:349:25:349:34:349:34:349:Infinity":61,"b:350:13:350:Infinity:351:14:353:Infinity":62,"b:352:28:352:44:352:44:352:Infinity":63,"b:358:12:378:Infinity:380:12:380:Infinity":64,"b:357:11:357:23:357:23:357:Infinity":65,"b:360:16:374:Infinity:376:16:376:Infinity":66,"b:359:15:359:26:359:26:359:39:359:39:359:Infinity":67,"f:363:51:363:52":46,"s:364:22:371:Infinity":187,"b:383:11:383:Infinity:384:12:389:Infinity":68}}}
,"/home/kelvi/Documents/42_red-tetris/frontend/src/components/Game/BoardDisplay.tsx": {"path":"/home/kelvi/Documents/42_red-tetris/frontend/src/components/Game/BoardDisplay.tsx","statementMap":{"0":{"start":{"line":14,"column":50},"end":{"line":52,"column":null}},"1":{"start":{"line":15,"column":21},"end":{"line":28,"column":null}},"2":{"start":{"line":16,"column":4},"end":{"line":27,"column":null}},"3":{"start":{"line":17,"column":25},"end":{"line":17,"column":null}},"4":{"start":{"line":18,"column":6},"end":{"line":25,"column":null}},"5":{"start":{"line":19,"column":9},"end":{"line":24,"column":null}},"6":{"start":{"line":26,"column":6},"end":{"line":26,"column":null}},"7":{"start":{"line":30,"column":2},"end":{"line":50,"column":null}},"8":{"start":{"line":33,"column":8},"end":{"line":48,"column":null}},"9":{"start":{"line":35,"column":12},"end":{"line":46,"column":null}}},"fnMap":{"0":{"name":"(anonymous_0)","decl":{"start":{"line":14,"column":50},"end":{"line":14,"column":51}},"loc":{"start":{"line":14,"column":101},"end":{"line":52,"column":null}},"line":14},"1":{"name":"(anonymous_1)","decl":{"start":{"line":15,"column":31},"end":{"line":15,"column":32}},"loc":{"start":{"line":16,"column":4},"end":{"line":27,"column":null}},"line":16},"2":{"name":"(anonymous_2)","decl":{"start":{"line":16,"column":12},"end":{"line":16,"column":13}},"loc":{"start":{"line":16,"column":25},"end":{"line":27,"column":5}},"line":16},"3":{"name":"(anonymous_3)","decl":{"start":{"line":32,"column":22},"end":{"line":32,"column":23}},"loc":{"start":{"line":33,"column":8},"end":{"line":48,"column":null}},"line":33},"4":{"name":"(anonymous_4)","decl":{"start":{"line":34,"column":19},"end":{"line":34,"column":20}},"loc":{"start":{"line":35,"column":12},"end":{"line":46,"column":null}},"line":35}},"branchMap":{"0":{"loc":{"start":{"line":18,"column":6},"end":{"line":25,"column":null}},"type":"if","locations":[{"start":{"line":18,"column":6},"end":{"line":25,"column":null}},{"start":{},"end":{}}],"line":18},"1":{"loc":{"start":{"line":18,"column":10},"end":{"line":18,"column":38}},"type":"binary-expr","locations":[{"start":{"line":18,"column":10},"end":{"line":18,"column":20}},{"start":{"line":18,"column":20},"end":{"line":18,"column":38}}],"line":18},"2":{"loc":{"start":{"line":20,"column":10},"end":{"line":24,"column":null}},"type":"binary-expr","locations":[{"start":{"line":20,"column":10},"end":{"line":20,"column":null}},{"start":{"line":21,"column":10},"end":{"line":21,"column":null}},{"start":{"line":22,"column":10},"end":{"line":22,"column":null}},{"start":{"line":23,"column":10},"end":{"line":23,"column":null}},{"start":{"line":24,"column":10},"end":{"line":24,"column":null}}],"line":20},"3":{"loc":{"start":{"line":26,"column":13},"end":{"line":26,"column":null}},"type":"cond-expr","locations":[{"start":{"line":26,"column":28},"end":{"line":26,"column":44}},{"start":{"line":26,"column":44},"end":{"line":26,"column":null}}],"line":26},"4":{"loc":{"start":{"line":31,"column":29},"end":{"line":31,"column":44}},"type":"binary-expr","locations":[{"start":{"line":31,"column":29},"end":{"line":31,"column":42}},{"start":{"line":31,"column":42},"end":{"line":31,"column":44}}],"line":31},"5":{"loc":{"start":{"line":39,"column":23},"end":{"line":39,"column":null}},"type":"cond-expr","locations":[{"start":{"line":39,"column":34},"end":{"line":39,"column":52}},{"start":{"line":39,"column":52},"end":{"line":39,"column":null}}],"line":39},"6":{"loc":{"start":{"line":40,"column":24},"end":{"line":40,"column":null}},"type":"cond-expr","locations":[{"start":{"line":40,"column":35},"end":{"line":40,"column":53}},{"start":{"line":40,"column":53},"end":{"line":40,"column":null}}],"line":40},"7":{"loc":{"start":{"line":41,"column":33},"end":{"line":41,"column":null}},"type":"binary-expr","locations":[{"start":{"line":41,"column":33},"end":{"line":41,"column":46}},{"start":{"line":41,"column":46},"end":{"line":41,"column":null}}],"line":41},"8":{"loc":{"start":{"line":42,"column":24},"end":{"line":44,"column":null}},"type":"cond-expr","locations":[{"start":{"line":43,"column":20},"end":{"line":43,"column":null}},{"start":{"line":44,"column":20},"end":{"line":44,"column":null}}],"line":42}},"s":{"0":2,"1":0,"2":0,"3":0,"4":0,"5":0,"6":0,"7":0,"8":0,"9":0},"f":{"0":0,"1":0,"2":0,"3":0,"4":0},"b":{"0":[0,0],"1":[0,0],"2":[0,0,0,0,0],"3":[0,0],"4":[0,0],"5":[0,0],"6":[0,0],"7":[0,0],"8":[0,0]},"meta":{"lastBranch":9,"lastFunction":5,"lastStatement":10,"seen":{"s:14:50:52:Infinity":0,"f:14:50:14:51":0,"s:15:21:28:Infinity":1,"f:15:31:15:32":1,"s:16:4:27:Infinity":2,"f:16:12:16:13":2,"s:17:25:17:Infinity":3,"b:18:6:25:Infinity:undefined:undefined:undefined:undefined":0,"s:18:6:25:Infinity":4,"b:18:10:18:20:18:20:18:38":1,"s:19:9:24:Infinity":5,"b:20:10:20:Infinity:21:10:21:Infinity:22:10:22:Infinity:23:10:23:Infinity:24:10:24:Infinity":2,"s:26:6:26:Infinity":6,"b:26:28:26:44:26:44:26:Infinity":3,"s:30:2:50:Infinity":7,"b:31:29:31:42:31:42:31:44":4,"f:32:22:32:23":3,"s:33:8:48:Infinity":8,"f:34:19:34:20":4,"s:35:12:46:Infinity":9,"b:39:34:39:52:39:52:39:Infinity":5,"b:40:35:40:53:40:53:40:Infinity":6,"b:41:33:41:46:41:46:41:Infinity":7,"b:43:20:43:Infinity:44:20:44:Infinity":8}}}
,"/home/kelvi/Documents/42_red-tetris/frontend/src/components/Game/constants.ts": {"path":"/home/kelvi/Documents/42_red-tetris/frontend/src/components/Game/constants.ts","statementMap":{"0":{"start":{"line":1,"column":27},"end":{"line":1,"column":null}},"1":{"start":{"line":2,"column":28},"end":{"line":2,"column":null}},"2":{"start":{"line":4,"column":22},"end":{"line":14,"column":null}}},"fnMap":{},"branchMap":{},"s":{"0":3,"1":3,"2":3},"f":{},"b":{},"meta":{"lastBranch":0,"lastFunction":0,"lastStatement":3,"seen":{"s:1:27:1:Infinity":0,"s:2:28:2:Infinity":1,"s:4:22:14:Infinity":2}}}
,"/home/kelvi/Documents/42_red-tetris/frontend/src/components/Game/gameHelper.ts": {"path":"/home/kelvi/Documents/42_red-tetris/frontend/src/components/Game/gameHelper.ts","statementMap":{"0":{"start":{"line":4,"column":27},"end":{"line":7,"column":null}},"1":{"start":{"line":5,"column":2},"end":{"line":7,"column":null}},"2":{"start":{"line":6,"column":4},"end":{"line":6,"column":null}},"3":{"start":{"line":9,"column":30},"end":{"line":26,"column":null}},"4":{"start":{"line":14,"column":2},"end":{"line":24,"column":null}},"5":{"start":{"line":14,"column":15},"end":{"line":14,"column":18}},"6":{"start":{"line":15,"column":4},"end":{"line":23,"column":null}},"7":{"start":{"line":15,"column":17},"end":{"line":15,"column":20}},"8":{"start":{"line":16,"column":6},"end":{"line":22,"column":null}},"9":{"start":{"line":17,"column":26},"end":{"line":17,"column":null}},"10":{"start":{"line":18,"column":27},"end":{"line":18,"column":null}},"11":{"start":{"line":19,"column":8},"end":{"line":21,"column":null}},"12":{"start":{"line":20,"column":10},"end":{"line":20,"column":null}},"13":{"start":{"line":25,"column":2},"end":{"line":25,"column":null}}},"fnMap":{"0":{"name":"(anonymous_0)","decl":{"start":{"line":4,"column":27},"end":{"line":4,"column":null}},"loc":{"start":{"line":5,"column":2},"end":{"line":7,"column":null}},"line":5},"1":{"name":"(anonymous_1)","decl":{"start":{"line":5,"column":34},"end":{"line":5,"column":null}},"loc":{"start":{"line":6,"column":4},"end":{"line":6,"column":null}},"line":6},"2":{"name":"(anonymous_2)","decl":{"start":{"line":9,"column":30},"end":{"line":9,"column":null}},"loc":{"start":{"line":13,"column":14},"end":{"line":26,"column":null}},"line":13}},"branchMap":{"0":{"loc":{"start":{"line":16,"column":6},"end":{"line":22,"column":null}},"type":"if","locations":[{"start":{"line":16,"column":6},"end":{"line":22,"column":null}},{"start":{},"end":{}}],"line":16},"1":{"loc":{"start":{"line":18,"column":27},"end":{"line":18,"column":null}},"type":"binary-expr","locations":[{"start":{"line":18,"column":27},"end":{"line":18,"column":40}},{"start":{"line":18,"column":40},"end":{"line":18,"column":null}}],"line":18},"2":{"loc":{"start":{"line":19,"column":8},"end":{"line":21,"column":null}},"type":"if","locations":[{"start":{"line":19,"column":8},"end":{"line":21,"column":null}},{"start":{},"end":{}}],"line":19},"3":{"loc":{"start":{"line":19,"column":12},"end":{"line":19,"column":106}},"type":"binary-expr","locations":[{"start":{"line":19,"column":12},"end":{"line":19,"column":48}},{"start":{"line":19,"column":48},"end":{"line":19,"column":85}},{"start":{"line":19,"column":85},"end":{"line":19,"column":106}}],"line":19}},"s":{"0":2,"1":0,"2":0,"3":2,"4":0,"5":0,"6":0,"7":0,"8":0,"9":0,"10":0,"11":0,"12":0,"13":0},"f":{"0":0,"1":0,"2":0},"b":{"0":[0,0],"1":[0,0],"2":[0,0],"3":[0,0,0]},"meta":{"lastBranch":4,"lastFunction":3,"lastStatement":14,"seen":{"s:4:27:7:Infinity":0,"f:4:27:4:Infinity":0,"s:5:2:7:Infinity":1,"f:5:34:5:Infinity":1,"s:6:4:6:Infinity":2,"s:9:30:26:Infinity":3,"f:9:30:9:Infinity":2,"s:14:2:24:Infinity":4,"s:14:15:14:18":5,"s:15:4:23:Infinity":6,"s:15:17:15:20":7,"b:16:6:22:Infinity:undefined:undefined:undefined:undefined":0,"s:16:6:22:Infinity":8,"s:17:26:17:Infinity":9,"s:18:27:18:Infinity":10,"b:18:27:18:40:18:40:18:Infinity":1,"b:19:8:21:Infinity:undefined:undefined:undefined:undefined":2,"s:19:8:21:Infinity":11,"b:19:12:19:48:19:48:19:85:19:85:19:106":3,"s:20:10:20:Infinity":12,"s:25:2:25:Infinity":13}}}
,"/home/kelvi/Documents/42_red-tetris/frontend/src/components/Game/tetreominoes.ts": {"path":"/home/kelvi/Documents/42_red-tetris/frontend/src/components/Game/tetreominoes.ts","statementMap":{"0":{"start":{"line":4,"column":72},"end":{"line":55,"column":null}},"1":{"start":{"line":57,"column":31},"end":{"line":66,"column":null}},"2":{"start":{"line":58,"column":15},"end":{"line":58,"column":null}},"3":{"start":{"line":59,"column":18},"end":{"line":59,"column":null}},"4":{"start":{"line":60,"column":20},"end":{"line":60,"column":null}},"5":{"start":{"line":62,"column":2},"end":{"line":65,"column":null}}},"fnMap":{"0":{"name":"(anonymous_0)","decl":{"start":{"line":57,"column":31},"end":{"line":57,"column":49}},"loc":{"start":{"line":57,"column":49},"end":{"line":66,"column":null}},"line":57}},"branchMap":{},"s":{"0":2,"1":2,"2":0,"3":0,"4":0,"5":0},"f":{"0":0},"b":{},"meta":{"lastBranch":0,"lastFunction":1,"lastStatement":6,"seen":{"s:4:72:55:Infinity":0,"s:57:31:66:Infinity":1,"f:57:31:57:49":0,"s:58:15:58:Infinity":2,"s:59:18:59:Infinity":3,"s:60:20:60:Infinity":4,"s:62:2:65:Infinity":5}}}
,"/home/kelvi/Documents/42_red-tetris/frontend/src/components/Game/types.ts": {"path":"/home/kelvi/Documents/42_red-tetris/frontend/src/components/Game/types.ts","statementMap":{},"fnMap":{},"branchMap":{},"s":{},"f":{},"b":{},"meta":{"lastBranch":0,"lastFunction":0,"lastStatement":0,"seen":{}}}
,"/home/kelvi/Documents/42_red-tetris/frontend/src/components/Game/useInterval.ts": {"path":"/home/kelvi/Documents/42_red-tetris/frontend/src/components/Game/useInterval.ts","statementMap":{"0":{"start":{"line":3,"column":27},"end":{"line":19,"column":null}},"1":{"start":{"line":4,"column":8},"end":{"line":4,"column":null}},"2":{"start":{"line":6,"column":2},"end":{"line":8,"column":null}},"3":{"start":{"line":7,"column":4},"end":{"line":7,"column":null}},"4":{"start":{"line":10,"column":2},"end":{"line":18,"column":null}},"5":{"start":{"line":11,"column":4},"end":{"line":11,"column":null}},"6":{"start":{"line":11,"column":24},"end":{"line":11,"column":null}},"7":{"start":{"line":13,"column":15},"end":{"line":15,"column":null}},"8":{"start":{"line":14,"column":6},"end":{"line":14,"column":null}},"9":{"start":{"line":17,"column":4},"end":{"line":17,"column":null}},"10":{"start":{"line":17,"column":17},"end":{"line":17,"column":null}}},"fnMap":{"0":{"name":"(anonymous_0)","decl":{"start":{"line":3,"column":27},"end":{"line":3,"column":28}},"loc":{"start":{"line":3,"column":75},"end":{"line":19,"column":null}},"line":3},"1":{"name":"(anonymous_1)","decl":{"start":{"line":4,"column":43},"end":{"line":4,"column":49}},"loc":{"start":{"line":4,"column":49},"end":{"line":4,"column":51}},"line":4},"2":{"name":"(anonymous_2)","decl":{"start":{"line":6,"column":12},"end":{"line":6,"column":18}},"loc":{"start":{"line":6,"column":18},"end":{"line":8,"column":5}},"line":6},"3":{"name":"(anonymous_3)","decl":{"start":{"line":10,"column":12},"end":{"line":10,"column":18}},"loc":{"start":{"line":10,"column":18},"end":{"line":18,"column":5}},"line":10},"4":{"name":"(anonymous_4)","decl":{"start":{"line":13,"column":27},"end":{"line":13,"column":33}},"loc":{"start":{"line":13,"column":33},"end":{"line":15,"column":7}},"line":13},"5":{"name":"(anonymous_5)","decl":{"start":{"line":17,"column":11},"end":{"line":17,"column":17}},"loc":{"start":{"line":17,"column":17},"end":{"line":17,"column":null}},"line":17}},"branchMap":{"0":{"loc":{"start":{"line":11,"column":4},"end":{"line":11,"column":null}},"type":"if","locations":[{"start":{"line":11,"column":4},"end":{"line":11,"column":null}},{"start":{},"end":{}}],"line":11}},"s":{"0":2,"1":0,"2":0,"3":0,"4":0,"5":0,"6":0,"7":0,"8":0,"9":0,"10":0},"f":{"0":0,"1":0,"2":0,"3":0,"4":0,"5":0},"b":{"0":[0,0]},"meta":{"lastBranch":1,"lastFunction":6,"lastStatement":11,"seen":{"s:3:27:19:Infinity":0,"f:3:27:3:28":0,"s:4:8:4:Infinity":1,"f:4:43:4:49":1,"s:6:2:8:Infinity":2,"f:6:12:6:18":2,"s:7:4:7:Infinity":3,"s:10:2:18:Infinity":4,"f:10:12:10:18":3,"b:11:4:11:Infinity:undefined:undefined:undefined:undefined":0,"s:11:4:11:Infinity":5,"s:11:24:11:Infinity":6,"s:13:15:15:Infinity":7,"f:13:27:13:33":4,"s:14:6:14:Infinity":8,"s:17:4:17:Infinity":9,"f:17:11:17:17":5,"s:17:17:17:Infinity":10}}}
,"/home/kelvi/Documents/42_red-tetris/frontend/src/components/Game/useTetris.ts": {"path":"/home/kelvi/Documents/42_red-tetris/frontend/src/components/Game/useTetris.ts","statementMap":{"0":{"start":{"line":8,"column":25},"end":{"line":234,"column":null}},"1":{"start":{"line":9,"column":24},"end":{"line":9,"column":null}},"2":{"start":{"line":10,"column":26},"end":{"line":15,"column":null}},"3":{"start":{"line":17,"column":30},"end":{"line":17,"column":null}},"4":{"start":{"line":18,"column":30},"end":{"line":18,"column":null}},"5":{"start":{"line":19,"column":24},"end":{"line":19,"column":null}},"6":{"start":{"line":20,"column":48},"end":{"line":20,"column":null}},"7":{"start":{"line":22,"column":8},"end":{"line":42,"column":null}},"8":{"start":{"line":24,"column":6},"end":{"line":38,"column":null}},"9":{"start":{"line":24,"column":19},"end":{"line":24,"column":22}},"10":{"start":{"line":25,"column":8},"end":{"line":37,"column":null}},"11":{"start":{"line":25,"column":21},"end":{"line":25,"column":24}},"12":{"start":{"line":26,"column":10},"end":{"line":36,"column":null}},"13":{"start":{"line":27,"column":25},"end":{"line":27,"column":null}},"14":{"start":{"line":28,"column":25},"end":{"line":28,"column":null}},"15":{"start":{"line":30,"column":12},"end":{"line":30,"column":null}},"16":{"start":{"line":30,"column":50},"end":{"line":30,"column":null}},"17":{"start":{"line":32,"column":12},"end":{"line":32,"column":null}},"18":{"start":{"line":32,"column":53},"end":{"line":32,"column":null}},"19":{"start":{"line":34,"column":12},"end":{"line":35,"column":null}},"20":{"start":{"line":35,"column":14},"end":{"line":35,"column":null}},"21":{"start":{"line":39,"column":6},"end":{"line":39,"column":null}},"22":{"start":{"line":44,"column":8},"end":{"line":71,"column":null}},"23":{"start":{"line":45,"column":10},"end":{"line":54,"column":null}},"24":{"start":{"line":46,"column":6},"end":{"line":52,"column":null}},"25":{"start":{"line":47,"column":21},"end":{"line":47,"column":null}},"26":{"start":{"line":48,"column":8},"end":{"line":48,"column":null}},"27":{"start":{"line":48,"column":36},"end":{"line":48,"column":41}},"28":{"start":{"line":49,"column":22},"end":{"line":49,"column":null}},"29":{"start":{"line":50,"column":22},"end":{"line":50,"column":null}},"30":{"start":{"line":51,"column":8},"end":{"line":51,"column":null}},"31":{"start":{"line":53,"column":6},"end":{"line":53,"column":null}},"32":{"start":{"line":56,"column":31},"end":{"line":58,"column":null}},"33":{"start":{"line":57,"column":21},"end":{"line":57,"column":null}},"34":{"start":{"line":60,"column":4},"end":{"line":70,"column":null}},"35":{"start":{"line":61,"column":6},"end":{"line":61,"column":null}},"36":{"start":{"line":62,"column":6},"end":{"line":62,"column":null}},"37":{"start":{"line":64,"column":6},"end":{"line":69,"column":null}},"38":{"start":{"line":73,"column":17},"end":{"line":74,"column":null}},"39":{"start":{"line":74,"column":4},"end":{"line":74,"column":null}},"40":{"start":{"line":74,"column":28},"end":{"line":74,"column":65}},"41":{"start":{"line":74,"column":48},"end":{"line":74,"column":54}},"42":{"start":{"line":76,"column":8},"end":{"line":95,"column":null}},"43":{"start":{"line":78,"column":27},"end":{"line":78,"column":null}},"44":{"start":{"line":79,"column":6},"end":{"line":79,"column":null}},"45":{"start":{"line":81,"column":18},"end":{"line":81,"column":null}},"46":{"start":{"line":82,"column":19},"end":{"line":82,"column":null}},"47":{"start":{"line":83,"column":6},"end":{"line":91,"column":null}},"48":{"start":{"line":84,"column":8},"end":{"line":84,"column":null}},"49":{"start":{"line":85,"column":8},"end":{"line":85,"column":null}},"50":{"start":{"line":86,"column":8},"end":{"line":90,"column":null}},"51":{"start":{"line":87,"column":10},"end":{"line":87,"column":null}},"52":{"start":{"line":88,"column":10},"end":{"line":88,"column":null}},"53":{"start":{"line":89,"column":10},"end":{"line":89,"column":null}},"54":{"start":{"line":92,"column":6},"end":{"line":92,"column":null}},"55":{"start":{"line":97,"column":20},"end":{"line":115,"column":null}},"56":{"start":{"line":98,"column":22},"end":{"line":98,"column":null}},"57":{"start":{"line":100,"column":20},"end":{"line":109,"column":null}},"58":{"start":{"line":101,"column":24},"end":{"line":101,"column":null}},"59":{"start":{"line":101,"column":42},"end":{"line":101,"column":60}},"60":{"start":{"line":102,"column":6},"end":{"line":107,"column":null}},"61":{"start":{"line":102,"column":30},"end":{"line":102,"column":57}},"62":{"start":{"line":103,"column":8},"end":{"line":103,"column":null}},"63":{"start":{"line":104,"column":8},"end":{"line":104,"column":null}},"64":{"start":{"line":106,"column":8},"end":{"line":106,"column":null}},"65":{"start":{"line":108,"column":6},"end":{"line":108,"column":null}},"66":{"start":{"line":111,"column":4},"end":{"line":112,"column":null}},"67":{"start":{"line":112,"column":6},"end":{"line":112,"column":null}},"68":{"start":{"line":114,"column":4},"end":{"line":114,"column":null}},"69":{"start":{"line":117,"column":28},"end":{"line":129,"column":null}},"70":{"start":{"line":118,"column":21},"end":{"line":118,"column":null}},"71":{"start":{"line":118,"column":40},"end":{"line":118,"column":48}},"72":{"start":{"line":120,"column":4},"end":{"line":126,"column":null}},"73":{"start":{"line":121,"column":6},"end":{"line":125,"column":null}},"74":{"start":{"line":122,"column":8},"end":{"line":124,"column":null}},"75":{"start":{"line":123,"column":10},"end":{"line":123,"column":null}},"76":{"start":{"line":128,"column":4},"end":{"line":128,"column":null}},"77":{"start":{"line":131,"column":8},"end":{"line":138,"column":null}},"78":{"start":{"line":132,"column":21},"end":{"line":132,"column":null}},"79":{"start":{"line":133,"column":25},"end":{"line":133,"column":null}},"80":{"start":{"line":135,"column":4},"end":{"line":135,"column":null}},"81":{"start":{"line":136,"column":4},"end":{"line":136,"column":null}},"82":{"start":{"line":137,"column":4},"end":{"line":137,"column":null}},"83":{"start":{"line":140,"column":8},"end":{"line":155,"column":null}},"84":{"start":{"line":141,"column":4},"end":{"line":154,"column":null}},"85":{"start":{"line":142,"column":6},"end":{"line":146,"column":null}},"86":{"start":{"line":142,"column":27},"end":{"line":146,"column":8}},"87":{"start":{"line":148,"column":6},"end":{"line":152,"column":null}},"88":{"start":{"line":149,"column":8},"end":{"line":149,"column":null}},"89":{"start":{"line":150,"column":8},"end":{"line":150,"column":null}},"90":{"start":{"line":151,"column":8},"end":{"line":151,"column":null}},"91":{"start":{"line":153,"column":6},"end":{"line":153,"column":null}},"92":{"start":{"line":158,"column":8},"end":{"line":167,"column":null}},"93":{"start":{"line":159,"column":24},"end":{"line":159,"column":null}},"94":{"start":{"line":161,"column":4},"end":{"line":163,"column":null}},"95":{"start":{"line":162,"column":6},"end":{"line":162,"column":null}},"96":{"start":{"line":165,"column":4},"end":{"line":165,"column":null}},"97":{"start":{"line":169,"column":8},"end":{"line":179,"column":null}},"98":{"start":{"line":171,"column":6},"end":{"line":176,"column":null}},"99":{"start":{"line":172,"column":8},"end":{"line":175,"column":null}},"100":{"start":{"line":172,"column":29},"end":{"line":175,"column":10}},"101":{"start":{"line":181,"column":8},"end":{"line":208,"column":null}},"102":{"start":{"line":182,"column":4},"end":{"line":207,"column":null}},"103":{"start":{"line":183,"column":24},"end":{"line":183,"column":null}},"104":{"start":{"line":183,"column":40},"end":{"line":183,"column":48}},"105":{"start":{"line":184,"column":21},"end":{"line":184,"column":null}},"106":{"start":{"line":185,"column":22},"end":{"line":185,"column":null}},"107":{"start":{"line":188,"column":29},"end":{"line":188,"column":null}},"108":{"start":{"line":189,"column":7},"end":{"line":193,"column":null}},"109":{"start":{"line":189,"column":20},"end":{"line":189,"column":32}},"110":{"start":{"line":190,"column":21},"end":{"line":190,"column":null}},"111":{"start":{"line":191,"column":9},"end":{"line":192,"column":null}},"112":{"start":{"line":191,"column":31},"end":{"line":191,"column":49}},"113":{"start":{"line":191,"column":52},"end":{"line":191,"column":null}},"114":{"start":{"line":192,"column":14},"end":{"line":192,"column":null}},"115":{"start":{"line":196,"column":7},"end":{"line":204,"column":null}},"116":{"start":{"line":196,"column":20},"end":{"line":196,"column":23}},"117":{"start":{"line":197,"column":26},"end":{"line":197,"column":null}},"118":{"start":{"line":198,"column":9},"end":{"line":203,"column":null}},"119":{"start":{"line":199,"column":11},"end":{"line":199,"column":null}},"120":{"start":{"line":202,"column":11},"end":{"line":202,"column":null}},"121":{"start":{"line":206,"column":7},"end":{"line":206,"column":null}},"122":{"start":{"line":210,"column":2},"end":{"line":212,"column":null}},"123":{"start":{"line":211,"column":4},"end":{"line":211,"column":null}},"124":{"start":{"line":214,"column":20},"end":{"line":220,"column":null}},"125":{"start":{"line":215,"column":10},"end":{"line":215,"column":null}},"126":{"start":{"line":216,"column":4},"end":{"line":216,"column":null}},"127":{"start":{"line":217,"column":4},"end":{"line":217,"column":null}},"128":{"start":{"line":218,"column":4},"end":{"line":218,"column":null}},"129":{"start":{"line":219,"column":4},"end":{"line":219,"column":null}},"130":{"start":{"line":222,"column":2},"end":{"line":233,"column":null}}},"fnMap":{"0":{"name":"(anonymous_0)","decl":{"start":{"line":8,"column":25},"end":{"line":8,"column":26}},"loc":{"start":{"line":8,"column":106},"end":{"line":234,"column":null}},"line":8},"1":{"name":"(anonymous_1)","decl":{"start":{"line":23,"column":4},"end":{"line":23,"column":5}},"loc":{"start":{"line":23,"column":73},"end":{"line":40,"column":null}},"line":23},"2":{"name":"(anonymous_2)","decl":{"start":{"line":44,"column":34},"end":{"line":44,"column":35}},"loc":{"start":{"line":44,"column":61},"end":{"line":71,"column":5}},"line":44},"3":{"name":"(anonymous_3)","decl":{"start":{"line":45,"column":20},"end":{"line":45,"column":26}},"loc":{"start":{"line":45,"column":26},"end":{"line":54,"column":7}},"line":45},"4":{"name":"(anonymous_4)","decl":{"start":{"line":48,"column":29},"end":{"line":48,"column":30}},"loc":{"start":{"line":48,"column":36},"end":{"line":48,"column":41}},"line":48},"5":{"name":"(anonymous_5)","decl":{"start":{"line":57,"column":6},"end":{"line":57,"column":7}},"loc":{"start":{"line":57,"column":21},"end":{"line":57,"column":null}},"line":57},"6":{"name":"(anonymous_6)","decl":{"start":{"line":73,"column":17},"end":{"line":73,"column":18}},"loc":{"start":{"line":74,"column":4},"end":{"line":74,"column":null}},"line":74},"7":{"name":"(anonymous_7)","decl":{"start":{"lin
[...]
,"/home/kelvi/Documents/42_red-tetris/frontend/src/components/Solo/SoloBoard.tsx": {"path":"/home/kelvi/Documents/42_red-tetris/frontend/src/components/Solo/SoloBoard.tsx","statementMap":{"0":{"start":{"line":9,"column":8},"end":{"line":9,"column":null}},"1":{"start":{"line":10,"column":8},"end":{"line":10,"column":null}},"2":{"start":{"line":11,"column":36},"end":{"line":11,"column":null}},"3":{"start":{"line":23,"column":2},"end":{"line":23,"column":null}},"4":{"start":{"line":25,"column":2},"end":{"line":27,"column":null}},"5":{"start":{"line":26,"column":4},"end":{"line":26,"column":null}},"6":{"start":{"line":29,"column":2},"end":{"line":34,"column":null}},"7":{"start":{"line":30,"column":4},"end":{"line":33,"column":null}},"8":{"start":{"line":31,"column":6},"end":{"line":31,"column":null}},"9":{"start":{"line":32,"column":6},"end":{"line":32,"column":null}},"10":{"start":{"line":36,"column":22},"end":{"line":40,"column":null}},"11":{"start":{"line":37,"column":4},"end":{"line":37,"column":null}},"12":{"start":{"line":38,"column":4},"end":{"line":38,"column":null}},"13":{"start":{"line":39,"column":4},"end":{"line":39,"column":null}},"14":{"start":{"line":42,"column":21},"end":{"line":44,"column":null}},"15":{"start":{"line":43,"column":4},"end":{"line":43,"column":null}},"16":{"start":{"line":46,"column":24},"end":{"line":73,"column":null}},"17":{"start":{"line":47,"column":4},"end":{"line":47,"column":null}},"18":{"start":{"line":47,"column":34},"end":{"line":47,"column":null}},"19":{"start":{"line":49,"column":20},"end":{"line":49,"column":null}},"20":{"start":{"line":51,"column":4},"end":{"line":53,"column":null}},"21":{"start":{"line":52,"column":6},"end":{"line":52,"column":null}},"22":{"start":{"line":55,"column":4},"end":{"line":72,"column":null}},"23":{"start":{"line":57,"column":8},"end":{"line":57,"column":null}},"24":{"start":{"line":58,"column":8},"end":{"line":58,"column":null}},"25":{"start":{"line":60,"column":8},"end":{"line":60,"column":null}},"26":{"start":{"line":61,"column":8},"end":{"line":61,"column":null}},"27":{"start":{"line":63,"column":8},"end":{"line":63,"column":null}},"28":{"start":{"line":64,"column":8},"end":{"line":64,"column":null}},"29":{"start":{"line":66,"column":8},"end":{"line":66,"column":null}},"30":{"start":{"line":67,"column":8},"end":{"line":67,"column":null}},"31":{"start":{"line":68,"column":8},"end":{"line":68,"column":null}},"32":{"start":{"line":70,"column":8},"end":{"line":70,"column":null}},"33":{"start":{"line":71,"column":8},"end":{"line":71,"column":null}},"34":{"start":{"line":75,"column":22},"end":{"line":81,"column":null}},"35":{"start":{"line":76,"column":4},"end":{"line":76,"column":null}},"36":{"start":{"line":76,"column":34},"end":{"line":76,"column":null}},"37":{"start":{"line":78,"column":4},"end":{"line":80,"column":null}},"38":{"start":{"line":79,"column":6},"end":{"line":79,"column":null}},"39":{"start":{"line":83,"column":21},"end":{"line":94,"column":null}},"40":{"start":{"line":84,"column":4},"end":{"line":93,"column":null}},"41":{"start":{"line":86,"column":8},"end":{"line":90,"column":null}},"42":{"start":{"line":92,"column":6},"end":{"line":92,"column":null}},"43":{"start":{"line":96,"column":2},"end":{"line":145,"column":null}},"44":{"start":{"line":122,"column":10},"end":{"line":135,"column":null}},"45":{"start":{"line":124,"column":14},"end":{"line":133,"column":null}}},"fnMap":{"0":{"name":"SoloBoard","decl":{"start":{"line":8,"column":9},"end":{"line":8,"column":21}},"loc":{"start":{"line":8,"column":21},"end":{"line":147,"column":null}},"line":8},"1":{"name":"(anonymous_1)","decl":{"start":{"line":25,"column":12},"end":{"line":25,"column":18}},"loc":{"start":{"line":25,"column":18},"end":{"line":27,"column":5}},"line":25},"2":{"name":"(anonymous_2)","decl":{"start":{"line":29,"column":12},"end":{"line":29,"column":18}},"loc":{"start":{"line":29,"column":18},"end":{"line":34,"column":5}},"line":29},"3":{"name":"(anonymous_3)","decl":{"start":{"line":36,"column":22},"end":{"line":36,"column":28}},"loc":{"start":{"line":36,"column":28},"end":{"line":40,"column":null}},"line":36},"4":{"name":"(anonymous_4)","decl":{"start":{"line":42,"column":21},"end":{"line":42,"column":27}},"loc":{"start":{"line":42,"column":27},"end":{"line":44,"column":null}},"line":42},"5":{"name":"(anonymous_5)","decl":{"start":{"line":46,"column":24},"end":{"line":46,"column":25}},"loc":{"start":{"line":46,"column":52},"end":{"line":73,"column":null}},"line":46},"6":{"name":"(anonymous_6)","decl":{"start":{"line":75,"column":22},"end":{"line":75,"column":23}},"loc":{"start":{"line":75,"column":50},"end":{"line":81,"column":null}},"line":75},"7":{"name":"(anonymous_7)","decl":{"start":{"line":83,"column":31},"end":{"line":83,"column":32}},"loc":{"start":{"line":84,"column":4},"end":{"line":93,"column":null}},"line":84},"8":{"name":"(anonymous_8)","decl":{"start":{"line":84,"column":12},"end":{"line":84,"column":13}},"loc":{"start":{"line":84,"column":25},"end":{"line":93,"column":5}},"line":84},"9":{"name":"(anonymous_9)","decl":{"start":{"line":121,"column":24},"end":{"line":121,"column":25}},"loc":{"start":{"line":122,"column":10},"end":{"line":135,"column":null}},"line":122},"10":{"name":"(anonymous_10)","decl":{"start":{"line":123,"column":21},"end":{"line":123,"column":22}},"loc":{"start":{"line":124,"column":14},"end":{"line":133,"column":null}},"line":124}},"branchMap":{"0":{"loc":{"start":{"line":30,"column":4},"end":{"line":33,"column":null}},"type":"if","locations":[{"start":{"line":30,"column":4},"end":{"line":33,"column":null}},{"start":{},"end":{}}],"line":30},"1":{"loc":{"start":{"line":30,"column":8},"end":{"line":30,"column":33}},"type":"binary-expr","locations":[{"start":{"line":30,"column":8},"end":{"line":30,"column":20}},{"start":{"line":30,"column":20},"end":{"line":30,"column":33}}],"line":30},"2":{"loc":{"start":{"line":47,"column":4},"end":{"line":47,"column":null}},"type":"if","locations":[{"start":{"line":47,"column":4},"end":{"line":47,"column":null}},{"start":{},"end":{}}],"line":47},"3":{"loc":{"start":{"line":47,"column":8},"end":{"line":47,"column":34}},"type":"binary-expr","locations":[{"start":{"line":47,"column":8},"end":{"line":47,"column":24}},{"start":{"line":47,"column":24},"end":{"line":47,"column":34}}],"line":47},"4":{"loc":{"start":{"line":51,"column":4},"end":{"line":53,"column":null}},"type":"if","locations":[{"start":{"line":51,"column":4},"end":{"line":53,"column":null}},{"start":{},"end":{}}],"line":51},"5":{"loc":{"start":{"line":55,"column":4},"end":{"line":72,"column":null}},"type":"switch","locations":[{"start":{"line":56,"column":6},"end":{"line":58,"column":null}},{"start":{"line":59,"column":6},"end":{"line":61,"column":null}},{"start":{"line":62,"column":6},"end":{"line":64,"column":null}},{"start":{"line":65,"column":6},"end":{"line":68,"column":null}},{"start":{"line":69,"column":6},"end":{"line":71,"column":null}}],"line":55},"6":{"loc":{"start":{"line":76,"column":4},"end":{"line":76,"column":null}},"type":"if","locations":[{"start":{"line":76,"column":4},"end":{"line":76,"column":null}},{"start":{},"end":{}}],"line":76},"7":{"loc":{"start":{"line":76,"column":8},"end":{"line":76,"column":34}},"type":"binary-expr","locations":[{"start":{"line":76,"column":8},"end":{"line":76,"column":24}},{"start":{"line":76,"column":24},"end":{"line":76,"column":34}}],"line":76},"8":{"loc":{"start":{"line":78,"column":4},"end":{"line":80,"column":null}},"type":"if","locations":[{"start":{"line":78,"column":4},"end":{"line":80,"column":null}},{"start":{},"end":{}}],"line":78},"9":{"loc":{"start":{"line":86,"column":8},"end":{"line":90,"column":null}},"type":"binary-expr","locations":[{"start":{"line":86,"column":8},"end":{"line":86,"column":null}},{"start":{"line":87,"column":8},"end":{"line":87,"column":null}},{"start":{"line":88,"column":8},"end":{"line":88,"column":null}},{"start":{"line":89,"column":8},"end":{"line":89,"column":null}},{"start":{"line":90,"column":8},"end":{"line":90,"column":null}}],"line":86},"10":{"loc":{"start":{"line":92,"column":13},"end":{"line":92,"column":null}},"type":"cond-expr","locations":[{"start":{"line":92,"column":28},"end":{"line":92,"column":43}},{"start":{"line":92,"column":43},"end":{"line":92,"column":null}}],"line":92},"11":{"loc":{"start":{"line":108,"column":9},"end":{"line":108,"column":null}},"type":"binary-expr","locations":[{"start":{"line":108,"column":9},"end":{"line":108,"column":21}},{"start":{"line":108,"column":21},"end":{"line":108,"column":null}}],"line":108},"12":{"loc":{"start":{"line":112,"column":13},"end":{"line":112,"column":null}},"type":"cond-expr","locations":[{"start":{"line":112,"column":39},"end":{"line":112,"column":55}},{"start":{"line":112,"column":55},"end":{"line":112,"column":null}}],"line":112},"13":{"loc":{"start":{"line":112,"column":13},"end":{"line":112,"column":39}},"type":"binary-expr","locations":[{"start":{"line":112,"column":13},"end":{"line":112,"column":28}},{"start":{"line":112,"column":28},"end":{"line":112,"column":39}}],"line":112},"14":{"loc":{"start":{"line":128,"column":35},"end":{"line":128,"column":null}},"type":"binary-expr","locations":[{"start":{"line":128,"column":35},"end":{"line":128,"column":48}},{"start":{"line":128,"column":48},"end":{"line":128,"column":null}}],"line":128},"15":{"loc":{"start":{"line":129,"column":26},"end":{"line":131,"column":null}},"type":"cond-expr","locations":[{"start":{"line":130,"column":22},"end":{"line":130,"column":null}},{"start":{"line":131,"column":22},"end":{"line":131,"column":null}}],"line":129}},"s":{"0":0,"1":0,"2":0,"3":0,"4":0,"5":0,"6":0,"7":0,"8":0,"9":0,"10":0,"11":0,"12":0,"13":0,"14":0,"15":0,"16":0,"17":0,"18":0,"19":0,"20":0,"21":0,"22":0,"23":0,"24":0,"25":0,"26":0,"27":0,"28":0,"29":0,"30":0,"31":0,"32":0,"33":0,"34":0,"35":0,"36":0,"37":0,"38":0,"39":0,"40":0,"41":0,"42":0,"43":0,"44":0,"45":0},"f":{"0":0,"1":0,"2":0,"3":0,"4":0,"5":0,"6":0,"7":0,"8":0,"9":0,"10":0},"b":{"0":[0,0],"1":[0,0],"2":[0,0],"3":[0,0],"4":[0,0],"5":[0,0,0,0,0],"6":[0,0],"7":[0,0],"8":[0,0],"9":[0,0,0,0,0],"10":[0,0],"11":[0,0],"12":[0,0],"13":[0,0],"14":[0,0],"15":[0,0]},"meta":{"lastBranch":16,"lastFunction":11,"lastStatement":46,"seen":{"f:8:9:8:21":0,"s:9:8:9:Infinity":0,"s:10:8:10:Infinity":1,"s:11:36:11:Infinity":2,"s:23:2:23:Infinity":3,"s:25:2:27:Infinity":4,"f:25:12:25:18":1,"s:26:4:26:Infinity":5,"s:29:2:34:Infinity":6,"f:29:12:29:18":2,"b:30:4:33:Infinity:undefined:undefined:undefined:undefined":0,"s:30:4:33:Infinity":7,"b:30:8:30:20:30:20:30:33":1,"s:31:6:31:Infinity":8,"s:32:6:32:Infinity":9,"s:36:22:40:Infinity":10,"f:36:22:36:28":3,"s:37:4:37:Infinity":11,"s:38:4:38:Infinity":12,"s:39:4:39:Infinity":13,"s:42:21:44:Infinity":14,"f:42:21:42:27":4,"s:43:4:43:Infinity":15,"s:46:24:73:Infinity":16,"f:46:24:46:25":5,"b:47:4:47:Infinity:undefined:undefined:undefined:undefined":2,"s:47:4:47:Infinity":17,"b:47:8:47:24:47:24:47:34":3,"s:47:34:47:Infinity":18,"s:49:20:49:Infinity":19,"b:51:4:53:Infinity:undefined:undefined:undefined:undefined":4,"s:51:4:53:Infinity":20,"s:52:6:52:Infinity":21,"b:56:6:58:Infinity:59:6:61:Infinity:62:6:64:Infinity:65:6:68:Infinity:69:6:71:Infinity":5,"s:55:4:72:Infinity":22,"s:57:8:57:Infinity":23,"s:58:8:58:Infinity":24,"s:60:8:60:Infinity":25,"s:61:8:61:Infinity":26,"s:63:8:63:Infinity":27,"s:64:8:64:Infinity":28,"s:66:8:66:Infinity":29,"s:67:8:67:Infinity":30,"s:68:8:68:Infinity":31,"s:70:8:70:Infinity":32,"s:71:8:71:Infinity":33,"s:75:22:81:Infinity":34,"f:75:22:75:23":6,"b:76:4:76:Infinity:undefined:undefined:undefined:undefined":6,"s:76:4:76:Infinity":35,"b:76:8:76:24:76:24:76:34":7,"s:76:34:76:Infinity":36,"b:78:4:80:Infinity:undefined:undefined:undefined:undefined":8,"s:78:4:80:Infinity":37,"s:79:6:79:Infinity":38,"s:83:21:94:Infinity":39,"f:83:31:83:32":7,"s:84:4:93:Infinity":40,"f:84:12:84:13":8,"s:86:8:90:Infinity":41,"b:86:8:86:Infinity:87:8:87:Infinity:88:8:88:Infinity:89:8:89:Infinity:90:8:90:Infinity":9,"s:92:6:92:Infinity":42,"b:92:28:92:43:92:43:92:Infinity":10,"s:96:2:145:Infinity":43,"b:108:9:108:21:108:21:108:Infinity":11,"b:112:39:112:55:112:55:112:Infinity":12,"b:112:13:112:28:112:28:112:39":13,"f:121:24:121:25":9,"s:122:10:135:Infinity":44,"f:123:21:123:22":10,"s:124:14:133:Infinity":45,"b:128:35:128:48:128:48:128:Infinity":14,"b:130:22:130:Infinity:131:22:131:Infinity":15}}}
,"/home/kelvi/Documents/42_red-tetris/frontend/src/context/SocketContext.tsx": {"path":"/home/kelvi/Documents/42_red-tetris/frontend/src/context/SocketContext.tsx","statementMap":{"0":{"start":{"line":11,"column":6},"end":{"line":11,"column":null}},"1":{"start":{"line":13,"column":71},"end":{"line":59,"column":null}},"2":{"start":{"line":14,"column":26},"end":{"line":14,"column":null}},"3":{"start":{"line":16,"column":8},"end":{"line":24,"column":null}},"4":{"start":{"line":17,"column":4},"end":{"line":21,"column":null}},"5":{"start":{"line":18,"column":12},"end":{"line":18,"column":null}},"6":{"start":{"line":19,"column":6},"end":{"line":19,"column":null}},"7":{"start":{"line":20,"column":6},"end":{"line":20,"column":null}},"8":{"start":{"line":22,"column":4},"end":{"line":22,"column":null}},"9":{"start":{"line":22,"column":27},"end":{"line":22,"column":null}},"10":{"start":{"line":23,"column":4},"end":{"line":23,"column":null}},"11":{"start":{"line":26,"column":8},"end":{"line":34,"column":null}},"12":{"start":{"line":27,"column":4},"end":{"line":33,"column":null}},"13":{"start":{"line":28,"column":6},"end":{"line":31,"column":null}},"14":{"start":{"line":29,"column":8},"end":{"line":29,"column":null}},"15":{"start":{"line":32,"column":6},"end":{"line":32,"column":null}},"16":{"start":{"line":36,"column":8},"end":{"line":52,"column":null}},"17":{"start":{"line":37,"column":4},"end":{"line":51,"column":null}},"18":{"start":{"line":38,"column":6},"end":{"line":50,"column":null}},"19":{"start":{"line":39,"column":8},"end":{"line":47,"column":null}},"20":{"start":{"line":40,"column":10},"end":{"line":44,"column":null}},"21":{"start":{"line":41,"column":12},"end":{"line":41,"column":null}},"22":{"start":{"line":42,"column":12},"end":{"line":42,"column":null}},"23":{"start":{"line":42,"column":18},"end":{"line":42,"column":39}},"24":{"start":{"line":43,"column":12},"end":{"line":43,"column":null}},"25":{"start":{"line":46,"column":10},"end":{"line":46,"column":null}},"26":{"start":{"line":49,"column":8},"end":{"line":49,"column":null}},"27":{"start":{"line":54,"column":2},"end":{"line":57,"column":null}},"28":{"start":{"line":61,"column":25},"end":{"line":65,"column":null}},"29":{"start":{"line":62,"column":8},"end":{"line":62,"column":null}},"30":{"start":{"line":63,"column":2},"end":{"line":63,"column":null}},"31":{"start":{"line":63,"column":12},"end":{"line":63,"column":null}},"32":{"start":{"line":64,"column":2},"end":{"line":64,"column":null}}},"fnMap":{"0":{"name":"(anonymous_0)","decl":{"start":{"line":13,"column":71},"end":{"line":13,"column":72}},"loc":{"start":{"line":13,"column":89},"end":{"line":59,"column":null}},"line":13},"1":{"name":"(anonymous_1)","decl":{"start":{"line":16,"column":30},"end":{"line":16,"column":36}},"loc":{"start":{"line":16,"column":36},"end":{"line":24,"column":5}},"line":16},"2":{"name":"(anonymous_2)","decl":{"start":{"line":26,"column":33},"end":{"line":26,"column":39}},"loc":{"start":{"line":26,"column":39},"end":{"line":34,"column":5}},"line":26},"3":{"name":"(anonymous_3)","decl":{"start":{"line":36,"column":32},"end":{"line":36,"column":33}},"loc":{"start":{"line":36,"column":55},"end":{"line":52,"column":5}},"line":36},"4":{"name":"(anonymous_4)","decl":{"start":{"line":37,"column":23},"end":{"line":37,"column":24}},"loc":{"start":{"line":37,"column":36},"end":{"line":51,"column":5}},"line":37},"5":{"name":"(anonymous_5)","decl":{"start":{"line":40,"column":49},"end":{"line":40,"column":50}},"loc":{"start":{"line":40,"column":63},"end":{"line":44,"column":11}},"line":40},"6":{"name":"(anonymous_6)","decl":{"start":{"line":61,"column":25},"end":{"line":61,"column":31}},"loc":{"start":{"line":61,"column":31},"end":{"line":65,"column":null}},"line":61}},"branchMap":{"0":{"loc":{"start":{"line":17,"column":4},"end":{"line":21,"column":null}},"type":"if","locations":[{"start":{"line":17,"column":4},"end":{"line":21,"column":null}},{"start":{},"end":{}}],"line":17},"1":{"loc":{"start":{"line":22,"column":4},"end":{"line":22,"column":null}},"type":"if","locations":[{"start":{"line":22,"column":4},"end":{"line":22,"column":null}},{"start":{},"end":{}}],"line":22},"2":{"loc":{"start":{"line":27,"column":4},"end":{"line":33,"column":null}},"type":"if","locations":[{"start":{"line":27,"column":4},"end":{"line":33,"column":null}},{"start":{},"end":{}}],"line":27},"3":{"loc":{"start":{"line":38,"column":6},"end":{"line":50,"column":null}},"type":"if","locations":[{"start":{"line":38,"column":6},"end":{"line":50,"column":null}},{"start":{"line":48,"column":13},"end":{"line":50,"column":null}}],"line":38},"4":{"loc":{"start":{"line":38,"column":10},"end":{"line":38,"column":30}},"type":"binary-expr","locations":[{"start":{"line":38,"column":10},"end":{"line":38,"column":20}},{"start":{"line":38,"column":20},"end":{"line":38,"column":30}}],"line":38},"5":{"loc":{"start":{"line":63,"column":2},"end":{"line":63,"column":null}},"type":"if","locations":[{"start":{"line":63,"column":2},"end":{"line":63,"column":null}},{"start":{},"end":{}}],"line":63}},"s":{"0":0,"1":0,"2":0,"3":0,"4":0,"5":0,"6":0,"7":0,"8":0,"9":0,"10":0,"11":0,"12":0,"13":0,"14":0,"15":0,"16":0,"17":0,"18":0,"19":0,"20":0,"21":0,"22":0,"23":0,"24":0,"25":0,"26":0,"27":0,"28":0,"29":0,"30":0,"31":0,"32":0},"f":{"0":0,"1":0,"2":0,"3":0,"4":0,"5":0,"6":0},"b":{"0":[0,0],"1":[0,0],"2":[0,0],"3":[0,0],"4":[0,0],"5":[0,0]},"meta":{"lastBranch":6,"lastFunction":7,"lastStatement":33,"seen":{"s:11:6:11:Infinity":0,"s:13:71:59:Infinity":1,"f:13:71:13:72":0,"s:14:26:14:Infinity":2,"s:16:8:24:Infinity":3,"f:16:30:16:36":1,"b:17:4:21:Infinity:undefined:undefined:undefined:undefined":0,"s:17:4:21:Infinity":4,"s:18:12:18:Infinity":5,"s:19:6:19:Infinity":6,"s:20:6:20:Infinity":7,"b:22:4:22:Infinity:undefined:undefined:undefined:undefined":1,"s:22:4:22:Infinity":8,"s:22:27:22:Infinity":9,"s:23:4:23:Infinity":10,"s:26:8:34:Infinity":11,"f:26:33:26:39":2,"b:27:4:33:Infinity:undefined:undefined:undefined:undefined":2,"s:27:4:33:Infinity":12,"s:28:6:31:Infinity":13,"s:29:8:29:Infinity":14,"s:32:6:32:Infinity":15,"s:36:8:52:Infinity":16,"f:36:32:36:33":3,"s:37:4:51:Infinity":17,"f:37:23:37:24":4,"b:38:6:50:Infinity:48:13:50:Infinity":3,"s:38:6:50:Infinity":18,"b:38:10:38:20:38:20:38:30":4,"s:39:8:47:Infinity":19,"s:40:10:44:Infinity":20,"f:40:49:40:50":5,"s:41:12:41:Infinity":21,"s:42:12:42:Infinity":22,"s:42:18:42:39":23,"s:43:12:43:Infinity":24,"s:46:10:46:Infinity":25,"s:49:8:49:Infinity":26,"s:54:2:57:Infinity":27,"s:61:25:65:Infinity":28,"f:61:25:61:31":6,"s:62:8:62:Infinity":29,"b:63:2:63:Infinity:undefined:undefined:undefined:undefined":5,"s:63:2:63:Infinity":30,"s:63:12:63:Infinity":31,"s:64:2:64:Infinity":32}}}
}
