{"/home/luserbu/Documents/NEWoneWhite/frontend/src/App.tsx": {"path":"/home/luserbu/Documents/NEWoneWhite/frontend/src/App.tsx","statementMap":{"0":{"start":{"line":10,"column":2},"end":{"line":18,"column":null}}},"fnMap":{"0":{"name":"App","decl":{"start":{"line":9,"column":9},"end":{"line":9,"column":15}},"loc":{"start":{"line":9,"column":15},"end":{"line":20,"column":null}},"line":9}},"branchMap":{},"s":{"0":1},"f":{"0":1},"b":{},"meta":{"lastBranch":0,"lastFunction":1,"lastStatement":1,"seen":{"f:9:9:9:15":0,"s:10:2:18:Infinity":0}}}
,"/home/luserbu/Documents/NEWoneWhite/frontend/src/main.tsx": {"path":"/home/luserbu/Documents/NEWoneWhite/frontend/src/main.tsx","statementMap":{"0":{"start":{"line":9,"column":18},"end":{"line":9,"column":null}},"1":{"start":{"line":11,"column":0},"end":{"line":13,"column":null}},"2":{"start":{"line":12,"column":2},"end":{"line":12,"column":null}},"3":{"start":{"line":15,"column":6},"end":{"line":15,"column":null}},"4":{"start":{"line":17,"column":0},"end":{"line":25,"column":null}}},"fnMap":{},"branchMap":{"0":{"loc":{"start":{"line":11,"column":0},"end":{"line":13,"column":null}},"type":"if","locations":[{"start":{"line":11,"column":0},"end":{"line":13,"column":null}},{"start":{},"end":{}}],"line":11}},"s":{"0":0,"1":0,"2":0,"3":0,"4":0},"f":{},"b":{"0":[0,0]},"meta":{"lastBranch":1,"lastFunction":0,"lastStatement":5,"seen":{"s:9:18:9:Infinity":0,"b:11:0:13:Infinity:undefined:undefined:undefined:undefined":0,"s:11:0:13:Infinity":1,"s:12:2:12:Infinity":2,"s:15:6:15:Infinity":3,"s:17:0:25:Infinity":4}}}
,"/home/luserbu/Documents/NEWoneWhite/frontend/src/socket.ts": {"path":"/home/luserbu/Documents/NEWoneWhite/frontend/src/socket.ts","statementMap":{"0":{"start":{"line":3,"column":28},"end":{"line":3,"column":null}},"1":{"start":{"line":6,"column":2},"end":{"line":10,"column":null}},"2":{"start":{"line":7,"column":4},"end":{"line":7,"column":null}},"3":{"start":{"line":8,"column":2},"end":{"line":10,"column":null}},"4":{"start":{"line":9,"column":4},"end":{"line":9,"column":null}},"5":{"start":{"line":11,"column":2},"end":{"line":11,"column":null}}},"fnMap":{"0":{"name":"getSocket","decl":{"start":{"line":5,"column":16},"end":{"line":5,"column":36}},"loc":{"start":{"line":5,"column":36},"end":{"line":12,"column":null}},"line":5}},"branchMap":{"0":{"loc":{"start":{"line":6,"column":2},"end":{"line":10,"column":null}},"type":"if","locations":[{"start":{"line":6,"column":2},"end":{"line":10,"column":null}},{"start":{"line":8,"column":2},"end":{"line":10,"column":null}}],"line":6},"1":{"loc":{"start":{"line":8,"column":2},"end":{"line":10,"column":null}},"type":"if","locations":[{"start":{"line":8,"column":2},"end":{"line":10,"column":null}},{"start":{},"end":{}}],"line":8}},"s":{"0":1,"1":1,"2":1,"3":0,"4":0,"5":1},"f":{"0":1},"b":{"0":[1,0],"1":[0,0]},"meta":{"lastBranch":2,"lastFunction":1,"lastStatement":6,"seen":{"s:3:28:3:Infinity":0,"f:5:16:5:36":0,"b:6:2:10:Infinity:8:2:10:Infinity":0,"s:6:2:10:Infinity":1,"s:7:4:7:Infinity":2,"b:8:2:10:Infinity:undefined:undefined:undefined:undefined":1,"s:8:2:10:Infinity":3,"s:9:4:9:Infinity":4,"s:11:2:11:Infinity":5}}}
,"/home/luserbu/Documents/NEWoneWhite/frontend/src/store.ts": {"path":"/home/luserbu/Documents/NEWoneWhite/frontend/src/store.ts","statementMap":{"0":{"start":{"line":10,"column":21},"end":{"line":10,"column":null}},"1":{"start":{"line":12,"column":6},"end":{"line":16,"column":null}},"2":{"start":{"line":18,"column":6},"end":{"line":22,"column":null}},"3":{"start":{"line":27,"column":30},"end":{"line":27,"column":null}},"4":{"start":{"line":28,"column":63},"end":{"line":28,"column":null}}},"fnMap":{"0":{"name":"(anonymous_0)","decl":{"start":{"line":27,"column":30},"end":{"line":27,"column":36}},"loc":{"start":{"line":27,"column":30},"end":{"line":27,"column":null}},"line":27}},"branchMap":{},"s":{"0":1,"1":1,"2":1,"3":0,"4":1},"f":{"0":0},"b":{},"meta":{"lastBranch":0,"lastFunction":1,"lastStatement":5,"seen":{"s:10:21:10:Infinity":0,"s:12:6:16:Infinity":1,"s:18:6:22:Infinity":2,"s:27:30:27:Infinity":3,"f:27:30:27:36":0,"s:28:63:28:Infinity":4}}}
,"/home/luserbu/Documents/NEWoneWhite/frontend/src/components/Game/Board.tsx": {"path":"/home/luserbu/Documents/NEWoneWhite/frontend/src/components/Game/Board.tsx","statementMap":{"0":{"start":{"line":20,"column":8},"end":{"line":20,"column":null}},"1":{"start":{"line":21,"column":8},"end":{"line":21,"column":null}},"2":{"start":{"line":22,"column":8},"end":{"line":22,"column":null}},"3":{"start":{"line":23,"column":15},"end":{"line":23,"column":null}},"4":{"start":{"line":24,"column":25},"end":{"line":24,"column":null}},"5":{"start":{"line":25,"column":19},"end":{"line":25,"column":null}},"6":{"start":{"line":26,"column":24},"end":{"line":26,"column":null}},"7":{"start":{"line":27,"column":49},"end":{"line":27,"column":null}},"8":{"start":{"line":28,"column":17},"end":{"line":28,"column":null}},"9":{"start":{"line":30,"column":32},"end":{"line":30,"column":null}},"10":{"start":{"line":31,"column":32},"end":{"line":31,"column":null}},"11":{"start":{"line":33,"column":2},"end":{"line":56,"column":null}},"12":{"start":{"line":34,"column":4},"end":{"line":34,"column":null}},"13":{"start":{"line":34,"column":34},"end":{"line":34,"column":null}},"14":{"start":{"line":36,"column":4},"end":{"line":40,"column":null}},"15":{"start":{"line":37,"column":6},"end":{"line":37,"column":null}},"16":{"start":{"line":38,"column":6},"end":{"line":38,"column":null}},"17":{"start":{"line":39,"column":6},"end":{"line":39,"column":null}},"18":{"start":{"line":42,"column":4},"end":{"line":42,"column":null}},"19":{"start":{"line":44,"column":14},"end":{"line":44,"column":null}},"20":{"start":{"line":46,"column":4},"end":{"line":55,"column":null}},"21":{"start":{"line":47,"column":6},"end":{"line":52,"column":null}},"22":{"start":{"line":48,"column":8},"end":{"line":48,"column":null}},"23":{"start":{"line":49,"column":8},"end":{"line":49,"column":null}},"24":{"start":{"line":50,"column":8},"end":{"line":50,"column":null}},"25":{"start":{"line":51,"column":8},"end":{"line":51,"column":null}},"26":{"start":{"line":54,"column":6},"end":{"line":54,"column":null}},"27":{"start":{"line":58,"column":8},"end":{"line":58,"column":null}},"28":{"start":{"line":59,"column":36},"end":{"line":59,"column":null}},"29":{"start":{"line":60,"column":24},"end":{"line":60,"column":null}},"30":{"start":{"line":62,"column":24},"end":{"line":69,"column":null}},"31":{"start":{"line":63,"column":4},"end":{"line":63,"column":null}},"32":{"start":{"line":63,"column":40},"end":{"line":63,"column":null}},"33":{"start":{"line":64,"column":20},"end":{"line":64,"column":null}},"34":{"start":{"line":65,"column":4},"end":{"line":67,"column":null}},"35":{"start":{"line":68,"column":4},"end":{"line":68,"column":null}},"36":{"start":{"line":84,"column":2},"end":{"line":84,"column":null}},"37":{"start":{"line":87,"column":2},"end":{"line":102,"column":null}},"38":{"start":{"line":88,"column":4},"end":{"line":88,"column":null}},"39":{"start":{"line":88,"column":27},"end":{"line":88,"column":null}},"40":{"start":{"line":90,"column":22},"end":{"line":96,"column":null}},"41":{"start":{"line":91,"column":8},"end":{"line":91,"column":null}},"42":{"start":{"line":91,"column":58},"end":{"line":91,"column":null}},"43":{"start":{"line":94,"column":8},"end":{"line":94,"column":null}},"44":{"start":{"line":95,"column":8},"end":{"line":95,"column":null}},"45":{"start":{"line":98,"column":4},"end":{"line":98,"column":null}},"46":{"start":{"line":99,"column":4},"end":{"line":101,"column":null}},"47":{"start":{"line":100,"column":8},"end":{"line":100,"column":null}},"48":{"start":{"line":105,"column":2},"end":{"line":112,"column":null}},"49":{"start":{"line":106,"column":4},"end":{"line":106,"column":null}},"50":{"start":{"line":106,"column":40},"end":{"line":106,"column":null}},"51":{"start":{"line":108,"column":4},"end":{"line":111,"column":null}},"52":{"start":{"line":115,"column":2},"end":{"line":130,"column":null}},"53":{"start":{"line":116,"column":4},"end":{"line":116,"column":null}},"54":{"start":{"line":116,"column":27},"end":{"line":116,"column":null}},"55":{"start":{"line":118,"column":29},"end":{"line":123,"column":null}},"56":{"start":{"line":119,"column":6},"end":{"line":122,"column":null}},"57":{"start":{"line":119,"column":30},"end":{"line":122,"column":8}},"58":{"start":{"line":125,"column":4},"end":{"line":125,"column":null}},"59":{"start":{"line":127,"column":4},"end":{"line":129,"column":null}},"60":{"start":{"line":128,"column":6},"end":{"line":128,"column":null}},"61":{"start":{"line":132,"column":2},"end":{"line":138,"column":null}},"62":{"start":{"line":133,"column":4},"end":{"line":136,"column":null}},"63":{"start":{"line":140,"column":2},"end":{"line":145,"column":null}},"64":{"start":{"line":141,"column":4},"end":{"line":144,"column":null}},"65":{"start":{"line":142,"column":6},"end":{"line":142,"column":null}},"66":{"start":{"line":143,"column":6},"end":{"line":143,"column":null}},"67":{"start":{"line":147,"column":2},"end":{"line":152,"column":null}},"68":{"start":{"line":148,"column":4},"end":{"line":148,"column":null}},"69":{"start":{"line":148,"column":16},"end":{"line":148,"column":null}},"70":{"start":{"line":149,"column":4},"end":{"line":151,"column":null}},"71":{"start":{"line":150,"column":6},"end":{"line":150,"column":null}},"72":{"start":{"line":154,"column":2},"end":{"line":173,"column":null}},"73":{"start":{"line":155,"column":4},"end":{"line":172,"column":null}},"74":{"start":{"line":156,"column":6},"end":{"line":156,"column":null}},"75":{"start":{"line":156,"column":18},"end":{"line":156,"column":null}},"76":{"start":{"line":157,"column":16},"end":{"line":157,"column":null}},"77":{"start":{"line":158,"column":6},"end":{"line":171,"column":null}},"78":{"start":{"line":159,"column":8},"end":{"line":170,"column":null}},"79":{"start":{"line":160,"column":10},"end":{"line":160,"column":null}},"80":{"start":{"line":161,"column":10},"end":{"line":161,"column":null}},"81":{"start":{"line":163,"column":10},"end":{"line":169,"column":null}},"82":{"start":{"line":164,"column":12},"end":{"line":168,"column":null}},"83":{"start":{"line":165,"column":14},"end":{"line":165,"column":null}},"84":{"start":{"line":167,"column":14},"end":{"line":167,"column":null}},"85":{"start":{"line":175,"column":4},"end":{"line":194,"column":null}},"86":{"start":{"line":176,"column":6},"end":{"line":176,"column":null}},"87":{"start":{"line":176,"column":18},"end":{"line":176,"column":null}},"88":{"start":{"line":177,"column":22},"end":{"line":187,"column":null}},"89":{"start":{"line":178,"column":8},"end":{"line":178,"column":null}},"90":{"start":{"line":179,"column":8},"end":{"line":179,"column":null}},"91":{"start":{"line":180,"column":8},"end":{"line":180,"column":null}},"92":{"start":{"line":182,"column":8},"end":{"line":186,"column":null}},"93":{"start":{"line":183,"column":10},"end":{"line":185,"column":null}},"94":{"start":{"line":184,"column":12},"end":{"line":184,"column":null}},"95":{"start":{"line":189,"column":6},"end":{"line":189,"column":null}},"96":{"start":{"line":189,"column":18},"end":{"line":189,"column":null}},"97":{"start":{"line":191,"column":6},"end":{"line":193,"column":null}},"98":{"start":{"line":192,"column":8},"end":{"line":192,"column":null}},"99":{"start":{"line":192,"column":20},"end":{"line":192,"column":null}},"100":{"start":{"line":196,"column":4},"end":{"line":214,"column":null}},"101":{"start":{"line":197,"column":6},"end":{"line":197,"column":null}},"102":{"start":{"line":197,"column":18},"end":{"line":197,"column":null}},"103":{"start":{"line":198,"column":33},"end":{"line":206,"column":null}},"104":{"start":{"line":199,"column":8},"end":{"line":205,"column":null}},"105":{"start":{"line":200,"column":10},"end":{"line":204,"column":null}},"106":{"start":{"line":201,"column":12},"end":{"line":201,"column":null}},"107":{"start":{"line":208,"column":6},"end":{"line":208,"column":null}},"108":{"start":{"line":210,"column":6},"end":{"line":213,"column":null}},"109":{"start":{"line":211,"column":8},"end":{"line":211,"column":null}},"110":{"start":{"line":216,"column":4},"end":{"line":227,"column":null}},"111":{"start":{"line":217,"column":6},"end":{"line":217,"column":null}},"112":{"start":{"line":217,"column":18},"end":{"line":217,"column":null}},"113":{"start":{"line":218,"column":33},"end":{"line":221,"column":null}},"114":{"start":{"line":219,"column":25},"end":{"line":219,"column":null}},"115":{"start":{"line":220,"column":8},"end":{"line":220,"column":null}},"116":{"start":{"line":223,"column":6},"end":{"line":223,"column":null}},"117":{"start":{"line":223,"column":18},"end":{"line":223,"column":null}},"118":{"start":{"line":224,"column":6},"end":{"line":226,"column":null}},"119":{"start":{"line":225,"column":8},"end":{"line":225,"column":null}},"120":{"start":{"line":225,"column":20},"end":{"line":225,"column":null}},"121":{"start":{"line":229,"column":4},"end":{"line":247,"column":null}},"122":{"start":{"line":230,"column":6},"end":{"line":230,"column":null}},"123":{"start":{"line":230,"column":18},"end":{"line":230,"column":null}},"124":{"start":{"line":231,"column":27},"end":{"line":241,"column":null}},"125":{"start":{"line":232,"column":25},"end":{"line":232,"column":null}},"126":{"start":{"line":233,"column":8},"end":{"line":233,"column":null}},"127":{"start":{"line":235,"column":8},"end":{"line":240,"column":null}},"128":{"start":{"line":236,"column":23},"end":{"line":236,"column":null}},"129":{"start":{"line":237,"column":22},"end":{"line":237,"column":null}},"130":{"start":{"line":237,"column":50},"end":{"line":237,"column":75}},"131":{"start":{"line":238,"column":10},"end":{"line":238,"column":null}},"132":{"start":{"line":238,"column":19},"end":{"line":238,"column":null}},"133":{"start":{"line":239,"column":10},"end":{"line":239,"column":null}},"134":{"start":{"line":243,"column":6},"end":{"line":243,"column":null}},"135":{"start":{"line":243,"column":18},"end":{"line":243,"column":null}},"136":{"start":{"line":244,"column":6},"end":{"line":246,"column":null}},"137":{"start":{"line":245,"column":8},"end":{"line":245,"column":null}},"138":{"start":{"line":245,"column":20},"end":{"line":245,"column":null}},"139":{"start":{"line":249,"column":4},"end":{"line":265,"column":null}},"140":{"start":{"line":250,"column":6},"end":{"line":250,"column":null}},"141":{"start":{"line":250,"column":18},"end":{"line":250,"column":null}},"142":{"start":{"line":251,"column":22},"end":{"line":259,"column":null}},"143":{"start":{"line":252,"column":8},"end":{"line":252,"column":null}},"144":{"start":{"line":253,"column":8},"end":{"line":253,"column":null}},"145":{"start":{"line":254,"column":8},"end":{"line":254,"column":null}},"146":{"start":{"line":255,"column":8},"end":{"line":258,"column":null}},"147":{"start":{"line":256,"column":10},"end":{"line":256,"column":null}},"148":{"start":{"line":256,"column":16},"end":{"line":256,"column":30}},"149":{"start":{"line":257,"column":10},"end":{"line":257,"column":null}},"150":{"start":{"line":261,"column":6},"end":{"line":261,"column":null}},"151":{"start":{"line":261,"column":18},"end":{"line":261,"column":null}},"152":{"start":{"line":262,"column":6},"end":{"line":264,"column":null}},"153":{"start":{"line":263,"column":8},"end":{"line":263,"column":null}},"154":{"start":{"line":263,"column":20},"end":{"line":263,"column":null}},"155":{"start":{"line":268,"column":24},"end":{"line":312,"column":null}},"156":{"start":{"line":269,"column":4},"end":{"line":269,"column":null}},"157":{"start":{"line":269,"column":27},"end":{"line":269,"column":null}},"158":{"start":{"line":271,"column":20},"end":{"line":271,"column":null}},"159":{"start":{"line":273,"column":4},"end":{"line":311,"column":null}},"160":{"start":{"line":275,"column":8},"end":{"line":275,"column":null}},"161":{"start":{"line":277,"column":16},"end":{"line":277,"column":null}},"162":{"start":{"line":278,"column":10},"end":{"line":278,"column":null}},"163":{"start":{"line":278,"column":36},"end":{"line":278,"column":null}},"164":{"start":{"line":280,"column":8},"end":{"line":280,"column":null}},"165":{"start":{"line":283,"column":8},"end":{"line":283,"column":null}},"166":{"start":{"line":285,"column":16},"end":{"line":285,"column":null}},"167":{"start":{"line":286,"column":10},"end":{"line":286,"column":null}},"168":{"start":{"line":286,"column":36},"end":{"line":286,"column":null}},"169":{"start":{"line":288,"column":8},"end":{"line":288,"column":null}},"170":{"start":{"line":291,"column":8},"end":{"line":291,"column":null}},"171":{"start":{"line":293,"column":16},"end":{"line":293,"column":null}},"172":{"start":{"line":294,"column":10},"end":{"line":294,"column":null}},"173":{"start":{"line":294,"column":38},"end":{"line":294,"column":null}},"174":{"start":{"line":296,"column":8},"end":{"line":296,"column":null}},"175":{"start":{"line":299,"column":8},"end":{"line":299,"column":null}},"176":{"start":{"line":300,"column":8},"end":{"line":300,"column":null}},"177":{"start":{"line":301,"column":8},"end":{"line":301,"column":null}},"178":{"start":{"line":302,"column":8},"end":{"line":302,"column":null}},"179":{"start":{"line":305,"column":8},"end":{"line":305,"column":null}},"180":{"start":{"line":307,"column":16},"end":{"line":307,"column":null}},"181":{"start":{"line":308,"column":10},"end":{"line":308,"column":null}},"182":{"start":{"line":308,"column":43},"end":{"line":308,"column":null}},"183":{"start":{"line":310,"column":8},"end":{"line":310,"column":null}},"184":{"start":{"line":314,"column":22},"end":{"line":320,"column":null}},"185":{"start":{"line":315,"column":4},"end":{"line":315,"column":null}},"186":{"start":{"line":315,"column":27},"end":{"line":315,"column":null}},"187":{"start":{"line":317,"column":4},"end":{"line":319,"column":null}},"188":{"start":{"line":318,"column":6},"end":{"line":318,"column":null}},"189":{"start":{"line":322,"column":2},"end":{"line":407,"column":null}},"190":{"start":{"line":328,"column":12},"end":{"line":335,"column":null}},"191":{"start":{"line":349,"column":30},"end":{"line":349,"column":null}},"192":{"start":{"line":353,"column":12},"end":{"line":357,"column":null}},"193":{"start":{"line":354,"column":14},"end":{"line":354,"column":null}},"194":{"start":{"line":356,"column":14},"end":{"line":356,"column":null}},"195":{"start":{"line":378,"column":22},"end":{"line":385,"column":null}}},"fnMap":{"0":{"name":"Board","decl":{"start":{"line":19,"column":9},"end":{"line":19,"column":17}},"loc":{"start":{"line":19,"column":17},"end":{"line":409,"column":null}},"line":19},"1":{"name":"(anonymous_1)","decl":{"start":{"line":33,"column":12},"end":{"line":33,"column":18}},"loc":{"start":{"line":33,"column":18},"end":{"line":56,"column":5}},"line":33},"2":{"name":"(anonymous_2)","decl":{"start":{"line":46,"column":58},"end":{"line":46,"column":59}},"loc":{"start":{"line":46,"column":72},"end":{"line":55,"column":5}},"line":46},"3":{"name":"(anonymous_3)","decl":{"start":{"line":62,"column":42},"end":{"line":62,"column":43}},"loc":{"start":{"line":62,"column":60},"end":{"line":69,"column":5}},"line":62},"4":{"name":"(anonymous_4)","decl":{"start":{"line":87,"column":12},"end":{"line":87,"column":18}},"loc":{"start":{"line":87,"column":18},"end":{"line":102,"column":5}},"line":87},"5":{"name":"(anonymous_5)","decl":{"start":{"line":90,"column":22},"end":{"line":90,"column":23}},"loc":{"start":{"line":90,"column":86},"end":{"line":96,"column":null}},"line":90},"6":{"name":"(anonymous_6)","decl":{"start":{"line":99,"column":11},"end":{"line":99,"column":17}},"loc":{"start":{"line":99,"column":17},"end":{"line":101,"column":null}},"line":99},"7":{"name":"(anonymous_7)","decl":{"start":{"line":105,"column":12},"end":{"line":105,"column":18}},"loc":{"start":{"line":105,"column":18},"end":{"line":112,"column":5}},"line":105},"8":{"name":"(anonymous_8)","decl":{"start":{"line":115,"column":12},"end":{"line":115,"column":18}},"loc":{"start":{"line":115,"column":18},"end":{"line":130,"column":5}},"line":115},"9":{"name":"(anonymous_9)","decl":{"start":{"line":118,"column":29},"end":{"line":118,"column":30}},"loc":{"start":{"line":118,"column":87},"end":{"line":123,"column":null}},"line":118},"10":{"name":"(anonymous_10)","decl":{"start":{"line":119,"column":19},"end":{"line":119,"column":20}},"loc":{"start":{"line":119,"column":30},"end":{"line":122,"column":8}},"line":119},"11":{"name":"(anonymous_11)","decl":{"start":{"line":127,"column":11},"end":{"line":127,"column":17}},"loc":{"start":{"line":127,"column":17},"end":{"line":129,"column":null}},"line":127},"12":{"name":"(anonymous_12)","decl":{"start":{"line":140,"column":12},"end":{"line":140,"column":18}},"loc":{"start":{"line":140,"column":18},"end":{"line":145,"column":5}},"line":140},"13":{"name":"(anonymous_13)","decl":{"start":{"line":147,"column":12},"end":{"line":147,"column":18}},"loc":{"start":{"line":147,"column":18},"end":{"line":152,"column":5}},"line":147},"14":{"name":"(anonymous_14)","decl":{"start":{"line":154,"column":12},"end":{"line":154,"column":18}},"loc":{"start":{"line":154,"column":18},"end":{"line":173,"column":5}},"line":154},"15":{"name":"(anonymous_15)","decl":{"start":{"line":158,"column":59},"end":{"line":158,"column":60}},"loc":{"start":{"line":158,"column":73},"end":{"line":171,"column":7}},"line":158},"16":{"name":"(anonymous_16)","decl":{"start":{"line":163,"column":21},"end":{"line":163,"column":27}},"loc":{"start":{"line":163,"column":27},"end":{"line":169,"column":13}},"line":163},"17":{"name":"(anonymous_17)","decl":{"start":{"line":164,"column":37},"end":{"line":164,"column":43}},"loc":{"start":{"line":164,"column":43},"end":{"line":166,"column":13}},"line":164},"18":{"name":"(anonymous_18)","decl":{"start":{"line":166,"column":21},"end":{"line":166,"column":27}},"loc":{"start":{"line":166,"column":27},"end":{"line":168,"column":13}},"line":166},"19":{"name":"(anonymous_19)","decl":{"start":{"line":175,"column":14},"end":{"line":175,"column":20}},"loc":{"start":{"line":175,"column":20},"end":{"line":194,"column":7}},"line":175},"20":{"name":"(anonymous_20)","decl":{"start":{"line":177,"column":22},"end":{"line":177,"column":23}},"loc":{"start":{"line":177,"column":37},"end":{"line":187,"column":null}},"line":177},"21":{"name":"(anonymous_21)","decl":{"start":{"line":182,"column":19},"end":{"line":182,"column":25}},"loc":{"start":{"line":182,"column":25},"end":{"line":186,"column":11}},"line":182},"22":{"name":"(anonymous_22)","decl":{"start":{"line":183,"column":35},"end":{"line":183,"column":41}},"loc":{"start":{"line":183,"column":41},"end":{"line":185,"column":11}},"line":183},"23":{"name":"(anonymous_23)","decl":{"start":{"line":191,"column":13},"end":{"line":191,"column":19}},"loc":{"start":{"line":191,"column":19},"end":{"line":193,"column":null}},"line":191},"24":{"name":"(anonymous_24)","decl":{"start":{"line":196,"column":14},"end":{"line":196,"column":20}},"loc":{"start":{"line":196,"column":20},"end":{"line":214,"column":7}},"line":196},"25":{"name":"(anonymous_25)","decl":{"start":{"line":198,"column":33},"end":{"line":198,"column":34}},"loc":{"start":{"line":198,"column":59},"end":{"line":206,"column":null}},"line":198},"26":{"name":"(anonymous_26)","decl":{"start":{"line":210,"column":13},"end":{"line":210,"column":19}},"loc":{"start":{"line":210,"column":19},"end":{"line":213,"column":null}},"line":210},"27":{"name":"(anonymous_27)","decl":{"start":{"line":216,"column":14},"end":{"line":216,"column":20}},"loc":{"start":{"line":216,"column":20},"end":{"line":227,"column":7}},"line":216},"28":{"name":"(anonymous_28)","decl":{"start":{"line":218,"column":33},"end":{"line":218,"column":34}},"loc":{"start":{"line":218,"column":48},"end":{"line":221,"column":null}},"line":218},"29":{"name":"(anonymous_29)","decl":{"start":{"line":224,"column":13},"end":{"line":224,"column":19}},"loc":{"start":{"line":224,"column":19},"end":{"line":226,"column":null}},"line":224},"30":{"name":"(anonymous_30)","decl":{"start":{"line":229,"column":14},"end":{"line":229,"column":20}},"loc":{"start":{"line":229,"column":20},"end":{"line":247,"column":7}},"line":229},"31":{"name":"(anonymous_31)","decl":{"start":{"line":231,"column":27},"end":{"line":231,"column":28}},"loc":{"start":{"line":231,"column":42},"end":{"line":241,"column":null}},"line":231},"32":{"name":"(anonymous_32)","decl":{"start":{"line":235,"column":21},"end":{"line":235,"column":29}},"loc":{"start":{"line":235,"column":29},"end":{"line":240,"column":9}},"line":235},"33":{"name":"(anonymous_33)","decl":{"start":{"line":237,"column":45},"end":{"line":237,"column":50}},"loc":{"start":{"line":237,"column":50},"end":{"line":237,"column":75}},"line":237},"34":{"name":"(anonymous_34)","decl":{"start":{"line":244,"column":13},"end":{"line":244,"column":19}},"loc":{"start":{"line":244,"column":19},"end":{"line":246,"column":null}},"line":244},"35":{"name":"(anonymous_35)","decl":{"start":{"line":249,"column":14},"end":{"line":249,"column":20}},"loc":{"start":{"line":249,"column":20},"end":{"line":265,"column":7}},"line":249},"36":{"name":"(anonymous_36)","decl":{"start":{"line":251,"column":22},"end":{"line":251,"column":23}},"loc":{"start":{"line":251,"column":37},"end":{"line":259,"column":null}},"line":251},"37":{"name":"(anonymous_37)","decl":{"start":{"line":255,"column":19},"end":{"line":255,"column":25}},"loc":{"start":{"line":255,"column":25},"end":{"line":258,"column":11}},"line":255},"38":{"name":"(anonymous_38)","decl":{"start":{"line":262,"column":13},"end":{"line":262,"column":19}},"loc":{"start":{"line":262,"column":19},"end":{"line":264,"column":null}},"line":262},"39":{"name":"(anonymous_39)","decl":{"start":{"line":268,"column":24},"end":{"line":268,"column":25}},"loc":{"start":{"line":268,"column":52},"end":{"line":312,"column":null}},"line":268},"40":{"name":"(anonymous_40)","decl":{"start":{"line":314,"column":22},"end":{"line":314,"column":23}},"loc":{"start":{"line":314,"column":50},"end":{"line":320,"column":null}},"line":314},"41":{"name":"(anonymous_41)","decl":{"start":{"line":327,"column":41},"end":{"line":327,"column":42}},"loc":{"start":{"line":328,"column":12},"end":{"line":335,"column":null}},"line":328},"42":{"name":"(anonymous_42)","decl":{"start":{"line":349,"column":24},"end":{"line":349,"column":30}},"loc":{"start":{"line":349,"column":30},"end":{"line":349,"column":null}},"line":349},"43":{"name":"(anonymous_43)","decl":{"start":{"line":352,"column":51},"end":{"line":352,"column":57}},"loc":{"start":{"line":352,"column":57},"end":{"line":358,"column":13}},"line":352},"44":{"name":"(anonymous_44)","decl":{"start":{"line":353,"column":37},"end":{"line":353,"column":43}},"loc":{"start":{"line":353,"column":43},"end":{"line":355,"column":13}},"line":353},"45":{"name":"(anonymous_45)","decl":{"start":{"line":355,"column":21},"end":{"line":355,"column":27}},"loc":{"start":{"line":355,"column":27},"end":{"line":357,"column":13}},"line":355},"46":{"name":"(anonymous_46)","decl":{"start":{"line":377,"column":51},"end":{"line":377,"column":52}},"loc":{"start":{"line":378,"column":22},"end":{"line":385,"column":null}},"line":378}},"branchMap":{"0":{"loc":{"start":{"line":23,"column":15},"end":{"line":23,"column":null}},"type":"binary-expr","locations":[{"start":{"line":23,"column":15},"end":{"line":23,"column":32}},{"start":{"line":23,"column":32},"end":{"line":23,"column":62}},{"start":{"line":23,"column":62},"end":{"line":23,"column":null}}],"line":23},"1":{"loc":{"start":{"line":24,"column":25},"end":{"line":24,"column":null}},"type":"binary-expr","locations":[{"start":{"line":24,"column":25},"end":{"line":24,"column":54}},{"start":{"line":24,"column":54},"end":{"line":24,"column":null}}],"line":24},"2":{"loc":{"start":{"line":25,"column":19},"end":{"line":25,"column":null}},"type":"binary-expr","locations":[{"start":{"line":25,"column":19},"end":{"line":25,"column":34}},{"start":{"line":25,"column":34},"end":{"line":25,"column":62}},{"start":{"line":25,"column":62},"end":{"line":25,"column":null}}],"line":25},"3":{"loc":{"start":{"line":26,"column":24},"end":{"line":26,"column":null}},"type":"binary-expr","locations":[{"start":{"line":26,"column":24},"end":{"line":26,"column":57}},{"start":{"line":26,"column":57},"end":{"line":26,"column":null}}],"line":26},"4":{"loc":{"start":{"line":30,"column":61},"end":{"line":30,"column":99}},"type":"cond-expr","locations":[{"start":{"line":30,"column":88},"end":{"line":30,"column":95}},{"start":{"line":30,"column":95},"end":{"line":30,"column":99}}],"line":30},"5":{"loc":{"start":{"line":30,"column":61},"end":{"line":30,"column":88}},"type":"binary-expr","locations":[{"start":{"line":30,"column":61},"end":{"line":30,"column":79}},{"start":{"line":30,"column":79},"end":{"line":30,"column":88}}],"line":30},"6":{"loc":{"start":{"line":34,"column":4},"end":{"line":34,"column":null}},"type":"if","locations":[{"start":{"line":34,"column":4},"end":{"line":34,"column":null}},{"start":{},"end":{}}],"line":34},"7":{"loc":{"start":{"line":34,"column":8},"end":{"line":34,"column":34}},"type":"binary-expr","locations":[{"start":{"line":34,"column":8},"end":{"line":34,"column":26}},{"start":{"line":34,"column":26},"end":{"line":34,"column":34}}],"line":34},"8":{"loc":{"start":{"line":36,"column":4},"end":{"line":40,"column":null}},"type":"if","locations":[{"start":{"line":36,"column":4},"end":{"line":40,"column":null}},{"start":{},"end":{}}],"line":36},"9":{"loc":{"start":{"line":36,"column":8},"end":{"line":36,"column":28}},"type":"binary-expr","locations":[{"start":{"line":36,"column":8},"end":{"line":36,"column":21}},{"start":{"line":36,"column":21},"end":{"line":36,"column":28}}],"line":36},"10":{"loc":{"start":{"line":44,"column":14},"end":{"line":44,"column":null}},"type":"binary-expr","locations":[{"start":{"line":44,"column":14},"end":{"line":44,"column":24}},{"start":{"line":44,"column":24},"end":{"line":44,"column":null}}],"line":44},"11":{"loc":{"start":{"line":47,"column":6},"end":{"line":52,"column":null}},"type":"if","locations":[{"start":{"line":47,"column":6},"end":{"line":52,"column":null}},{"start":{},"end":{}}],"line":47},"12":{"loc":{"start":{"line":47,"column":10},"end":{"line":47,"column":27}},"type":"binary-expr","locations":[{"start":{"line":47,"column":10},"end":{"line":47,"column":18}},{"start":{"line":47,"column":18},"end":{"line":47,"column":27}}],"line":47},"13":{"loc":{"start":{"line":63,"column":4},"end":{"line":63,"column":null}},"type":"if","locations":[{"start":{"line":63,"column":4},"end":{"line":63,"column":null}},{"start":{},"end":{}}],"line":63},"14":{"loc":{"start":{"line":63,"column":8},"end":{"line":63,"column":40}},"type":"binary-expr","locations":[{"start":{"line":63,"column":8},"end":{"line":63,"column":18}},{"start":{"line":63,"column":18},"end":{"line":63,"column":29}},{"start":{"line":63,"column":29},"end":{"line":63,"column":40}}],"line":63},"15":{"loc":{"start":{"line":65,"column":4},"end":{"line":67,"column":null}},"type":"if","locations":[{"start":{"line":65,"column":4},"end":{"line":67,"column":null}},{"start":{},"end":{}}],"line":65},"16":{"loc":{"start":{"line":88,"column":4},"end":{"line":88,"column":null}},"type":"if","locations":[{"start":{"line":88,"column":4},"end":{"line":88,"column":null}},{"start":{},"end":{}}],"line":88},"17":{"loc":{"start":{"line":88,"column":8},"end":{"line":88,"column":27}},"type":"binary-expr","locations":[{"start":{"line":88,"column":8},"end":{"line":88,"column":18}},{"start":{"line":88,"column":18},"end":{"line":88,"column":27}}],"line":88},"18":{"loc":{"start":{"line":91,"column":8},"end":{"line":91,"column":null}},"type":"if","locations":[{"start":{"line":91,"column":8},"end":{"line":91,"column":null}},{"start":{},"end":{}}],"line":91},"19":{"loc":{"start":{"line":91,"column":12},"end":{"line":91,"column":58}},"type":"binary-expr","locations":[{"start":{"line":91,"column":12},"end":{"line":91,"column":29}},{"start":{"line":91,"column":29},"end":{"line":91,"column":58}}],"line":91},"20":{"loc":{"start":{"line":106,"column":4},"end":{"line":106,"column":null}},"type":"if","locations":[{"start":{"line":106,"column":4},"end":{"line":106,"column":null}},{"start":{},"end":{}}],"line":106},"21":{"loc":{"start":{"line":106,"column":8},"end":{"line":106,"column":40}},"type":"binary-expr","locations":[{"start":{"line":106,"column":8},"end":{"line":106,"column":18}},{"start":{"line":106,"column":18},"end":{"line":106,"column":29}},{"start":{"line":106,"column":29},"end":{"line":106,"column":40}}],"line":106},"22":{"loc":{"start":{"line":116,"column":4},"end":{"line":116,"column":null}},"type":"if","locations":[{"start":{"line":116,"column":4},"end":{"line":116,"column":null}},{"start":{},"end":{}}],"line":116},"23":{"loc":{"start":{"line":116,"column":8},"end":{"line":116,"column":27}},"type":"binary-expr","locations":[{"start":{"line":116,"column":8},"end":{"line":116,"column":18}},{"start":{"line":116,"column":18},"end":{"line":116,"column":27}}],"line":116},"24":{"loc":{"start":{"line":132,"column":2},"end":{"line":138,"column":null}},"type":"if","locations":[{"start":{"line":132,"column":2},"end":{"line":138,"column":null}},{"start":{},"end":{}}],"line":132},"25":{"loc":{"start":{"line":141,"column":4},"end":{"line":144,"column":null}},"type":"if","locations":[{"start":{"line":141,"column":4},"end":{"line":144,"column":null}},{"start":{},"end":{}}],"line":141},"26":{"loc":{"start":{"line":141,"column":8},"end":{"line":141,"column":40}},"type":"binary-expr","locations":[{"start":{"line":141,"column":8},"end":{"line":141,"column":26}},{"start":{"line":141,"column":26},"end":{"line":141,"column":40}}],"line":141},"27":{"loc":{"start":{"line":148,"column":4},"end":{"line":148,"column":null}},"type":"if","locations":[{"start":{"line":148,"column":4},"end":{"line":148,"column":null}},{"start":{},"end":{}}],"line":148},"28":{"loc":{"start":{"line":149,"column":4},"end":{"line":151,"column":null}},"type":"if","locations":[{"start":{"line":149,"column":4},"end":{"line":151,"column":null}},{"start":{},"end":{}}],"line":149},"29":{"loc":{"start":{"line":149,"column":8},"end":{"line":149,"column":31}},"type":"binary-expr","locations":[{"start":{"line":149,"column":8},"end":{"line":149,"column":19}},{"start":{"line":149,"column":19},"end":{"line":149,"column":31}}],"line":149},"30":{"loc":{"start":{"line":155,"column":4},"end":{"line":172,"column":null}},"type":"if","locations":[{"start":{"line":155,"column":4},"end":{"line":172,"column":null}},{"start":{},"end":{}}],"line":155},"31":{"loc":{"start":{"line":156,"column":6},"end":{"line":156,"column":null}},"type":"if","locations":[{"start":{"line":156,"column":6},"end":{"line":156,"column":null}},{"start":{},"end":{}}],"line":156},"32":{"loc":{"start":{"line":157,"column":16},"end":{"line":157,"column":null}},"type":"binary-expr","locations":[{"start":{"line":157,"column":16},"end":{"line":157,"column":26}},{"start":{"line":157,"column":26},"end":{"line":157,"column":null}}],"line":157},"33":{"loc":{"start":{"line":159,"column":8},"end":{"line":170,"column":null}},"type":"if","locations":[{"start":{"line":159,"column":8},"end":{"line":170,"column":null}},{"start":{},"end":{}}],"line":159},"34":{"loc":{"start":{"line":159,"column":12},"end":{"line":159,"column":27}},"type":"binary-expr","locations":[{"start":{"line":159,"column":12},"end":{"line":159,"column":19}},{"start":{"line":159,"column":19},"end":{"line":159,"column":27}}],"line":159},"35":{"loc":{"start":{"line":176,"column":6},"end":{"line":176,"column":null}},"type":"if","locations":[{"start":{"line":176,"column":6},"end":{"line":176,"column":null}},{"start":{},"end":{}}],"line":176},"36":{"loc":{"start":{"line":189,"column":6},"end":{"line":189,"column":null}},"type":"if","locations":[{"start":{"line":189,"column":6},"end":{"line":189,"column":null}},{"start":{},"end":{}}],"line":189},"37":{"loc":{"start":{"line":192,"column":8},"end":{"line":192,"column":null}},"type":"if","locations":[{"start":{"line":192,"column":8},"end":{"line":192,"column":null}},{"start":{},"end":{}}],"line":192},"38":{"loc":{"start":{"line":197,"column":6},"end":{"line":197,"column":null}},"type":"if","locations":[{"start":{"line":197,"column":6},"end":{"line":197,"column":null}},{"start":{},"end":{}}],"line":197},"39":{"loc":{"start":{"line":199,"column":8},"end":{"line":205,"column":null}},"type":"if","locations":[{"start":{"line":199,"column":8},"end":{"line":205,"column":null}},{"start":{},"end":{}}],"line":199},"40":{"loc":{"start":{"line":199,"column":12},"end":{"line":199,"column":32}},"type":"binary-expr","locations":[{"start":{"line":199,"column":12},"end":{"line":199,"column":22}},{"start":{"line":199,"column":22},"end":{"line":199,"column":32}}],"line":199},"41":{"loc":{"start":{"line":217,"column":6},"end":{"line":217,"column":null}},"type":"if","locations":[{"start":{"line":217,"column":6},"end":{"line":217,"column":null}},{"start":{},"end":{}}],"line":217},"42":{"loc":{"start":{"line":219,"column":25},"end":{"line":219,"column":null}},"type":"binary-expr","locations":[{"start":{"line":219,"column":25},"end":{"line":219,"column":45}},{"start":{"line":219,"column":45},"end":{"line":219,"column":null}}],"line":219},"43":{"loc":{"start":{"line":223,"column":6},"end":{"line":223,"column":null}},"type":"if","locations":[{"start":{"line":223,"column":6},"end":{"line":223,"column":null}},{"start":{},"end":{}}],"line":223},"44":{"loc":{"start":{"line":225,"column":8},"end":{"line":225,"column":null}},"type":"if","locations":[{"start":{"line":225,"column":8},"end":{"line":225,"column":null}},{"start":{},"end":{}}],"line":225},"45":{"loc":{"start":{"line":230,"column":6},"end":{"line":230,"column":null}},"type":"if","locations":[{"start":{"line":230,"column":6},"end":{"line":230,"column":null}},{"start":{},"end":{}}],"line":230},"46":{"loc":{"start":{"line":232,"column":25},"end":{"line":232,"column":null}},"type":"binary-expr","locations":[{"start":{"line":232,"column":25},"end":{"line":232,"column":45}},{"start":{"line":232,"column":45},"end":{"line":232,"column":null}}],"line":232},"47":{"loc":{"start":{"line":238,"column":10},"end":{"line":238,"column":null}},"type":"if","locations":[{"start":{"line":238,"column":10},"end":{"line":238,"column":null}},{"start":{},"end":{}}],"line":238},"48":{"loc":{"start":{"line":243,"column":6},"end":{"line":243,"column":null}},"type":"if","locations":[{"start":{"line":243,"column":6},"end":{"line":243,"column":null}},{"start":{},"end":{}}],"line":243},"49":{"loc":{"start":{"line":245,"column":8},"end":{"line":245,"column":null}},"type":"if","locations":[{"start":{"line":245,"column":8},"end":{"line":245,"column":null}},{"start":{},"end":{}}],"line":245},"50":{"loc":{"start":{"line":250,"column":6},"end":{"line":250,"column":null}},"type":"if","locations":[{"start":{"line":250,"column":6},"end":{"line":250,"column":null}},{"start":{},"end":{}}],"line":250},"51":{"loc":{"start":{"line":261,"column":6},"end":{"line":261,"column":null}},"type":"if","locations":[{"start":{"line":261,"column":6},"end":{"line":261,"column":null}},{"start":{},"end":{}}],"line":261},"52":{"loc":{"start":{"line":263,"column":8},"end":{"line":263,"column":null}},"type":"if","locations":[{"start":{"line":263,"column":8},"end":{"line":263,"column":null}},{"start":{},"end":{}}],"line":263},"53":{"loc":{"start":{"line":269,"column":4},"end":{"line":269,"column":null}},"type":"if","locations":[{"start":{"line":269,"column":4},"end":{"line":269,"column":null}},{"start":{},"end":{}}],"line":269},"54":{"loc":{"start":{"line":269,"column":8},"end":{"line":269,"column":27}},"type":"binary-expr","locations":[{"start":{"line":269,"column":8},"end":{"line":269,"column":20}},{"start":{"line":269,"column":20},"end":{"line":269,"column":27}}],"line":269},"55":{"loc":{"start":{"line":273,"column":4},"end":{"line":311,"column":null}},"type":"switch","locations":[{"start":{"line":274,"column":6},"end":{"line":280,"column":null}},{"start":{"line":282,"column":6},"end":{"line":288,"column":null}},{"start":{"line":290,"column":6},"end":{"line":296,"column":null}},{"start":{"line":298,"column":6},"end":{"line":302,"column":null}},{"start":{"line":304,"column":6},"end":{"line":310,"column":null}}],"line":273},"56":{"loc":{"start":{"line":278,"column":10},"end":{"line":278,"column":null}},"type":"if","locations":[{"start":{"line":278,"column":10},"end":{"line":278,"column":null}},{"start":{},"end":{}}],"line":278},"57":{"loc":{"start":{"line":278,"column":14},"end":{"line":278,"column":36}},"type":"binary-expr","locations":[{"start":{"line":278,"column":14},"end":{"line":278,"column":23}},{"start":{"line":278,"column":23},"end":{"line":278,"column":36}}],"line":278},"58":{"loc":{"start":{"line":286,"column":10},"end":{"line":286,"column":null}},"type":"if","locations":[{"start":{"line":286,"column":10},"end":{"line":286,"column":null}},{"start":{},"end":{}}],"line":286},"59":{"loc":{"start":{"line":286,"column":14},"end":{"line":286,"column":36}},"type":"binary-expr","locations":[{"start":{"line":286,"column":14},"end":{"line":286,"column":23}},{"start":{"line":286,"column":23},"end":{"line":286,"column":36}}],"line":286},"60":{"loc":{"start":{"line":294,"column":10},"end":{"line":294,"column":null}},"type":"if","locations":[{"start":{"line":294,"column":10},"end":{"line":294,"column":null}},{"start":{},"end":{}}],"line":294},"61":{"loc":{"start":{"line":294,"column":14},"end":{"line":294,"column":38}},"type":"binary-expr","locations":[{"start":{"line":294,"column":14},"end":{"line":294,"column":25}},{"start":{"line":294,"column":25},"end":{"line":294,"column":38}}],"line":294},"62":{"loc":{"start":{"line":308,"column":10},"end":{"line":308,"column":null}},"type":"if","locations":[{"start":{"line":308,"column":10},"end":{"line":308,"column":null}},{"start":{},"end":{}}],"line":308},"63":{"loc":{"start":{"line":308,"column":14},"end":{"line":308,"column":43}},"type":"binary-expr","locations":[{"start":{"line":308,"column":14},"end":{"line":308,"column":24}},{"start":{"line":308,"column":24},"end":{"line":308,"column":43}}],"line":308},"64":{"loc":{"start":{"line":315,"column":4},"end":{"line":315,"column":null}},"type":"if","locations":[{"start":{"line":315,"column":4},"end":{"line":315,"column":null}},{"start":{},"end":{}}],"line":315},"65":{"loc":{"start":{"line":315,"column":8},"end":{"line":315,"column":27}},"type":"binary-expr","locations":[{"start":{"line":315,"column":8},"end":{"line":315,"column":20}},{"start":{"line":315,"column":20},"end":{"line":315,"column":27}}],"line":315},"66":{"loc":{"start":{"line":317,"column":4},"end":{"line":319,"column":null}},"type":"if","locations":[{"start":{"line":317,"column":4},"end":{"line":319,"column":null}},{"start":{},"end":{}}],"line":317},"67":{"loc":{"start":{"line":325,"column":7},"end":{"line":337,"column":null}},"type":"binary-expr","locations":[{"start":{"line":325,"column":7},"end":{"line":325,"column":18}},{"start":{"line":325,"column":18},"end":{"line":325,"column":32}},{"start":{"line":325,"column":32},"end":{"line":325,"column":null}},{"start":{"line":326,"column":8},"end":{"line":337,"column":null}}],"line":325},"68":{"loc":{"start":{"line":362,"column":13},"end":{"line":362,"column":null}},"type":"binary-expr","locations":[{"start":{"line":362,"column":13},"end":{"line":362,"column":25}},{"start":{"line":362,"column":25},"end":{"line":362,"column":34}},{"start":{"line":362,"column":34},"end":{"line":362,"column":null}}],"line":362},"69":{"loc":{"start":{"line":363,"column":13},"end":{"line":363,"column":null}},"type":"binary-expr","locations":[{"start":{"line":363,"column":13},"end":{"line":363,"column":25}},{"start":{"line":363,"column":25},"end":{"line":363,"column":34}},{"start":{"line":363,"column":34},"end":{"line":363,"column":null}}],"line":363},"70":{"loc":{"start":{"line":364,"column":13},"end":{"line":367,"column":null}},"type":"binary-expr","locations":[{"start":{"line":364,"column":13},"end":{"line":364,"column":null}},{"start":{"line":365,"column":14},"end":{"line":367,"column":null}}],"line":364},"71":{"loc":{"start":{"line":366,"column":17},"end":{"line":366,"column":null}},"type":"cond-expr","locations":[{"start":{"line":366,"column":28},"end":{"line":366,"column":44}},{"start":{"line":366,"column":44},"end":{"line":366,"column":null}}],"line":366},"72":{"loc":{"start":{"line":371,"column":11},"end":{"line":394,"column":null}},"type":"cond-expr","locations":[{"start":{"line":372,"column":12},"end":{"line":392,"column":null}},{"start":{"line":394,"column":12},"end":{"line":394,"column":null}}],"line":371},"73":{"loc":{"start":{"line":371,"column":11},"end":{"line":371,"column":null}},"type":"binary-expr","locations":[{"start":{"line":371,"column":11},"end":{"line":371,"column":23}},{"start":{"line":371,"column":23},"end":{"line":371,"column":null}}],"line":371},"74":{"loc":{"start":{"line":373,"column":15},"end":{"line":390,"column":null}},"type":"cond-expr","locations":[{"start":{"line":374,"column":16},"end":{"line":388,"column":null}},{"start":{"line":390,"column":16},"end":{"line":390,"column":null}}],"line":373},"75":{"loc":{"start":{"line":373,"column":15},"end":{"line":373,"column":null}},"type":"binary-expr","locations":[{"start":{"line":373,"column":15},"end":{"line":373,"column":26}},{"start":{"line":373,"column":26},"end":{"line":373,"column":39}},{"start":{"line":373,"column":39},"end":{"line":373,"column":null}}],"line":373},"76":{"loc":{"start":{"line":397,"column":11},"end":{"line":403,"column":null}},"type":"binary-expr","locations":[{"start":{"line":397,"column":11},"end":{"line":397,"column":null}},{"start":{"line":398,"column":12},"end":{"line":403,"column":null}}],"line":397}},"s":{"0":50,"1":50,"2":50,"3":50,"4":50,"5":50,"6":50,"7":50,"8":50,"9":50,"10":50,"11":50,"12":25,"13":25,"14":0,"15":0,"16":0,"17":0,"18":0,"19":0,"20":25,"21":0,"22":0,"23":0,"24":0,"25":0,"26":0,"27":50,"28":50,"29":50,"30":50,"31":0,"32":0,"33":0,"34":0,"35":0,"36":50,"37":50,"38":25,"39":16,"40":9,"41":0,"42":0,"43":0,"44":0,"45":9,"46":9,"47":9,"48":50,"49":25,"50":16,"51":9,"52":50,"53":25,"54":16,"55":9,"56":1,"57":0,"58":9,"59":9,"60":9,"61":50,"62":0,"63":50,"64":25,"65":25,"66":25,"67":50,"68":25,"69":16,"70":9,"71":0,"72":50,"73":25,"74":2,"75":2,"76":0,"77":2,"78":0,"79":0,"80":0,"81":0,"82":0,"83":0,"84":0,"85":50,"86":25,"87":16,"88":9,"89":0,"90":0,"91":0,"92":0,"93":0,"94":0,"95":9,"96":9,"97":9,"98":9,"99":9,"100":50,"101":25,"102":16,"103":9,"104":0,"105":0,"106":0,"107":9,"108":9,"109":9,"110":50,"111":25,"112":16,"113":9,"114":1,"115":1,"116":9,"117":9,"118":9,"119":9,"120":9,"121":50,"122":25,"123":16,"124":9,"125":1,"126":1,"127":1,"128":0,"129":0,"130":0,"131":0,"132":0,"133":0,"134":9,"135":9,"136":9,"137":9,"138":9,"139":50,"140":25,"141":16,"142":9,"143":1,"144":1,"145":1,"146":1,"147":0,"148":0,"149":0,"150":9,"151":9,"152":9,"153":9,"154":9,"155":50,"156":6,"157":1,"158":5,"159":5,"160":1,"161":1,"162":1,"163":1,"164":1,"165":1,"166":1,"167":1,"168":1,"169":1,"170":1,"171":1,"172":1,"173":1,"174":1,"175":1,"176":1,"177":1,"178":1,"179":1,"180":1,"181":1,"182":1,"183":1,"184":50,"185":1,"186":0,"187":1,"188":1,"189":50,"190":0,"191":0,"192":0,"193":0,"194":0,"195":0},"f":{"0":50,"1":25,"2":0,"3":0,"4":25,"5":0,"6":9,"7":25,"8":25,"9":1,"10":0,"11":9,"12":25,"13":25,"14":25,"15":0,"16":0,"17":0,"18":0,"19":25,"20":0,"21":0,"22":0,"23":9,"24":25,"25":0,"26":9,"27":25,"28":1,"29":9,"30":25,"31":1,"32":0,"33":0,"34":9,"35":25,"36":1,"37":0,"38":9,"39":6,"40":1,"41":0,"42":0,"43":0,"44":0,"45":0,"46":0},"b":{"0":[50,0,0],"1":[50,0],"2":[50,0,0],"3":[50,44],"4":[50,0],"5":[50,0],"6":[25,0],"7":[25,0],"8":[0,0],"9":[0,0],"10":[0,0],"11":[0,0],"12":[0,0],"13":[0,0],"14":[0,0,0],"15":[0,0],"16":[16,9],"17":[25,9],"18":[0,0],"19":[0,0],"20":[16,9],"21":[25,9,9],"22":[16,9],"23":[25,9],"24":[0,50],"25":[25,0],"26":[25,25],"27":[16,9],"28":[0,9],"29":[9,9],"30":[2,23],"31":[2,0],"32":[0,0],"33":[0,0],"34":[0,0],"35":[16,9],"36":[9,0],"37":[9,0],"38":[16,9],"39":[0,0],"40":[0,0],"41":[16,9],"42":[1,0],"43":[9,0],"44":[9,0],"45":[16,9],"46":[1,0],"47":[0,0],"48":[9,0],"49":[9,0],"50":[16,9],"51":[9,0],"52":[9,0],"53":[1,5],"54":[6,5],"55":[5,1,1,1,1],"56":[1,0],"57":[1,1],"58":[1,0],"59":[1,1],"60":[1,0],"61":[1,1],"62":[1,0],"63":[1,1],"64":[0,1],"65":[1,1],"66":[1,0],"67":[50,18,18,0],"68":[50,4,0],"69":[50,4,0],"70":[50,32],"71":[4,28],"72":[0,50],"73":[50,4],"74":[0,0],"75":[0,0,0],"76":[50,46]},"meta":{"lastBranch":77,"lastFunction":47,"lastStatement":196,"seen":{"f:19:9:19:17":0,"s:20:8:20:Infinity":0,"s:21:8:21:Infinity":1,"s:22:8:22:Infinity":2,"s:23:15:23:Infinity":3,"b:23:15:23:32:23:32:23:62:23:62:23:Infinity":0,"s:24:25:24:Infinity":4,"b:24:25:24:54:24:54:24:Infinity":1,"s:25:19:25:Infinity":5,"b:25:19:25:34:25:34:25:62:25:62:25:Infinity":2,"s:26:24:26:Infinity":6,"b:26:24:26:57:26:57:26:Infinity":3,"s:27:49:27:Infinity":7,"s:28:17:28:Infinity":8,"s:30:32:30:Infinity":9,"b:30:88:30:95:30:95:30:99":4,"b:30:61:30:79:30:79:30:88":5,"s:31:32:31:Infinity":10,"s:33:2:56:Infinity":11,"f:33:12:33:18":1,"b:34:4:34:Infinity:undefined:undefined:undefined:undefined":6,"s:34:4:34:Infinity":12,"b:34:8:34:26:34:26:34:34":7,"s:34:34:34:Infinity":13,"b:36:4:40:Infinity:undefined:undefined:undefined:undefined":8,"s:36:4:40:Infinity":14,"b:36:8:36:21:36:21:36:28":9,"s:37:6:37:Infinity":15,"s:38:6:38:Infinity":16,"s:39:6:39:Infinity":17,"s:42:4:42:Infinity":18,"s:44:14:44:Infinity":19,"b:44:14:44:24:44:24:44:Infinity":10,"s:46:4:55:Infinity":20,"f:46:58:46:59":2,"b:47:6:52:Infinity:undefined:undefined:undefined:undefined":11,"s:47:6:52:Infinity":21,"b:47:10:47:18:47:18:47:27":12,"s:48:8:48:Infinity":22,"s:49:8:49:Infinity":23,"s:50:8:50:Infinity":24,"s:51:8:51:Infinity":25,"s:54:6:54:Infinity":26,"s:58:8:58:Infinity":27,"s:59:36:59:Infinity":28,"s:60:24:60:Infinity":29,"s:62:24:69:Infinity":30,"f:62:42:62:43":3,"b:63:4:63:Infinity:undefined:undefined:undefined:undefined":13,"s:63:4:63:Infinity":31,"b:63:8:63:18:63:18:63:29:63:29:63:40":14,"s:63:40:63:Infinity":32,"s:64:20:64:Infinity":33,"b:65:4:67:Infinity:undefined:undefined:undefined:undefined":15,"s:65:4:67:Infinity":34,"s:68:4:68:Infinity":35,"s:84:2:84:Infinity":36,"s:87:2:102:Infinity":37,"f:87:12:87:18":4,"b:88:4:88:Infinity:undefined:undefined:undefined:undefined":16,"s:88:4:88:Infinity":38,"b:88:8:88:18:88:18:88:27":17,"s:88:27:88:Infinity":39,"s:90:22:96:Infinity":40,"f:90:22:90:23":5,"b:91:8:91:Infinity:undefined:undefined:undefined:undefined":18,"s:91:8:91:Infinity":41,"b:91:12:91:29:91:29:91:58":19,"s:91:58:91:Infinity":42,"s:94:8:94:Infinity":43,"s:95:8:95:Infinity":44,"s:98:4:98:Infinity":45,"s:99:4:101:Infinity":46,"f:99:11:99:17":6,"s:100:8:100:Infinity":47,"s:105:2:112:Infinity":48,"f:105:12:105:18":7,"b:106:4:106:Infinity:undefined:undefined:undefined:undefined":20,"s:106:4:106:Infinity":49,"b:106:8:106:18:106:18:106:29:106:29:106:40":21,"s:106:40:106:Infinity":50,"s:108:4:111:Infinity":51,"s:115:2:130:Infinity":52,"f:115:12:115:18":8,"b:116:4:116:Infinity:undefined:undefined:undefined:undefined":22,"s:116:4:116:Infinity":53,"b:116:8:116:18:116:18:116:27":23,"s:116:27:116:Infinity":54,"s:118:29:123:Infinity":55,"f:118:29:118:30":9,"s:119:6:122:Infinity":56,"f:119:19:119:20":10,"s:119:30:122:8":57,"s:125:4:125:Infinity":58,"s:127:4:129:Infinity":59,"f:127:11:127:17":11,"s:128:6:128:Infinity":60,"b:132:2:138:Infinity:undefined:undefined:undefined:undefined":24,"s:132:2:138:Infinity":61,"s:133:4:136:Infinity":62,"s:140:2:145:Infinity":63,"f:140:12:140:18":12,"b:141:4:144:Infinity:undefined:undefined:undefined:undefined":25,"s:141:4:144:Infinity":64,"b:141:8:141:26:141:26:141:40":26,"s:142:6:142:Infinity":65,"s:143:6:143:Infinity":66,"s:147:2:152:Infinity":67,"f:147:12:147:18":13,"b:148:4:148:Infinity:undefined:undefined:undefined:undefined":27,"s:148:4:148:Infinity":68,"s:148:16:148:Infinity":69,"b:149:4:151:Infinity:undefined:undefined:undefined:undefined":28,"s:149:4:151:Infinity":70,"b:149:8:149:19:149:19:149:31":29,"s:150:6:150:Infinity":71,"s:154:2:173:Infinity":72,"f:154:12:154:18":14,"b:155:4:172:Infinity:undefined:undefined:undefined:undefined":30,"s:155:4:172:Infinity":73,"b:156:6:156:Infinity:undefined:undefined:undefined:undefined":31,"s:156:6:156:Infinity":74,"s:156:18:156:Infinity":75,"s:157:16:157:Infinity":76,"b:157:16:157:26:157:26:157:Infinity":32,"s:158:6:171:Infinity":77,"f:158:59:158:60":15,"b:159:8:170:Infinity:undefined:undefined:undefined:undefined":33,"s:159:8:170:Infinity":78,"b:159:12:159:19:159:19:159:27":34,"s:160:10:160:Infinity":79,"s:161:10:161:Infinity":80,"s:163:10:169:Infinity":81,"f:163:21:163:27":16,"s:164:12:168:Infinity":82,"f:164:37:164:43":17,"s:165:14:165:Infinity":83,"f:166:21:166:27":18,"s:167:14:167:Infinity":84,"s:175:4:194:Infinity":85,"f:175:14:175:20":19,"b:176:6:176:Infinity:undefined:undefined:undefined:undefined":35,"s:176:6:176:Infinity":86,"s:176:18:176:Infinity":87,"s:177:22:187:Infinity":88,"f:177:22:177:23":20,"s:178:8:178:Infinity":89,"s:179:8:179:Infinity":90,"s:180:8:180:Infinity":91,"s:182:8:186:Infinity":92,"f:182:19:182:25":21,"s:183:10:185:Infinity":93,"f:183:35:183:41":22,"s:184:12:184:Infinity":94,"b:189:6:189:Infinity:undefined:undefined:undefined:undefined":36,"s:189:6:189:Infinity":95,"s:189:18:189:Infinity":96,"s:191:6:193:Infinity":97,"f:191:13:191:19":23,"b:192:8:192:Infinity:undefined:undefined:undefined:undefined":37,"s:192:8:192:Infinity":98,"s:192:20:192:Infinity":99,"s:196:4:214:Infinity":100,"f:196:14:196:20":24,"b:197:6:197:Infinity:undefined:undefined:undefined:undefined":38,"s:197:6:197:Infinity":101,"s:197:18:197:Infinity":102,"s:198:33:206:Infinity":103,"f:198:33:198:34":25,"b:199:8:205:Infinity:undefined:undefined:undefined:undefined":39,"s:199:8:205:Infinity":104,"b:199:12:199:22:199:22:199:32":40,"s:200:10:204:Infinity":105,"s:201:12:201:Infinity":106,"s:208:6:208:Infinity":107,"s:210:6:213:Infinity":108,"f:210:13:210:19":26,"s:211:8:211:Infinity":109,"s:216:4:227:Infinity":110,"f:216:14:216:20":27,"b:217:6:217:Infinity:undefined:undefined:undefined:undefined":41,"s:217:6:217:Infinity":111,"s:217:18:217:Infinity":112,"s:218:33:221:Infinity":113,"f:218:33:218:34":28,"s:219:25:219:Infinity":114,"b:219:25:219:45:219:45:219:Infinity":42,"s:220:8:220:Infinity":115,"b:223:6:223:Infinity:undefined:undefined:undefined:undefined":43,"s:223:6:223:Infinity":116,"s:223:18:223:Infinity":117,"s:224:6:226:Infinity":118,"f:224:13:224:19":29,"b:225:8:225:Infinity:undefined:undefined:undefined:undefined":44,"s:225:8:225:Infinity":119,"s:225:20:225:Infinity":120,"s:229:4:247:Infinity":121,"f:229:14:229:20":30,"b:230:6:230:Infinity:undefined:undefined:undefined:undefined":45,"s:230:6:230:Infinity":122,"s:230:18:230:Infinity":123,"s:231:27:241:Infinity":124,"f:231:27:231:28":31,"s:232:25:232:Infinity":125,"b:232:25:232:45:232:45:232:Infinity":46,"s:233:8:233:Infinity":126,"s:235:8:240:Infinity":127,"f:235:21:235:29":32,"s:236:23:236:Infinity":128,"s:237:22:237:Infinity":129,"f:237:45:237:50":33,"s:237:50:237:75":130,"b:238:10:238:Infinity:undefined:undefined:undefined:undefined":47,"s:238:10:238:Infinity":131,"s:238:19:238:Infinity":132,"s:239:10:239:Infinity":133,"b:243:6:243:Infinity:undefined:undefined:undefined:undefined":48,"s:243:6:243:Infinity":134,"s:243:18:243:Infinity":135,"s:244:6:246:Infinity":136,"f:244:13:244:19":34,"b:245:8:245:Infinity:undefined:undefined:undefined:undefined":49,"s:245:8:245:Infinity":137,"s:245:20:245:Infinity":138,"s:249:4:265:Infinity":139,"f:249:14:249:20":35,"b:250:6:250:Infinity:undefined:undefined:undefined:undefined":50,"s:250:6:250:Infinity":140,"s:250:18:250:Infinity":141,"s:251:22:259:Infinity":142,"f:251:22:251:23":36,"s:252:8:252:Infinity":143,"s:253:8:253:Infinity":144,"s:254:8:254:Infinity":145,"s:255:8:258:Infinity":146,"f:255:19:255:25":37,"s:256:10:256:Infinity":147,"s:256:16:256:30":148,"s:257:10:257:Infinity":149,"b:261:6:261:Infinity:undefined:undefined:undefined:undefined":51,"s:261:6:261:Infinity":150,"s:261:18:261:Infinity":151,"s:262:6:264:Infinity":152,"f:262:13:262:19":38,"b:263:8:263:Infinity:undefined:undefined:undefined:undefined":52,"s:263:8:263:Infinity":153,"s:263:20:263:Infinity":154,"s:268:24:312:Infinity":155,"f:268:24:268:25":39,"b:269:4:269:Infinity:undefined:undefined:undefined:undefined":53,"s:269:4:269:Infinity":156,"b:269:8:269:20:269:20:269:27":54,"s:269:27:269:Infinity":157,"s:271:20:271:Infinity":158,"b:274:6:280:Infinity:282:6:288:Infinity:290:6:296:Infinity:298:6:302:Infinity:304:6:310:Infinity":55,"s:273:4:311:Infinity":159,"s:275:8:275:Infinity":160,"s:277:16:277:Infinity":161,"b:278:10:278:Infinity:undefined:undefined:undefined:undefined":56,"s:278:10:278:Infinity":162,"b:278:14:278:23:278:23:278:36":57,"s:278:36:278:Infinity":163,"s:280:8:280:Infinity":164,"s:283:8:283:Infinity":165,"s:285:16:285:Infinity":166,"b:286:10:286:Infinity:undefined:undefined:undefined:undefined":58,"s:286:10:286:Infinity":167,"b:286:14:286:23:286:23:286:36":59,"s:286:36:286:Infinity":168,"s:288:8:288:Infinity":169,"s:291:8:291:Infinity":170,"s:293:16:293:Infinity":171,"b:294:10:294:Infinity:undefined:undefined:undefined:undefined":60,"s:294:10:294:Infinity":172,"b:294:14:294:25:294:25:294:38":61,"s:294:38:294:Infinity":173,"s:296:8:296:Infinity":174,"s:299:8:299:Infinity":175,"s:300:8:300:Infinity":176,"s:301:8:301:Infinity":177,"s:302:8:302:Infinity":178,"s:305:8:305:Infinity":179,"s:307:16:307:Infinity":180,"b:308:10:308:Infinity:undefined:undefined:undefined:undefined":62,"s:308:10:308:Infinity":181,"b:308:14:308:24:308:24:308:43":63,"s:308:43:308:Infinity":182,"s:310:8:310:Infinity":183,"s:314:22:320:Infinity":184,"f:314:22:314:23":40,"b:315:4:315:Infinity:undefined:undefined:undefined:undefined":64,"s:315:4:315:Infinity":185,"b:315:8:315:20:315:20:315:27":65,"s:315:27:315:Infinity":186,"b:317:4:319:Infinity:undefined:undefined:undefined:undefined":66,"s:317:4:319:Infinity":187,"s:318:6:318:Infinity":188,"s:322:2:407:Infinity":189,"b:325:7:325:18:325:18:325:32:325:32:325:Infinity:326:8:337:Infinity":67,"f:327:41:327:42":41,"s:328:12:335:Infinity":190,"f:349:24:349:30":42,"s:349:30:349:Infinity":191,"f:352:51:352:57":43,"s:353:12:357:Infinity":192,"f:353:37:353:43":44,"s:354:14:354:Infinity":193,"f:355:21:355:27":45,"s:356:14:356:Infinity":194,"b:362:13:362:25:362:25:362:34:362:34:362:Infinity":68,"b:363:13:363:25:363:25:363:34:363:34:363:Infinity":69,"b:364:13:364:Infinity:365:14:367:Infinity":70,"b:366:28:366:44:366:44:366:Infinity":71,"b:372:12:392:Infinity:394:12:394:Infinity":72,"b:371:11:371:23:371:23:371:Infinity":73,"b:374:16:388:Infinity:390:16:390:Infinity":74,"b:373:15:373:26:373:26:373:39:373:39:373:Infinity":75,"f:377:51:377:52":46,"s:378:22:385:Infinity":195,"b:397:11:397:Infinity:398:12:403:Infinity":76}}}
,"/home/luserbu/Documents/NEWoneWhite/frontend/src/components/Game/BoardDisplay.tsx": {"path":"/home/luserbu/Documents/NEWoneWhite/frontend/src/components/Game/BoardDisplay.tsx","statementMap":{"0":{"start":{"line":14,"column":50},"end":{"line":52,"column":null}},"1":{"start":{"line":15,"column":21},"end":{"line":28,"column":null}},"2":{"start":{"line":16,"column":4},"end":{"line":27,"column":null}},"3":{"start":{"line":17,"column":25},"end":{"line":17,"column":null}},"4":{"start":{"line":18,"column":6},"end":{"line":25,"column":null}},"5":{"start":{"line":19,"column":9},"end":{"line":24,"column":null}},"6":{"start":{"line":26,"column":6},"end":{"line":26,"column":null}},"7":{"start":{"line":30,"column":2},"end":{"line":50,"column":null}},"8":{"start":{"line":33,"column":8},"end":{"line":48,"column":null}},"9":{"start":{"line":35,"column":12},"end":{"line":46,"column":null}}},"fnMap":{"0":{"name":"(anonymous_0)","decl":{"start":{"line":14,"column":50},"end":{"line":14,"column":51}},"loc":{"start":{"line":14,"column":101},"end":{"line":52,"column":null}},"line":14},"1":{"name":"(anonymous_1)","decl":{"start":{"line":15,"column":31},"end":{"line":15,"column":32}},"loc":{"start":{"line":16,"column":4},"end":{"line":27,"column":null}},"line":16},"2":{"name":"(anonymous_2)","decl":{"start":{"line":16,"column":12},"end":{"line":16,"column":13}},"loc":{"start":{"line":16,"column":25},"end":{"line":27,"column":5}},"line":16},"3":{"name":"(anonymous_3)","decl":{"start":{"line":32,"column":22},"end":{"line":32,"column":23}},"loc":{"start":{"line":33,"column":8},"end":{"line":48,"column":null}},"line":33},"4":{"name":"(anonymous_4)","decl":{"start":{"line":34,"column":19},"end":{"line":34,"column":20}},"loc":{"start":{"line":35,"column":12},"end":{"line":46,"column":null}},"line":35}},"branchMap":{"0":{"loc":{"start":{"line":18,"column":6},"end":{"line":25,"column":null}},"type":"if","locations":[{"start":{"line":18,"column":6},"end":{"line":25,"column":null}},{"start":{},"end":{}}],"line":18},"1":{"loc":{"start":{"line":18,"column":10},"end":{"line":18,"column":38}},"type":"binary-expr","locations":[{"start":{"line":18,"column":10},"end":{"line":18,"column":20}},{"start":{"line":18,"column":20},"end":{"line":18,"column":38}}],"line":18},"2":{"loc":{"start":{"line":20,"column":10},"end":{"line":24,"column":null}},"type":"binary-expr","locations":[{"start":{"line":20,"column":10},"end":{"line":20,"column":null}},{"start":{"line":21,"column":10},"end":{"line":21,"column":null}},{"start":{"line":22,"column":10},"end":{"line":22,"column":null}},{"start":{"line":23,"column":10},"end":{"line":23,"column":null}},{"start":{"line":24,"column":10},"end":{"line":24,"column":null}}],"line":20},"3":{"loc":{"start":{"line":26,"column":13},"end":{"line":26,"column":null}},"type":"cond-expr","locations":[{"start":{"line":26,"column":28},"end":{"line":26,"column":44}},{"start":{"line":26,"column":44},"end":{"line":26,"column":null}}],"line":26},"4":{"loc":{"start":{"line":31,"column":29},"end":{"line":31,"column":44}},"type":"binary-expr","locations":[{"start":{"line":31,"column":29},"end":{"line":31,"column":42}},{"start":{"line":31,"column":42},"end":{"line":31,"column":44}}],"line":31},"5":{"loc":{"start":{"line":39,"column":23},"end":{"line":39,"column":null}},"type":"cond-expr","locations":[{"start":{"line":39,"column":34},"end":{"line":39,"column":52}},{"start":{"line":39,"column":52},"end":{"line":39,"column":null}}],"line":39},"6":{"loc":{"start":{"line":40,"column":24},"end":{"line":40,"column":null}},"type":"cond-expr","locations":[{"start":{"line":40,"column":35},"end":{"line":40,"column":53}},{"start":{"line":40,"column":53},"end":{"line":40,"column":null}}],"line":40},"7":{"loc":{"start":{"line":41,"column":33},"end":{"line":41,"column":null}},"type":"binary-expr","locations":[{"start":{"line":41,"column":33},"end":{"line":41,"column":46}},{"start":{"line":41,"column":46},"end":{"line":41,"column":null}}],"line":41},"8":{"loc":{"start":{"line":42,"column":24},"end":{"line":44,"column":null}},"type":"cond-expr","locations":[{"start":{"line":43,"column":20},"end":{"line":43,"column":null}},{"start":{"line":44,"column":20},"end":{"line":44,"column":null}}],"line":42}},"s":{"0":3,"1":62,"2":1120,"3":11200,"4":11200,"5":10200,"6":11200,"7":62,"8":1120,"9":11200},"f":{"0":62,"1":1120,"2":11200,"3":1120,"4":11200},"b":{"0":[10200,1000],"1":[11200,10200],"2":[10200,10200,520,364,54],"3":[54,11146],"4":[62,61],"5":[100,11100],"6":[100,11100],"7":[11200,11136],"8":[64,11136]},"meta":{"lastBranch":9,"lastFunction":5,"lastStatement":10,"seen":{"s:14:50:52:Infinity":0,"f:14:50:14:51":0,"s:15:21:28:Infinity":1,"f:15:31:15:32":1,"s:16:4:27:Infinity":2,"f:16:12:16:13":2,"s:17:25:17:Infinity":3,"b:18:6:25:Infinity:undefined:undefined:undefined:undefined":0,"s:18:6:25:Infinity":4,"b:18:10:18:20:18:20:18:38":1,"s:19:9:24:Infinity":5,"b:20:10:20:Infinity:21:10:21:Infinity:22:10:22:Infinity:23:10:23:Infinity:24:10:24:Infinity":2,"s:26:6:26:Infinity":6,"b:26:28:26:44:26:44:26:Infinity":3,"s:30:2:50:Infinity":7,"b:31:29:31:42:31:42:31:44":4,"f:32:22:32:23":3,"s:33:8:48:Infinity":8,"f:34:19:34:20":4,"s:35:12:46:Infinity":9,"b:39:34:39:52:39:52:39:Infinity":5,"b:40:35:40:53:40:53:40:Infinity":6,"b:41:33:41:46:41:46:41:Infinity":7,"b:43:20:43:Infinity:44:20:44:Infinity":8}}}
,"/home/luserbu/Documents/NEWoneWhite/frontend/src/components/Game/constants.ts": {"path":"/home/luserbu/Documents/NEWoneWhite/frontend/src/components/Game/constants.ts","statementMap":{"0":{"start":{"line":1,"column":27},"end":{"line":1,"column":null}},"1":{"start":{"line":2,"column":28},"end":{"line":2,"column":null}},"2":{"start":{"line":4,"column":22},"end":{"line":14,"column":null}}},"fnMap":{},"branchMap":{},"s":{"0":8,"1":8,"2":8},"f":{},"b":{},"meta":{"lastBranch":0,"lastFunction":0,"lastStatement":3,"seen":{"s:1:27:1:Infinity":0,"s:2:28:2:Infinity":1,"s:4:22:14:Infinity":2}}}
,"/home/luserbu/Documents/NEWoneWhite/frontend/src/components/Game/gameHelper.ts": {"path":"/home/luserbu/Documents/NEWoneWhite/frontend/src/components/Game/gameHelper.ts","statementMap":{"0":{"start":{"line":4,"column":27},"end":{"line":7,"column":null}},"1":{"start":{"line":5,"column":2},"end":{"line":7,"column":null}},"2":{"start":{"line":6,"column":4},"end":{"line":6,"column":null}},"3":{"start":{"line":9,"column":30},"end":{"line":26,"column":null}},"4":{"start":{"line":14,"column":2},"end":{"line":24,"column":null}},"5":{"start":{"line":14,"column":15},"end":{"line":14,"column":18}},"6":{"start":{"line":15,"column":4},"end":{"line":23,"column":null}},"7":{"start":{"line":15,"column":17},"end":{"line":15,"column":20}},"8":{"start":{"line":16,"column":6},"end":{"line":22,"column":null}},"9":{"start":{"line":17,"column":26},"end":{"line":17,"column":null}},"10":{"start":{"line":18,"column":27},"end":{"line":18,"column":null}},"11":{"start":{"line":19,"column":8},"end":{"line":21,"column":null}},"12":{"start":{"line":20,"column":10},"end":{"line":20,"column":null}},"13":{"start":{"line":25,"column":2},"end":{"line":25,"column":null}}},"fnMap":{"0":{"name":"(anonymous_0)","decl":{"start":{"line":4,"column":27},"end":{"line":4,"column":null}},"loc":{"start":{"line":5,"column":2},"end":{"line":7,"column":null}},"line":5},"1":{"name":"(anonymous_1)","decl":{"start":{"line":5,"column":34},"end":{"line":5,"column":null}},"loc":{"start":{"line":6,"column":4},"end":{"line":6,"column":null}},"line":6},"2":{"name":"(anonymous_2)","decl":{"start":{"line":9,"column":30},"end":{"line":9,"column":null}},"loc":{"start":{"line":13,"column":14},"end":{"line":26,"column":null}},"line":13}},"branchMap":{"0":{"loc":{"start":{"line":16,"column":6},"end":{"line":22,"column":null}},"type":"if","locations":[{"start":{"line":16,"column":6},"end":{"line":22,"column":null}},{"start":{},"end":{}}],"line":16},"1":{"loc":{"start":{"line":18,"column":27},"end":{"line":18,"column":null}},"type":"binary-expr","locations":[{"start":{"line":18,"column":27},"end":{"line":18,"column":40}},{"start":{"line":18,"column":40},"end":{"line":18,"column":null}}],"line":18},"2":{"loc":{"start":{"line":19,"column":8},"end":{"line":21,"column":null}},"type":"if","locations":[{"start":{"line":19,"column":8},"end":{"line":21,"column":null}},{"start":{},"end":{}}],"line":19},"3":{"loc":{"start":{"line":19,"column":12},"end":{"line":19,"column":106}},"type":"binary-expr","locations":[{"start":{"line":19,"column":12},"end":{"line":19,"column":48}},{"start":{"line":19,"column":48},"end":{"line":19,"column":85}},{"start":{"line":19,"column":85},"end":{"line":19,"column":106}}],"line":19}},"s":{"0":6,"1":97,"2":1940,"3":6,"4":5,"5":5,"6":5,"7":5,"8":5,"9":5,"10":5,"11":5,"12":4,"13":1},"f":{"0":97,"1":1940,"2":5},"b":{"0":[5,0],"1":[5,4],"2":[4,1],"3":[5,4,2]},"meta":{"lastBranch":4,"lastFunction":3,"lastStatement":14,"seen":{"s:4:27:7:Infinity":0,"f:4:27:4:Infinity":0,"s:5:2:7:Infinity":1,"f:5:34:5:Infinity":1,"s:6:4:6:Infinity":2,"s:9:30:26:Infinity":3,"f:9:30:9:Infinity":2,"s:14:2:24:Infinity":4,"s:14:15:14:18":5,"s:15:4:23:Infinity":6,"s:15:17:15:20":7,"b:16:6:22:Infinity:undefined:undefined:undefined:undefined":0,"s:16:6:22:Infinity":8,"s:17:26:17:Infinity":9,"s:18:27:18:Infinity":10,"b:18:27:18:40:18:40:18:Infinity":1,"b:19:8:21:Infinity:undefined:undefined:undefined:undefined":2,"s:19:8:21:Infinity":11,"b:19:12:19:48:19:48:19:85:19:85:19:106":3,"s:20:10:20:Infinity":12,"s:25:2:25:Infinity":13}}}
,"/home/luserbu/Documents/NEWoneWhite/frontend/src/components/Game/tetreominoes.ts": {"path":"/home/luserbu/Documents/NEWoneWhite/frontend/src/components/Game/tetreominoes.ts","statementMap":{"0":{"start":{"line":4,"column":72},"end":{"line":55,"column":null}},"1":{"start":{"line":57,"column":31},"end":{"line":66,"column":null}},"2":{"start":{"line":58,"column":15},"end":{"line":58,"column":null}},"3":{"start":{"line":59,"column":18},"end":{"line":59,"column":null}},"4":{"start":{"line":60,"column":20},"end":{"line":60,"column":null}},"5":{"start":{"line":62,"column":2},"end":{"line":65,"column":null}}},"fnMap":{"0":{"name":"(anonymous_0)","decl":{"start":{"line":57,"column":31},"end":{"line":57,"column":49}},"loc":{"start":{"line":57,"column":49},"end":{"line":66,"column":null}},"line":57}},"branchMap":{},"s":{"0":6,"1":6,"2":32,"3":32,"4":32,"5":32},"f":{"0":32},"b":{},"meta":{"lastBranch":0,"lastFunction":1,"lastStatement":6,"seen":{"s:4:72:55:Infinity":0,"s:57:31:66:Infinity":1,"f:57:31:57:49":0,"s:58:15:58:Infinity":2,"s:59:18:59:Infinity":3,"s:60:20:60:Infinity":4,"s:62:2:65:Infinity":5}}}
,"/home/luserbu/Documents/NEWoneWhite/frontend/src/components/Game/types.ts": {"path":"/home/luserbu/Documents/NEWoneWhite/frontend/src/components/Game/types.ts","statementMap":{},"fnMap":{},"branchMap":{},"s":{},"f":{},"b":{},"meta":{"lastBranch":0,"lastFunction":0,"lastStatement":0,"seen":{}}}
,"/home/luserbu/Documents/NEWoneWhite/frontend/src/components/Game/useInterval.ts": {"path":"/home/luserbu/Documents/NEWoneWhite/frontend/src/components/Game/useInterval.ts","statementMap":{"0":{"start":{"line":3,"column":27},"end":{"line":19,"column":null}},"1":{"start":{"line":4,"column":8},"end":{"line":4,"column":null}},"2":{"start":{"line":6,"column":2},"end":{"line":8,"column":null}},"3":{"start":{"line":7,"column":4},"end":{"line":7,"column":null}},"4":{"start":{"line":10,"column":2},"end":{"line":18,"column":null}},"5":{"start":{"line":11,"column":4},"end":{"line":11,"column":null}},"6":{"start":{"line":11,"column":24},"end":{"line":11,"column":null}},"7":{"start":{"line":13,"column":15},"end":{"line":15,"column":null}},"8":{"start":{"line":14,"column":6},"end":{"line":14,"column":null}},"9":{"start":{"line":17,"column":4},"end":{"line":17,"column":null}},"10":{"start":{"line":17,"column":17},"end":{"line":17,"column":null}}},"fnMap":{"0":{"name":"(anonymous_0)","decl":{"start":{"line":3,"column":27},"end":{"line":3,"column":28}},"loc":{"start":{"line":3,"column":75},"end":{"line":19,"column":null}},"line":3},"1":{"name":"(anonymous_1)","decl":{"start":{"line":4,"column":43},"end":{"line":4,"column":49}},"loc":{"start":{"line":4,"column":49},"end":{"line":4,"column":51}},"line":4},"2":{"name":"(anonymous_2)","decl":{"start":{"line":6,"column":12},"end":{"line":6,"column":18}},"loc":{"start":{"line":6,"column":18},"end":{"line":8,"column":5}},"line":6},"3":{"name":"(anonymous_3)","decl":{"start":{"line":10,"column":12},"end":{"line":10,"column":18}},"loc":{"start":{"line":10,"column":18},"end":{"line":18,"column":5}},"line":10},"4":{"name":"(anonymous_4)","decl":{"start":{"line":13,"column":27},"end":{"line":13,"column":33}},"loc":{"start":{"line":13,"column":33},"end":{"line":15,"column":7}},"line":13},"5":{"name":"(anonymous_5)","decl":{"start":{"line":17,"column":11},"end":{"line":17,"column":17}},"loc":{"start":{"line":17,"column":17},"end":{"line":17,"column":null}},"line":17}},"branchMap":{"0":{"loc":{"start":{"line":11,"column":4},"end":{"line":11,"column":null}},"type":"if","locations":[{"start":{"line":11,"column":4},"end":{"line":11,"column":null}},{"start":{},"end":{}}],"line":11}},"s":{"0":6,"1":72,"2":72,"3":71,"4":72,"5":59,"6":32,"7":27,"8":6,"9":27,"10":27},"f":{"0":72,"1":0,"2":71,"3":59,"4":6,"5":27},"b":{"0":[32,27]},"meta":{"lastBranch":1,"lastFunction":6,"lastStatement":11,"seen":{"s:3:27:19:Infinity":0,"f:3:27:3:28":0,"s:4:8:4:Infinity":1,"f:4:43:4:49":1,"s:6:2:8:Infinity":2,"f:6:12:6:18":2,"s:7:4:7:Infinity":3,"s:10:2:18:Infinity":4,"f:10:12:10:18":3,"b:11:4:11:Infinity:undefined:undefined:undefined:undefined":0,"s:11:4:11:Infinity":5,"s:11:24:11:Infinity":6,"s:13:15:15:Infinity":7,"f:13:27:13:33":4,"s:14:6:14:Infinity":8,"s:17:4:17:Infinity":9,"f:17:11:17:17":5,"s:17:17:17:Infinity":10}}}
,"/home/luserbu/Documents/NEWoneWhite/frontend/src/components/Game/useTetris.ts": {"path":"/home/luserbu/Documents/NEWoneWhite/frontend/src/components/Game/useTetris.ts","statementMap":{"0":{"start":{"line":9,"column":34},"end":{"line":23,"column":null}},"1":{"start":{"line":10,"column":2},"end":{"line":21,"column":null}},"2":{"start":{"line":10,"column":15},"end":{"line":10,"column":18}},"3":{"start":{"line":11,"column":4},"end":{"line":20,"column":null}},"4":{"start":{"line":11,"column":17},"end":{"line":11,"column":20}},"5":{"start":{"line":12,"column":6},"end":{"line":19,"column":null}},"6":{"start":{"line":13,"column":21},"end":{"line":13,"column":null}},"7":{"start":{"line":14,"column":21},"end":{"line":14,"column":null}},"8":{"start":{"line":16,"column":8},"end":{"line":16,"column":null}},"9":{"start":{"line":16,"column":46},"end":{"line":16,"column":null}},"10":{"start":{"line":17,"column":8},"end":{"line":17,"column":null}},"11":{"start":{"line":17,"column":49},"end":{"line":17,"column":null}},"12":{"start":{"line":18,"column":8},"end":{"line":18,"column":null}},"13":{"start":{"line":18,"column":65},"end":{"line":18,"column":null}},"14":{"start":{"line":22,"column":2},"end":{"line":22,"column":null}},"15":{"start":{"line":25,"column":28},"end":{"line":26,"column":null}},"16":{"start":{"line":26,"column":2},"end":{"line":26,"column":null}},"17":{"start":{"line":26,"column":26},"end":{"line":26,"column":63}},"18":{"start":{"line":26,"column":46},"end":{"line":26,"column":52}},"19":{"start":{"line":28,"column":27},"end":{"line":33,"column":null}},"20":{"start":{"line":29,"column":17},"end":{"line":29,"column":null}},"21":{"start":{"line":30,"column":2},"end":{"line":30,"column":null}},"22":{"start":{"line":31,"column":2},"end":{"line":31,"column":null}},"23":{"start":{"line":31,"column":58},"end":{"line":31,"column":null}},"24":{"start":{"line":32,"column":2},"end":{"line":32,"column":null}},"25":{"start":{"line":35,"column":29},"end":{"line":53,"column":null}},"26":{"start":{"line":36,"column":23},"end":{"line":36,"column":null}},"27":{"start":{"line":37,"column":2},"end":{"line":37,"column":null}},"28":{"start":{"line":39,"column":14},"end":{"line":39,"column":null}},"29":{"start":{"line":40,"column":15},"end":{"line":40,"column":null}},"30":{"start":{"line":41,"column":2},"end":{"line":50,"column":null}},"31":{"start":{"line":42,"column":4},"end":{"line":42,"column":null}},"32":{"start":{"line":43,"column":4},"end":{"line":43,"column":null}},"33":{"start":{"line":44,"column":4},"end":{"line":49,"column":null}},"34":{"start":{"line":46,"column":6},"end":{"line":46,"column":null}},"35":{"start":{"line":47,"column":6},"end":{"line":47,"column":null}},"36":{"start":{"line":48,"column":6},"end":{"line":48,"column":null}},"37":{"start":{"line":52,"column":2},"end":{"line":52,"column":null}},"38":{"start":{"line":55,"column":31},"end":{"line":61,"column":null}},"39":{"start":{"line":56,"column":24},"end":{"line":56,"column":null}},"40":{"start":{"line":57,"column":2},"end":{"line":59,"column":null}},"41":{"start":{"line":58,"column":4},"end":{"line":58,"column":null}},"42":{"start":{"line":60,"column":2},"end":{"line":60,"column":null}},"43":{"start":{"line":63,"column":35},"end":{"line":87,"column":null}},"44":{"start":{"line":64,"column":19},"end":{"line":64,"column":null}},"45":{"start":{"line":64,"column":36},"end":{"line":64,"column":44}},"46":{"start":{"line":65,"column":16},"end":{"line":65,"column":null}},"47":{"start":{"line":66,"column":17},"end":{"line":66,"column":null}},"48":{"start":{"line":69,"column":24},"end":{"line":69,"column":null}},"49":{"start":{"line":70,"column":2},"end":{"line":74,"column":null}},"50":{"start":{"line":70,"column":15},"end":{"line":70,"column":27}},"51":{"start":{"line":71,"column":16},"end":{"line":71,"column":null}},"52":{"start":{"line":72,"column":4},"end":{"line":73,"column":null}},"53":{"start":{"line":72,"column":26},"end":{"line":72,"column":44}},"54":{"start":{"line":72,"column":47},"end":{"line":72,"column":null}},"55":{"start":{"line":73,"column":9},"end":{"line":73,"column":null}},"56":{"start":{"line":77,"column":2},"end":{"line":84,"column":null}},"57":{"start":{"line":77,"column":15},"end":{"line":77,"column":18}},"58":{"start":{"line":78,"column":21},"end":{"line":78,"column":null}},"59":{"start":{"line":79,"column":4},"end":{"line":83,"column":null}},"60":{"start":{"line":80,"column":6},"end":{"line":80,"column":null}},"61":{"start":{"line":82,"column":6},"end":{"line":82,"column":null}},"62":{"start":{"line":86,"column":2},"end":{"line":86,"column":null}},"63":{"start":{"line":91,"column":25},"end":{"line":324,"column":null}},"64":{"start":{"line":92,"column":24},"end":{"line":92,"column":null}},"65":{"start":{"line":93,"column":26},"end":{"line":98,"column":null}},"66":{"start":{"line":100,"column":30},"end":{"line":100,"column":null}},"67":{"start":{"line":101,"column":30},"end":{"line":101,"column":null}},"68":{"start":{"line":102,"column":24},"end":{"line":102,"column":null}},"69":{"start":{"line":103,"column":48},"end":{"line":103,"column":null}},"70":{"start":{"line":107,"column":8},"end":{"line":134,"column":null}},"71":{"start":{"line":108,"column":10},"end":{"line":117,"column":null}},"72":{"start":{"line":109,"column":6},"end":{"line":115,"column":null}},"73":{"start":{"line":110,"column":21},"end":{"line":110,"column":null}},"74":{"start":{"line":111,"column":8},"end":{"line":111,"column":null}},"75":{"start":{"line":111,"column":36},"end":{"line":111,"column":41}},"76":{"start":{"line":112,"column":22},"end":{"line":112,"column":null}},"77":{"start":{"line":113,"column":22},"end":{"line":113,"column":null}},"78":{"start":{"line":114,"column":8},"end":{"line":114,"column":null}},"79":{"start":{"line":116,"column":6},"end":{"line":116,"column":null}},"80":{"start":{"line":119,"column":31},"end":{"line":121,"column":null}},"81":{"start":{"line":120,"column":21},"end":{"line":120,"column":null}},"82":{"start":{"line":123,"column":4},"end":{"line":133,"column":null}},"83":{"start":{"line":124,"column":6},"end":{"line":124,"column":null}},"84":{"start":{"line":125,"column":6},"end":{"line":125,"column":null}},"85":{"start":{"line":127,"column":6},"end":{"line":132,"column":null}},"86":{"start":{"line":136,"column":17},"end":{"line":137,"column":null}},"87":{"start":{"line":137,"column":4},"end":{"line":137,"column":null}},"88":{"start":{"line":137,"column":28},"end":{"line":137,"column":65}},"89":{"start":{"line":137,"column":48},"end":{"line":137,"column":54}},"90":{"start":{"line":139,"column":8},"end":{"line":145,"column":null}},"91":{"start":{"line":141,"column":22},"end":{"line":141,"column":null}},"92":{"start":{"line":142,"column":6},"end":{"line":142,"column":null}},"93":{"start":{"line":142,"column":19},"end":{"line":142,"column":null}},"94":{"start":{"line":147,"column":20},"end":{"line":165,"column":null}},"95":{"start":{"line":148,"column":22},"end":{"line":148,"column":null}},"96":{"start":{"line":150,"column":20},"end":{"line":159,"column":null}},"97":{"start":{"line":151,"column":24},"end":{"line":151,"column":null}},"98":{"start":{"line":151,"column":42},"end":{"line":151,"column":60}},"99":{"start":{"line":152,"column":6},"end":{"line":157,"column":null}},"100":{"start":{"line":152,"column":30},"end":{"line":152,"column":57}},"101":{"start":{"line":153,"column":8},"
[...]
,"/home/luserbu/Documents/NEWoneWhite/frontend/src/components/Solo/SoloBoard.tsx": {"path":"/home/luserbu/Documents/NEWoneWhite/frontend/src/components/Solo/SoloBoard.tsx","statementMap":{"0":{"start":{"line":9,"column":8},"end":{"line":9,"column":null}},"1":{"start":{"line":10,"column":8},"end":{"line":10,"column":null}},"2":{"start":{"line":11,"column":36},"end":{"line":11,"column":null}},"3":{"start":{"line":23,"column":2},"end":{"line":23,"column":null}},"4":{"start":{"line":25,"column":2},"end":{"line":27,"column":null}},"5":{"start":{"line":26,"column":4},"end":{"line":26,"column":null}},"6":{"start":{"line":29,"column":2},"end":{"line":34,"column":null}},"7":{"start":{"line":30,"column":4},"end":{"line":33,"column":null}},"8":{"start":{"line":31,"column":6},"end":{"line":31,"column":null}},"9":{"start":{"line":32,"column":6},"end":{"line":32,"column":null}},"10":{"start":{"line":36,"column":22},"end":{"line":40,"column":null}},"11":{"start":{"line":37,"column":4},"end":{"line":37,"column":null}},"12":{"start":{"line":38,"column":4},"end":{"line":38,"column":null}},"13":{"start":{"line":39,"column":4},"end":{"line":39,"column":null}},"14":{"start":{"line":42,"column":21},"end":{"line":44,"column":null}},"15":{"start":{"line":43,"column":4},"end":{"line":43,"column":null}},"16":{"start":{"line":46,"column":24},"end":{"line":73,"column":null}},"17":{"start":{"line":47,"column":4},"end":{"line":47,"column":null}},"18":{"start":{"line":47,"column":34},"end":{"line":47,"column":null}},"19":{"start":{"line":49,"column":20},"end":{"line":49,"column":null}},"20":{"start":{"line":51,"column":4},"end":{"line":53,"column":null}},"21":{"start":{"line":52,"column":6},"end":{"line":52,"column":null}},"22":{"start":{"line":55,"column":4},"end":{"line":72,"column":null}},"23":{"start":{"line":57,"column":8},"end":{"line":57,"column":null}},"24":{"start":{"line":58,"column":8},"end":{"line":58,"column":null}},"25":{"start":{"line":60,"column":8},"end":{"line":60,"column":null}},"26":{"start":{"line":61,"column":8},"end":{"line":61,"column":null}},"27":{"start":{"line":63,"column":8},"end":{"line":63,"column":null}},"28":{"start":{"line":64,"column":8},"end":{"line":64,"column":null}},"29":{"start":{"line":66,"column":8},"end":{"line":66,"column":null}},"30":{"start":{"line":67,"column":8},"end":{"line":67,"column":null}},"31":{"start":{"line":68,"column":8},"end":{"line":68,"column":null}},"32":{"start":{"line":70,"column":8},"end":{"line":70,"column":null}},"33":{"start":{"line":71,"column":8},"end":{"line":71,"column":null}},"34":{"start":{"line":75,"column":22},"end":{"line":81,"column":null}},"35":{"start":{"line":76,"column":4},"end":{"line":76,"column":null}},"36":{"start":{"line":76,"column":34},"end":{"line":76,"column":null}},"37":{"start":{"line":78,"column":4},"end":{"line":80,"column":null}},"38":{"start":{"line":79,"column":6},"end":{"line":79,"column":null}},"39":{"start":{"line":83,"column":21},"end":{"line":94,"column":null}},"40":{"start":{"line":84,"column":4},"end":{"line":93,"column":null}},"41":{"start":{"line":86,"column":8},"end":{"line":90,"column":null}},"42":{"start":{"line":92,"column":6},"end":{"line":92,"column":null}},"43":{"start":{"line":96,"column":2},"end":{"line":145,"column":null}},"44":{"start":{"line":122,"column":10},"end":{"line":135,"column":null}},"45":{"start":{"line":124,"column":14},"end":{"line":133,"column":null}}},"fnMap":{"0":{"name":"SoloBoard","decl":{"start":{"line":8,"column":9},"end":{"line":8,"column":21}},"loc":{"start":{"line":8,"column":21},"end":{"line":147,"column":null}},"line":8},"1":{"name":"(anonymous_1)","decl":{"start":{"line":25,"column":12},"end":{"line":25,"column":18}},"loc":{"start":{"line":25,"column":18},"end":{"line":27,"column":5}},"line":25},"2":{"name":"(anonymous_2)","decl":{"start":{"line":29,"column":12},"end":{"line":29,"column":18}},"loc":{"start":{"line":29,"column":18},"end":{"line":34,"column":5}},"line":29},"3":{"name":"(anonymous_3)","decl":{"start":{"line":36,"column":22},"end":{"line":36,"column":28}},"loc":{"start":{"line":36,"column":28},"end":{"line":40,"column":null}},"line":36},"4":{"name":"(anonymous_4)","decl":{"start":{"line":42,"column":21},"end":{"line":42,"column":27}},"loc":{"start":{"line":42,"column":27},"end":{"line":44,"column":null}},"line":42},"5":{"name":"(anonymous_5)","decl":{"start":{"line":46,"column":24},"end":{"line":46,"column":25}},"loc":{"start":{"line":46,"column":52},"end":{"line":73,"column":null}},"line":46},"6":{"name":"(anonymous_6)","decl":{"start":{"line":75,"column":22},"end":{"line":75,"column":23}},"loc":{"start":{"line":75,"column":50},"end":{"line":81,"column":null}},"line":75},"7":{"name":"(anonymous_7)","decl":{"start":{"line":83,"column":31},"end":{"line":83,"column":32}},"loc":{"start":{"line":84,"column":4},"end":{"line":93,"column":null}},"line":84},"8":{"name":"(anonymous_8)","decl":{"start":{"line":84,"column":12},"end":{"line":84,"column":13}},"loc":{"start":{"line":84,"column":25},"end":{"line":93,"column":5}},"line":84},"9":{"name":"(anonymous_9)","decl":{"start":{"line":121,"column":24},"end":{"line":121,"column":25}},"loc":{"start":{"line":122,"column":10},"end":{"line":135,"column":null}},"line":122},"10":{"name":"(anonymous_10)","decl":{"start":{"line":123,"column":21},"end":{"line":123,"column":22}},"loc":{"start":{"line":124,"column":14},"end":{"line":133,"column":null}},"line":124}},"branchMap":{"0":{"loc":{"start":{"line":30,"column":4},"end":{"line":33,"column":null}},"type":"if","locations":[{"start":{"line":30,"column":4},"end":{"line":33,"column":null}},{"start":{},"end":{}}],"line":30},"1":{"loc":{"start":{"line":30,"column":8},"end":{"line":30,"column":33}},"type":"binary-expr","locations":[{"start":{"line":30,"column":8},"end":{"line":30,"column":20}},{"start":{"line":30,"column":20},"end":{"line":30,"column":33}}],"line":30},"2":{"loc":{"start":{"line":47,"column":4},"end":{"line":47,"column":null}},"type":"if","locations":[{"start":{"line":47,"column":4},"end":{"line":47,"column":null}},{"start":{},"end":{}}],"line":47},"3":{"loc":{"start":{"line":47,"column":8},"end":{"line":47,"column":34}},"type":"binary-expr","locations":[{"start":{"line":47,"column":8},"end":{"line":47,"column":24}},{"start":{"line":47,"column":24},"end":{"line":47,"column":34}}],"line":47},"4":{"loc":{"start":{"line":51,"column":4},"end":{"line":53,"column":null}},"type":"if","locations":[{"start":{"line":51,"column":4},"end":{"line":53,"column":null}},{"start":{},"end":{}}],"line":51},"5":{"loc":{"start":{"line":55,"column":4},"end":{"line":72,"column":null}},"type":"switch","locations":[{"start":{"line":56,"column":6},"end":{"line":58,"column":null}},{"start":{"line":59,"column":6},"end":{"line":61,"column":null}},{"start":{"line":62,"column":6},"end":{"line":64,"column":null}},{"start":{"line":65,"column":6},"end":{"line":68,"column":null}},{"start":{"line":69,"column":6},"end":{"line":71,"column":null}}],"line":55},"6":{"loc":{"start":{"line":76,"column":4},"end":{"line":76,"column":null}},"type":"if","locations":[{"start":{"line":76,"column":4},"end":{"line":76,"column":null}},{"start":{},"end":{}}],"line":76},"7":{"loc":{"start":{"line":76,"column":8},"end":{"line":76,"column":34}},"type":"binary-expr","locations":[{"start":{"line":76,"column":8},"end":{"line":76,"column":24}},{"start":{"line":76,"column":24},"end":{"line":76,"column":34}}],"line":76},"8":{"loc":{"start":{"line":78,"column":4},"end":{"line":80,"column":null}},"type":"if","locations":[{"start":{"line":78,"column":4},"end":{"line":80,"column":null}},{"start":{},"end":{}}],"line":78},"9":{"loc":{"start":{"line":86,"column":8},"end":{"line":90,"column":null}},"type":"binary-expr","locations":[{"start":{"line":86,"column":8},"end":{"line":86,"column":null}},{"start":{"line":87,"column":8},"end":{"line":87,"column":null}},{"start":{"line":88,"column":8},"end":{"line":88,"column":null}},{"start":{"line":89,"column":8},"end":{"line":89,"column":null}},{"start":{"line":90,"column":8},"end":{"line":90,"column":null}}],"line":86},"10":{"loc":{"start":{"line":92,"column":13},"end":{"line":92,"column":null}},"type":"cond-expr","locations":[{"start":{"line":92,"column":28},"end":{"line":92,"column":43}},{"start":{"line":92,"column":43},"end":{"line":92,"column":null}}],"line":92},"11":{"loc":{"start":{"line":108,"column":9},"end":{"line":108,"column":null}},"type":"binary-expr","locations":[{"start":{"line":108,"column":9},"end":{"line":108,"column":21}},{"start":{"line":108,"column":21},"end":{"line":108,"column":null}}],"line":108},"12":{"loc":{"start":{"line":112,"column":13},"end":{"line":112,"column":null}},"type":"cond-expr","locations":[{"start":{"line":112,"column":39},"end":{"line":112,"column":55}},{"start":{"line":112,"column":55},"end":{"line":112,"column":null}}],"line":112},"13":{"loc":{"start":{"line":112,"column":13},"end":{"line":112,"column":39}},"type":"binary-expr","locations":[{"start":{"line":112,"column":13},"end":{"line":112,"column":28}},{"start":{"line":112,"column":28},"end":{"line":112,"column":39}}],"line":112},"14":{"loc":{"start":{"line":128,"column":35},"end":{"line":128,"column":null}},"type":"binary-expr","locations":[{"start":{"line":128,"column":35},"end":{"line":128,"column":48}},{"start":{"line":128,"column":48},"end":{"line":128,"column":null}}],"line":128},"15":{"loc":{"start":{"line":129,"column":26},"end":{"line":131,"column":null}},"type":"cond-expr","locations":[{"start":{"line":130,"column":22},"end":{"line":130,"column":null}},{"start":{"line":131,"column":22},"end":{"line":131,"column":null}}],"line":129}},"s":{"0":19,"1":19,"2":19,"3":19,"4":19,"5":12,"6":19,"7":19,"8":0,"9":0,"10":19,"11":7,"12":7,"13":7,"14":19,"15":1,"16":19,"17":6,"18":1,"19":5,"20":5,"21":5,"22":5,"23":1,"24":1,"25":1,"26":1,"27":1,"28":1,"29":1,"30":1,"31":1,"32":1,"33":1,"34":19,"35":1,"36":0,"37":1,"38":1,"39":19,"40":380,"41":3800,"42":3800,"43":19,"44":380,"45":3800},"f":{"0":19,"1":12,"2":19,"3":7,"4":1,"5":6,"6":1,"7":380,"8":3800,"9":380,"10":3800},"b":{"0":[0,19],"1":[19,0],"2":[1,5],"3":[6,5],"4":[5,0],"5":[1,1,1,1,1],"6":[0,1],"7":[1,1],"8":[1,0],"9":[3800,3800,190,133,19],"10":[19,3781],"11":[19,0],"12":[7,12],"13":[19,12],"14":[3800,3781],"15":[19,3781]},"meta":{"lastBranch":16,"lastFunction":11,"lastStatement":46,"seen":{"f:8:9:8:21":0,"s:9:8:9:Infinity":0,"s:10:8:10:Infinity":1,"s:11:36:11:Infinity":2,"s:23:2:23:Infinity":3,"s:25:2:27:Infinity":4,"f:25:12:25:18":1,"s:26:4:26:Infinity":5,"s:29:2:34:Infinity":6,"f:29:12:29:18":2,"b:30:4:33:Infinity:undefined:undefined:undefined:undefined":0,"s:30:4:33:Infinity":7,"b:30:8:30:20:30:20:30:33":1,"s:31:6:31:Infinity":8,"s:32:6:32:Infinity":9,"s:36:22:40:Infinity":10,"f:36:22:36:28":3,"s:37:4:37:Infinity":11,"s:38:4:38:Infinity":12,"s:39:4:39:Infinity":13,"s:42:21:44:Infinity":14,"f:42:21:42:27":4,"s:43:4:43:Infinity":15,"s:46:24:73:Infinity":16,"f:46:24:46:25":5,"b:47:4:47:Infinity:undefined:undefined:undefined:undefined":2,"s:47:4:47:Infinity":17,"b:47:8:47:24:47:24:47:34":3,"s:47:34:47:Infinity":18,"s:49:20:49:Infinity":19,"b:51:4:53:Infinity:undefined:undefined:undefined:undefined":4,"s:51:4:53:Infinity":20,"s:52:6:52:Infinity":21,"b:56:6:58:Infinity:59:6:61:Infinity:62:6:64:Infinity:65:6:68:Infinity:69:6:71:Infinity":5,"s:55:4:72:Infinity":22,"s:57:8:57:Infinity":23,"s:58:8:58:Infinity":24,"s:60:8:60:Infinity":25,"s:61:8:61:Infinity":26,"s:63:8:63:Infinity":27,"s:64:8:64:Infinity":28,"s:66:8:66:Infinity":29,"s:67:8:67:Infinity":30,"s:68:8:68:Infinity":31,"s:70:8:70:Infinity":32,"s:71:8:71:Infinity":33,"s:75:22:81:Infinity":34,"f:75:22:75:23":6,"b:76:4:76:Infinity:undefined:undefined:undefined:undefined":6,"s:76:4:76:Infinity":35,"b:76:8:76:24:76:24:76:34":7,"s:76:34:76:Infinity":36,"b:78:4:80:Infinity:undefined:undefined:undefined:undefined":8,"s:78:4:80:Infinity":37,"s:79:6:79:Infinity":38,"s:83:21:94:Infinity":39,"f:83:31:83:32":7,"s:84:4:93:Infinity":40,"f:84:12:84:13":8,"s:86:8:90:Infinity":41,"b:86:8:86:Infinity:87:8:87:Infinity:88:8:88:Infinity:89:8:89:Infinity:90:8:90:Infinity":9,"s:92:6:92:Infinity":42,"b:92:28:92:43:92:43:92:Infinity":10,"s:96:2:145:Infinity":43,"b:108:9:108:21:108:21:108:Infinity":11,"b:112:39:112:55:112:55:112:Infinity":12,"b:112:13:112:28:112:28:112:39":13,"f:121:24:121:25":9,"s:122:10:135:Infinity":44,"f:123:21:123:22":10,"s:124:14:133:Infinity":45,"b:128:35:128:48:128:48:128:Infinity":14,"b:130:22:130:Infinity:131:22:131:Infinity":15}}}
,"/home/luserbu/Documents/NEWoneWhite/frontend/src/context/SocketContext.tsx": {"path":"/home/luserbu/Documents/NEWoneWhite/frontend/src/context/SocketContext.tsx","statementMap":{"0":{"start":{"line":11,"column":6},"end":{"line":11,"column":null}},"1":{"start":{"line":13,"column":71},"end":{"line":59,"column":null}},"2":{"start":{"line":14,"column":26},"end":{"line":14,"column":null}},"3":{"start":{"line":16,"column":8},"end":{"line":24,"column":null}},"4":{"start":{"line":17,"column":4},"end":{"line":21,"column":null}},"5":{"start":{"line":18,"column":12},"end":{"line":18,"column":null}},"6":{"start":{"line":19,"column":6},"end":{"line":19,"column":null}},"7":{"start":{"line":20,"column":6},"end":{"line":20,"column":null}},"8":{"start":{"line":22,"column":4},"end":{"line":22,"column":null}},"9":{"start":{"line":22,"column":27},"end":{"line":22,"column":null}},"10":{"start":{"line":23,"column":4},"end":{"line":23,"column":null}},"11":{"start":{"line":26,"column":8},"end":{"line":34,"column":null}},"12":{"start":{"line":27,"column":4},"end":{"line":33,"column":null}},"13":{"start":{"line":28,"column":6},"end":{"line":31,"column":null}},"14":{"start":{"line":29,"column":8},"end":{"line":29,"column":null}},"15":{"start":{"line":32,"column":6},"end":{"line":32,"column":null}},"16":{"start":{"line":36,"column":8},"end":{"line":52,"column":null}},"17":{"start":{"line":37,"column":4},"end":{"line":51,"column":null}},"18":{"start":{"line":38,"column":6},"end":{"line":50,"column":null}},"19":{"start":{"line":39,"column":8},"end":{"line":47,"column":null}},"20":{"start":{"line":40,"column":10},"end":{"line":44,"column":null}},"21":{"start":{"line":41,"column":12},"end":{"line":41,"column":null}},"22":{"start":{"line":42,"column":12},"end":{"line":42,"column":null}},"23":{"start":{"line":42,"column":18},"end":{"line":42,"column":39}},"24":{"start":{"line":43,"column":12},"end":{"line":43,"column":null}},"25":{"start":{"line":46,"column":10},"end":{"line":46,"column":null}},"26":{"start":{"line":49,"column":8},"end":{"line":49,"column":null}},"27":{"start":{"line":54,"column":2},"end":{"line":57,"column":null}},"28":{"start":{"line":61,"column":25},"end":{"line":65,"column":null}},"29":{"start":{"line":62,"column":8},"end":{"line":62,"column":null}},"30":{"start":{"line":63,"column":2},"end":{"line":63,"column":null}},"31":{"start":{"line":63,"column":12},"end":{"line":63,"column":null}},"32":{"start":{"line":64,"column":2},"end":{"line":64,"column":null}}},"fnMap":{"0":{"name":"(anonymous_0)","decl":{"start":{"line":13,"column":71},"end":{"line":13,"column":72}},"loc":{"start":{"line":13,"column":89},"end":{"line":59,"column":null}},"line":13},"1":{"name":"(anonymous_1)","decl":{"start":{"line":16,"column":30},"end":{"line":16,"column":36}},"loc":{"start":{"line":16,"column":36},"end":{"line":24,"column":5}},"line":16},"2":{"name":"(anonymous_2)","decl":{"start":{"line":26,"column":33},"end":{"line":26,"column":39}},"loc":{"start":{"line":26,"column":39},"end":{"line":34,"column":5}},"line":26},"3":{"name":"(anonymous_3)","decl":{"start":{"line":36,"column":32},"end":{"line":36,"column":33}},"loc":{"start":{"line":36,"column":55},"end":{"line":52,"column":5}},"line":36},"4":{"name":"(anonymous_4)","decl":{"start":{"line":37,"column":23},"end":{"line":37,"column":24}},"loc":{"start":{"line":37,"column":36},"end":{"line":51,"column":5}},"line":37},"5":{"name":"(anonymous_5)","decl":{"start":{"line":40,"column":49},"end":{"line":40,"column":50}},"loc":{"start":{"line":40,"column":63},"end":{"line":44,"column":11}},"line":40},"6":{"name":"(anonymous_6)","decl":{"start":{"line":61,"column":25},"end":{"line":61,"column":31}},"loc":{"start":{"line":61,"column":31},"end":{"line":65,"column":null}},"line":61}},"branchMap":{"0":{"loc":{"start":{"line":17,"column":4},"end":{"line":21,"column":null}},"type":"if","locations":[{"start":{"line":17,"column":4},"end":{"line":21,"column":null}},{"start":{},"end":{}}],"line":17},"1":{"loc":{"start":{"line":22,"column":4},"end":{"line":22,"column":null}},"type":"if","locations":[{"start":{"line":22,"column":4},"end":{"line":22,"column":null}},{"start":{},"end":{}}],"line":22},"2":{"loc":{"start":{"line":27,"column":4},"end":{"line":33,"column":null}},"type":"if","locations":[{"start":{"line":27,"column":4},"end":{"line":33,"column":null}},{"start":{},"end":{}}],"line":27},"3":{"loc":{"start":{"line":38,"column":6},"end":{"line":50,"column":null}},"type":"if","locations":[{"start":{"line":38,"column":6},"end":{"line":50,"column":null}},{"start":{"line":48,"column":13},"end":{"line":50,"column":null}}],"line":38},"4":{"loc":{"start":{"line":38,"column":10},"end":{"line":38,"column":30}},"type":"binary-expr","locations":[{"start":{"line":38,"column":10},"end":{"line":38,"column":20}},{"start":{"line":38,"column":20},"end":{"line":38,"column":30}}],"line":38},"5":{"loc":{"start":{"line":63,"column":2},"end":{"line":63,"column":null}},"type":"if","locations":[{"start":{"line":63,"column":2},"end":{"line":63,"column":null}},{"start":{},"end":{}}],"line":63}},"s":{"0":3,"1":3,"2":25,"3":25,"4":9,"5":9,"6":9,"7":9,"8":0,"9":0,"10":0,"11":25,"12":3,"13":2,"14":2,"15":2,"16":25,"17":3,"18":3,"19":1,"20":1,"21":1,"22":1,"23":1,"24":1,"25":0,"26":2,"27":25,"28":3,"29":25,"30":25,"31":1,"32":24},"f":{"0":25,"1":9,"2":3,"3":3,"4":3,"5":1,"6":25},"b":{"0":[9,0],"1":[0,0],"2":[2,1],"3":[1,2],"4":[3,2],"5":[1,24]},"meta":{"lastBranch":6,"lastFunction":7,"lastStatement":33,"seen":{"s:11:6:11:Infinity":0,"s:13:71:59:Infinity":1,"f:13:71:13:72":0,"s:14:26:14:Infinity":2,"s:16:8:24:Infinity":3,"f:16:30:16:36":1,"b:17:4:21:Infinity:undefined:undefined:undefined:undefined":0,"s:17:4:21:Infinity":4,"s:18:12:18:Infinity":5,"s:19:6:19:Infinity":6,"s:20:6:20:Infinity":7,"b:22:4:22:Infinity:undefined:undefined:undefined:undefined":1,"s:22:4:22:Infinity":8,"s:22:27:22:Infinity":9,"s:23:4:23:Infinity":10,"s:26:8:34:Infinity":11,"f:26:33:26:39":2,"b:27:4:33:Infinity:undefined:undefined:undefined:undefined":2,"s:27:4:33:Infinity":12,"s:28:6:31:Infinity":13,"s:29:8:29:Infinity":14,"s:32:6:32:Infinity":15,"s:36:8:52:Infinity":16,"f:36:32:36:33":3,"s:37:4:51:Infinity":17,"f:37:23:37:24":4,"b:38:6:50:Infinity:48:13:50:Infinity":3,"s:38:6:50:Infinity":18,"b:38:10:38:20:38:20:38:30":4,"s:39:8:47:Infinity":19,"s:40:10:44:Infinity":20,"f:40:49:40:50":5,"s:41:12:41:Infinity":21,"s:42:12:42:Infinity":22,"s:42:18:42:39":23,"s:43:12:43:Infinity":24,"s:46:10:46:Infinity":25,"s:49:8:49:Infinity":26,"s:54:2:57:Infinity":27,"s:61:25:65:Infinity":28,"f:61:25:61:31":6,"s:62:8:62:Infinity":29,"b:63:2:63:Infinity:undefined:undefined:undefined:undefined":5,"s:63:2:63:Infinity":30,"s:63:12:63:Infinity":31,"s:64:2:64:Infinity":32}}}
}
