TN:
SF:src/App.tsx
FN:9,App
FNF:1
FNH:1
FNDA:1,App
DA:10,1
LF:1
LH:1
BRF:0
BRH:0
end_of_record
TN:
SF:src/main.tsx
FNF:0
FNH:0
DA:9,0
DA:11,0
DA:12,0
DA:15,0
DA:17,0
LF:5
LH:0
BRDA:11,0,0,0
BRDA:11,0,1,0
BRF:2
BRH:0
end_of_record
TN:
SF:src/socket.ts
FN:5,getSocket
FNF:1
FNH:1
FNDA:1,getSocket
DA:3,1
DA:6,1
DA:7,1
DA:8,0
DA:9,0
DA:11,1
LF:6
LH:4
BRDA:6,0,0,1
BRDA:6,0,1,0
BRDA:8,1,0,0
BRDA:8,1,1,0
BRF:4
BRH:1
end_of_record
TN:
SF:src/store.ts
FN:27,(anonymous_0)
FNF:1
FNH:0
FNDA:0,(anonymous_0)
DA:10,1
DA:12,1
DA:18,1
DA:27,0
DA:28,1
LF:5
LH:4
BRF:0
BRH:0
end_of_record
TN:
SF:src/components/Game/Board.tsx
FN:19,Board
FN:33,(anonymous_1)
FN:46,(anonymous_2)
FN:62,(anonymous_3)
FN:87,(anonymous_4)
FN:90,(anonymous_5)
FN:99,(anonymous_6)
FN:105,(anonymous_7)
FN:115,(anonymous_8)
FN:118,(anonymous_9)
FN:119,(anonymous_10)
FN:127,(anonymous_11)
FN:140,(anonymous_12)
FN:147,(anonymous_13)
FN:154,(anonymous_14)
FN:158,(anonymous_15)
FN:163,(anonymous_16)
FN:164,(anonymous_17)
FN:166,(anonymous_18)
FN:175,(anonymous_19)
FN:177,(anonymous_20)
FN:182,(anonymous_21)
FN:183,(anonymous_22)
FN:191,(anonymous_23)
FN:196,(anonymous_24)
FN:198,(anonymous_25)
FN:210,(anonymous_26)
FN:216,(anonymous_27)
FN:218,(anonymous_28)
FN:224,(anonymous_29)
FN:229,(anonymous_30)
FN:231,(anonymous_31)
FN:235,(anonymous_32)
FN:237,(anonymous_33)
FN:244,(anonymous_34)
FN:249,(anonymous_35)
FN:251,(anonymous_36)
FN:255,(anonymous_37)
FN:262,(anonymous_38)
FN:268,(anonymous_39)
FN:314,(anonymous_40)
FN:327,(anonymous_41)
FN:349,(anonymous_42)
FN:352,(anonymous_43)
FN:353,(anonymous_44)
FN:355,(anonymous_45)
FN:377,(anonymous_46)
FNF:47
FNH:26
FNDA:50,Board
FNDA:25,(anonymous_1)
FNDA:0,(anonymous_2)
FNDA:0,(anonymous_3)
FNDA:25,(anonymous_4)
FNDA:0,(anonymous_5)
FNDA:9,(anonymous_6)
FNDA:25,(anonymous_7)
FNDA:25,(anonymous_8)
FNDA:1,(anonymous_9)
FNDA:0,(anonymous_10)
FNDA:9,(anonymous_11)
FNDA:25,(anonymous_12)
FNDA:25,(anonymous_13)
FNDA:25,(anonymous_14)
FNDA:0,(anonymous_15)
FNDA:0,(anonymous_16)
FNDA:0,(anonymous_17)
FNDA:0,(anonymous_18)
FNDA:25,(anonymous_19)
FNDA:0,(anonymous_20)
FNDA:0,(anonymous_21)
FNDA:0,(anonymous_22)
FNDA:9,(anonymous_23)
FNDA:25,(anonymous_24)
FNDA:0,(anonymous_25)
FNDA:9,(anonymous_26)
FNDA:25,(anonymous_27)
FNDA:1,(anonymous_28)
FNDA:9,(anonymous_29)
FNDA:25,(anonymous_30)
FNDA:1,(anonymous_31)
FNDA:0,(anonymous_32)
FNDA:0,(anonymous_33)
FNDA:9,(anonymous_34)
FNDA:25,(anonymous_35)
FNDA:1,(anonymous_36)
FNDA:0,(anonymous_37)
FNDA:9,(anonymous_38)
FNDA:6,(anonymous_39)
FNDA:1,(anonymous_40)
FNDA:0,(anonymous_41)
FNDA:0,(anonymous_42)
FNDA:0,(anonymous_43)
FNDA:0,(anonymous_44)
FNDA:0,(anonymous_45)
FNDA:0,(anonymous_46)
DA:20,50
DA:21,50
DA:22,50
DA:23,50
DA:24,50
DA:25,50
DA:26,50
DA:27,50
DA:28,50
DA:30,50
DA:31,50
DA:33,50
DA:34,25
DA:36,0
DA:37,0
DA:38,0
DA:39,0
DA:42,0
DA:44,0
DA:46,25
DA:47,0
DA:48,0
DA:49,0
DA:50,0
DA:51,0
DA:54,0
DA:58,50
DA:59,50
DA:60,50
DA:62,50
DA:63,0
DA:64,0
DA:65,0
DA:68,0
DA:84,50
DA:87,50
DA:88,25
DA:90,9
DA:91,0
DA:94,0
DA:95,0
DA:98,9
DA:99,9
DA:100,9
DA:105,50
DA:106,25
DA:108,9
DA:115,50
DA:116,25
DA:118,9
DA:119,1
DA:125,9
DA:127,9
DA:128,9
DA:132,50
DA:133,0
DA:140,50
DA:141,25
DA:142,25
DA:143,25
DA:147,50
DA:148,25
DA:149,9
DA:150,0
DA:154,50
DA:155,25
DA:156,2
DA:157,0
DA:158,2
DA:159,0
DA:160,0
DA:161,0
DA:163,0
DA:164,0
DA:165,0
DA:167,0
DA:175,50
DA:176,25
DA:177,9
DA:178,0
DA:179,0
DA:180,0
DA:182,0
DA:183,0
DA:184,0
DA:189,9
DA:191,9
DA:192,9
DA:196,50
DA:197,25
DA:198,9
DA:199,0
DA:200,0
DA:201,0
DA:208,9
DA:210,9
DA:211,9
DA:216,50
DA:217,25
DA:218,9
DA:219,1
DA:220,1
DA:223,9
DA:224,9
DA:225,9
DA:229,50
DA:230,25
DA:231,9
DA:232,1
DA:233,1
DA:235,1
DA:236,0
DA:237,0
DA:238,0
DA:239,0
DA:243,9
DA:244,9
DA:245,9
DA:249,50
DA:250,25
DA:251,9
DA:252,1
DA:253,1
DA:254,1
DA:255,1
DA:256,0
DA:257,0
DA:261,9
DA:262,9
DA:263,9
DA:268,50
DA:269,6
DA:271,5
DA:273,5
DA:275,1
DA:277,1
DA:278,1
DA:280,1
DA:283,1
DA:285,1
DA:286,1
DA:288,1
DA:291,1
DA:293,1
DA:294,1
DA:296,1
DA:299,1
DA:300,1
DA:301,1
DA:302,1
DA:305,1
DA:307,1
DA:308,1
DA:310,1
DA:314,50
DA:315,1
DA:317,1
DA:318,1
DA:322,50
DA:328,0
DA:349,0
DA:353,0
DA:354,0
DA:356,0
DA:378,0
LF:165
LH:115
BRDA:23,0,0,50
BRDA:23,0,1,0
BRDA:23,0,2,0
BRDA:24,1,0,50
BRDA:24,1,1,0
BRDA:25,2,0,50
BRDA:25,2,1,0
BRDA:25,2,2,0
BRDA:26,3,0,50
BRDA:26,3,1,44
BRDA:30,4,0,50
BRDA:30,4,1,0
BRDA:30,5,0,50
BRDA:30,5,1,0
BRDA:34,6,0,25
BRDA:34,6,1,0
BRDA:34,7,0,25
BRDA:34,7,1,0
BRDA:36,8,0,0
BRDA:36,8,1,0
BRDA:36,9,0,0
BRDA:36,9,1,0
BRDA:44,10,0,0
BRDA:44,10,1,0
BRDA:47,11,0,0
BRDA:47,11,1,0
BRDA:47,12,0,0
BRDA:47,12,1,0
BRDA:63,13,0,0
BRDA:63,13,1,0
BRDA:63,14,0,0
BRDA:63,14,1,0
BRDA:63,14,2,0
BRDA:65,15,0,0
BRDA:65,15,1,0
BRDA:88,16,0,16
BRDA:88,16,1,9
BRDA:88,17,0,25
BRDA:88,17,1,9
BRDA:91,18,0,0
BRDA:91,18,1,0
BRDA:91,19,0,0
BRDA:91,19,1,0
BRDA:106,20,0,16
BRDA:106,20,1,9
BRDA:106,21,0,25
BRDA:106,21,1,9
BRDA:106,21,2,9
BRDA:116,22,0,16
BRDA:116,22,1,9
BRDA:116,23,0,25
BRDA:116,23,1,9
BRDA:132,24,0,0
BRDA:132,24,1,50
BRDA:141,25,0,25
BRDA:141,25,1,0
BRDA:141,26,0,25
BRDA:141,26,1,25
BRDA:148,27,0,16
BRDA:148,27,1,9
BRDA:149,28,0,0
BRDA:149,28,1,9
BRDA:149,29,0,9
BRDA:149,29,1,9
BRDA:155,30,0,2
BRDA:155,30,1,23
BRDA:156,31,0,2
BRDA:156,31,1,0
BRDA:157,32,0,0
BRDA:157,32,1,0
BRDA:159,33,0,0
BRDA:159,33,1,0
BRDA:159,34,0,0
BRDA:159,34,1,0
BRDA:176,35,0,16
BRDA:176,35,1,9
BRDA:189,36,0,9
BRDA:189,36,1,0
BRDA:192,37,0,9
BRDA:192,37,1,0
BRDA:197,38,0,16
BRDA:197,38,1,9
BRDA:199,39,0,0
BRDA:199,39,1,0
BRDA:199,40,0,0
BRDA:199,40,1,0
BRDA:217,41,0,16
BRDA:217,41,1,9
BRDA:219,42,0,1
BRDA:219,42,1,0
BRDA:223,43,0,9
BRDA:223,43,1,0
BRDA:225,44,0,9
BRDA:225,44,1,0
BRDA:230,45,0,16
BRDA:230,45,1,9
BRDA:232,46,0,1
BRDA:232,46,1,0
BRDA:238,47,0,0
BRDA:238,47,1,0
BRDA:243,48,0,9
BRDA:243,48,1,0
BRDA:245,49,0,9
BRDA:245,49,1,0
BRDA:250,50,0,16
BRDA:250,50,1,9
BRDA:261,51,0,9
BRDA:261,51,1,0
BRDA:263,52,0,9
BRDA:263,52,1,0
BRDA:269,53,0,1
BRDA:269,53,1,5
BRDA:269,54,0,6
BRDA:269,54,1,5
BRDA:273,55,0,5
BRDA:273,55,1,1
BRDA:273,55,2,1
BRDA:273,55,3,1
BRDA:273,55,4,1
BRDA:278,56,0,1
BRDA:278,56,1,0
BRDA:278,57,0,1
BRDA:278,57,1,1
BRDA:286,58,0,1
BRDA:286,58,1,0
BRDA:286,59,0,1
BRDA:286,59,1,1
BRDA:294,60,0,1
BRDA:294,60,1,0
BRDA:294,61,0,1
BRDA:294,61,1,1
BRDA:308,62,0,1
BRDA:308,62,1,0
BRDA:308,63,0,1
BRDA:308,63,1,1
BRDA:315,64,0,0
BRDA:315,64,1,1
BRDA:315,65,0,1
BRDA:315,65,1,1
BRDA:317,66,0,1
BRDA:317,66,1,0
BRDA:325,67,0,50
BRDA:325,67,1,18
BRDA:325,67,2,18
BRDA:325,67,3,0
BRDA:362,68,0,50
BRDA:362,68,1,4
BRDA:362,68,2,0
BRDA:363,69,0,50
BRDA:363,69,1,4
BRDA:363,69,2,0
BRDA:364,70,0,50
BRDA:364,70,1,32
BRDA:366,71,0,4
BRDA:366,71,1,28
BRDA:371,72,0,0
BRDA:371,72,1,50
BRDA:371,73,0,50
BRDA:371,73,1,4
BRDA:373,74,0,0
BRDA:373,74,1,0
BRDA:373,75,0,0
BRDA:373,75,1,0
BRDA:373,75,2,0
BRDA:397,76,0,50
BRDA:397,76,1,46
BRF:166
BRH:95
end_of_record
TN:
SF:src/components/Game/BoardDisplay.tsx
FN:14,(anonymous_0)
FN:15,(anonymous_1)
FN:16,(anonymous_2)
FN:32,(anonymous_3)
FN:34,(anonymous_4)
FNF:5
FNH:5
FNDA:62,(anonymous_0)
FNDA:1120,(anonymous_1)
FNDA:11200,(anonymous_2)
FNDA:1120,(anonymous_3)
FNDA:11200,(anonymous_4)
DA:14,3
DA:15,62
DA:16,1120
DA:17,11200
DA:18,11200
DA:19,10200
DA:26,11200
DA:30,62
DA:33,1120
DA:35,11200
LF:10
LH:10
BRDA:18,0,0,10200
BRDA:18,0,1,1000
BRDA:18,1,0,11200
BRDA:18,1,1,10200
BRDA:20,2,0,10200
BRDA:20,2,1,10200
BRDA:20,2,2,520
BRDA:20,2,3,364
BRDA:20,2,4,54
BRDA:26,3,0,54
BRDA:26,3,1,11146
BRDA:31,4,0,62
BRDA:31,4,1,61
BRDA:39,5,0,100
BRDA:39,5,1,11100
BRDA:40,6,0,100
BRDA:40,6,1,11100
BRDA:41,7,0,11200
BRDA:41,7,1,11136
BRDA:42,8,0,64
BRDA:42,8,1,11136
BRF:21
BRH:21
end_of_record
TN:
SF:src/components/Game/constants.ts
FNF:0
FNH:0
DA:1,8
DA:2,8
DA:4,8
LF:3
LH:3
BRF:0
BRH:0
end_of_record
TN:
SF:src/components/Game/gameHelper.ts
FN:4,(anonymous_0)
FN:5,(anonymous_1)
FN:9,(anonymous_2)
FNF:3
FNH:3
FNDA:97,(anonymous_0)
FNDA:1940,(anonymous_1)
FNDA:5,(anonymous_2)
DA:4,6
DA:5,97
DA:6,1940
DA:9,6
DA:14,5
DA:15,5
DA:16,5
DA:17,5
DA:18,5
DA:19,5
DA:20,4
DA:25,1
LF:12
LH:12
BRDA:16,0,0,5
BRDA:16,0,1,0
BRDA:18,1,0,5
BRDA:18,1,1,4
BRDA:19,2,0,4
BRDA:19,2,1,1
BRDA:19,3,0,5
BRDA:19,3,1,4
BRDA:19,3,2,2
BRF:9
BRH:8
end_of_record
TN:
SF:src/components/Game/tetreominoes.ts
FN:57,(anonymous_0)
FNF:1
FNH:1
FNDA:32,(anonymous_0)
DA:4,6
DA:57,6
DA:58,32
DA:59,32
DA:60,32
DA:62,32
LF:6
LH:6
BRF:0
BRH:0
end_of_record
TN:
SF:src/components/Game/types.ts
FNF:0
FNH:0
LF:0
LH:0
BRF:0
BRH:0
end_of_record
TN:
SF:src/components/Game/useInterval.ts
FN:3,(anonymous_0)
FN:4,(anonymous_1)
FN:6,(anonymous_2)
FN:10,(anonymous_3)
FN:13,(anonymous_4)
FN:17,(anonymous_5)
FNF:6
FNH:5
FNDA:72,(anonymous_0)
FNDA:0,(anonymous_1)
FNDA:71,(anonymous_2)
FNDA:59,(anonymous_3)
FNDA:6,(anonymous_4)
FNDA:27,(anonymous_5)
DA:3,6
DA:4,72
DA:6,72
DA:7,71
DA:10,72
DA:11,59
DA:13,27
DA:14,6
DA:17,27
LF:9
LH:9
BRDA:11,0,0,32
BRDA:11,0,1,27
BRF:2
BRH:2
end_of_record
TN:
SF:src/components/Game/useTetris.ts
FN:9,(anonymous_0)
FN:25,(anonymous_1)
FN:26,(anonymous_2)
FN:26,(anonymous_3)
FN:28,(anonymous_4)
FN:35,(anonymous_5)
FN:55,(anonymous_6)
FN:63,(anonymous_7)
FN:64,(anonymous_8)
FN:72,(anonymous_9)
FN:91,(anonymous_10)
FN:107,(anonymous_11)
FN:108,(anonymous_12)
FN:111,(anonymous_13)
FN:120,(anonymous_14)
FN:136,(anonymous_15)
FN:137,(anonymous_16)
FN:137,(anonymous_17)
FN:140,(anonymous_18)
FN:147,(anonymous_19)
FN:150,(anonymous_20)
FN:151,(anonymous_21)
FN:152,(anonymous_22)
FN:167,(anonymous_23)
FN:168,(anonymous_24)
FN:170,(anonymous_25)
FN:171,(anonymous_26)
FN:181,(anonymous_27)
FN:190,(anonymous_28)
FN:192,(anonymous_29)
FN:208,(anonymous_30)
FN:214,(anonymous_31)
FN:221,(anonymous_32)
FN:223,(anonymous_33)
FN:233,(anonymous_34)
FN:255,(anonymous_35)
FN:266,(anonymous_36)
FN:272,(anonymous_37)
FN:273,(anonymous_38)
FN:285,(anonymous_39)
FN:286,(anonymous_40)
FN:296,(anonymous_41)
FN:300,(anonymous_42)
FN:320,(anonymous_43)
FN:322,(anonymous_44)
FNF:45
FNH:35
FNDA:81,(anonymous_0)
FNDA:6,(anonymous_1)
FNDA:17,(anonymous_2)
FNDA:49,(anonymous_3)
FNDA:34,(anonymous_4)
FNDA:5,(anonymous_5)
FNDA:2,(anonymous_6)
FNDA:2,(anonymous_7)
FNDA:40,(anonymous_8)
FNDA:12,(anonymous_9)
FNDA:65,(anonymous_10)
FNDA:22,(anonymous_11)
FNDA:22,(anonymous_12)
FNDA:3,(anonymous_13)
FNDA:220,(anonymous_14)
FNDA:0,(anonymous_15)
FNDA:0,(anonymous_16)
FNDA:0,(anonymous_17)
FNDA:4,(anonymous_18)
FNDA:1,(anonymous_19)
FNDA:20,(anonymous_20)
FNDA:20,(anonymous_21)
FNDA:20,(anonymous_22)
FNDA:1,(anonymous_23)
FNDA:20,(anonymous_24)
FNDA:3,(anonymous_25)
FNDA:9,(anonymous_26)
FNDA:1,(anonymous_27)
FNDA:3,(anonymous_28)
FNDA:3,(anonymous_29)
FNDA:1,(anonymous_30)
FNDA:32,(anonymous_31)
FNDA:1,(anonymous_32)
FNDA:20,(anonymous_33)
FNDA:1,(anonymous_34)
FNDA:0,(anonymous_35)
FNDA:0,(anonymous_36)
FNDA:0,(anonymous_37)
FNDA:0,(anonymous_38)
FNDA:1,(anonymous_39)
FNDA:20,(anonymous_40)
FNDA:0,(anonymous_41)
FNDA:21,(anonymous_42)
FNDA:0,(anonymous_43)
FNDA:0,(anonymous_44)
DA:9,5
DA:10,81
DA:11,217
DA:12,607
DA:13,314
DA:14,314
DA:16,314
DA:17,313
DA:18,312
DA:22,77
DA:25,5
DA:26,49
DA:28,5
DA:29,34
DA:30,34
DA:31,34
DA:32,1
DA:35,5
DA:36,5
DA:37,5
DA:39,5
DA:40,5
DA:41,5
DA:42,0
DA:43,0
DA:44,0
DA:46,0
DA:47,0
DA:48,0
DA:52,5
DA:55,5
DA:56,2
DA:57,2
DA:58,35
DA:60,2
DA:63,5
DA:64,40
DA:65,2
DA:66,2
DA:69,2
DA:70,2
DA:71,3
DA:72,12
DA:73,2
DA:77,3
DA:78,3
DA:79,3
DA:80,3
DA:82,0
DA:86,2
DA:91,5
DA:92,65
DA:93,65
DA:100,65
DA:101,65
DA:102,65
DA:103,65
DA:107,65
DA:108,22
DA:109,22
DA:110,3
DA:111,3
DA:112,3
DA:113,3
DA:114,3
DA:116,19
DA:119,22
DA:120,220
DA:123,22
DA:124,0
DA:125,0
DA:127,22
DA:136,65
DA:137,0
DA:139,65
DA:141,4
DA:142,4
DA:147,65
DA:148,1
DA:150,1
DA:151,20
DA:152,20
DA:153,0
DA:154,0
DA:156,20
DA:158,20
DA:161,1
DA:162,0
DA:164,1
DA:167,65
DA:168,20
DA:170,1
DA:171,3
DA:172,9
DA:173,4
DA:178,1
DA:181,65
DA:182,1
DA:183,1
DA:185,1
DA:186,1
DA:187,1
DA:190,65
DA:191,3
DA:192,3
DA:198,0
DA:199,0
DA:200,0
DA:201,0
DA:203,0
DA:208,65
DA:209,1
DA:210,1
DA:213,65
DA:215,32
DA:216,32
DA:221,65
DA:223,20
DA:224,1
DA:226,1
DA:227,1
DA:230,1
DA:231,1
DA:232,1
DA:233,1
DA:234,1
DA:237,1
DA:239,1
DA:240,1
DA:243,1
DA:244,0
DA:247,0
DA:248,0
DA:249,0
DA:251,0
DA:253,0
DA:255,0
DA:256,0
DA:259,0
DA:261,0
DA:262,0
DA:265,0
DA:266,0
DA:267,0
DA:272,0
DA:273,0
DA:274,0
DA:275,0
DA:276,0
DA:277,0
DA:279,0
DA:281,0
DA:285,1
DA:286,20
DA:287,1
DA:288,2
DA:289,2
DA:290,0
DA:292,1
DA:296,65
DA:297,0
DA:300,65
DA:301,21
DA:302,21
DA:303,21
DA:304,21
DA:305,21
DA:308,65
DA:320,0
DA:322,0
LF:170
LH:126
BRDA:12,0,0,314
BRDA:12,0,1,293
BRDA:16,1,0,1
BRDA:16,1,1,313
BRDA:16,2,0,314
BRDA:16,2,1,314
BRDA:17,3,0,1
BRDA:17,3,1,312
BRDA:17,4,0,313
BRDA:17,4,1,312
BRDA:18,5,0,2
BRDA:18,5,1,310
BRDA:18,6,0,312
BRDA:18,6,1,312
BRDA:31,7,0,33
BRDA:31,7,1,1
BRDA:43,8,0,0
BRDA:43,8,1,0
BRDA:44,9,0,0
BRDA:44,9,1,0
BRDA:72,10,0,1
BRDA:72,10,1,2
BRDA:79,11,0,3
BRDA:79,11,1,0
BRDA:102,12,0,65
BRDA:102,12,1,57
BRDA:109,13,0,3
BRDA:109,13,1,19
BRDA:109,14,0,22
BRDA:109,14,1,22
BRDA:113,15,0,3
BRDA:113,15,1,0
BRDA:120,16,0,220
BRDA:120,16,1,220
BRDA:123,17,0,0
BRDA:123,17,1,22
BRDA:142,18,0,4
BRDA:142,18,1,0
BRDA:152,19,0,0
BRDA:152,19,1,20
BRDA:152,20,0,20
BRDA:152,20,1,0
BRDA:152,21,0,20
BRDA:152,21,1,20
BRDA:161,22,0,0
BRDA:161,22,1,1
BRDA:161,23,0,1
BRDA:161,23,1,0
BRDA:172,24,0,4
BRDA:172,24,1,5
BRDA:191,25,0,3
BRDA:191,25,1,0
BRDA:198,26,0,0
BRDA:198,26,1,0
BRDA:216,27,0,32
BRDA:216,27,1,0
BRDA:233,28,0,0
BRDA:233,28,1,1
BRDA:243,29,0,0
BRDA:243,29,1,1
BRDA:251,30,0,0
BRDA:251,30,1,0
BRDA:259,31,0,0
BRDA:259,31,1,0
BRDA:276,32,0,0
BRDA:276,32,1,0
BRDA:289,33,0,2
BRDA:289,33,1,0
BRF:68
BRH:43
end_of_record
TN:
SF:src/components/Lobby/Home.tsx
FN:23,(anonymous_0)
FN:36,(anonymous_1)
FN:38,(anonymous_2)
FN:44,(anonymous_3)
FN:48,(anonymous_4)
FN:49,(anonymous_5)
FN:57,(anonymous_6)
FN:61,(anonymous_7)
FN:64,(anonymous_8)
FN:71,(anonymous_9)
FN:74,(anonymous_10)
FN:77,(anonymous_11)
FN:84,(anonymous_12)
FN:103,(anonymous_13)
FN:114,(anonymous_14)
FN:118,(anonymous_15)
FN:126,(anonymous_16)
FN:131,(anonymous_17)
FN:146,(anonymous_18)
FN:152,(anonymous_19)
FN:169,(anonymous_20)
FN:178,(anonymous_21)
FN:212,(anonymous_22)
FN:227,(anonymous_23)
FN:230,(anonymous_24)
FN:233,(anonymous_25)
FN:248,(anonymous_26)
FN:254,(anonymous_27)
FNF:28
FNH:15
FNDA:72,(anonymous_0)
FNDA:26,(anonymous_1)
FNDA:0,(anonymous_2)
FNDA:56,(anonymous_3)
FNDA:0,(anonymous_4)
FNDA:0,(anonymous_5)
FNDA:0,(anonymous_6)
FNDA:0,(anonymous_7)
FNDA:0,(anonymous_8)
FNDA:0,(anonymous_9)
FNDA:0,(anonymous_10)
FNDA:0,(anonymous_11)
FNDA:0,(anonymous_12)
FNDA:56,(anonymous_13)
FNDA:1,(anonymous_14)
FNDA:16,(anonymous_15)
FNDA:10,(anonymous_16)
FNDA:4,(anonymous_17)
FNDA:0,(anonymous_18)
FNDA:0,(anonymous_19)
FNDA:72,(anonymous_20)
FNDA:0,(anonymous_21)
FNDA:15,(anonymous_22)
FNDA:7,(anonymous_23)
FNDA:3,(anonymous_24)
FNDA:1,(anonymous_25)
FNDA:4,(anonymous_26)
FNDA:1,(anonymous_27)
DA:23,3
DA:24,72
DA:25,72
DA:26,72
DA:27,72
DA:29,72
DA:30,72
DA:31,72
DA:32,72
DA:33,72
DA:36,72
DA:37,26
DA:38,0
DA:39,0
DA:44,72
DA:45,56
DA:46,56
DA:48,56
DA:49,0
DA:54,0
DA:57,56
DA:58,0
DA:61,56
DA:62,0
DA:63,0
DA:64,0
DA:65,0
DA:66,0
DA:67,0
DA:69,0
DA:71,0
DA:74,0
DA:77,56
DA:78,0
DA:79,0
DA:81,0
DA:84,56
DA:85,0
DA:86,0
DA:89,56
DA:90,55
DA:91,55
DA:92,55
DA:93,55
DA:94,55
DA:96,55
DA:97,55
DA:98,55
DA:99,55
DA:100,55
DA:103,56
DA:104,56
DA:105,55
DA:106,55
DA:107,55
DA:108,55
DA:109,55
DA:114,72
DA:115,1
DA:118,72
DA:119,16
DA:120,3
DA:121,3
DA:123,13
DA:126,72
DA:127,10
DA:128,10
DA:131,72
DA:132,4
DA:133,2
DA:134,2
DA:136,2
DA:137,2
DA:138,2
DA:139,4
DA:141,4
DA:143,4
DA:146,72
DA:147,0
DA:148,0
DA:152,72
DA:153,0
DA:154,0
DA:155,0
DA:156,0
DA:157,0
DA:158,0
DA:160,0
DA:163,0
DA:164,0
DA:166,0
DA:169,72
DA:170,72
DA:171,2
DA:179,0
DA:203,70
DA:205,42
DA:212,15
DA:225,14
DA:227,7
DA:230,3
DA:233,1
DA:240,14
DA:248,4
DA:254,1
DA:261,0
DA:265,72
LF:107
LH:74
BRDA:37,0,0,0
BRDA:37,0,1,26
BRDA:52,1,0,0
BRDA:52,1,1,0
BRDA:54,2,0,0
BRDA:54,2,1,0
BRDA:62,3,0,0
BRDA:62,3,1,0
BRDA:63,4,0,0
BRDA:63,4,1,0
BRDA:65,5,0,0
BRDA:65,5,1,0
BRDA:74,6,0,0
BRDA:74,6,1,0
BRDA:78,7,0,0
BRDA:78,7,1,0
BRDA:78,8,0,0
BRDA:78,8,1,0
BRDA:89,9,0,55
BRDA:89,9,1,1
BRDA:104,10,0,55
BRDA:104,10,1,1
BRDA:119,11,0,3
BRDA:119,11,1,13
BRDA:119,12,0,16
BRDA:119,12,1,14
BRDA:127,13,0,7
BRDA:127,13,1,3
BRDA:128,14,0,3
BRDA:128,14,1,7
BRDA:132,15,0,2
BRDA:132,15,1,2
BRDA:132,16,0,4
BRDA:132,16,1,3
BRDA:138,17,0,2
BRDA:138,17,1,0
BRDA:141,18,0,1
BRDA:141,18,1,1
BRDA:147,19,0,0
BRDA:147,19,1,0
BRDA:147,20,0,0
BRDA:147,20,1,0
BRDA:157,21,0,0
BRDA:157,21,1,0
BRDA:170,22,0,2
BRDA:170,22,1,70
BRDA:180,23,0,0
BRDA:180,23,1,0
BRDA:186,24,0,2
BRDA:186,24,1,0
BRDA:203,25,0,70
BRDA:203,25,1,14
BRDA:203,25,2,10
BRDA:203,25,3,14
BRDA:203,25,4,0
BRDA:242,26,0,10
BRDA:242,26,1,4
BRDA:252,27,0,10
BRDA:252,27,1,4
BRF:59
BRH:31
end_of_record
TN:
SF:src/components/Solo/SoloBoard.tsx
FN:8,SoloBoard
FN:25,(anonymous_1)
FN:29,(anonymous_2)
FN:36,(anonymous_3)
FN:42,(anonymous_4)
FN:46,(anonymous_5)
FN:75,(anonymous_6)
FN:83,(anonymous_7)
FN:84,(anonymous_8)
FN:121,(anonymous_9)
FN:123,(anonymous_10)
FNF:11
FNH:11
FNDA:19,SoloBoard
FNDA:12,(anonymous_1)
FNDA:19,(anonymous_2)
FNDA:7,(anonymous_3)
FNDA:1,(anonymous_4)
FNDA:6,(anonymous_5)
FNDA:1,(anonymous_6)
FNDA:380,(anonymous_7)
FNDA:3800,(anonymous_8)
FNDA:380,(anonymous_9)
FNDA:3800,(anonymous_10)
DA:9,19
DA:10,19
DA:11,19
DA:23,19
DA:25,19
DA:26,12
DA:29,19
DA:30,19
DA:31,0
DA:32,0
DA:36,19
DA:37,7
DA:38,7
DA:39,7
DA:42,19
DA:43,1
DA:46,19
DA:47,6
DA:49,5
DA:51,5
DA:52,5
DA:55,5
DA:57,1
DA:58,1
DA:60,1
DA:61,1
DA:63,1
DA:64,1
DA:66,1
DA:67,1
DA:68,1
DA:70,1
DA:71,1
DA:75,19
DA:76,1
DA:78,1
DA:79,1
DA:83,19
DA:84,380
DA:86,3800
DA:92,3800
DA:96,19
DA:122,380
DA:124,3800
LF:44
LH:42
BRDA:30,0,0,0
BRDA:30,0,1,19
BRDA:30,1,0,19
BRDA:30,1,1,0
BRDA:47,2,0,1
BRDA:47,2,1,5
BRDA:47,3,0,6
BRDA:47,3,1,5
BRDA:51,4,0,5
BRDA:51,4,1,0
BRDA:55,5,0,1
BRDA:55,5,1,1
BRDA:55,5,2,1
BRDA:55,5,3,1
BRDA:55,5,4,1
BRDA:76,6,0,0
BRDA:76,6,1,1
BRDA:76,7,0,1
BRDA:76,7,1,1
BRDA:78,8,0,1
BRDA:78,8,1,0
BRDA:86,9,0,3800
BRDA:86,9,1,3800
BRDA:86,9,2,190
BRDA:86,9,3,133
BRDA:86,9,4,19
BRDA:92,10,0,19
BRDA:92,10,1,3781
BRDA:108,11,0,19
BRDA:108,11,1,0
BRDA:112,12,0,7
BRDA:112,12,1,12
BRDA:112,13,0,19
BRDA:112,13,1,12
BRDA:128,14,0,3800
BRDA:128,14,1,3781
BRDA:129,15,0,19
BRDA:129,15,1,3781
BRF:38
BRH:32
end_of_record
TN:
SF:src/context/SocketContext.tsx
FN:13,(anonymous_0)
FN:16,(anonymous_1)
FN:26,(anonymous_2)
FN:36,(anonymous_3)
FN:37,(anonymous_4)
FN:40,(anonymous_5)
FN:61,(anonymous_6)
FNF:7
FNH:7
FNDA:25,(anonymous_0)
FNDA:9,(anonymous_1)
FNDA:3,(anonymous_2)
FNDA:3,(anonymous_3)
FNDA:3,(anonymous_4)
FNDA:1,(anonymous_5)
FNDA:25,(anonymous_6)
DA:11,3
DA:13,3
DA:14,25
DA:16,25
DA:17,9
DA:18,9
DA:19,9
DA:20,9
DA:22,0
DA:23,0
DA:26,25
DA:27,3
DA:28,2
DA:29,2
DA:32,2
DA:36,25
DA:37,3
DA:38,3
DA:39,1
DA:40,1
DA:41,1
DA:42,1
DA:43,1
DA:46,0
DA:49,2
DA:54,25
DA:61,3
DA:62,25
DA:63,25
DA:64,24
LF:30
LH:27
BRDA:17,0,0,9
BRDA:17,0,1,0
BRDA:22,1,0,0
BRDA:22,1,1,0
BRDA:27,2,0,2
BRDA:27,2,1,1
BRDA:38,3,0,1
BRDA:38,3,1,2
BRDA:38,4,0,3
BRDA:38,4,1,2
BRDA:63,5,0,1
BRDA:63,5,1,24
BRF:12
BRH:9
end_of_record
