TN:
SF:src/server/game.js
FN:5,(anonymous_0)
FN:15,(anonymous_1)
FN:24,(anonymous_2)
FN:25,(anonymous_3)
FN:35,(anonymous_4)
FN:39,(anonymous_5)
FN:46,(anonymous_6)
FN:56,(anonymous_7)
FN:64,(anonymous_8)
FN:65,(anonymous_9)
FN:68,(anonymous_10)
FN:69,(anonymous_11)
FNF:12
FNH:12
FNDA:13,(anonymous_0)
FNDA:22,(anonymous_1)
FNDA:9,(anonymous_2)
FNDA:16,(anonymous_3)
FNDA:4,(anonymous_4)
FNDA:8,(anonymous_5)
FNDA:8,(anonymous_6)
FNDA:19,(anonymous_7)
FNDA:1,(anonymous_8)
FNDA:2,(anonymous_9)
FNDA:4,(anonymous_10)
FNDA:8,(anonymous_11)
DA:1,1
DA:2,1
DA:6,13
DA:7,13
DA:8,13
DA:9,13
DA:10,13
DA:11,13
DA:12,13
DA:16,22
DA:17,22
DA:18,11
DA:19,11
DA:20,11
DA:25,16
DA:26,9
DA:27,4
DA:28,4
DA:30,9
DA:31,3
DA:36,4
DA:37,4
DA:38,4
DA:39,4
DA:40,8
DA:41,8
DA:42,8
DA:47,8
DA:48,8
DA:49,8
DA:50,125
DA:51,125
DA:53,8
DA:57,19
DA:58,2
DA:60,19
DA:61,19
DA:65,2
DA:69,8
DA:70,4
DA:74,1
LF:41
LH:41
BRDA:17,0,0,11
BRDA:26,1,0,4
BRDA:26,2,0,9
BRDA:26,2,1,7
BRDA:30,3,0,3
BRDA:46,4,0,6
BRDA:57,5,0,2
BRF:7
BRH:7
end_of_record
TN:
SF:src/server/index.js
FN:6,(anonymous_0)
FN:13,(anonymous_1)
FN:18,(anonymous_2)
FN:22,(anonymous_3)
FN:24,(anonymous_4)
FN:31,(anonymous_5)
FN:79,(anonymous_6)
FN:83,(anonymous_7)
FN:98,(anonymous_8)
FN:101,(anonymous_9)
FN:110,(anonymous_10)
FN:123,(anonymous_11)
FN:134,(anonymous_12)
FN:137,(anonymous_13)
FN:154,(anonymous_14)
FN:157,(anonymous_15)
FN:165,(anonymous_16)
FN:168,(anonymous_17)
FN:176,(anonymous_18)
FN:179,(anonymous_19)
FN:193,(anonymous_20)
FN:196,(anonymous_21)
FN:208,(anonymous_22)
FN:211,(anonymous_23)
FN:218,(anonymous_24)
FN:234,(anonymous_25)
FN:237,(anonymous_26)
FN:244,(anonymous_27)
FN:260,(anonymous_28)
FN:263,(anonymous_29)
FN:266,(anonymous_30)
FN:282,(anonymous_31)
FN:291,(anonymous_32)
FN:307,create
FN:308,(anonymous_34)
FN:310,(anonymous_35)
FN:318,(anonymous_36)
FN:320,(anonymous_37)
FNF:38
FNH:35
FNDA:1,(anonymous_0)
FNDA:1,(anonymous_1)
FNDA:1,(anonymous_2)
FNDA:12,(anonymous_3)
FNDA:12,(anonymous_4)
FNDA:0,(anonymous_5)
FNDA:15,(anonymous_6)
FNDA:5,(anonymous_7)
FNDA:1,(anonymous_8)
FNDA:2,(anonymous_9)
FNDA:1,(anonymous_10)
FNDA:0,(anonymous_11)
FNDA:1,(anonymous_12)
FNDA:2,(anonymous_13)
FNDA:1,(anonymous_14)
FNDA:2,(anonymous_15)
FNDA:1,(anonymous_16)
FNDA:2,(anonymous_17)
FNDA:1,(anonymous_18)
FNDA:2,(anonymous_19)
FNDA:1,(anonymous_20)
FNDA:2,(anonymous_21)
FNDA:1,(anonymous_22)
FNDA:2,(anonymous_23)
FNDA:1,(anonymous_24)
FNDA:2,(anonymous_25)
FNDA:3,(anonymous_26)
FNDA:1,(anonymous_27)
FNDA:12,(anonymous_28)
FNDA:5,(anonymous_29)
FNDA:7,(anonymous_30)
FNDA:0,(anonymous_31)
FNDA:1,(anonymous_32)
FNDA:1,create
FNDA:1,(anonymous_34)
FNDA:1,(anonymous_35)
FNDA:1,(anonymous_36)
FNDA:1,(anonymous_37)
DA:1,1
DA:2,1
DA:3,1
DA:4,1
DA:6,1
DA:7,1
DA:9,1
DA:10,1
DA:11,1
DA:13,1
DA:14,1
DA:18,1
DA:19,1
DA:20,1
DA:22,1
DA:24,12
DA:25,12
DA:26,2
DA:27,1
DA:28,1
DA:30,1
DA:31,0
DA:33,1
DA:36,11
DA:37,1
DA:38,1
DA:40,10
DA:41,0
DA:42,0
DA:45,10
DA:47,10
DA:49,10
DA:50,0
DA:51,0
DA:54,10
DA:55,0
DA:56,0
DA:59,10
DA:60,0
DA:63,10
DA:64,10
DA:66,10
DA:67,10
DA:73,10
DA:79,15
DA:80,10
DA:83,12
DA:84,5
DA:85,5
DA:86,5
DA:88,4
DA:89,1
DA:90,1
DA:93,3
DA:94,3
DA:98,12
DA:99,1
DA:100,1
DA:101,2
DA:102,1
DA:103,1
DA:104,1
DA:107,0
DA:110,12
DA:111,1
DA:113,1
DA:114,1
DA:115,1
DA:116,1
DA:120,0
DA:123,12
DA:124,0
DA:125,0
DA:126,0
DA:127,0
DA:131,0
DA:134,12
DA:135,1
DA:136,1
DA:137,2
DA:138,1
DA:139,1
DA:140,1
DA:142,1
DA:144,1
DA:145,1
DA:147,0
DA:148,1
DA:154,12
DA:155,1
DA:156,1
DA:157,2
DA:158,1
DA:159,1
DA:160,1
DA:165,12
DA:166,1
DA:167,1
DA:168,2
DA:169,1
DA:170,1
DA:171,1
DA:176,12
DA:177,1
DA:178,1
DA:179,2
DA:180,1
DA:181,1
DA:182,1
DA:183,1
DA:193,12
DA:194,1
DA:195,1
DA:196,2
DA:197,1
DA:199,1
DA:208,12
DA:209,1
DA:210,1
DA:211,2
DA:212,1
DA:213,1
DA:215,1
DA:217,1
DA:218,1
DA:219,1
DA:220,1
DA:221,1
DA:225,1
DA:227,0
DA:230,0
DA:234,12
DA:235,2
DA:236,2
DA:237,3
DA:238,2
DA:239,2
DA:240,2
DA:242,2
DA:243,2
DA:244,2
DA:245,2
DA:248,2
DA:249,1
DA:250,1
DA:252,2
DA:253,2
DA:254,2
DA:257,0
DA:260,12
DA:261,12
DA:262,5
DA:263,5
DA:264,5
DA:265,4
DA:266,7
DA:268,4
DA:269,2
DA:270,2
DA:271,2
DA:273,2
DA:274,2
DA:276,2
DA:277,2
DA:278,2
DA:279,0
DA:280,0
DA:281,0
DA:282,0
DA:286,2
DA:288,2
DA:289,2
DA:291,2
DA:292,2
DA:294,2
DA:295,1
DA:296,1
DA:298,2
DA:300,4
DA:308,1
DA:309,1
DA:310,1
DA:311,1
DA:318,1
DA:319,1
DA:320,1
DA:321,1
DA:323,1
DA:326,1
DA:327,1
DA:330,1
LF:191
LH:168
BRDA:25,0,0,2
BRDA:26,1,0,1
BRDA:31,2,0,0
BRDA:31,2,1,0
BRDA:31,2,2,0
BRDA:33,3,0,1
BRDA:33,3,1,1
BRDA:36,4,0,1
BRDA:36,5,0,11
BRDA:36,5,1,6
BRDA:40,6,0,0
BRDA:40,7,0,10
BRDA:40,7,1,5
BRDA:45,8,0,5
BRDA:49,9,0,0
BRDA:54,10,0,0
BRDA:59,11,0,0
BRDA:71,12,0,10
BRDA:71,12,1,10
BRDA:85,13,0,5
BRDA:85,14,0,5
BRDA:85,14,1,5
BRDA:86,15,0,1
BRDA:86,16,0,5
BRDA:86,16,1,5
BRDA:88,17,0,1
BRDA:100,18,0,1
BRDA:101,19,0,2
BRDA:101,19,1,1
BRDA:102,20,0,1
BRDA:103,21,0,1
BRDA:107,22,0,0
BRDA:115,23,0,1
BRDA:126,24,0,0
BRDA:136,25,0,1
BRDA:138,26,0,1
BRDA:138,27,0,1
BRDA:138,27,1,1
BRDA:142,28,0,1
BRDA:142,29,0,1
BRDA:142,29,1,1
BRDA:142,29,2,0
BRDA:142,29,3,0
BRDA:144,30,0,1
BRDA:144,30,1,0
BRDA:156,31,0,1
BRDA:158,32,0,1
BRDA:167,33,0,1
BRDA:169,34,0,1
BRDA:169,35,0,1
BRDA:169,35,1,1
BRDA:178,36,0,1
BRDA:180,37,0,1
BRDA:182,38,0,1
BRDA:195,39,0,1
BRDA:197,40,0,1
BRDA:210,41,0,1
BRDA:210,41,1,0
BRDA:212,42,0,1
BRDA:212,42,1,0
BRDA:217,43,0,1
BRDA:219,44,0,1
BRDA:225,45,0,1
BRDA:227,46,0,0
BRDA:230,47,0,0
BRDA:236,48,0,2
BRDA:238,49,0,2
BRDA:243,50,0,2
BRDA:248,51,0,1
BRDA:252,52,0,1
BRDA:253,53,0,2
BRDA:257,54,0,0
BRDA:264,55,0,4
BRDA:268,56,0,2
BRDA:268,56,1,2
BRDA:270,57,0,2
BRDA:276,58,0,2
BRDA:276,58,1,0
BRDA:279,59,0,0
BRDA:279,60,0,0
BRDA:279,60,1,0
BRDA:294,61,0,1
BRDA:298,62,0,1
BRF:83
BRH:62
end_of_record
TN:
SF:src/server/main.js
FN:2,_interopRequireWildcard
FN:5,(anonymous_3)
FNF:2
FNH:0
FNDA:0,_interopRequireWildcard
FNDA:0,(anonymous_3)
DA:1,0
DA:2,0
DA:4,0
DA:6,0
DA:7,0
LF:5
LH:0
BRDA:2,0,0,0
BRDA:2,1,0,0
BRDA:2,1,1,0
BRDA:2,1,2,0
BRDA:2,2,0,0
BRDA:2,2,1,0
BRF:6
BRH:0
end_of_record
TN:
SF:src/server/piece.js
FN:2,(anonymous_0)
FN:9,(anonymous_1)
FN:13,(anonymous_2)
FN:17,(anonymous_3)
FN:21,(anonymous_4)
FN:25,(anonymous_5)
FN:29,(anonymous_6)
FN:33,(anonymous_7)
FNF:8
FNH:8
FNDA:41,(anonymous_0)
FNDA:8,(anonymous_1)
FNDA:16,(anonymous_2)
FNDA:3,(anonymous_3)
FNDA:3,(anonymous_4)
FNDA:1,(anonymous_5)
FNDA:1,(anonymous_6)
FNDA:41,(anonymous_7)
DA:3,41
DA:4,41
DA:5,41
DA:6,41
DA:10,8
DA:14,16
DA:18,3
DA:22,3
DA:26,1
DA:30,1
DA:34,41
DA:78,1
LF:12
LH:12
BRDA:2,0,0,38
BRF:1
BRH:1
end_of_record
TN:
SF:src/server/player.js
FN:2,(anonymous_0)
FN:12,(anonymous_1)
FN:13,(anonymous_2)
FN:16,(anonymous_3)
FN:26,(anonymous_4)
FN:30,(anonymous_5)
FNF:6
FNH:6
FNDA:27,(anonymous_0)
FNDA:37,(anonymous_1)
FNDA:740,(anonymous_2)
FNDA:3,(anonymous_3)
FNDA:9,(anonymous_4)
FNDA:1,(anonymous_5)
DA:3,27
DA:4,27
DA:5,27
DA:6,27
DA:7,27
DA:8,27
DA:9,27
DA:13,740
DA:17,3
DA:18,30
DA:19,30
DA:20,600
DA:22,30
DA:27,9
DA:31,1
DA:35,1
LF:16
LH:16
BRDA:20,0,0,6
BRF:1
BRH:1
end_of_record
