TN:
SF:/home/kelvi/Documents/42_red-tetris/backend/src/server/game.js
FN:5,Game
FN:39,(anonymous_11)
FNF:2
FNH:2
FNDA:5,Game
FNDA:4,(anonymous_11)
DA:5,2
DA:17,8
DA:26,4
DA:30,4
DA:49,4
DA:57,10
LF:6
LH:6
BRDA:17,1,0,4
BRDA:17,1,1,4
BRDA:26,2,0,1
BRDA:26,2,1,3
BRDA:26,3,0,4
BRDA:26,3,1,3
BRDA:30,4,0,2
BRDA:30,4,1,2
BRDA:46,5,0,1
BRDA:46,5,1,3
BRDA:46,6,0,4
BRDA:46,6,1,1
BRDA:57,7,0,1
BRDA:57,7,1,9
BRF:14
BRH:14
end_of_record
TN:
SF:/home/kelvi/Documents/42_red-tetris/backend/src/server/index.js
FN:6,initApp
FN:13,(anonymous_2)
FN:18,initEngine
FN:22,(anonymous_4)
FN:24,(anonymous_5)
FN:84,(anonymous_8)
FN:99,(anonymous_9)
FN:111,findLastOneIndex
FN:124,findFirstOneIndex
FN:135,(anonymous_13)
FN:155,(anonymous_15)
FN:166,(anonymous_17)
FN:177,(anonymous_19)
FN:196,(anonymous_21)
FN:224,(anonymous_24)
FN:267,create
FN:268,(anonymous_29)
FN:270,(anonymous_30)
FN:278,stop
FN:280,(anonymous_32)
FNF:20
FNH:18
FNDA:1,initApp
FNDA:1,(anonymous_2)
FNDA:1,initEngine
FNDA:3,(anonymous_4)
FNDA:3,(anonymous_5)
FNDA:2,(anonymous_8)
FNDA:1,(anonymous_9)
FNDA:1,findLastOneIndex
FNDA:0,findFirstOneIndex
FNDA:1,(anonymous_13)
FNDA:1,(anonymous_15)
FNDA:1,(anonymous_17)
FNDA:1,(anonymous_19)
FNDA:0,(anonymous_21)
FNDA:3,(anonymous_24)
FNDA:1,create
FNDA:1,(anonymous_29)
FNDA:1,(anonymous_30)
FNDA:1,stop
FNDA:1,(anonymous_32)
DA:25,3
DA:26,2
DA:36,2
DA:40,2
DA:45,2
DA:49,2
DA:54,2
DA:59,2
DA:60,0
DA:61,2
DA:86,2
DA:87,2
DA:89,2
DA:101,1
DA:103,1
DA:104,1
DA:108,0
DA:114,1
DA:115,1
DA:116,2
DA:125,0
DA:126,0
DA:127,0
DA:137,1
DA:139,1
DA:143,1
DA:145,1
DA:146,1
DA:157,1
DA:159,1
DA:168,1
DA:170,1
DA:179,1
DA:181,1
DA:186,1
DA:187,1
DA:189,0
DA:192,0
DA:198,0
DA:200,0
DA:206,0
DA:211,0
DA:216,0
DA:217,0
DA:221,0
DA:225,3
DA:228,1
DA:232,1
DA:234,1
DA:240,0
DA:253,0
DA:258,0
DA:267,2
LF:53
LH:36
BRDA:25,1,0,2
BRDA:25,1,1,1
BRDA:26,2,0,1
BRDA:26,2,1,1
BRDA:31,3,0,0
BRDA:31,3,1,0
BRDA:31,3,2,0
BRDA:33,4,0,1
BRDA:33,4,1,1
BRDA:36,5,0,0
BRDA:36,5,1,2
BRDA:36,6,0,2
BRDA:36,6,1,1
BRDA:40,7,0,0
BRDA:40,7,1,2
BRDA:40,8,0,2
BRDA:40,8,1,1
BRDA:45,9,0,1
BRDA:45,9,1,1
BRDA:49,10,0,0
BRDA:49,10,1,2
BRDA:54,11,0,0
BRDA:54,11,1,2
BRDA:59,12,0,0
BRDA:59,12,1,2
BRDA:59,13,0,2
BRDA:59,13,1,0
BRDA:61,14,0,0
BRDA:61,14,1,2
BRDA:72,15,0,2
BRDA:72,15,1,2
BRDA:86,16,0,2
BRDA:86,16,1,0
BRDA:86,17,0,2
BRDA:86,17,1,2
BRDA:87,18,0,0
BRDA:87,18,1,2
BRDA:87,19,0,2
BRDA:87,19,1,2
BRDA:89,20,0,1
BRDA:89,20,1,1
BRDA:101,21,0,1
BRDA:101,21,1,0
BRDA:102,22,0,2
BRDA:102,22,1,1
BRDA:103,23,0,1
BRDA:103,23,1,0
BRDA:104,24,0,1
BRDA:104,24,1,0
BRDA:108,25,0,0
BRDA:108,25,1,0
BRDA:116,26,0,1
BRDA:116,26,1,1
BRDA:127,27,0,0
BRDA:127,27,1,0
BRDA:137,28,0,1
BRDA:137,28,1,0
BRDA:139,29,0,1
BRDA:139,29,1,0
BRDA:139,30,0,1
BRDA:139,30,1,1
BRDA:143,31,0,1
BRDA:143,31,1,0
BRDA:143,32,0,1
BRDA:143,32,1,1
BRDA:143,32,2,0
BRDA:143,32,3,0
BRDA:145,33,0,1
BRDA:145,33,1,0
BRDA:157,34,0,1
BRDA:157,34,1,0
BRDA:159,35,0,1
BRDA:159,35,1,0
BRDA:168,36,0,1
BRDA:168,36,1,0
BRDA:170,37,0,1
BRDA:170,37,1,0
BRDA:170,38,0,1
BRDA:170,38,1,1
BRDA:179,39,0,1
BRDA:179,39,1,0
BRDA:181,40,0,1
BRDA:181,40,1,0
BRDA:186,41,0,0
BRDA:186,41,1,1
BRDA:187,42,0,1
BRDA:187,42,1,0
BRDA:189,43,0,0
BRDA:189,43,1,0
BRDA:192,44,0,0
BRDA:192,44,1,0
BRDA:198,45,0,0
BRDA:198,45,1,0
BRDA:200,46,0,0
BRDA:200,46,1,0
BRDA:206,47,0,0
BRDA:206,47,1,0
BRDA:211,48,0,0
BRDA:211,48,1,0
BRDA:216,49,0,0
BRDA:216,49,1,0
BRDA:217,50,0,0
BRDA:217,50,1,0
BRDA:221,51,0,0
BRDA:221,51,1,0
BRDA:228,52,0,1
BRDA:228,52,1,0
BRDA:232,53,0,1
BRDA:232,53,1,0
BRDA:234,54,0,0
BRDA:234,54,1,1
BRDA:240,55,0,0
BRDA:240,55,1,0
BRDA:253,56,0,0
BRDA:253,56,1,0
BRDA:258,57,0,0
BRDA:258,57,1,0
BRF:117
BRH:57
end_of_record
TN:
SF:/home/kelvi/Documents/42_red-tetris/backend/src/server/main.js
FNF:0
FNH:0
LF:0
LH:0
BRF:0
BRH:0
end_of_record
TN:
SF:/home/kelvi/Documents/42_red-tetris/backend/src/server/piece.js
FN:2,Piece
FNF:1
FNH:1
FNDA:20,Piece
DA:2,2
LF:1
LH:1
BRDA:2,1,0,0
BRDA:2,1,1,20
BRDA:2,2,0,20
BRDA:2,2,1,0
BRF:4
BRH:2
end_of_record
TN:
SF:/home/kelvi/Documents/42_red-tetris/backend/src/server/player.js
FN:2,Player
FNF:1
FNH:1
FNDA:9,Player
DA:2,2
DA:17,1
DA:19,10
DA:20,200
LF:4
LH:4
BRDA:20,1,0,4
BRDA:20,1,1,196
BRF:2
BRH:2
end_of_record
