{"/home/kelvi/Documents/42_red-tetris/backend/src/server/game.js":{"path":"/home/kelvi/Documents/42_red-tetris/backend/src/server/game.js","statementMap":{"0":{"start":{"line":3,"column":14},"end":{"line":3,"column":32}},"1":{"start":{"line":4,"column":15},"end":{"line":4,"column":34}},"2":{"start":{"line":7,"column":4},"end":{"line":7,"column":29}},"3":{"start":{"line":8,"column":4},"end":{"line":8,"column":22}},"4":{"start":{"line":9,"column":4},"end":{"line":9,"column":28}},"5":{"start":{"line":10,"column":4},"end":{"line":10,"column":31}},"6":{"start":{"line":11,"column":4},"end":{"line":11,"column":27}},"7":{"start":{"line":12,"column":4},"end":{"line":12,"column":21}},"8":{"start":{"line":13,"column":4},"end":{"line":13,"column":25}},"9":{"start":{"line":16,"column":4},"end":{"line":16,"column":30}},"10":{"start":{"line":17,"column":4},"end":{"line":21,"column":5}},"11":{"start":{"line":18,"column":6},"end":{"line":18,"column":25}},"12":{"start":{"line":19,"column":6},"end":{"line":19,"column":36}},"13":{"start":{"line":20,"column":6},"end":{"line":20,"column":27}},"14":{"start":{"line":24,"column":4},"end":{"line":24,"column":58}},"15":{"start":{"line":24,"column":44},"end":{"line":24,"column":56}},"16":{"start":{"line":25,"column":4},"end":{"line":28,"column":5}},"17":{"start":{"line":26,"column":6},"end":{"line":26,"column":34}},"18":{"start":{"line":27,"column":6},"end":{"line":27,"column":30}},"19":{"start":{"line":29,"column":4},"end":{"line":31,"column":5}},"20":{"start":{"line":30,"column":6},"end":{"line":30,"column":23}},"21":{"start":{"line":34,"column":4},"end":{"line":34,"column":26}},"22":{"start":{"line":35,"column":4},"end":{"line":35,"column":54}},"23":{"start":{"line":36,"column":4},"end":{"line":36,"column":31}},"24":{"start":{"line":37,"column":4},"end":{"line":41,"column":7}},"25":{"start":{"line":38,"column":6},"end":{"line":38,"column":28}},"26":{"start":{"line":39,"column":6},"end":{"line":39,"column":43}},"27":{"start":{"line":40,"column":6},"end":{"line":40,"column":47}},"28":{"start":{"line":44,"column":18},"end":{"line":44,"column":53}},"29":{"start":{"line":45,"column":21},"end":{"line":45,"column":23}},"30":{"start":{"line":46,"column":4},"end":{"line":49,"column":5}},"31":{"start":{"line":46,"column":17},"end":{"line":46,"column":18}},"32":{"start":{"line":47,"column":19},"end":{"line":47,"column":66}},"33":{"start":{"line":48,"column":6},"end":{"line":48,"column":26}},"34":{"start":{"line":50,"column":4},"end":{"line":50,"column":20}},"35":{"start":{"line":53,"column":4},"end":{"line":55,"column":5}},"36":{"start":{"line":54,"column":6},"end":{"line":54,"column":83}},"37":{"start":{"line":56,"column":17},"end":{"line":56,"column":61}},"38":{"start":{"line":57,"column":4},"end":{"line":57,"column":27}},"39":{"start":{"line":60,"column":4},"end":{"line":60,"column":60}},"40":{"start":{"line":60,"column":35},"end":{"line":60,"column":58}},"41":{"start":{"line":63,"column":18},"end":{"line":63,"column":53}},"42":{"start":{"line":63,"column":43},"end":{"line":63,"column":52}},"43":{"start":{"line":64,"column":4},"end":{"line":64,"column":29}},"44":{"start":{"line":67,"column":0},"end":{"line":67,"column":22}}},"fnMap":{"0":{"name":"(anonymous_0)","decl":{"start":{"line":6,"column":2},"end":{"line":6,"column":3}},"loc":{"start":{"line":6,"column":24},"end":{"line":14,"column":3}},"line":6},"1":{"name":"(anonymous_1)","decl":{"start":{"line":15,"column":2},"end":{"line":15,"column":3}},"loc":{"start":{"line":15,"column":20},"end":{"line":22,"column":3}},"line":15},"2":{"name":"(anonymous_2)","decl":{"start":{"line":23,"column":2},"end":{"line":23,"column":3}},"loc":{"start":{"line":23,"column":23},"end":{"line":32,"column":3}},"line":23},"3":{"name":"(anonymous_3)","decl":{"start":{"line":24,"column":39},"end":{"line":24,"column":40}},"loc":{"start":{"line":24,"column":44},"end":{"line":24,"column":56}},"line":24},"4":{"name":"(anonymous_4)","decl":{"start":{"line":33,"column":2},"end":{"line":33,"column":3}},"loc":{"start":{"line":33,"column":14},"end":{"line":42,"column":3}},"line":33},"5":{"name":"(anonymous_5)","decl":{"start":{"line":37,"column":25},"end":{"line":37,"column":26}},"loc":{"start":{"line":37,"column":35},"end":{"line":41,"column":5}},"line":37},"6":{"name":"(anonymous_6)","decl":{"start":{"line":43,"column":2},"end":{"line":43,"column":3}},"loc":{"start":{"line":43,"column":37},"end":{"line":51,"column":3}},"line":43},"7":{"name":"(anonymous_7)","decl":{"start":{"line":52,"column":2},"end":{"line":52,"column":3}},"loc":{"start":{"line":52,"column":17},"end":{"line":58,"column":3}},"line":52},"8":{"name":"(anonymous_8)","decl":{"start":{"line":59,"column":2},"end":{"line":59,"column":3}},"loc":{"start":{"line":59,"column":20},"end":{"line":61,"column":3}},"line":59},"9":{"name":"(anonymous_9)","decl":{"start":{"line":60,"column":25},"end":{"line":60,"column":26}},"loc":{"start":{"line":60,"column":35},"end":{"line":60,"column":58}},"line":60},"10":{"name":"(anonymous_10)","decl":{"start":{"line":62,"column":2},"end":{"line":62,"column":3}},"loc":{"start":{"line":62,"column":18},"end":{"line":65,"column":3}},"line":62},"11":{"name":"(anonymous_11)","decl":{"start":{"line":63,"column":38},"end":{"line":63,"column":39}},"loc":{"start":{"line":63,"column":43},"end":{"line":63,"column":52}},"line":63}},"branchMap":{"0":{"loc":{"start":{"line":17,"column":4},"end":{"line":21,"column":5}},"type":"if","locations":[{"start":{"line":17,"column":4},"end":{"line":21,"column":5}},{"start":{},"end":{}}],"line":17},"1":{"loc":{"start":{"line":25,"column":4},"end":{"line":28,"column":5}},"type":"if","locations":[{"start":{"line":25,"column":4},"end":{"line":28,"column":5}},{"start":{},"end":{}}],"line":25},"2":{"loc":{"start":{"line":25,"column":8},"end":{"line":25,"column":48}},"type":"binary-expr","locations":[{"start":{"line":25,"column":8},"end":{"line":25,"column":21}},{"start":{"line":25,"column":25},"end":{"line":25,"column":48}}],"line":25},"3":{"loc":{"start":{"line":29,"column":4},"end":{"line":31,"column":5}},"type":"if","locations":[{"start":{"line":29,"column":4},"end":{"line":31,"column":5}},{"start":{},"end":{}}],"line":29},"4":{"loc":{"start":{"line":43,"column":24},"end":{"line":43,"column":35}},"type":"default-arg","locations":[{"start":{"line":43,"column":33},"end":{"line":43,"column":35}}],"line":43},"5":{"loc":{"start":{"line":53,"column":4},"end":{"line":55,"column":5}},"type":"if","locations":[{"start":{"line":53,"column":4},"end":{"line":55,"column":5}},{"start":{},"end":{}}],"line":53}},"s":{"0":1,"1":1,"2":13,"3":13,"4":13,"5":13,"6":13,"7":13,"8":13,"9":22,"10":22,"11":11,"12":11,"13":11,"14":9,"15":16,"16":9,"17":4,"18":4,"19":9,"20":3,"21":4,"22":4,"23":4,"24":4,"25":8,"26":8,"27":8,"28":8,"29":8,"30":8,"31":8,"32":125,"33":125,"34":8,"35":19,"36":2,"37":19,"38":19,"39":1,"40":2,"41":4,"42":8,"43":4,"44":1},"f":{"0":13,"1":22,"2":9,"3":16,"4":4,"5":8,"6":8,"7":19,"8":1,"9":2,"10":4,"11":8},"b":{"0":[11,11],"1":[4,5],"2":[9,7],"3":[3,6],"4":[6],"5":[2,17]},"inputSourceMap":{"version":3,"names":["Piece","require","Player","Game","constructor","roomName","players","pieceSequence","currentPieceIndex","isStarted","host","socketId","addPlayer","player","push","socket","isHost","removePlayer","filter","p","length","startGame","generatePieceSequence","forEach","isAlive","setPiece","getNextPiece","board","createEmptyBoard","types","sequence","i","type","Math","floor","random","concat","updateSpectrums","updateSpectrum","checkGameOver","alive","module","exports"],"sourceRoot":"/home/kelvi/Documents/42_red-tetris/backend/src/server/","sources":["game.js"],"sourcesContent":["const Piece = require('./piece');\nconst Player = require('./player');\n\nclass Game {\n  constructor(roomName) {\n    this.roomName = roomName;\n    this.players = [];\n    this.pieceSequence = [];\n    this.currentPieceIndex = 0;\n    this.isStarted = false;\n    this.host = null;\n    this.socketId = null;\n  }\n\n  addPlayer(player) {\n    this.players.push(player);\n    if (!this.host) {\n      this.host = player;\n      this.socketId = player.socket;\n      player.isHost = true;\n    }\n  }\n\n  removePlayer(player) {\n    this.players = this.players.filter(p => p !== player);\n    if (player.isHost && this.players.length > 0) {\n      this.host = this.players[0];\n      this.host.isHost = true;\n    }\n    if (this.players.length === 0) {\n      this.host = null;\n    }\n  }\n\n  startGame() {\n    this.isStarted = true;\n    this.pieceSequence = this.generatePieceSequence();\n    this.currentPieceIndex = 0;\n    this.players.forEach(player => {\n      player.isAlive = true;\n      player.setPiece(this.getNextPiece());\n      player.board = player.createEmptyBoard();\n    });\n  }\n\n  generatePieceSequence(length = 20) {\n    const types = ['I', 'O', 'T', 'S', 'Z', 'J', 'L'];\n    const sequence = [];\n    for (let i = 0; i < length; i++) {\n      const type = types[Math.floor(Math.random() * types.length)];\n      sequence.push(type);\n    }\n    return sequence;\n  }\n\n  getNextPiece() {\n    if (this.currentPieceIndex >= this.pieceSequence.length) {\n      this.pieceSequence = this.pieceSequence.concat(this.generatePieceSequence());\n    }\n    const type = this.pieceSequence[this.currentPieceIndex++];\n    return new Piece(type);\n  }\n\n  updateSpectrums() {\n    this.players.forEach(player => player.updateSpectrum());\n  }\n\n  checkGameOver() {\n    const alive = this.players.filter(p => p.isAlive);\n    return alive.length <= 1;\n  }\n}\n\nmodule.exports = Game;\n"],"mappings":";;AAAA,MAAMA,KAAK,GAAGC,OAAO,CAAC,SAAS,CAAC;AAChC,MAAMC,MAAM,GAAGD,OAAO,CAAC,UAAU,CAAC;AAElC,MAAME,IAAI,CAAC;EACTC,WAAWA,CAACC,QAAQ,EAAE;IACpB,IAAI,CAACA,QAAQ,GAAGA,QAAQ;IACxB,IAAI,CAACC,OAAO,GAAG,EAAE;IACjB,IAAI,CAACC,aAAa,GAAG,EAAE;IACvB,IAAI,CAACC,iBAAiB,GAAG,CAAC;IAC1B,IAAI,CAACC,SAAS,GAAG,KAAK;IACtB,IAAI,CAACC,IAAI,GAAG,IAAI;IAChB,IAAI,CAACC,QAAQ,GAAG,IAAI;EACtB;EAEAC,SAASA,CAACC,MAAM,EAAE;IAChB,IAAI,CAACP,OAAO,CAACQ,IAAI,CAACD,MAAM,CAAC;IACzB,IAAI,CAAC,IAAI,CAACH,IAAI,EAAE;MACd,IAAI,CAACA,IAAI,GAAGG,MAAM;MAClB,IAAI,CAACF,QAAQ,GAAGE,MAAM,CAACE,MAAM;MAC7BF,MAAM,CAACG,MAAM,GAAG,IAAI;IACtB;EACF;EAEAC,YAAYA,CAACJ,MAAM,EAAE;IACnB,IAAI,CAACP,OAAO,GAAG,IAAI,CAACA,OAAO,CAACY,MAAM,CAACC,CAAC,IAAIA,CAAC,KAAKN,MAAM,CAAC;IACrD,IAAIA,MAAM,CAACG,MAAM,IAAI,IAAI,CAACV,OAAO,CAACc,MAAM,GAAG,CAAC,EAAE;MAC5C,IAAI,CAACV,IAAI,GAAG,IAAI,CAACJ,OAAO,CAAC,CAAC,CAAC;MAC3B,IAAI,CAACI,IAAI,CAACM,MAAM,GAAG,IAAI;IACzB;IACA,IAAI,IAAI,CAACV,OAAO,CAACc,MAAM,KAAK,CAAC,EAAE;MAC7B,IAAI,CAACV,IAAI,GAAG,IAAI;IAClB;EACF;EAEAW,SAASA,CAAA,EAAG;IACV,IAAI,CAACZ,SAAS,GAAG,IAAI;IACrB,IAAI,CAACF,aAAa,GAAG,IAAI,CAACe,qBAAqB,CAAC,CAAC;IACjD,IAAI,CAACd,iBAAiB,GAAG,CAAC;IAC1B,IAAI,CAACF,OAAO,CAACiB,OAAO,CAACV,MAAM,IAAI;MAC7BA,MAAM,CAACW,OAAO,GAAG,IAAI;MACrBX,MAAM,CAACY,QAAQ,CAAC,IAAI,CAACC,YAAY,CAAC,CAAC,CAAC;MACpCb,MAAM,CAACc,KAAK,GAAGd,MAAM,CAACe,gBAAgB,CAAC,CAAC;IAC1C,CAAC,CAAC;EACJ;EAEAN,qBAAqBA,CAACF,MAAM,GAAG,EAAE,EAAE;IACjC,MAAMS,KAAK,GAAG,CAAC,GAAG,EAAE,GAAG,EAAE,GAAG,EAAE,GAAG,EAAE,GAAG,EAAE,GAAG,EAAE,GAAG,CAAC;IACjD,MAAMC,QAAQ,GAAG,EAAE;IACnB,KAAK,IAAIC,CAAC,GAAG,CAAC,EAAEA,CAAC,GAAGX,MAAM,EAAEW,CAAC,EAAE,EAAE;MAC/B,MAAMC,IAAI,GAAGH,KAAK,CAACI,IAAI,CAACC,KAAK,CAACD,IAAI,CAACE,MAAM,CAAC,CAAC,GAAGN,KAAK,CAACT,MAAM,CAAC,CAAC;MAC5DU,QAAQ,CAAChB,IAAI,CAACkB,IAAI,CAAC;IACrB;IACA,OAAOF,QAAQ;EACjB;EAEAJ,YAAYA,CAAA,EAAG;IACb,IAAI,IAAI,CAAClB,iBAAiB,IAAI,IAAI,CAACD,aAAa,CAACa,MAAM,EAAE;MACvD,IAAI,CAACb,aAAa,GAAG,IAAI,CAACA,aAAa,CAAC6B,MAAM,CAAC,IAAI,CAACd,qBAAqB,CAAC,CAAC,CAAC;IAC9E;IACA,MAAMU,IAAI,GAAG,IAAI,CAACzB,aAAa,CAAC,IAAI,CAACC,iBAAiB,EAAE,CAAC;IACzD,OAAO,IAAIR,KAAK,CAACgC,IAAI,CAAC;EACxB;EAEAK,eAAeA,CAAA,EAAG;IAChB,IAAI,CAAC/B,OAAO,CAACiB,OAAO,CAACV,MAAM,IAAIA,MAAM,CAACyB,cAAc,CAAC,CAAC,CAAC;EACzD;EAEAC,aAAaA,CAAA,EAAG;IACd,MAAMC,KAAK,GAAG,IAAI,CAAClC,OAAO,CAACY,MAAM,CAACC,CAAC,IAAIA,CAAC,CAACK,OAAO,CAAC;IACjD,OAAOgB,KAAK,CAACpB,MAAM,IAAI,CAAC;EAC1B;AACF;AAEAqB,MAAM,CAACC,OAAO,GAAGvC,IAAI","ignoreList":[]},"_coverageSchema":"1a1c01bbd47fc00a2c39e90264f33305004495a9","hash":"bd2b3405bfbae3b5b2a5789b0d21981d5594748f","contentHash":"747b69d0c27ccf8809edc8e0dcdc517485dda5260ee63ace59ef36c353405b9f"},"/home/kelvi/Documents/42_red-tetris/backend/src/server/piece.js":{"path":"/home/kelvi/Documents/42_red-tetris/backend/src/server/piece.js","statementMap":{"0":{"start":{"line":8,"column":4},"end":{"line":8,"column":21}},"1":{"start":{"line":9,"column":4},"end":{"line":9,"column":29}},"2":{"start":{"line":10,"column":4},"end":{"line":10,"column":22}},"3":{"start":{"line":11,"column":4},"end":{"line":11,"column":36}},"4":{"start":{"line":14,"column":4},"end":{"line":14,"column":57}},"5":{"start":{"line":17,"column":4},"end":{"line":17,"column":60}},"6":{"start":{"line":20,"column":4},"end":{"line":20,"column":80}},"7":{"start":{"line":23,"column":4},"end":{"line":23,"column":26}},"8":{"start":{"line":26,"column":4},"end":{"line":26,"column":25}},"9":{"start":{"line":29,"column":4},"end":{"line":29,"column":24}},"10":{"start":{"line":32,"column":4},"end":{"line":40,"column":6}},"11":{"start":{"line":43,"column":0},"end":{"line":43,"column":23}}},"fnMap":{"0":{"name":"(anonymous_0)","decl":{"start":{"line":4,"column":2},"end":{"line":4,"column":3}},"loc":{"start":{"line":7,"column":5},"end":{"line":12,"column":3}},"line":7},"1":{"name":"(anonymous_1)","decl":{"start":{"line":13,"column":2},"end":{"line":13,"column":3}},"loc":{"start":{"line":13,"column":20},"end":{"line":15,"column":3}},"line":13},"2":{"name":"(anonymous_2)","decl":{"start":{"line":16,"column":2},"end":{"line":16,"column":3}},"loc":{"start":{"line":16,"column":11},"end":{"line":18,"column":3}},"line":16},"3":{"name":"(anonymous_3)","decl":{"start":{"line":19,"column":2},"end":{"line":19,"column":3}},"loc":{"start":{"line":19,"column":15},"end":{"line":21,"column":3}},"line":19},"4":{"name":"(anonymous_4)","decl":{"start":{"line":22,"column":2},"end":{"line":22,"column":3}},"loc":{"start":{"line":22,"column":11},"end":{"line":24,"column":3}},"line":22},"5":{"name":"(anonymous_5)","decl":{"start":{"line":25,"column":2},"end":{"line":25,"column":3}},"loc":{"start":{"line":25,"column":13},"end":{"line":27,"column":3}},"line":25},"6":{"name":"(anonymous_6)","decl":{"start":{"line":28,"column":2},"end":{"line":28,"column":3}},"loc":{"start":{"line":28,"column":14},"end":{"line":30,"column":3}},"line":28},"7":{"name":"(anonymous_7)","decl":{"start":{"line":31,"column":2},"end":{"line":31,"column":3}},"loc":{"start":{"line":31,"column":22},"end":{"line":41,"column":3}},"line":31}},"branchMap":{"0":{"loc":{"start":{"line":4,"column":20},"end":{"line":7,"column":3}},"type":"default-arg","locations":[{"start":{"line":4,"column":31},"end":{"line":7,"column":3}}],"line":4}},"s":{"0":41,"1":41,"2":41,"3":41,"4":8,"5":16,"6":3,"7":3,"8":1,"9":1,"10":41,"11":1},"f":{"0":41,"1":8,"2":16,"3":3,"4":3,"5":1,"6":1,"7":41},"b":{"0":[38]},"inputSourceMap":{"version":3,"names":["Piece","constructor","type","position","x","y","rotation","shape","SHAPES","getCurrentShape","length","rotate","rotateBack","move","dx","moveDown","hardDrop","I","O","T","S","Z","J","L","module","exports"],"sourceRoot":"/home/kelvi/Documents/42_red-tetris/backend/src/server/","sources":["piece.js"],"sourcesContent":["class Piece {\n  constructor(type, position = { x: 4, y: 0 }) {\n    this.type = type;\n    this.position = position;\n    this.rotation = 0;\n    this.shape = Piece.SHAPES[type];\n  }\n\n  getCurrentShape() {\n    return this.shape[this.rotation % this.shape.length];\n  }\n\n  rotate() {\n    this.rotation = (this.rotation + 1) % this.shape.length;\n  }\n\n  rotateBack() {\n    this.rotation = (this.rotation - 1 + this.shape.length) % this.shape.length;\n  }\n\n  move(dx) {\n    this.position.x += dx;\n  }\n\n  moveDown() {\n    this.position.y += 1;\n  }\n\n  hardDrop(y) {\n    this.position.y = y;\n  }\n\n  static get SHAPES() {\n    return {\n      I: [\n        [[0,0,0,0],[1,1,1,1],[0,0,0,0],[0,0,0,0]],\n        [[0,0,1,0],[0,0,1,0],[0,0,1,0],[0,0,1,0]],\n        [[0,0,0,0],[0,0,0,0],[1,1,1,1],[0,0,0,0]],\n        [[0,1,0,0],[0,1,0,0],[0,1,0,0],[0,1,0,0]]\n      ],\n      O: [\n        [[1,1],[1,1]]\n      ],\n      T: [\n        [[0,1,0],[1,1,1],[0,0,0]],\n        [[0,1,0],[0,1,1],[0,1,0]],\n        [[0,0,0],[1,1,1],[0,1,0]],\n        [[0,1,0],[1,1,0],[0,1,0]]\n      ],\n      S: [\n        [[0,1,1],[1,1,0],[0,0,0]],\n        [[0,1,0],[0,1,1],[0,0,1]],\n        [[0,0,0],[0,1,1],[1,1,0]],\n        [[1,0,0],[1,1,0],[0,1,0]]\n      ],\n      Z: [\n        [[1,1,0],[0,1,1],[0,0,0]],\n        [[0,0,1],[0,1,1],[0,1,0]],\n        [[0,0,0],[1,1,0],[0,1,1]],\n        [[0,1,0],[1,1,0],[1,0,0]]\n      ],\n      J: [\n        [[1,0,0],[1,1,1],[0,0,0]],\n        [[0,1,1],[0,1,0],[0,1,0]],\n        [[0,0,0],[1,1,1],[0,0,1]],\n        [[0,1,0],[0,1,0],[1,1,0]]\n      ],\n      L: [\n        [[0,0,1],[1,1,1],[0,0,0]],\n        [[0,1,0],[0,1,0],[0,1,1]],\n        [[0,0,0],[1,1,1],[1,0,0]],\n        [[1,1,0],[0,1,0],[0,1,0]]\n      ]\n    };\n  }\n}\n\nmodule.exports = Piece;\n"],"mappings":";;AAAA,MAAMA,KAAK,CAAC;EACVC,WAAWA,CAACC,IAAI,EAAEC,QAAQ,GAAG;IAAEC,CAAC,EAAE,CAAC;IAAEC,CAAC,EAAE;EAAE,CAAC,EAAE;IAC3C,IAAI,CAACH,IAAI,GAAGA,IAAI;IAChB,IAAI,CAACC,QAAQ,GAAGA,QAAQ;IACxB,IAAI,CAACG,QAAQ,GAAG,CAAC;IACjB,IAAI,CAACC,KAAK,GAAGP,KAAK,CAACQ,MAAM,CAACN,IAAI,CAAC;EACjC;EAEAO,eAAeA,CAAA,EAAG;IAChB,OAAO,IAAI,CAACF,KAAK,CAAC,IAAI,CAACD,QAAQ,GAAG,IAAI,CAACC,KAAK,CAACG,MAAM,CAAC;EACtD;EAEAC,MAAMA,CAAA,EAAG;IACP,IAAI,CAACL,QAAQ,GAAG,CAAC,IAAI,CAACA,QAAQ,GAAG,CAAC,IAAI,IAAI,CAACC,KAAK,CAACG,MAAM;EACzD;EAEAE,UAAUA,CAAA,EAAG;IACX,IAAI,CAACN,QAAQ,GAAG,CAAC,IAAI,CAACA,QAAQ,GAAG,CAAC,GAAG,IAAI,CAACC,KAAK,CAACG,MAAM,IAAI,IAAI,CAACH,KAAK,CAACG,MAAM;EAC7E;EAEAG,IAAIA,CAACC,EAAE,EAAE;IACP,IAAI,CAACX,QAAQ,CAACC,CAAC,IAAIU,EAAE;EACvB;EAEAC,QAAQA,CAAA,EAAG;IACT,IAAI,CAACZ,QAAQ,CAACE,CAAC,IAAI,CAAC;EACtB;EAEAW,QAAQA,CAACX,CAAC,EAAE;IACV,IAAI,CAACF,QAAQ,CAACE,CAAC,GAAGA,CAAC;EACrB;EAEA,WAAWG,MAAMA,CAAA,EAAG;IAClB,OAAO;MACLS,CAAC,EAAE,CACD,CAAC,CAAC,CAAC,EAAC,CAAC,EAAC,CAAC,EAAC,CAAC,CAAC,EAAC,CAAC,CAAC,EAAC,CAAC,EAAC,CAAC,EAAC,CAAC,CAAC,EAAC,CAAC,CAAC,EAAC,CAAC,EAAC,CAAC,EAAC,CAAC,CAAC,EAAC,CAAC,CAAC,EAAC,CAAC,EAAC,CAAC,EAAC,CAAC,CAAC,CAAC,EACzC,CAAC,CAAC,CAAC,EAAC,CAAC,EAAC,CAAC,EAAC,CAAC,CAAC,EAAC,CAAC,CAAC,EAAC,CAAC,EAAC,CAAC,EAAC,CAAC,CAAC,EAAC,CAAC,CAAC,EAAC,CAAC,EAAC,CAAC,EAAC,CAAC,CAAC,EAAC,CAAC,CAAC,EAAC,CAAC,EAAC,CAAC,EAAC,CAAC,CAAC,CAAC,EACzC,CAAC,CAAC,CAAC,EAAC,CAAC,EAAC,CAAC,EAAC,CAAC,CAAC,EAAC,CAAC,CAAC,EAAC,CAAC,EAAC,CAAC,EAAC,CAAC,CAAC,EAAC,CAAC,CAAC,EAAC,CAAC,EAAC,CAAC,EAAC,CAAC,CAAC,EAAC,CAAC,CAAC,EAAC,CAAC,EAAC,CAAC,EAAC,CAAC,CAAC,CAAC,EACzC,CAAC,CAAC,CAAC,EAAC,CAAC,EAAC,CAAC,EAAC,CAAC,CAAC,EAAC,CAAC,CAAC,EAAC,CAAC,EAAC,CAAC,EAAC,CAAC,CAAC,EAAC,CAAC,CAAC,EAAC,CAAC,EAAC,CAAC,EAAC,CAAC,CAAC,EAAC,CAAC,CAAC,EAAC,CAAC,EAAC,CAAC,EAAC,CAAC,CAAC,CAAC,CAC1C;MACDC,CAAC,EAAE,CACD,CAAC,CAAC,CAAC,EAAC,CAAC,CAAC,EAAC,CAAC,CAAC,EAAC,CAAC,CAAC,CAAC,CACd;MACDC,CAAC,EAAE,CACD,CAAC,CAAC,CAAC,EAAC,CAAC,EAAC,CAAC,CAAC,EAAC,CAAC,CAAC,EAAC,CAAC,EAAC,CAAC,CAAC,EAAC,CAAC,CAAC,EAAC,CAAC,EAAC,CAAC,CAAC,CAAC,EACzB,CAAC,CAAC,CAAC,EAAC,CAAC,EAAC,CAAC,CAAC,EAAC,CAAC,CAAC,EAAC,CAAC,EAAC,CAAC,CAAC,EAAC,CAAC,CAAC,EAAC,CAAC,EAAC,CAAC,CAAC,CAAC,EACzB,CAAC,CAAC,CAAC,EAAC,CAAC,EAAC,CAAC,CAAC,EAAC,CAAC,CAAC,EAAC,CAAC,EAAC,CAAC,CAAC,EAAC,CAAC,CAAC,EAAC,CAAC,EAAC,CAAC,CAAC,CAAC,EACzB,CAAC,CAAC,CAAC,EAAC,CAAC,EAAC,CAAC,CAAC,EAAC,CAAC,CAAC,EAAC,CAAC,EAAC,CAAC,CAAC,EAAC,CAAC,CAAC,EAAC,CAAC,EAAC,CAAC,CAAC,CAAC,CAC1B;MACDC,CAAC,EAAE,CACD,CAAC,CAAC,CAAC,EAAC,CAAC,EAAC,CAAC,CAAC,EAAC,CAAC,CAAC,EAAC,CAAC,EAAC,CAAC,CAAC,EAAC,CAAC,CAAC,EAAC,CAAC,EAAC,CAAC,CAAC,CAAC,EACzB,CAAC,CAAC,CAAC,EAAC,CAAC,EAAC,CAAC,CAAC,EAAC,CAAC,CAAC,EAAC,CAAC,EAAC,CAAC,CAAC,EAAC,CAAC,CAAC,EAAC,CAAC,EAAC,CAAC,CAAC,CAAC,EACzB,CAAC,CAAC,CAAC,EAAC,CAAC,EAAC,CAAC,CAAC,EAAC,CAAC,CAAC,EAAC,CAAC,EAAC,CAAC,CAAC,EAAC,CAAC,CAAC,EAAC,CAAC,EAAC,CAAC,CAAC,CAAC,EACzB,CAAC,CAAC,CAAC,EAAC,CAAC,EAAC,CAAC,CAAC,EAAC,CAAC,CAAC,EAAC,CAAC,EAAC,CAAC,CAAC,EAAC,CAAC,CAAC,EAAC,CAAC,EAAC,CAAC,CAAC,CAAC,CAC1B;MACDC,CAAC,EAAE,CACD,CAAC,CAAC,CAAC,EAAC,CAAC,EAAC,CAAC,CAAC,EAAC,CAAC,CAAC,EAAC,CAAC,EAAC,CAAC,CAAC,EAAC,CAAC,CAAC,EAAC,CAAC,EAAC,CAAC,CAAC,CAAC,EACzB,CAAC,CAAC,CAAC,EAAC,CAAC,EAAC,CAAC,CAAC,EAAC,CAAC,CAAC,EAAC,CAAC,EAAC,CAAC,CAAC,EAAC,CAAC,CAAC,EAAC,CAAC,EAAC,CAAC,CAAC,CAAC,EACzB,CAAC,CAAC,CAAC,EAAC,CAAC,EAAC,CAAC,CAAC,EAAC,CAAC,CAAC,EAAC,CAAC,EAAC,CAAC,CAAC,EAAC,CAAC,CAAC,EAAC,CAAC,EAAC,CAAC,CAAC,CAAC,EACzB,CAAC,CAAC,CAAC,EAAC,CAAC,EAAC,CAAC,CAAC,EAAC,CAAC,CAAC,EAAC,CAAC,EAAC,CAAC,CAAC,EAAC,CAAC,CAAC,EAAC,CAAC,EAAC,CAAC,CAAC,CAAC,CAC1B;MACDC,CAAC,EAAE,CACD,CAAC,CAAC,CAAC,EAAC,CAAC,EAAC,CAAC,CAAC,EAAC,CAAC,CAAC,EAAC,CAAC,EAAC,CAAC,CAAC,EAAC,CAAC,CAAC,EAAC,CAAC,EAAC,CAAC,CAAC,CAAC,EACzB,CAAC,CAAC,CAAC,EAAC,CAAC,EAAC,CAAC,CAAC,EAAC,CAAC,CAAC,EAAC,CAAC,EAAC,CAAC,CAAC,EAAC,CAAC,CAAC,EAAC,CAAC,EAAC,CAAC,CAAC,CAAC,EACzB,CAAC,CAAC,CAAC,EAAC,CAAC,EAAC,CAAC,CAAC,EAAC,CAAC,CAAC,EAAC,CAAC,EAAC,CAAC,CAAC,EAAC,CAAC,CAAC,EAAC,CAAC,EAAC,CAAC,CAAC,CAAC,EACzB,CAAC,CAAC,CAAC,EAAC,CAAC,EAAC,CAAC,CAAC,EAAC,CAAC,CAAC,EAAC,CAAC,EAAC,CAAC,CAAC,EAAC,CAAC,CAAC,EAAC,CAAC,EAAC,CAAC,CAAC,CAAC,CAC1B;MACDC,CAAC,EAAE,CACD,CAAC,CAAC,CAAC,EAAC,CAAC,EAAC,CAAC,CAAC,EAAC,CAAC,CAAC,EAAC,CAAC,EAAC,CAAC,CAAC,EAAC,CAAC,CAAC,EAAC,CAAC,EAAC,CAAC,CAAC,CAAC,EACzB,CAAC,CAAC,CAAC,EAAC,CAAC,EAAC,CAAC,CAAC,EAAC,CAAC,CAAC,EAAC,CAAC,EAAC,CAAC,CAAC,EAAC,CAAC,CAAC,EAAC,CAAC,EAAC,CAAC,CAAC,CAAC,EACzB,CAAC,CAAC,CAAC,EAAC,CAAC,EAAC,CAAC,CAAC,EAAC,CAAC,CAAC,EAAC,CAAC,EAAC,CAAC,CAAC,EAAC,CAAC,CAAC,EAAC,CAAC,EAAC,CAAC,CAAC,CAAC,EACzB,CAAC,CAAC,CAAC,EAAC,CAAC,EAAC,CAAC,CAAC,EAAC,CAAC,CAAC,EAAC,CAAC,EAAC,CAAC,CAAC,EAAC,CAAC,CAAC,EAAC,CAAC,EAAC,CAAC,CAAC,CAAC;IAE7B,CAAC;EACH;AACF;AAEAC,MAAM,CAACC,OAAO,GAAGzB,KAAK","ignoreList":[]},"_coverageSchema":"1a1c01bbd47fc00a2c39e90264f33305004495a9","hash":"bb28aa82ff539343a623069ebfee6b3ab8c4ee46","contentHash":"7407c94d3cc695646f8c93748763197012f3aac9f8af6e7359d025f1e4b0d3a9"},"/home/kelvi/Documents/42_red-tetris/backend/src/server/player.js":{"path":"/home/kelvi/Documents/42_red-tetris/backend/src/server/player.js","statementMap":{"0":{"start":{"line":5,"column":4},"end":{"line":5,"column":21}},"1":{"start":{"line":6,"column":4},"end":{"line":6,"column":25}},"2":{"start":{"line":7,"column":4},"end":{"line":7,"column":41}},"3":{"start":{"line":8,"column":4},"end":{"line":8,"column":29}},"4":{"start":{"line":9,"column":4},"end":{"line":9,"column":24}},"5":{"start":{"line":10,"column":4},"end":{"line":10,"column":24}},"6":{"start":{"line":11,"column":4},"end":{"line":11,"column":38}},"7":{"start":{"line":14,"column":4},"end":{"line":16,"column":32}},"8":{"start":{"line":16,"column":13},"end":{"line":16,"column":30}},"9":{"start":{"line":19,"column":4},"end":{"line":25,"column":5}},"10":{"start":{"line":19,"column":17},"end":{"line":19,"column":18}},"11":{"start":{"line":20,"column":14},"end":{"line":20,"column":15}},"12":{"start":{"line":21,"column":6},"end":{"line":23,"column":7}},"13":{"start":{"line":21,"column":19},"end":{"line":21,"column":20}},"14":{"start":{"line":22,"column":8},"end":{"line":22,"column":41}},"15":{"start":{"line":22,"column":30},"end":{"line":22,"column":41}},"16":{"start":{"line":24,"column":6},"end":{"line":24,"column":27}},"17":{"start":{"line":28,"column":4},"end":{"line":28,"column":30}},"18":{"start":{"line":31,"column":4},"end":{"line":31,"column":25}},"19":{"start":{"line":34,"column":0},"end":{"line":34,"column":24}}},"fnMap":{"0":{"name":"(anonymous_0)","decl":{"start":{"line":4,"column":2},"end":{"line":4,"column":3}},"loc":{"start":{"line":4,"column":28},"end":{"line":12,"column":3}},"line":4},"1":{"name":"(anonymous_1)","decl":{"start":{"line":13,"column":2},"end":{"line":13,"column":3}},"loc":{"start":{"line":13,"column":21},"end":{"line":17,"column":3}},"line":13},"2":{"name":"(anonymous_2)","decl":{"start":{"line":16,"column":7},"end":{"line":16,"column":8}},"loc":{"start":{"line":16,"column":13},"end":{"line":16,"column":30}},"line":16},"3":{"name":"(anonymous_3)","decl":{"start":{"line":18,"column":2},"end":{"line":18,"column":3}},"loc":{"start":{"line":18,"column":19},"end":{"line":26,"column":3}},"line":18},"4":{"name":"(anonymous_4)","decl":{"start":{"line":27,"column":2},"end":{"line":27,"column":3}},"loc":{"start":{"line":27,"column":18},"end":{"line":29,"column":3}},"line":27},"5":{"name":"(anonymous_5)","decl":{"start":{"line":30,"column":2},"end":{"line":30,"column":3}},"loc":{"start":{"line":30,"column":8},"end":{"line":32,"column":3}},"line":30}},"branchMap":{"0":{"loc":{"start":{"line":22,"column":8},"end":{"line":22,"column":41}},"type":"if","locations":[{"start":{"line":22,"column":8},"end":{"line":22,"column":41}},{"start":{},"end":{}}],"line":22}},"s":{"0":27,"1":27,"2":27,"3":27,"4":27,"5":27,"6":27,"7":37,"8":740,"9":3,"10":3,"11":30,"12":30,"13":30,"14":600,"15":6,"16":30,"17":9,"18":1,"19":1},"f":{"0":27,"1":37,"2":740,"3":3,"4":9,"5":1},"b":{"0":[6,594]},"inputSourceMap":{"version":3,"names":["Player","constructor","name","socket","board","createEmptyBoard","currentPiece","isAlive","isHost","spectrum","Array","fill","from","length","updateSpectrum","x","h","y","setPiece","piece","die","module","exports"],"sourceRoot":"/home/kelvi/Documents/42_red-tetris/backend/src/server/","sources":["player.js"],"sourcesContent":["class Player {\n  constructor(name, socket) {\n    this.name = name;\n    this.socket = socket;\n    this.board = this.createEmptyBoard();\n    this.currentPiece = null;\n    this.isAlive = true;\n    this.isHost = false;\n    this.spectrum = Array(10).fill(0);\n  }\n\n  createEmptyBoard() {\n    return Array.from({ length: 20 }, () => Array(10).fill(0));\n  }\n\n  updateSpectrum() {\n    for (let x = 0; x < 10; x++) {\n      let h = 0;\n      for (let y = 0; y < 20; y++) {\n        if (this.board[y][x]) h = 20 - y;\n      }\n      this.spectrum[x] = h;\n    }\n  }\n\n  setPiece(piece) {\n    this.currentPiece = piece;\n  }\n\n  die() {\n    this.isAlive = false;\n  }\n}\n\nmodule.exports = Player;\n"],"mappings":";;AAAA,MAAMA,MAAM,CAAC;EACXC,WAAWA,CAACC,IAAI,EAAEC,MAAM,EAAE;IACxB,IAAI,CAACD,IAAI,GAAGA,IAAI;IAChB,IAAI,CAACC,MAAM,GAAGA,MAAM;IACpB,IAAI,CAACC,KAAK,GAAG,IAAI,CAACC,gBAAgB,CAAC,CAAC;IACpC,IAAI,CAACC,YAAY,GAAG,IAAI;IACxB,IAAI,CAACC,OAAO,GAAG,IAAI;IACnB,IAAI,CAACC,MAAM,GAAG,KAAK;IACnB,IAAI,CAACC,QAAQ,GAAGC,KAAK,CAAC,EAAE,CAAC,CAACC,IAAI,CAAC,CAAC,CAAC;EACnC;EAEAN,gBAAgBA,CAAA,EAAG;IACjB,OAAOK,KAAK,CAACE,IAAI,CAAC;MAAEC,MAAM,EAAE;IAAG,CAAC,EAAE,MAAMH,KAAK,CAAC,EAAE,CAAC,CAACC,IAAI,CAAC,CAAC,CAAC,CAAC;EAC5D;EAEAG,cAAcA,CAAA,EAAG;IACf,KAAK,IAAIC,CAAC,GAAG,CAAC,EAAEA,CAAC,GAAG,EAAE,EAAEA,CAAC,EAAE,EAAE;MAC3B,IAAIC,CAAC,GAAG,CAAC;MACT,KAAK,IAAIC,CAAC,GAAG,CAAC,EAAEA,CAAC,GAAG,EAAE,EAAEA,CAAC,EAAE,EAAE;QAC3B,IAAI,IAAI,CAACb,KAAK,CAACa,CAAC,CAAC,CAACF,CAAC,CAAC,EAAEC,CAAC,GAAG,EAAE,GAAGC,CAAC;MAClC;MACA,IAAI,CAACR,QAAQ,CAACM,CAAC,CAAC,GAAGC,CAAC;IACtB;EACF;EAEAE,QAAQA,CAACC,KAAK,EAAE;IACd,IAAI,CAACb,YAAY,GAAGa,KAAK;EAC3B;EAEAC,GAAGA,CAAA,EAAG;IACJ,IAAI,CAACb,OAAO,GAAG,KAAK;EACtB;AACF;AAEAc,MAAM,CAACC,OAAO,GAAGtB,MAAM","ignoreList":[]},"_coverageSchema":"1a1c01bbd47fc00a2c39e90264f33305004495a9","hash":"d1780613ee65a34d00185c4a636b8839f16460ed","contentHash":"1124b36af89eaa7420c6a43ec48e34c93341ec133c47f5d4b4d060c63020d0a2"},"/home/kelvi/Documents/42_red-tetris/backend/src/server/index.js":{"path":"/home/kelvi/Documents/42_red-tetris/backend/src/server/index.js","statementMap":{"0":{"start":{"line":3,"column":0},"end":{"line":5,"column":3}},"1":{"start":{"line":6,"column":0},"end":{"line":6,"column":24}},"2":{"start":{"line":7,"column":13},"end":{"line":7,"column":30}},"3":{"start":{"line":8,"column":15},"end":{"line":8,"column":34}},"4":{"start":{"line":9,"column":13},"end":{"line":9,"column":28}},"5":{"start":{"line":10,"column":16},"end":{"line":10,"column":34}},"6":{"start":{"line":11,"column":16},"end":{"line":25,"column":1}},"7":{"start":{"line":15,"column":6},"end":{"line":15,"column":12}},"8":{"start":{"line":16,"column":21},"end":{"line":16,"column":30}},"9":{"start":{"line":17,"column":2},"end":{"line":17,"column":25}},"10":{"start":{"line":18,"column":2},"end":{"line":18,"column":43}},"11":{"start":{"line":19,"column":2},"end":{"line":24,"column":5}},"12":{"start":{"line":23,"column":4},"end":{"line":23,"column":9}},"13":{"start":{"line":26,"column":19},"end":{"line":359,"column":1}},"14":{"start":{"line":27,"column":16},"end":{"line":27,"column":18}},"15":{"start":{"line":28,"column":20},"end":{"line":28,"column":21}},"16":{"start":{"line":29,"column":2},"end":{"line":358,"column":5}},"17":{"start":{"line":30,"column":4},"end":{"line":83,"column":7}},"18":{"start":{"line":35,"column":6},"end":{"line":42,"column":7}},"19":{"start":{"line":36,"column":8},"end":{"line":39,"column":9}},"20":{"start":{"line":37,"column":10},"end":{"line":37,"column":69}},"21":{"start":{"line":38,"column":10},"end":{"line":38,"column":17}},"22":{"start":{"line":40,"column":28},"end":{"line":40,"column":127}},"23":{"start":{"line":40,"column":59},"end":{"line":40,"column":126}},"24":{"start":{"line":41,"column":8},"end":{"line":41,"column":57}},"25":{"start":{"line":43,"column":6},"end":{"line":46,"column":7}},"26":{"start":{"line":44,"column":8},"end":{"line":44,"column":71}},"27":{"start":{"line":45,"column":8},"end":{"line":45,"column":15}},"28":{"start":{"line":47,"column":6},"end":{"line":50,"column":7}},"29":{"start":{"line":48,"column":8},"end":{"line":48,"column":71}},"30":{"start":{"line":49,"column":8},"end":{"line":49,"column":15}},"31":{"start":{"line":51,"column":6},"end":{"line":51,"column":65}},"32":{"start":{"line":51,"column":28},"end":{"line":51,"column":65}},"33":{"start":{"line":52,"column":19},"end":{"line":52,"column":34}},"34":{"start":{"line":53,"column":6},"end":{"line":56,"column":7}},"35":{"start":{"line":54,"column":8},"end":{"line":54,"column":49}},"36":{"start":{"line":55,"column":8},"end":{"line":55,"column":15}},"37":{"start":{"line":57,"column":6},"end":{"line":60,"column":7}},"38":{"start":{"line":58,"column":8},"end":{"line":58,"column":57}},"39":{"start":{"line":59,"column":8},"end":{"line":59,"column":15}},"40":{"start":{"line":61,"column":6},"end":{"line":63,"column":7}},"41":{"start":{"line":62,"column":8},"end":{"line":62,"column":56}},"42":{"start":{"line":64,"column":21},"end":{"line":64,"column":54}},"43":{"start":{"line":65,"column":6},"end":{"line":65,"column":29}},"44":{"start":{"line":66,"column":6},"end":{"line":66,"column":33}},"45":{"start":{"line":67,"column":6},"end":{"line":72,"column":9}},"46":{"start":{"line":73,"column":6},"end":{"line":77,"column":9}},"47":{"start":{"line":78,"column":25},"end":{"line":81,"column":9}},"48":{"start":{"line":78,"column":48},"end":{"line":81,"column":7}},"49":{"start":{"line":82,"column":6},"end":{"line":82,"column":64}},"50":{"start":{"line":84,"column":4},"end":{"line":101,"column":7}},"51":{"start":{"line":87,"column":19},"end":{"line":87,"column":34}},"52":{"start":{"line":88,"column":6},"end":{"line":100,"column":7}},"53":{"start":{"line":89,"column":8},"end":{"line":89,"column":64}},"54":{"start":{"line":89,"column":57},"end":{"line":89,"column":64}},"55":{"start":{"line":90,"column":8},"end":{"line":93,"column":9}},"56":{"start":{"line":91,"column":10},"end":{"line":91,"column":82}},"57":{"start":{"line":92,"column":10},"end":{"line":92,"column":17}},"58":{"start":{"line":94,"column":8},"end":{"line":94,"column":25}},"59":{"start":{"line":95,"column":8},"end":{"line":99,"column":11}},"60":{"start":{"line":102,"column":4},"end":{"line":119,"column":7}},"61":{"start":{"line":106,"column":19},"end":{"line":106,"column":34}},"62":{"start":{"line":107,"column":6},"end":{"line":115,"column":7}},"63":{"start":{"line":108,"column":23},"end":{"line":108,"column":94}},"64":{"start":{"line":108,"column":46},"end":{"line":108,"column":93}},"65":{"start":{"line":109,"column":8},"end":{"line":114,"column":9}},"66":{"start":{"line":110,"column":10},"end":{"line":112,"column":13}},"67":{"start":{"line":110,"column":40},"end":{"line":112,"column":13}},"68":{"start":{"line":113,"column":10},"end":{"line":113,"column":17}},"69":{"start":{"line":116,"column":6},"end":{"line":118,"column":9}},"70":{"start":{"line":116,"column":36},"end":{"line":118,"column":9}},"71":{"start":{"line":120,"column":29},"end":{"line":130,"column":5}},"72":{"start":{"line":121,"column":22},"end":{"line":121,"column":24}},"73":{"start":{"line":122,"column":6},"end":{"line":128,"column":7}},"74":{"start":{"line":122,"column":19},"end":{"line":122,"column":36}},"75":{"start":{"line":123,"column":8},"end":{"line":127,"column":9}},"76":{"start":{"line":123,"column":21},"end":{"line":123,"column":41}},"77":{"start":{"line":124,"column":10},"end":{"line":126,"column":11}},"78":{"start":{"line":125,"column":12},"end":{"line":125,"column":21}},"79":{"start":{"line":129,"column":6},"end":{"line":129,"column":27}},"80":{"start":{"line":131,"column":30},"end":{"line":140,"column":5}},"81":{"start":{"line":132,"column":6},"end":{"line":138,"column":7}},"82":{"start":{"line":132,"column":19},"end":{"line":132,"column":20}},"83":{"start":{"line":133,"column":8},"end":{"line":137,"column":9}},"84":{"start":{"line":133,"column":21},"end":{"line":133,"column":22}},"85":{"start":{"line":134,"column":10},"end":{"line":136,"column":11}},"86":{"start":{"line":135,"column":12},"end":{"line":135,"column":21}},"87":{"start":{"line":139,"column":6},"end":{"line":139,"column":16}},"88":{"start":{"line":141,"column":4},"end":{"line":163,"column":7}},"89":{"start":{"line":146,"column":19},"end":{"line":146,"column":34}},"90":{"start":{"line":147,"column":6},"end":{"line":162,"column":7}},"91":{"start":{"line":148,"column":23},"end":{"line":148,"column":68}},"92":{"start":{"line":148,"column":46},"end":{"line":148,"column":67}},"93":{"start":{"line":149,"column":8},"end":{"line":161,"column":9}},"94":{"start":{"line":150,"column":24},"end":{"line":150,"column":43}},"95":{"start":{"line":151,"column":29},"end":{"line":154,"column":11}},"96":{"start":{"line":155,"column":10},"end":{"line":160,"column":11}},"97":{"start":{"line":156,"column":12},"end":{"line":156,"column":95}},"98":{"start":{"line":156,"column":33},"end":{"line":156,"column":61}},"99":{"start":{"line":156,"column":66},"end":{"line":156,"column":95}},"100":{"start":{"line":157,"column":12},"end":{"line":159,"column":15}},"101":{"start":{"line":164,"column":4},"end":{"line":178,"column":7}},"102":{"start":{"line":168,"column":19},"end":{"line":168,"column":34}},"103":{"start":{"line":169,"column":6},"end":{"line":177,"column":7}},"104":{"start":{"line":170,"column":23},"end":{"line":170,"column":68}},"105":{"start":{"line":170,"column":46},"end":{"line":170,"column":67}},"106":{"start":{"line":171,"column":8},"end":{"line":176,"column":9}},"107":{"start":{"line":172,"column":28},"end":{"line":172,"column":47}},"108":{"start":{"line":173,"column":10},"end":{"line":175,"column":13}},"109":{"start":{"line":179,"column":4},"end":{"line":194,"column":7}},"110":{"start":{"line":183,"column":19},"end":{"line":183,"column":34}},"111":{"start":{"line":184,"column":6},"end":{"line":193,"column":7}},"112":{"start":{"line":185,"column":23},"end":{"line":185,"column":68}},"113":{"start":{"line":185,"column":46},"end":{"line":185,"column":67}},"114":{"start":{"line":186,"column":8},"end":{"line":192,"column":9}},"115":{"start":{"line":187,"column":10},"end":{"line":187,"column":39}},"116":{"start":{"line":188,"column":10},"end":{"line":191,"column":13}},"117":{"start":{"line":195,"column":4},"end":{"line":213,"column":7}},"118":{"start":{"line":199,"column":19},"end":{"line":199,"column":34}},"119":{"start":{"line":200,"column":6},"end":{"line":212,"column":7}},"120":{"start":{"line":201,"column":23},"end":{"line":201,"column":69}},"121":{"start":{"line":201,"column":46},"end":{"line":201,"column":68}},"122":{"start":{"line":202,"column":8},"end":{"line":211,"column":9}},"123":{"start":{"line":203,"column":26},"end":{"line":203,"column":37}},"124":{"start":{"line":204,"column":10},"end":{"line":210,"column":11}},"125":{"start":{"line":205,"column":12},"end":{"line":209,"column":15}},"126":{"start":{"line":214,"column":4},"end":{"line":230,"column":7}},"127":{"start":{"line":218,"column":19},"end":{"line":218,"column":34}},"128":{"start":{"line":219,"column":6},"end":{"line":229,"column":7}},"129":{"start":{"line":220,"column":23},"end":{"line":220,"column":69}},"130":{"start":{"line":220,"column":46},"end":{"line":220,"column":68}},"131":{"start":{"line":221,"column":8},"end":{"line":228,"column":9}},"132":{"start":{"line":223,"column":10},"end":{"line":227,"column":13}},"133":{"start":{"line":231,"column":4},"end":{"line":267,"column":7}},"134":{"start":{"line":235,"column":19},"end":{"line":235,"column":34}},"135":{"start":{"line":236,"column":6},"end":{"line":266,"column":7}},"136":{"start":{"line":237,"column":23},"end":{"line":237,"column":69}},"137":{"start":{"line":237,"column":46},"end":{"line":237,"column":68}},"138":{"start":{"line":238,"column":8},"end":{"line":260,"column":9}},"139":{"start":{"line":239,"column":10},"end":{"line":239,"column":33}},"140":{"start":{"line":240,"column":10},"end":{"line":242,"column":13}},"141":{"start":{"line":243,"column":10},"end":{"line":251,"column":11}},"142":{"start":{"line":244,"column":32},"end":{"line":244,"column":65}},"143":{"start":{"line":244,"column":55},"end":{"line":244,"column":64}},"144":{"start":{"line":245,"column":12},"end":{"line":250,"column":13}},"145":{"start":{"line":246,"column":14},"end":{"line":248,"column":17}},"146":{"start":{"line":249,"column":14},"end":{"line":249,"column":37}},"147":{"start":{"line":252,"column":10},"end":{"line":254,"column":13}},"148":{"start":{"line":252,"column":40},"end":{"line":254,"column":13}},"149":{"start":{"line":256,"column":10},"end":{"line":259,"column":13}},"150":{"start":{"line":256,"column":40},"end":{"line":259,"column":13}},"151":{"start":{"line":262,"column":8},"end":{"line":265,"column":11}},"152":{"start":{"line":262,"column":38},"end":{"line":265,"column":11}},"153":{"start":{"line":268,"column":4},"end":{"line":304,"column":7}},"154":{"start":{"line":271,"column":19},"end":{"line":271,"column":34}},"155":{"start":{"line":272,"column":6},"end":{"line":299,"column":7}},"156":{"start":{"line":273,"column":23},"end":{"line":273,"column":69}},"157":{"start":{"line":273,"column":46},"end":{"line":273,"column":68}},"158":{"start":{"line":274,"column":8},"end":{"line":298,"column":9}},"159":{"start":{"line":275,"column":10},"end":{"line":275,"column":36}},"160":{"start":{"line":276,"column":10},"end":{"line":276,"column":33}},"161":{"start":{"line":277,"column":10},"end":{"line":279,"column":13}},"162":{"start":{"line":280,"column":10},"end":{"line":286,"column":11}},"163":{"start":{"line":281,"column":31},"end":{"line":284,"column":15}},"164":{"start":{"line":281,"column":54},"end":{"line":284,"column":13}},"165":{"start":{"line":285,"column":12},"end":{"line":285,"column":65}},"166":{"start":{"line":287,"column":10},"end":{"line":292,"column":11}},"167":{"start":{"line":288,"column":30},"end":{"line":288,"column":45}},"168":{"start":{"line":289,"column":12},"end":{"line":291,"column":15}},"169":{"start":{"line":293,"column":10},"end":{"line":293,"column":64}},"170":{"start":{"line":293,"column":41},"end":{"line":293,"column":64}},"171":{"start":{"line":294,"column":10},"end":{"line":296,"column":13}},"172":{"start":{"line":294,"column":40},"end":{"line":296,"column":13}},"173":{"start":{"line":297,"column":10},"end":{"line":297,"column":17}},"174":{"start":{"line":300,"column":6},"end":{"line":303,"column":9}},"175":{"start":{"line":300,"column":36},"end":{"line":303,"column":9}},"176":{"start":{"line":305,"column":4},"end":{"line":357,"column":7}},"177":{"start":{"line":306,"column":6},"end":{"line":356,"column":7}},"178":{"start":{"line":307,"column":21},"end":{"line":307,"column":36}},"179":{"start":{"line":308,"column":23},"end":{"line":308,"column":69}},"180":{"start":{"line":308,"column":46},"end":{"line":308,"column":68}},"181":{"start":{"line":309,"column":8},"end":{"line":355,"column":9}},"182":{"start":{"line":310,"column":26},"end":{"line":310,"column":39}},"183":{"start":{"line":311,"column":31},"end":{"line":311,"column":79}},"184":{"start":{"line":311,"column":56},"end":{"line":311,"column":78}},"185":{"start":{"line":312,"column":10},"end":{"line":353,"column":11}},"186":{"start":{"line":313,"column":12},"end":{"line":313,"column":38}},"187":{"start":{"line":314,"column":12},"end":{"line":334,"column":13}},"188":{"start":{"line":315,"column":29},"end":{"line":315,"column":44}},"189":{"start":{"line":316,"column":14},"end":{"line":318,"column":17}},"190":{"start":{"line":319,"column":14},"end":{"line":321,"column":17}},"191":{"start":{"line":322,"column":14},"end":{"line":333,"column":15}},"192":{"start":{"line":323,"column":34},"end":{"line":323,"column":49}},"193":{"start":{"line":324,"column":16},"end":{"line":326,"column":19}},"194":{"start":{"line":327,"column":21},"end":{"line":333,"column":15}},"195":{"start":{"line":328,"column":32},"end":{"line":328,"column":41}},"196":{"start":{"line":329,"column":16},"end":{"line":332,"column":21}},"197":{"start":{"line":329,"column":85},"end":{"line":332,"column":17}},"198":{"start":{"line":335,"column":12},"end":{"line":335,"column":35}},"199":{"start":{"line":337,"column":12},"end":{"line":337,"column":38}},"200":{"start":{"line":338,"column":12},"end":{"line":340,"column":15}},"201":{"start":{"line":341,"column":31},"end":{"line":344,"column":15}},"202":{"start":{"line":341,"column":54},"end":{"line":344,"column":13}},"203":{"start":{"line":345,"column":12},"end":{"line":345,"column":70}},"204":{"start":{"line":346,"column":12},"end":{"line":351,"column":13}},"205":{"start":{"line":347,"column":32},"end":{"line":347,"column":47}},"206":{"start":{"line":348,"column":14},"end":{"line":350,"column":17}},"207":{"start":{"line":352,"column":12},"end":{"line":352,"column":66}},"208":{"start":{"line":352,"column":43},"end":{"line":352,"column":66}},"209":{"start":{"line":354,"column":10},"end":{"line":354,"column":16}},"210":{"start":{"line":361,"column":18},"end":{"line":382,"column":4}},"211":{"start":{"line":362,"column":16},"end":{"line":362,"column":46}},"212":{"start":{"line":363,"column":4},"end":{"line":381,"column":7}},"213":{"start":{"line":364,"column":17},"end":{"line":369,"column":8}},"214":{"start":{"line":370,"column":19},"end":{"line":376,"column":7}},"215":{"start":{"line":371,"column":8},"end":{"line":371,"column":19}},"216":{"start":{"line":372,"column":8},"end":{"line":374,"column":11}},"217":{"start":{"line":373,"column":10},"end":{"line":373,"column":22}},"218":{"start":{"line":375,"column":8},"end":{"line":375,"column":13}},"219":{"start":{"line":377,"column":6},"end":{"line":377,"column":21}},"220":{"start":{"line":378,"column":6},"end":{"line":380,"column":9}},"221":{"start":{"line":383,"column":2},"end":{"line":383,"column":17}}},"fnMap":{"0":{"name":"(anonymous_0)","decl":{"start":{"line":11,"column":16},"end":{"line":11,"column":17}},"loc":{"start":{"line":11,"column":37},"end":{"line":25,"column":1}},"line":11},"1":{"name":"(anonymous_1)","decl":{"start":{"line":22,"column":5},"end":{"line":22,"column":6}},"loc":{"start":{"line":22,"column":11},"end":{"line":24,"column":3}},"line":22},"2":{"name":"(anonymous_2)","decl":{"start":{"line":26,"column":19},"end":{"line":26,"column":20}},"loc":{"start":{"line":26,"column":25},"end":{"line":359,"column":1}},"line":26},"3":{"name":"(anonymous_3)","decl":{"start":{"line":29,"column":22},"end":{"line":29,"column":23}},"loc":{"start":{"line":29,"column":32},"end":{"line":358,"column":3}},"line":29},"4":{"name":"(anonymous_4)","decl":{"start":{"line":30,"column":26},"end":{"line":30,"column":27}},"loc":{"start":{"line":34,"column":10},"end":{"line":83,"column":5}},"line":34},"5":{"name":"(anonymous_5)","decl":{"start":{"line":40,"column":52},"end":{"line":40,"column":53}},"loc":{"start":{"line":40,"column":59},"end":{"line":40,"column":126}},"line":40},"6":{"name":"(anonymous_6)","decl":{"start":{"line":78,"column":42},"end":{"line":78,"column":43}},"loc":{"start":{"line":78,"column":48},"end":{"line":81,"column":7}},"line":78},"7":{"name":"(anonymous_7)","decl":{"start":{"line":84,"column":27},"end":{"line":84,"column":28}},"loc":{"start":{"line":86,"column":10},"end":{"line":101,"column":5}},"line":86},"8":{"name":"(anonymous_8)","decl":{"start":{"line":102,"column":29},"end":{"line":102,"column":30}},"loc":{"start":{"line":105,"column":14},"end":{"line":119,"column":5}},"line":105},"9":{"name":"(anonymous_9)","decl":{"start":{"line":108,"column":41},"end":{"line":108,"column":42}},"loc":{"start":{"line":108,"column":46},"end":{"line":108,"column":93}},"line":108},"10":{"name":"(anonymous_10)","decl":{"start":{"line":120,"column":29},"end":{"line":120,"column":30}},"loc":{"start":{"line":120,"column":39},"end":{"line":130,"column":5}},"line":120},"11":{"name":"(anonymous_11)","decl":{"start":{"line":131,"column":30},"end":{"line":131,"column":31}},"loc":{"start":{"line":131,"column":40},"end":{"line":140,"column":5}},"line":131},"12":{"name":"(anonymous_12)","decl":{"start":{"line":141,"column":27},"end":{"line":141,"column":28}},"loc":{"start":{"line":145,"column":10},"end":{"line":163,"column":5}},"line":145},"13":{"name":"(anonymous_13)","decl":{"start":{"line":148,"column":41},"end":{"line":148,"column":42}},"loc":{"start":{"line":148,"column":46},"end":{"line":148,"column":67}},"line":148},"14":{"name":"(anonymous_14)","decl":{"start":{"line":164,"column":27},"end":{"line":164,"column":28}},"loc":{"start":{"line":167,"column":10},"end":{"line":178,"column":5}},"line":167},"15":{"name":"(anonymous_15)","decl":{"start":{"line":170,"column":41},"end":{"line":170,"column":42}},"loc":{"start":{"line":170,"column":46},"end":{"line":170,"column":67}},"line":170},"16":{"name":"(anonymous_16)","decl":{"start":{"line":179,"column":29},"end":{"line":179,"column":30}},"loc":{"start":{"line":182,"column":10},"end":{"line":194,"column":5}},"line":182},"17":{"name":"(anonymous_17)","decl":{"start":{"line":185,"column":41},"end":{"line":185,"column":42}},"loc":{"start":{"line":185,"column":46},"end":{"line":185,"column":67}},"line":185},"18":{"name":"(anonymous_18)","decl":{"start":{"line":195,"column":30},"end":{"line":195,"column":31}},"loc":{"start":{"line":198,"column":10},"end":{"line":213,"column":5}},"line":198},"19":{"name":"(anonymous_19)","decl":{"start":{"line":201,"column":41},"end":{"line":201,"column":42}},"loc":{"start":{"line":201,"column":46},"end":{"line":201,"column":68}},"line":201},"20":{"name":"(anonymous_20)","decl":{"start":{"line":214,"column":35},"end":{"line":214,"column":36}},"loc":{"start":{"line":217,"column":10},"end":{"line":230,"column":5}},"line":217},"21":{"name":"(anonymous_21)","decl":{"start":{"line":220,"column":41},"end":{"line":220,"column":42}},"loc":{"start":{"line":220,"column":46},"end":{"line":220,"column":68}},"line":220},"22":{"name":"(anonymous_22)","decl":{"start":{"line":231,"column":28},"end":{"line":231,"column":29}},"loc":{"start":{"line":234,"column":14},"end":{"line":267,"column":5}},"line":234},"23":{"name":"(anonymous_23)","decl":{"start":{"line":237,"column":41},"end":{"line":237,"column":42}},"loc":{"start":{"line":237,"column":46},"end":{"line":237,"column":68}},"line":237},"24":{"name":"(anonymous_24)","decl":{"start":{"line":244,"column":50},"end":{"line":244,"column":51}},"loc":{"start":{"line":244,"column":55},"end":{"line":244,"column":64}},"line":244},"25":{"name":"(anonymous_25)","decl":{"start":{"line":268,"column":27},"end":{"line":268,"column":28}},"loc":{"start":{"line":270,"column":14},"end":{"line":304,"column":5}},"line":270},"26":{"name":"(anonymous_26)","decl":{"start":{"line":273,"column":41},"end":{"line":273,"column":42}},"loc":{"start":{"line":273,"column":46},"end":{"line":273,"column":68}},"line":273},"27":{"name":"(anonymous_27)","decl":{"start":{"line":281,"column":48},"end":{"line":281,"column":49}},"loc":{"start":{"line":281,"column":54},"end":{"line":284,"column":13}},"line":281},"28":{"name":"(anonymous_28)","decl":{"start":{"line":305,"column":28},"end":{"line":305,"column":29}},"loc":{"start":{"line":305,"column":34},"end":{"line":357,"column":5}},"line":305},"29":{"name":"(anonymous_29)","decl":{"start":{"line":308,"column":41},"end":{"line":308,"column":42}},"loc":{"start":{"line":308,"column":46},"end":{"line":308,"column":68}},"line":308},"30":{"name":"(anonymous_30)","decl":{"start":{"line":311,"column":51},"end":{"line":311,"column":52}},"loc":{"start":{"line":311,"column":56},"end":{"line":311,"column":78}},"line":311},"31":{"name":"(anonymous_31)","decl":{"start":{"line":329,"column":79},"end":{"line":329,"column":80}},"loc":{"start":{"line":329,"column":85},"end":{"line":332,"column":17}},"line":329},"32":{"name":"(anonymous_32)","decl":{"start":{"line":341,"column":48},"end":{"line":341,"column":49}},"loc":{"start":{"line":341,"column":54},"end":{"line":344,"column":13}},"line":341},"33":{"name":"create","decl":{"start":{"line":360,"column":9},"end":{"line":360,"column":15}},"loc":{"start":{"line":360,"column":24},"end":{"line":384,"column":1}},"line":360},"34":{"name":"(anonymous_34)","decl":{"start":{"line":361,"column":30},"end":{"line":361,"column":31}},"loc":{"start":{"line":361,"column":41},"end":{"line":382,"column":3}},"line":361},"35":{"name":"(anonymous_35)","decl":{"start":{"line":363,"column":25},"end":{"line":363,"column":26}},"loc":{"start":{"line":363,"column":31},"end":{"line":381,"column":5}},"line":363},"36":{"name":"(anonymous_36)","decl":{"start":{"line":370,"column":19},"end":{"line":370,"column":20}},"loc":{"start":{"line":370,"column":25},"end":{"line":376,"column":7}},"line":370},"37":{"name":"(anonymous_37)","decl":{"start":{"line":372,"column":18},"end":{"line":372,"column":19}},"loc":{"start":{"line":372,"column":24},"end":{"line":374,"column":9}},"line":372}},"branchMap":{"0":{"loc":{"start":{"line":35,"column":6},"end":{"line":42,"column":7}},"type":"if","locations":[{"start":{"line":35,"column":6},"end":{"line":42,"column":7}},{"start":{},"end":{}}],"line":35},"1":{"loc":{"start":{"line":36,"column":8},"end":{"line":39,"column":9}},"type":"if","locations":[{"start":{"line":36,"column":8},"end":{"line":39,"column":9}},{"start":{},"end":{}}],"line":36},"2":{"loc":{"start":{"line":40,"column":59},"end":{"line":40,"column":126}},"type":"binary-expr","locations":[{"start":{"line":40,"column":59},"end":{"line":40,"column":69}},{"start":{"line":40,"column":73},"end":{"line":40,"column":91}},{"start":{"line":40,"column":95},"end":{"line":40,"column":126}}],"line":40},"3":{"loc":{"start":{"line":41,"column":19},"end":{"line":41,"column":56}},"type":"binary-expr","locations":[{"start":{"line":41,"column":19},"end":{"line":41,"column":30}},{"start":{"line":41,"column":34},"end":{"line":41,"column":56}}],"line":41},"4":{"loc":{"start":{"line":43,"column":6},"end":{"line":46,"column":7}},"type":"if","locations":[{"start":{"line":43,"column":6},"end":{"line":46,"column":7}},{"start":{},"end":{}}],"line":43},"5":{"loc":{"start":{"line":43,"column":10},"end":{"line":43,"column":47}},"type":"binary-expr","locations":[{"start":{"line":43,"column":10},"end":{"line":43,"column":27}},{"start":{"line":43,"column":31},"end":{"line":43,"column":47}}],"line":43},"6":{"loc":{"start":{"line":47,"column":6},"end":{"line":50,"column":7}},"type":"if","locations":[{"start":{"line":47,"column":6},"end":{"line":50,"column":7}},{"start":{},"end":{}}],"line":47},"7":{"loc":{"start":{"line":47,"column":10},"end":{"line":47,"column":48}},"type":"binary-expr","locations":[{"start":{"line":47,"column":10},"end":{"line":47,"column":29}},{"start":{"line":47,"column":33},"end":{"line":47,"column":48}}],"line":47},"8":{"loc":{"start":{"line":51,"column":6},"end":{"line":51,"column":65}},"type":"if","locations":[{"start":{"line":51,"column":6},"end":{"line":51,"column":65}},{"start":{},"end":{}}],"line":51},"9":{"loc":{"start":{"line":53,"column":6},"end":{"line":56,"column":7}},"type":"if","locations":[{"start":{"line":53,"column":6},"end":{"line":56,"column":7}},{"start":{},"end":{}}],"line":53},"10":{"loc":{"start":{"line":57,"column":6},"end":{"line":60,"column":7}},"type":"if","locations":[{"start":{"line":57,"column":6},"end":{"line":60,"column":7}},{"start":{},"end":{}}],"line":57},"11":{"loc":{"start":{"line":61,"column":6},"end":{"line":63,"column":7}},"type":"if","locations":[{"start":{"line":61,"column":6},"end":{"line":63,"column":7}},{"start":{},"end":{}}],"line":61},"12":{"loc":{"start":{"line":71,"column":16},"end":{"line":71,"column":59}},"type":"binary-expr","locations":[{"start":{"line":71,"column":16},"end":{"line":71,"column":25}},{"start":{"line":71,"column":29},"end":{"line":71,"column":59}}],"line":71},"13":{"loc":{"start":{"line":88,"column":6},"end":{"line":100,"column":7}},"type":"if","locations":[{"start":{"line":88,"column":6},"end":{"line":100,"column":7}},{"start":{},"end":{}}],"line":88},"14":{"loc":{"start":{"line":88,"column":10},"end":{"line":88,"column":27}},"type":"binary-expr","locations":[{"start":{"line":88,"column":10},"end":{"line":88,"column":14}},{"start":{"line":88,"column":18},"end":{"line":88,"column":27}}],"line":88},"15":{"loc":{"start":{"line":89,"column":8},"end":{"line":89,"column":64}},"type":"if","locations":[{"start":{"line":89,"column":8},"end":{"line":89,"column":64}},{"start":{},"end":{}}],"line":89},"16":{"loc":{"start":{"line":89,"column":12},"end":{"line":89,"column":55}},"type":"binary-expr","locations":[{"start":{"line":89,"column":12},"end":{"line":89,"column":21}},{"start":{"line":89,"column":25},"end":{"line":89,"column":55}}],"line":89},"17":{"loc":{"start":{"line":90,"column":8},"end":{"line":93,"column":9}},"type":"if","locations":[{"start":{"line":90,"column":8},"end":{"line":93,"column":9}},{"start":{},"end":{}}],"line":90},"18":{"loc":{"start":{"line":107,"column":6},"end":{"line":115,"column":7}},"type":"if","locations":[{"start":{"line":107,"column":6},"end":{"line":115,"column":7}},{"start":{},"end":{}}],"line":107},"19":{"loc":{"start":{"line":108,"column":46},"end":{"line":108,"column":93}},"type":"binary-expr","locations":[{"start":{"line":108,"column":46},"end":{"line":108,"column":68}},{"start":{"line":108,"column":72},"end":{"line":108,"column":93}}],"line":108},"20":{"loc":{"start":{"line":109,"column":8},"end":{"line":114,"column":9}},"type":"if","locations":[{"start":{"line":109,"column":8},"end":{"line":114,"column":9}},{"start":{},"end":{}}],"line":109},"21":{"loc":{"start":{"line":110,"column":10},"end":{"line":112,"column":13}},"type":"if","locations":[{"start":{"line":110,"column":10},"end":{"line":112,"column":13}},{"start":{},"end":{}}],"line":110},"22":{"loc":{"start":{"line":116,"column":6},"end":{"line":118,"column":9}},"type":"if","locations":[{"start":{"line":116,"column":6},"end":{"line":118,"column":9}},{"start":{},"end":{}}],"line":116},"23":{"loc":{"start":{"line":124,"column":10},"end":{"line":126,"column":11}},"type":"if","locations":[{"start":{"line":124,"column":10},"end":{"line":126,"column":11}},{"start":{},"end":{}}],"line":124},"24":{"loc":{"start":{"line":134,"column":10},"end":{"line":136,"column":11}},"type":"if","locations":[{"start":{"line":134,"column":10},"end":{"line":136,"column":11}},{"start":{},"end":{}}],"line":134},"25":{"loc":{"start":{"line":147,"column":6},"end":{"line":162,"column":7}},"type":"if","locations":[{"start":{"line":147,"column":6},"end":{"line":162,"column":7}},{"start":{},"end":{}}],"line":147},"26":{"loc":{"start":{"line":149,"column":8},"end":{"line":161,"column":9}},"type":"if","locations":[{"start":{"line":149,"column":8},"end":{"line":161,"column":9}},{"start":{},"end":{}}],"line":149},"27":{"loc":{"start":{"line":149,"column":12},"end":{"line":149,"column":41}},"type":"binary-expr","locations":[{"start":{"line":149,"column":12},"end":{"line":149,"column":18}},{"start":{"line":149,"column":22},"end":{"line":149,"column":41}}],"line":149},"28":{"loc":{"start":{"line":155,"column":10},"end":{"line":160,"column":11}},"type":"if","locations":[{"start":{"line":155,"column":10},"end":{"line":160,"column":11}},{"start":{},"end":{}}],"line":155},"29":{"loc":{"start":{"line":155,"column":14},"end":{"line":155,"column":220}},"type":"binary-expr","locations":[{"start":{"line":155,"column":14},"end":{"line":155,"column":29}},{"start":{"line":155,"column":33},"end":{"line":155,"column":114}},{"start":{"line":155,"column":118},"end":{"line":155,"column":132}},{"start":{"line":155,"column":136},"end":{"line":155,"column":220}}],"line":155},"30":{"loc":{"start":{"line":156,"column":12},"end":{"line":156,"column":95}},"type":"if","locations":[{"start":{"line":156,"column":12},"end":{"line":156,"column":95}},{"start":{"line":156,"column":66},"end":{"line":156,"column":95}}],"line":156},"31":{"loc":{"start":{"line":169,"column":6},"end":{"line":177,"column":7}},"type":"if","locations":[{"start":{"line":169,"column":6},"end":{"line":177,"column":7}},{"start":{},"end":{}}],"line":169},"32":{"loc":{"start":{"line":171,"column":8},"end":{"line":176,"column":9}},"type":"if","locations":[{"start":{"line":171,"column":8},"end":{"line":176,"column":9}},{"start":{},"end":{}}],"line":171},"33":{"loc":{"start":{"line":184,"column":6},"end":{"line":193,"column":7}},"type":"if","locations":[{"start":{"line":184,"column":6},"end":{"line":193,"column":7}},{"start":{},"end":{}}],"line":184},"34":{"loc":{"start":{"line":186,"column":8},"end":{"line":192,"column":9}},"type":"if","locations":[{"start":{"line":186,"column":8},"end":{"line":192,"column":9}},{"start":{},"end":{}}],"line":186},"35":{"loc":{"start":{"line":186,"column":12},"end":{"line":186,"column":41}},"type":"binary-expr","locations":[{"start":{"line":186,"column":12},"end":{"line":186,"column":18}},{"start":{"line":186,"column":22},"end":{"line":186,"column":41}}],"line":186},"36":{"loc":{"start":{"line":200,"column":6},"end":{"line":212,"column":7}},"type":"if","locations":[{"start":{"line":200,"column":6},"end":{"line":212,"column":7}},{"start":{},"end":{}}],"line":200},"37":{"loc":{"start":{"line":202,"column":8},"end":{"line":211,"column":9}},"type":"if","locations":[{"start":{"line":202,"column":8},"end":{"line":211,"column":9}},{"start":{},"end":{}}],"line":202},"38":{"loc":{"start":{"line":204,"column":10},"end":{"line":210,"column":11}},"type":"if","locations":[{"start":{"line":204,"column":10},"end":{"line":210,"column":11}},{"start":{},"end":{}}],"line":204},"39":{"loc":{"start":{"line":219,"column":6},"end":{"line":229,"column":7}},"type":"if","locations":[{"start":{"line":219,"column":6},"end":{"line":229,"column":7}},{"start":{},"end":{}}],"line":219},"40":{"loc":{"start":{"line":221,"column":8},"end":{"line":228,"column":9}},"type":"if","locations":[{"start":{"line":221,"column":8},"end":{"line":228,"column":9}},{"start":{},"end":{}}],"line":221},"41":{"loc":{"start":{"line":236,"column":6},"end":{"line":266,"column":7}},"type":"if","locations":[{"start":{"line":236,"column":6},"end":{"line":266,"column":7}},{"start":{"line":261,"column":13},"end":{"line":266,"column":7}}],"line":236},"42":{"loc":{"start":{"line":238,"column":8},"end":{"line":260,"column":9}},"type":"if","locations":[{"start":{"line":238,"column":8},"end":{"line":260,"column":9}},{"start":{"line":255,"column":15},"end":{"line":260,"column":9}}],"line":238},"43":{"loc":{"start":{"line":243,"column":10},"end":{"line":251,"column":11}},"type":"if","locations":[{"start":{"line":243,"column":10},"end":{"line":251,"column":11}},{"start":{},"end":{}}],"line":243},"44":{"loc":{"start":{"line":245,"column":12},"end":{"line":250,"column":13}},"type":"if","locations":[{"start":{"line":245,"column":12},"end":{"line":250,"column":13}},{"start":{},"end":{}}],"line":245},"45":{"loc":{"start":{"line":252,"column":10},"end":{"line":254,"column":13}},"type":"if","locations":[{"start":{"line":252,"column":10},"end":{"line":254,"column":13}},{"start":{},"end":{}}],"line":252},"46":{"loc":{"start":{"line":256,"column":10},"end":{"line":259,"column":13}},"type":"if","locations":[{"start":{"line":256,"column":10},"end":{"line":259,"column":13}},{"start":{},"end":{}}],"line":256},"47":{"loc":{"start":{"line":262,"column":8},"end":{"line":265,"column":11}},"type":"if","locations":[{"start":{"line":262,"column":8},"end":{"line":265,"column":11}},{"start":{},"end":{}}],"line":262},"48":{"loc":{"start":{"line":272,"column":6},"end":{"line":299,"column":7}},"type":"if","locations":[{"start":{"line":272,"column":6},"end":{"line":299,"column":7}},{"start":{},"end":{}}],"line":272},"49":{"loc":{"start":{"line":274,"column":8},"end":{"line":298,"column":9}},"type":"if","locations":[{"start":{"line":274,"column":8},"end":{"line":298,"column":9}},{"start":{},"end":{}}],"line":274},"50":{"loc":{"start":{"line":280,"column":10},"end":{"line":286,"column":11}},"type":"if","locations":[{"start":{"line":280,"column":10},"end":{"line":286,"column":11}},{"start":{},"end":{}}],"line":280},"51":{"loc":{"start":{"line":287,"column":10},"end":{"line":292,"column":11}},"type":"if","locations":[{"start":{"line":287,"column":10},"end":{"line":292,"column":11}},{"start":{},"end":{}}],"line":287},"52":{"loc":{"start":{"line":293,"column":10},"end":{"line":293,"column":64}},"type":"if","locations":[{"start":{"line":293,"column":10},"end":{"line":293,"column":64}},{"start":{},"end":{}}],"line":293},"53":{"loc":{"start":{"line":294,"column":10},"end":{"line":296,"column":13}},"type":"if","locations":[{"start":{"line":294,"column":10},"end":{"line":296,"column":13}},{"start":{},"end":{}}],"line":294},"54":{"loc":{"start":{"line":300,"column":6},"end":{"line":303,"column":9}},"type":"if","locations":[{"start":{"line":300,"column":6},"end":{"line":303,"column":9}},{"start":{},"end":{}}],"line":300},"55":{"loc":{"start":{"line":309,"column":8},"end":{"line":355,"column":9}},"type":"if","locations":[{"start":{"line":309,"column":8},"end":{"line":355,"column":9}},{"start":{},"end":{}}],"line":309},"56":{"loc":{"start":{"line":312,"column":10},"end":{"line":353,"column":11}},"type":"if","locations":[{"start":{"line":312,"column":10},"end":{"line":353,"column":11}},{"start":{"line":336,"column":17},"end":{"line":353,"column":11}}],"line":312},"57":{"loc":{"start":{"line":314,"column":12},"end":{"line":334,"column":13}},"type":"if","locations":[{"start":{"line":314,"column":12},"end":{"line":334,"column":13}},{"start":{},"end":{}}],"line":314},"58":{"loc":{"start":{"line":322,"column":14},"end":{"line":333,"column":15}},"type":"if","locations":[{"start":{"line":322,"column":14},"end":{"line":333,"column":15}},{"start":{"line":327,"column":21},"end":{"line":333,"column":15}}],"line":322},"59":{"loc":{"start":{"line":327,"column":21},"end":{"line":333,"column":15}},"type":"if","locations":[{"start":{"line":327,"column":21},"end":{"line":333,"column":15}},{"start":{},"end":{}}],"line":327},"60":{"loc":{"start":{"line":327,"column":25},"end":{"line":327,"column":59}},"type":"binary-expr","locations":[{"start":{"line":327,"column":25},"end":{"line":327,"column":32}},{"start":{"line":327,"column":36},"end":{"line":327,"column":59}}],"line":327},"61":{"loc":{"start":{"line":346,"column":12},"end":{"line":351,"column":13}},"type":"if","locations":[{"start":{"line":346,"column":12},"end":{"line":351,"column":13}},{"start":{},"end":{}}],"line":346},"62":{"loc":{"start":{"line":352,"column":12},"end":{"line":352,"column":66}},"type":"if","locations":[{"start":{"line":352,"column":12},"end":{"line":352,"column":66}},{"start":{},"end":{}}],"line":352}},"s":{"0":1,"1":1,"2":1,"3":1,"4":1,"5":1,"6":1,"7":1,"8":1,"9":1,"10":1,"11":1,"12":1,"13":1,"14":1,"15":1,"16":1,"17":12,"18":12,"19":2,"20":1,"21":1,"22":1,"23":0,"24":1,"25":11,"26":1,"27":1,"28":10,"29":0,"30":0,"31":10,"32":5,"33":10,"34":10,"35":0,"36":0,"37":10,"38":0,"39":0,"40":10,"41":0,"42":10,"43":10,"44":10,"45":10,"46":10,"47":10,"48":15,"49":10,"50":12,"51":5,"52":5,"53":5,"54":1,"55":4,"56":1,"57":1,"58":3,"59":3,"60":12,"61":1,"62":1,"63":1,"64":2,"65":1,"66":1,"67":1,"68":1,"69":0,"70":0,"71":12,"72":1,"73":1,"74":1,"75":1,"76":1,"77":1,"78":1,"79":0,"80":12,"81":0,"82":0,"83":0,"84":0,"85":0,"86":0,"87":0,"88":12,"89":1,"90":1,"91":1,"92":2,"93":1,"94":1,"95":1,"96":1,"97":1,"98":1,"99":0,"100":1,"101":12,"102":1,"103":1,"104":1,"105":2,"106":1,"107":1,"108":1,"109":12,"110":1,"111":1,"112":1,"113":2,"114":1,"115":1,"116":1,"117":12,"118":1,"119":1,"120":1,"121":2,"122":1,"123":1,"124":1,"125":1,"126":12,"127":1,"128":1,"129":1,"130":2,"131":1,"132":1,"133":12,"134":1,"135":1,"136":1,"137":2,"138":1,"139":1,"140":1,"141":1,"142":1,"143":1,"144":1,"145":1,"146":1,"147":1,"148":1,"149":0,"150":0,"151":0,"152":0,"153":12,"154":2,"155":2,"156":2,"157":3,"158":2,"159":2,"160":2,"161":2,"162":2,"163":2,"164":1,"165":2,"166":2,"167":1,"168":1,"169":2,"170":1,"171":2,"172":2,"173":2,"174":0,"175":0,"176":12,"177":12,"178":5,"179":5,"180":5,"181":5,"182":4,"183":4,"184":7,"185":4,"186":2,"187":2,"188":2,"189":2,"190":2,"191":2,"192":2,"193":2,"194":0,"195":0,"196":0,"197":0,"198":2,"199":2,"200":2,"201":2,"202":1,"203":2,"204":2,"205":1,"206":1,"207":2,"208":1,"209":4,"210":1,"211":1,"212":1,"213":1,"214":1,"215":1,"216":1,"217":1,"218":1,"219":1,"220":1,"221":1},"f":{"0":1,"1":1,"2":1,"3":12,"4":12,"5":0,"6":15,"7":5,"8":1,"9":2,"10":1,"11":0,"12":1,"13":2,"14":1,"15":2,"16":1,"17":2,"18":1,"19":2,"20":1,"21":2,"22":1,"23":2,"24":1,"25":2,"26":3,"27":1,"28":12,"29":5,"30":7,"31":0,"32":1,"33":1,"34":1,"35":1,"36":1,"37":1},"b":{"0":[2,10],"1":[1,1],"2":[0,0,0],"3":[1,1],"4":[1,10],"5":[11,6],"6":[0,10],"7":[10,5],"8":[5,5],"9":[0,10],"10":[0,10],"11":[0,10],"12":[10,10],"13":[5,0],"14":[5,5],"15":[1,4],"16":[5,5],"17":[1,3],"18":[1,0],"19":[2,1],"20":[1,0],"21":[1,0],"22":[0,0],"23":[1,0],"24":[0,0],"25":[1,0],"26":[1,0],"27":[1,1],"28":[1,0],"29":[1,1,0,0],"30":[1,0],"31":[1,0],"32":[1,0],"33":[1,0],"34":[1,0],"35":[1,1],"36":[1,0],"37":[1,0],"38":[1,0],"39":[1,0],"40":[1,0],"41":[1,0],"42":[1,0],"43":[1,0],"44":[1,0],"45":[1,0],"46":[0,0],"47":[0,0],"48":[2,0],"49":[2,0],"50":[2,0],"51":[1,1],"52":[1,1],"53":[2,0],"54":[0,0],"55":[4,1],"56":[2,2],"57":[2,0],"58":[2,0],"59":[0,0],"60":[0,0],"61":[1,1],"62":[1,1]},"inputSourceMap":{"version":3,"names":["Game","require","Player","cors","express","initApp","app","params","cb","host","port","expressApp","use","static","listen","initEngine","io","games","roomCounter","on","socket","playerName","roomName","action","emit","waitingRoom","Object","keys","find","key","players","length","game","isStarted","player","id","addPlayer","join","name","isYou","isHost","to","playerList","map","p","startGame","pieceSequence","ok","findLastOneIndex","matrix","lastIndex","i","j","findFirstOneIndex","move","socketId","currentPiece","piece","boardWidth","start","end","shape","rotation","position","x","nextPiece","getNextPiece","rotate","rowsCleared","penalty","sender","senderId","lines","state","isAlive","checkGameOver","alivePlayer","winnerName","reason","removePlayer","leave","remaining","playerCount","wasHost","otherPlayers","filter","winner","newHost","create","promise","Promise","resolve","createServer","origin","methods","stop","close","unref"],"sourceRoot":"/home/kelvi/Documents/42_red-tetris/backend/src/server/","sources":["index.js"],"sourcesContent":["const Game = require('./game');\nconst Player = require('./player');\nconst cors = require('cors');\nconst express = require('express');\n\nconst initApp = (app, params, cb) => {\n  const { host, port } = params;\n\n  const expressApp = express();\n  expressApp.use(cors());\n  expressApp.use(express.static('public'));\n\n  app.listen({ host, port }, () => {\n    cb();\n  });\n};\n\nconst initEngine = (io) => {\n  const games = {};\n  let roomCounter = 0;\n\n  io.on('connection', (socket) => {\n\n    socket.on('joinRoom', ({ playerName, roomName, action }) => {\n      if (!roomName) {\n        if (action === 'join') {\n             socket.emit('roomError', 'Room name is required to join.');\n             return;\n        }\n        const waitingRoom = Object.keys(games).find(\n          (key) => games[key] && games[key].players && games[key].players.length === 1\n        );\n        roomName = waitingRoom || `room${roomCounter++}`;\n      }\n\n      if (action === 'join' && !games[roomName]) {\n        socket.emit('roomError', `Room '${roomName}' does not exist.`);\n        return;\n      }\n      if (action === 'create' && games[roomName]) {\n        socket.emit('roomError', `Room '${roomName}' already exists.`);\n        return;\n      }\n\n      if (!games[roomName]) games[roomName] = new Game(roomName);\n\n      const game = games[roomName];\n\n      if (game.players.length >= 4) {\n         socket.emit('roomError', 'Room is full');\n         return;\n      }\n\n      if (game.isStarted) {\n        socket.emit('roomError', 'Game already started');\n        return;\n      }\n\n      if (!playerName) {\n        playerName = `player${game.players.length + 1}`;\n      }\n\n      const player = new Player(playerName, socket.id);\n      game.addPlayer(player);\n\n      socket.join(game.roomName);\n      socket.emit('playerJoined', {\n        name: game.roomName,\n        game: game.players.length === 2,\n        isYou: true,\n        isHost: game.host && game.host.socket === socket.id\n      });\n      socket.to(game.roomName).emit('playerJoined', {\n        name: game.roomName,\n        game: game.players.length === 2,\n        isYou: false,\n      });\n\n      const playerList = game.players.map(p => ({ name: p.name, isHost: p.isHost }));\n      io.to(game.roomName).emit('updatePlayerList', playerList);\n    });\n\n    socket.on('startGame', ({ roomName }) => {\n      const game = games[roomName];\n      if (game && socket.id) {\n        if (game.host && game.host.socket !== socket.id) return;\n        \n        if (game.players.length < 2) {\n          socket.emit('roomError', 'Cannot start game with less than 2 players.');\n          return;\n        }\n\n        game.startGame();\n        io.to(roomName).emit('gameStarted', { pieceSequence: game.pieceSequence, players: games[roomName].players, roomName });\n      }\n    });\n\n    socket.on('canJoinRoom', ({ roomName, playerName }, cb) => {\n      const game = games[roomName];\n      if (game) {\n        const player = game.players.find((p) => p.socket === socket.id && p.name === playerName);\n        if (player) {\n          if (typeof cb === 'function') cb({ ok: true });\n          return;\n        }\n      }\n      if (typeof cb === 'function') cb({ ok: false });\n    });\n\n    const findLastOneIndex = (matrix) => {\n      let lastIndex = -1;\n    \n      for (let i = matrix.length - 1; i >= 0; i--) {\n        for (let j = matrix[i].length - 1; j >= 0; j--) {\n          if (matrix[i][j] === 1) {\n            return j;\n          }\n        }\n      }\n      return lastIndex + 1;\n    }\n\n    const findFirstOneIndex = (matrix) => {\n      for (let i = 0; i < matrix.length; i++) {\n        for (let j = 0; j < matrix[i].length; j++) {\n          if (matrix[i][j] === 1) {\n            return j;\n          }\n        }\n      }\n      return -1;\n    };\n\n    socket.on('movePiece', ({ roomName, move, socketId }) => {\n      const game = games[roomName];\n      if (game) {\n        const player = game.players.find((p) => p.socket === socketId);\n        if (player && player.currentPiece) {\n          const piece = player.currentPiece;\n          const boardWidth = {start: 0, end: 10};\n\n          if ((move == 'right' && findLastOneIndex(piece.shape[piece.rotation]) + piece.position.x < boardWidth.end) ||\n              (move == 'left' && piece.position.x - findFirstOneIndex(piece.shape[piece.rotation]) > boardWidth.start)) {\n            if (move == 'right')\n              player.currentPiece.move(1);\n            else \n              player.currentPiece.move(-1);\n            io.to(socketId).emit('updatePiece', { move });\n          }\n        }\n      }\n    });\n\n    socket.on('nextPiece', ({ roomName, socketId }) => {\n      const game = games[roomName];\n      if (game) {\n        const player = game.players.find((p) => p.socket === socketId);\n        if (player) {\n          const nextPiece = game.getNextPiece();\n          io.to(socketId).emit('updatePiece', { piece: nextPiece });\n        }\n      }\n    });\n\n    socket.on('rotatePiece', ({ roomName, socketId }) => {\n      const game = games[roomName];\n      if (game) {\n        const player = game.players.find((p) => p.socket === socketId);\n        if (player && player.currentPiece) {\n          player.currentPiece.rotate();\n          io.to(roomName).emit('updatePiece', { player: player.name, piece: player.currentPiece });\n        }\n      }\n    });\n\n    socket.on('linesCleared', ({ roomName, rowsCleared }) => {\n      const game = games[roomName];\n      if (game) {\n        const player = game.players.find((p) => p.socket === socket.id);\n        if (player) {\n          const penalty = rowsCleared; \n          if (penalty > 0) {\n            socket.to(roomName).emit('penaltyLines', {\n              sender: player.name,\n              senderId: socket.id,\n              lines: penalty\n            });\n          }\n        }\n      }\n    });\n\n    socket.on('updatePlayerState', ({ roomName, state }) => {\n      const game = games[roomName];\n      if (game) {\n        const player = game.players.find((p) => p.socket === socket.id);\n        if (player) {\n           // We could update server-side state here if needed\n           socket.to(roomName).emit('opponentStateUpdate', {\n             socketId: socket.id,\n             name: player.name,\n             state\n           });\n        }\n      }\n    });\n\n    socket.on('playerLost', ({ roomName, playerName }, cb) => {\n      const game = games[roomName];\n      if (game) {\n        const player = game.players.find((p) => p.socket === socket.id);\n        if (player) {\n          player.isAlive = false;\n          \n          io.to(roomName).emit('playerEliminated', { playerName });\n          \n          if (game.checkGameOver()) {\n            const alivePlayer = game.players.find(p => p.isAlive);\n            if (alivePlayer) {\n              io.to(roomName).emit('gameFinished', { winnerName: alivePlayer.name });\n              delete games[roomName];\n            }\n          }\n          \n          if (typeof cb === 'function') cb({ ok: true });\n        } else {\n          if (typeof cb === 'function') cb({ ok: false, reason: 'player not found' });\n        }\n      } else {\n        if (typeof cb === 'function') cb({ ok: false, reason: 'game not found' });\n      }\n    });\n\n    socket.on('leaveRoom', ({ roomName }, cb) => {\n      const game = games[roomName];\n      if (game) {\n        const player = game.players.find((p) => p.socket === socket.id);\n        if (player) {\n            game.removePlayer(player);\n            socket.leave(roomName);\n            \n            socket.to(roomName).emit('playerLeft', { playerName: player.name });\n            if (!game.isStarted) {\n                const playerList = game.players.map(p => ({ name: p.name, isHost: p.isHost }));\n                io.to(roomName).emit('updatePlayerList', playerList);\n            }\n\n            if (game.players.length === 1) {\n              const remaining = game.players[0];\n              io.to(remaining.socket).emit('alone', { playerCount: 1 });\n            }\n            if (game.players.length === 0) delete games[roomName];\n            if (typeof cb === 'function') cb({ ok: true });\n          return;\n        }\n      }\n      if (typeof cb === 'function') cb({ ok: false, reason: 'not found' });\n    });\n\n    socket.on('disconnect', () => {\n      for (const roomName in games) {\n        const game = games[roomName];\n        const player = game.players.find((p) => p.socket === socket.id);\n        if (player) {\n          const wasHost = player.isHost;\n          const otherPlayers = game.players.filter((p) => p.socket !== socket.id);\n\n          if (game.isStarted) {\n            game.removePlayer(player);\n            if (otherPlayers.length > 0) {\n              const winner = otherPlayers[0];\n\n              io.to(winner.socket).emit('youWin', { winnerName: winner.name });\n              io.to(game.roomName).emit('playerLeft', { playerName: player.name });\n              \n              if (game.players.length === 1) {\n                const remaining = game.players[0];\n                io.to(remaining.socket).emit('alone', { playerCount: 1 });\n              } else if (wasHost && game.players.length > 1) {\n                const newHost = game.host;\n                io.to(game.roomName).emit('updatePlayerList', \n                  game.players.map(p => ({ name: p.name, isHost: p.isHost }))\n                );\n              }\n            }\n            delete games[roomName];\n          } else {\n            game.removePlayer(player);\n            io.to(game.roomName).emit('playerLeft', { playerName: player.name });\n            \n            const playerList = game.players.map(p => ({ name: p.name, isHost: p.isHost }));\n            io.to(game.roomName).emit('updatePlayerList', playerList);\n\n            if (game.players.length === 1) {\n              const remaining = game.players[0];\n              io.to(remaining.socket).emit('alone', { playerCount: 1 });\n            }\n            if (game.players.length === 0) delete games[roomName];\n          }\n          break;\n        }\n      }\n    });\n  });\n};\n\nexport function create(params) {\n  const promise = new Promise((resolve) => {\n    const app = require('http').createServer();\n    initApp(app, params, () => {\n      const io = require('socket.io')(app, {\n        cors: {\n          origin: '*',\n          methods: ['GET', 'POST'],\n        },\n      });\n\n      const stop = (cb) => {\n        io.close();\n        app.close(() => {\n          app.unref();\n        });\n        cb();\n      };\n\n      initEngine(io);\n      resolve({ stop });\n    });\n  });\n  return promise;\n}\n\n"],"mappings":";;;;;;AAAA,MAAMA,IAAI,GAAGC,OAAO,CAAC,QAAQ,CAAC;AAC9B,MAAMC,MAAM,GAAGD,OAAO,CAAC,UAAU,CAAC;AAClC,MAAME,IAAI,GAAGF,OAAO,CAAC,MAAM,CAAC;AAC5B,MAAMG,OAAO,GAAGH,OAAO,CAAC,SAAS,CAAC;AAElC,MAAMI,OAAO,GAAGA,CAACC,GAAG,EAAEC,MAAM,EAAEC,EAAE,KAAK;EACnC,MAAM;IAAEC,IAAI;IAAEC;EAAK,CAAC,GAAGH,MAAM;EAE7B,MAAMI,UAAU,GAAGP,OAAO,CAAC,CAAC;EAC5BO,UAAU,CAACC,GAAG,CAACT,IAAI,CAAC,CAAC,CAAC;EACtBQ,UAAU,CAACC,GAAG,CAACR,OAAO,CAACS,MAAM,CAAC,QAAQ,CAAC,CAAC;EAExCP,GAAG,CAACQ,MAAM,CAAC;IAAEL,IAAI;IAAEC;EAAK,CAAC,EAAE,MAAM;IAC/BF,EAAE,CAAC,CAAC;EACN,CAAC,CAAC;AACJ,CAAC;AAED,MAAMO,UAAU,GAAIC,EAAE,IAAK;EACzB,MAAMC,KAAK,GAAG,CAAC,CAAC;EAChB,IAAIC,WAAW,GAAG,CAAC;EAEnBF,EAAE,CAACG,EAAE,CAAC,YAAY,EAAGC,MAAM,IAAK;IAE9BA,MAAM,CAACD,EAAE,CAAC,UAAU,EAAE,CAAC;MAAEE,UAAU;MAAEC,QAAQ;MAAEC;IAAO,CAAC,KAAK;MAC1D,IAAI,CAACD,QAAQ,EAAE;QACb,IAAIC,MAAM,KAAK,MAAM,EAAE;UAClBH,MAAM,CAACI,IAAI,CAAC,WAAW,EAAE,gCAAgC,CAAC;UAC1D;QACL;QACA,MAAMC,WAAW,GAAGC,MAAM,CAACC,IAAI,CAACV,KAAK,CAAC,CAACW,IAAI,CACxCC,GAAG,IAAKZ,KAAK,CAACY,GAAG,CAAC,IAAIZ,KAAK,CAACY,GAAG,CAAC,CAACC,OAAO,IAAIb,KAAK,CAACY,GAAG,CAAC,CAACC,OAAO,CAACC,MAAM,KAAK,CAC7E,CAAC;QACDT,QAAQ,GAAGG,WAAW,IAAI,OAAOP,WAAW,EAAE,EAAE;MAClD;MAEA,IAAIK,MAAM,KAAK,MAAM,IAAI,CAACN,KAAK,CAACK,QAAQ,CAAC,EAAE;QACzCF,MAAM,CAACI,IAAI,CAAC,WAAW,EAAE,SAASF,QAAQ,mBAAmB,CAAC;QAC9D;MACF;MACA,IAAIC,MAAM,KAAK,QAAQ,IAAIN,KAAK,CAACK,QAAQ,CAAC,EAAE;QAC1CF,MAAM,CAACI,IAAI,CAAC,WAAW,EAAE,SAASF,QAAQ,mBAAmB,CAAC;QAC9D;MACF;MAEA,IAAI,CAACL,KAAK,CAACK,QAAQ,CAAC,EAAEL,KAAK,CAACK,QAAQ,CAAC,GAAG,IAAItB,IAAI,CAACsB,QAAQ,CAAC;MAE1D,MAAMU,IAAI,GAAGf,KAAK,CAACK,QAAQ,CAAC;MAE5B,IAAIU,IAAI,CAACF,OAAO,CAACC,MAAM,IAAI,CAAC,EAAE;QAC3BX,MAAM,CAACI,IAAI,CAAC,WAAW,EAAE,cAAc,CAAC;QACxC;MACH;MAEA,IAAIQ,IAAI,CAACC,SAAS,EAAE;QAClBb,MAAM,CAACI,IAAI,CAAC,WAAW,EAAE,sBAAsB,CAAC;QAChD;MACF;MAEA,IAAI,CAACH,UAAU,EAAE;QACfA,UAAU,GAAG,SAASW,IAAI,CAACF,OAAO,CAACC,MAAM,GAAG,CAAC,EAAE;MACjD;MAEA,MAAMG,MAAM,GAAG,IAAIhC,MAAM,CAACmB,UAAU,EAAED,MAAM,CAACe,EAAE,CAAC;MAChDH,IAAI,CAACI,SAAS,CAACF,MAAM,CAAC;MAEtBd,MAAM,CAACiB,IAAI,CAACL,IAAI,CAACV,QAAQ,CAAC;MAC1BF,MAAM,CAACI,IAAI,CAAC,cAAc,EAAE;QAC1Bc,IAAI,EAAEN,IAAI,CAACV,QAAQ;QACnBU,IAAI,EAAEA,IAAI,CAACF,OAAO,CAACC,MAAM,KAAK,CAAC;QAC/BQ,KAAK,EAAE,IAAI;QACXC,MAAM,EAAER,IAAI,CAACvB,IAAI,IAAIuB,IAAI,CAACvB,IAAI,CAACW,MAAM,KAAKA,MAAM,CAACe;MACnD,CAAC,CAAC;MACFf,MAAM,CAACqB,EAAE,CAACT,IAAI,CAACV,QAAQ,CAAC,CAACE,IAAI,CAAC,cAAc,EAAE;QAC5Cc,IAAI,EAAEN,IAAI,CAACV,QAAQ;QACnBU,IAAI,EAAEA,IAAI,CAACF,OAAO,CAACC,MAAM,KAAK,CAAC;QAC/BQ,KAAK,EAAE;MACT,CAAC,CAAC;MAEF,MAAMG,UAAU,GAAGV,IAAI,CAACF,OAAO,CAACa,GAAG,CAACC,CAAC,KAAK;QAAEN,IAAI,EAAEM,CAAC,CAACN,IAAI;QAAEE,MAAM,EAAEI,CAAC,CAACJ;MAAO,CAAC,CAAC,CAAC;MAC9ExB,EAAE,CAACyB,EAAE,CAACT,IAAI,CAACV,QAAQ,CAAC,CAACE,IAAI,CAAC,kBAAkB,EAAEkB,UAAU,CAAC;IAC3D,CAAC,CAAC;IAEFtB,MAAM,CAACD,EAAE,CAAC,WAAW,EAAE,CAAC;MAAEG;IAAS,CAAC,KAAK;MACvC,MAAMU,IAAI,GAAGf,KAAK,CAACK,QAAQ,CAAC;MAC5B,IAAIU,IAAI,IAAIZ,MAAM,CAACe,EAAE,EAAE;QACrB,IAAIH,IAAI,CAACvB,IAAI,IAAIuB,IAAI,CAACvB,IAAI,CAACW,MAAM,KAAKA,MAAM,CAACe,EAAE,EAAE;QAEjD,IAAIH,IAAI,CAACF,OAAO,CAACC,MAAM,GAAG,CAAC,EAAE;UAC3BX,MAAM,CAACI,IAAI,CAAC,WAAW,EAAE,6CAA6C,CAAC;UACvE;QACF;QAEAQ,IAAI,CAACa,SAAS,CAAC,CAAC;QAChB7B,EAAE,CAACyB,EAAE,CAACnB,QAAQ,CAAC,CAACE,IAAI,CAAC,aAAa,EAAE;UAAEsB,aAAa,EAAEd,IAAI,CAACc,aAAa;UAAEhB,OAAO,EAAEb,KAAK,CAACK,QAAQ,CAAC,CAACQ,OAAO;UAAER;QAAS,CAAC,CAAC;MACxH;IACF,CAAC,CAAC;IAEFF,MAAM,CAACD,EAAE,CAAC,aAAa,EAAE,CAAC;MAAEG,QAAQ;MAAED;IAAW,CAAC,EAAEb,EAAE,KAAK;MACzD,MAAMwB,IAAI,GAAGf,KAAK,CAACK,QAAQ,CAAC;MAC5B,IAAIU,IAAI,EAAE;QACR,MAAME,MAAM,GAAGF,IAAI,CAACF,OAAO,CAACF,IAAI,CAAEgB,CAAC,IAAKA,CAAC,CAACxB,MAAM,KAAKA,MAAM,CAACe,EAAE,IAAIS,CAAC,CAACN,IAAI,KAAKjB,UAAU,CAAC;QACxF,IAAIa,MAAM,EAAE;UACV,IAAI,OAAO1B,EAAE,KAAK,UAAU,EAAEA,EAAE,CAAC;YAAEuC,EAAE,EAAE;UAAK,CAAC,CAAC;UAC9C;QACF;MACF;MACA,IAAI,OAAOvC,EAAE,KAAK,UAAU,EAAEA,EAAE,CAAC;QAAEuC,EAAE,EAAE;MAAM,CAAC,CAAC;IACjD,CAAC,CAAC;IAEF,MAAMC,gBAAgB,GAAIC,MAAM,IAAK;MACnC,IAAIC,SAAS,GAAG,CAAC,CAAC;MAElB,KAAK,IAAIC,CAAC,GAAGF,MAAM,CAAClB,MAAM,GAAG,CAAC,EAAEoB,CAAC,IAAI,CAAC,EAAEA,CAAC,EAAE,EAAE;QAC3C,KAAK,IAAIC,CAAC,GAAGH,MAAM,CAACE,CAAC,CAAC,CAACpB,MAAM,GAAG,CAAC,EAAEqB,CAAC,IAAI,CAAC,EAAEA,CAAC,EAAE,EAAE;UAC9C,IAAIH,MAAM,CAACE,CAAC,CAAC,CAACC,CAAC,CAAC,KAAK,CAAC,EAAE;YACtB,OAAOA,CAAC;UACV;QACF;MACF;MACA,OAAOF,SAAS,GAAG,CAAC;IACtB,CAAC;IAED,MAAMG,iBAAiB,GAAIJ,MAAM,IAAK;MACpC,KAAK,IAAIE,CAAC,GAAG,CAAC,EAAEA,CAAC,GAAGF,MAAM,CAAClB,MAAM,EAAEoB,CAAC,EAAE,EAAE;QACtC,KAAK,IAAIC,CAAC,GAAG,CAAC,EAAEA,CAAC,GAAGH,MAAM,CAACE,CAAC,CAAC,CAACpB,MAAM,EAAEqB,CAAC,EAAE,EAAE;UACzC,IAAIH,MAAM,CAACE,CAAC,CAAC,CAACC,CAAC,CAAC,KAAK,CAAC,EAAE;YACtB,OAAOA,CAAC;UACV;QACF;MACF;MACA,OAAO,CAAC,CAAC;IACX,CAAC;IAEDhC,MAAM,CAACD,EAAE,CAAC,WAAW,EAAE,CAAC;MAAEG,QAAQ;MAAEgC,IAAI;MAAEC;IAAS,CAAC,KAAK;MACvD,MAAMvB,IAAI,GAAGf,KAAK,CAACK,QAAQ,CAAC;MAC5B,IAAIU,IAAI,EAAE;QACR,MAAME,MAAM,GAAGF,IAAI,CAACF,OAAO,CAACF,IAAI,CAAEgB,CAAC,IAAKA,CAAC,CAACxB,MAAM,KAAKmC,QAAQ,CAAC;QAC9D,IAAIrB,MAAM,IAAIA,MAAM,CAACsB,YAAY,EAAE;UACjC,MAAMC,KAAK,GAAGvB,MAAM,CAACsB,YAAY;UACjC,MAAME,UAAU,GAAG;YAACC,KAAK,EAAE,CAAC;YAAEC,GAAG,EAAE;UAAE,CAAC;UAEtC,IAAKN,IAAI,IAAI,OAAO,IAAIN,gBAAgB,CAACS,KAAK,CAACI,KAAK,CAACJ,KAAK,CAACK,QAAQ,CAAC,CAAC,GAAGL,KAAK,CAACM,QAAQ,CAACC,CAAC,GAAGN,UAAU,CAACE,GAAG,IACpGN,IAAI,IAAI,MAAM,IAAIG,KAAK,CAACM,QAAQ,CAACC,CAAC,GAAGX,iBAAiB,CAACI,KAAK,CAACI,KAAK,CAACJ,KAAK,CAACK,QAAQ,CAAC,CAAC,GAAGJ,UAAU,CAACC,KAAM,EAAE;YAC5G,IAAIL,IAAI,IAAI,OAAO,EACjBpB,MAAM,CAACsB,YAAY,CAACF,IAAI,CAAC,CAAC,CAAC,CAAC,KAE5BpB,MAAM,CAACsB,YAAY,CAACF,IAAI,CAAC,CAAC,CAAC,CAAC;YAC9BtC,EAAE,CAACyB,EAAE,CAACc,QAAQ,CAAC,CAAC/B,IAAI,CAAC,aAAa,EAAE;cAAE8B;YAAK,CAAC,CAAC;UAC/C;QACF;MACF;IACF,CAAC,CAAC;IAEFlC,MAAM,CAACD,EAAE,CAAC,WAAW,EAAE,CAAC;MAAEG,QAAQ;MAAEiC;IAAS,CAAC,KAAK;MACjD,MAAMvB,IAAI,GAAGf,KAAK,CAACK,QAAQ,CAAC;MAC5B,IAAIU,IAAI,EAAE;QACR,MAAME,MAAM,GAAGF,IAAI,CAACF,OAAO,CAACF,IAAI,CAAEgB,CAAC,IAAKA,CAAC,CAACxB,MAAM,KAAKmC,QAAQ,CAAC;QAC9D,IAAIrB,MAAM,EAAE;UACV,MAAM+B,SAAS,GAAGjC,IAAI,CAACkC,YAAY,CAAC,CAAC;UACrClD,EAAE,CAACyB,EAAE,CAACc,QAAQ,CAAC,CAAC/B,IAAI,CAAC,aAAa,EAAE;YAAEiC,KAAK,EAAEQ;UAAU,CAAC,CAAC;QAC3D;MACF;IACF,CAAC,CAAC;IAEF7C,MAAM,CAACD,EAAE,CAAC,aAAa,EAAE,CAAC;MAAEG,QAAQ;MAAEiC;IAAS,CAAC,KAAK;MACnD,MAAMvB,IAAI,GAAGf,KAAK,CAACK,QAAQ,CAAC;MAC5B,IAAIU,IAAI,EAAE;QACR,MAAME,MAAM,GAAGF,IAAI,CAACF,OAAO,CAACF,IAAI,CAAEgB,CAAC,IAAKA,CAAC,CAACxB,MAAM,KAAKmC,QAAQ,CAAC;QAC9D,IAAIrB,MAAM,IAAIA,MAAM,CAACsB,YAAY,EAAE;UACjCtB,MAAM,CAACsB,YAAY,CAACW,MAAM,CAAC,CAAC;UAC5BnD,EAAE,CAACyB,EAAE,CAACnB,QAAQ,CAAC,CAACE,IAAI,CAAC,aAAa,EAAE;YAAEU,MAAM,EAAEA,MAAM,CAACI,IAAI;YAAEmB,KAAK,EAAEvB,MAAM,CAACsB;UAAa,CAAC,CAAC;QAC1F;MACF;IACF,CAAC,CAAC;IAEFpC,MAAM,CAACD,EAAE,CAAC,cAAc,EAAE,CAAC;MAAEG,QAAQ;MAAE8C;IAAY,CAAC,KAAK;MACvD,MAAMpC,IAAI,GAAGf,KAAK,CAACK,QAAQ,CAAC;MAC5B,IAAIU,IAAI,EAAE;QACR,MAAME,MAAM,GAAGF,IAAI,CAACF,OAAO,CAACF,IAAI,CAAEgB,CAAC,IAAKA,CAAC,CAACxB,MAAM,KAAKA,MAAM,CAACe,EAAE,CAAC;QAC/D,IAAID,MAAM,EAAE;UACV,MAAMmC,OAAO,GAAGD,WAAW;UAC3B,IAAIC,OAAO,GAAG,CAAC,EAAE;YACfjD,MAAM,CAACqB,EAAE,CAACnB,QAAQ,CAAC,CAACE,IAAI,CAAC,cAAc,EAAE;cACvC8C,MAAM,EAAEpC,MAAM,CAACI,IAAI;cACnBiC,QAAQ,EAAEnD,MAAM,CAACe,EAAE;cACnBqC,KAAK,EAAEH;YACT,CAAC,CAAC;UACJ;QACF;MACF;IACF,CAAC,CAAC;IAEFjD,MAAM,CAACD,EAAE,CAAC,mBAAmB,EAAE,CAAC;MAAEG,QAAQ;MAAEmD;IAAM,CAAC,KAAK;MACtD,MAAMzC,IAAI,GAAGf,KAAK,CAACK,QAAQ,CAAC;MAC5B,IAAIU,IAAI,EAAE;QACR,MAAME,MAAM,GAAGF,IAAI,CAACF,OAAO,CAACF,IAAI,CAAEgB,CAAC,IAAKA,CAAC,CAACxB,MAAM,KAAKA,MAAM,CAACe,EAAE,CAAC;QAC/D,IAAID,MAAM,EAAE;UACT;UACAd,MAAM,CAACqB,EAAE,CAACnB,QAAQ,CAAC,CAACE,IAAI,CAAC,qBAAqB,EAAE;YAC9C+B,QAAQ,EAAEnC,MAAM,CAACe,EAAE;YACnBG,IAAI,EAAEJ,MAAM,CAACI,IAAI;YACjBmC;UACF,CAAC,CAAC;QACL;MACF;IACF,CAAC,CAAC;IAEFrD,MAAM,CAACD,EAAE,CAAC,YAAY,EAAE,CAAC;MAAEG,QAAQ;MAAED;IAAW,CAAC,EAAEb,EAAE,KAAK;MACxD,MAAMwB,IAAI,GAAGf,KAAK,CAACK,QAAQ,CAAC;MAC5B,IAAIU,IAAI,EAAE;QACR,MAAME,MAAM,GAAGF,IAAI,CAACF,OAAO,CAACF,IAAI,CAAEgB,CAAC,IAAKA,CAAC,CAACxB,MAAM,KAAKA,MAAM,CAACe,EAAE,CAAC;QAC/D,IAAID,MAAM,EAAE;UACVA,MAAM,CAACwC,OAAO,GAAG,KAAK;UAEtB1D,EAAE,CAACyB,EAAE,CAACnB,QAAQ,CAAC,CAACE,IAAI,CAAC,kBAAkB,EAAE;YAAEH;UAAW,CAAC,CAAC;UAExD,IAAIW,IAAI,CAAC2C,aAAa,CAAC,CAAC,EAAE;YACxB,MAAMC,WAAW,GAAG5C,IAAI,CAACF,OAAO,CAACF,IAAI,CAACgB,CAAC,IAAIA,CAAC,CAAC8B,OAAO,CAAC;YACrD,IAAIE,WAAW,EAAE;cACf5D,EAAE,CAACyB,EAAE,CAACnB,QAAQ,CAAC,CAACE,IAAI,CAAC,cAAc,EAAE;gBAAEqD,UAAU,EAAED,WAAW,CAACtC;cAAK,CAAC,CAAC;cACtE,OAAOrB,KAAK,CAACK,QAAQ,CAAC;YACxB;UACF;UAEA,IAAI,OAAOd,EAAE,KAAK,UAAU,EAAEA,EAAE,CAAC;YAAEuC,EAAE,EAAE;UAAK,CAAC,CAAC;QAChD,CAAC,MAAM;UACL,IAAI,OAAOvC,EAAE,KAAK,UAAU,EAAEA,EAAE,CAAC;YAAEuC,EAAE,EAAE,KAAK;YAAE+B,MAAM,EAAE;UAAmB,CAAC,CAAC;QAC7E;MACF,CAAC,MAAM;QACL,IAAI,OAAOtE,EAAE,KAAK,UAAU,EAAEA,EAAE,CAAC;UAAEuC,EAAE,EAAE,KAAK;UAAE+B,MAAM,EAAE;QAAiB,CAAC,CAAC;MAC3E;IACF,CAAC,CAAC;IAEF1D,MAAM,CAACD,EAAE,CAAC,WAAW,EAAE,CAAC;MAAEG;IAAS,CAAC,EAAEd,EAAE,KAAK;MAC3C,MAAMwB,IAAI,GAAGf,KAAK,CAACK,QAAQ,CAAC;MAC5B,IAAIU,IAAI,EAAE;QACR,MAAME,MAAM,GAAGF,IAAI,CAACF,OAAO,CAACF,IAAI,CAAEgB,CAAC,IAAKA,CAAC,CAACxB,MAAM,KAAKA,MAAM,CAACe,EAAE,CAAC;QAC/D,IAAID,MAAM,EAAE;UACRF,IAAI,CAAC+C,YAAY,CAAC7C,MAAM,CAAC;UACzBd,MAAM,CAAC4D,KAAK,CAAC1D,QAAQ,CAAC;UAEtBF,MAAM,CAACqB,EAAE,CAACnB,QAAQ,CAAC,CAACE,IAAI,CAAC,YAAY,EAAE;YAAEH,UAAU,EAAEa,MAAM,CAACI;UAAK,CAAC,CAAC;UACnE,IAAI,CAACN,IAAI,CAACC,SAAS,EAAE;YACjB,MAAMS,UAAU,GAAGV,IAAI,CAACF,OAAO,CAACa,GAAG,CAACC,CAAC,KAAK;cAAEN,IAAI,EAAEM,CAAC,CAACN,IAAI;cAAEE,MAAM,EAAEI,CAAC,CAACJ;YAAO,CAAC,CAAC,CAAC;YAC9ExB,EAAE,CAACyB,EAAE,CAACnB,QAAQ,CAAC,CAACE,IAAI,CAAC,kBAAkB,EAAEkB,UAAU,CAAC;UACxD;UAEA,IAAIV,IAAI,CAACF,OAAO,CAACC,MAAM,KAAK,CAAC,EAAE;YAC7B,MAAMkD,SAAS,GAAGjD,IAAI,CAACF,OAAO,CAAC,CAAC,CAAC;YACjCd,EAAE,CAACyB,EAAE,CAACwC,SAAS,CAAC7D,MAAM,CAAC,CAACI,IAAI,CAAC,OAAO,EAAE;cAAE0D,WAAW,EAAE;YAAE,CAAC,CAAC;UAC3D;UACA,IAAIlD,IAAI,CAACF,OAAO,CAACC,MAAM,KAAK,CAAC,EAAE,OAAOd,KAAK,CAACK,QAAQ,CAAC;UACrD,IAAI,OAAOd,EAAE,KAAK,UAAU,EAAEA,EAAE,CAAC;YAAEuC,EAAE,EAAE;UAAK,CAAC,CAAC;UAChD;QACF;MACF;MACA,IAAI,OAAOvC,EAAE,KAAK,UAAU,EAAEA,EAAE,CAAC;QAAEuC,EAAE,EAAE,KAAK;QAAE+B,MAAM,EAAE;MAAY,CAAC,CAAC;IACtE,CAAC,CAAC;IAEF1D,MAAM,CAACD,EAAE,CAAC,YAAY,EAAE,MAAM;MAC5B,KAAK,MAAMG,QAAQ,IAAIL,KAAK,EAAE;QAC5B,MAAMe,IAAI,GAAGf,KAAK,CAACK,QAAQ,CAAC;QAC5B,MAAMY,MAAM,GAAGF,IAAI,CAACF,OAAO,CAACF,IAAI,CAAEgB,CAAC,IAAKA,CAAC,CAACxB,MAAM,KAAKA,MAAM,CAACe,EAAE,CAAC;QAC/D,IAAID,MAAM,EAAE;UACV,MAAMiD,OAAO,GAAGjD,MAAM,CAACM,MAAM;UAC7B,MAAM4C,YAAY,GAAGpD,IAAI,CAACF,OAAO,CAACuD,MAAM,CAAEzC,CAAC,IAAKA,CAAC,CAACxB,MAAM,KAAKA,MAAM,CAACe,EAAE,CAAC;UAEvE,IAAIH,IAAI,CAACC,SAAS,EAAE;YAClBD,IAAI,CAAC+C,YAAY,CAAC7C,MAAM,CAAC;YACzB,IAAIkD,YAAY,CAACrD,MAAM,GAAG,CAAC,EAAE;cAC3B,MAAMuD,MAAM,GAAGF,YAAY,CAAC,CAAC,CAAC;cAE9BpE,EAAE,CAACyB,EAAE,CAAC6C,MAAM,CAAClE,MAAM,CAAC,CAACI,IAAI,CAAC,QAAQ,EAAE;gBAAEqD,UAAU,EAAES,MAAM,CAAChD;cAAK,CAAC,CAAC;cAChEtB,EAAE,CAACyB,EAAE,CAACT,IAAI,CAACV,QAAQ,CAAC,CAACE,IAAI,CAAC,YAAY,EAAE;gBAAEH,UAAU,EAAEa,MAAM,CAACI;cAAK,CAAC,CAAC;cAEpE,IAAIN,IAAI,CAACF,OAAO,CAACC,MAAM,KAAK,CAAC,EAAE;gBAC7B,MAAMkD,SAAS,GAAGjD,IAAI,CAACF,OAAO,CAAC,CAAC,CAAC;gBACjCd,EAAE,CAACyB,EAAE,CAACwC,SAAS,CAAC7D,MAAM,CAAC,CAACI,IAAI,CAAC,OAAO,EAAE;kBAAE0D,WAAW,EAAE;gBAAE,CAAC,CAAC;cAC3D,CAAC,MAAM,IAAIC,OAAO,IAAInD,IAAI,CAACF,OAAO,CAACC,MAAM,GAAG,CAAC,EAAE;gBAC7C,MAAMwD,OAAO,GAAGvD,IAAI,CAACvB,IAAI;gBACzBO,EAAE,CAACyB,EAAE,CAACT,IAAI,CAACV,QAAQ,CAAC,CAACE,IAAI,CAAC,kBAAkB,EAC1CQ,IAAI,CAACF,OAAO,CAACa,GAAG,CAACC,CAAC,KAAK;kBAAEN,IAAI,EAAEM,CAAC,CAACN,IAAI;kBAAEE,MAAM,EAAEI,CAAC,CAACJ;gBAAO,CAAC,CAAC,CAC5D,CAAC;cACH;YACF;YACA,OAAOvB,KAAK,CAACK,QAAQ,CAAC;UACxB,CAAC,MAAM;YACLU,IAAI,CAAC+C,YAAY,CAAC7C,MAAM,CAAC;YACzBlB,EAAE,CAACyB,EAAE,CAACT,IAAI,CAACV,QAAQ,CAAC,CAACE,IAAI,CAAC,YAAY,EAAE;cAAEH,UAAU,EAAEa,MAAM,CAACI;YAAK,CAAC,CAAC;YAEpE,MAAMI,UAAU,GAAGV,IAAI,CAACF,OAAO,CAACa,GAAG,CAACC,CAAC,KAAK;cAAEN,IAAI,EAAEM,CAAC,CAACN,IAAI;cAAEE,MAAM,EAAEI,CAAC,CAACJ;YAAO,CAAC,CAAC,CAAC;YAC9ExB,EAAE,CAACyB,EAAE,CAACT,IAAI,CAACV,QAAQ,CAAC,CAACE,IAAI,CAAC,kBAAkB,EAAEkB,UAAU,CAAC;YAEzD,IAAIV,IAAI,CAACF,OAAO,CAACC,MAAM,KAAK,CAAC,EAAE;cAC7B,MAAMkD,SAAS,GAAGjD,IAAI,CAACF,OAAO,CAAC,CAAC,CAAC;cACjCd,EAAE,CAACyB,EAAE,CAACwC,SAAS,CAAC7D,MAAM,CAAC,CAACI,IAAI,CAAC,OAAO,EAAE;gBAAE0D,WAAW,EAAE;cAAE,CAAC,CAAC;YAC3D;YACA,IAAIlD,IAAI,CAACF,OAAO,CAACC,MAAM,KAAK,CAAC,EAAE,OAAOd,KAAK,CAACK,QAAQ,CAAC;UACvD;UACA;QACF;MACF;IACF,CAAC,CAAC;EACJ,CAAC,CAAC;AACJ,CAAC;AAEM,SAASkE,MAAMA,CAACjF,MAAM,EAAE;EAC7B,MAAMkF,OAAO,GAAG,IAAIC,OAAO,CAAEC,OAAO,IAAK;IACvC,MAAMrF,GAAG,GAAGL,OAAO,CAAC,MAAM,CAAC,CAAC2F,YAAY,CAAC,CAAC;IAC1CvF,OAAO,CAACC,GAAG,EAAEC,MAAM,EAAE,MAAM;MACzB,MAAMS,EAAE,GAAGf,OAAO,CAAC,WAAW,CAAC,CAACK,GAAG,EAAE;QACnCH,IAAI,EAAE;UACJ0F,MAAM,EAAE,GAAG;UACXC,OAAO,EAAE,CAAC,KAAK,EAAE,MAAM;QACzB;MACF,CAAC,CAAC;MAEF,MAAMC,IAAI,GAAIvF,EAAE,IAAK;QACnBQ,EAAE,CAACgF,KAAK,CAAC,CAAC;QACV1F,GAAG,CAAC0F,KAAK,CAAC,MAAM;UACd1F,GAAG,CAAC2F,KAAK,CAAC,CAAC;QACb,CAAC,CAAC;QACFzF,EAAE,CAAC,CAAC;MACN,CAAC;MAEDO,UAAU,CAACC,EAAE,CAAC;MACd2E,OAAO,CAAC;QAAEI;MAAK,CAAC,CAAC;IACnB,CAAC,CAAC;EACJ,CAAC,CAAC;EACF,OAAON,OAAO;AAChB","ignoreList":[]},"_coverageSchema":"1a1c01bbd47fc00a2c39e90264f33305004495a9","hash":"2505b0dc258f829d28ceac41230fc41d5e61a250","contentHash":"487b04bf054b793c5ab14ce27ca9fc932c52a16958aa2ffcfb48e3a97b6e15f2"}}