{"/home/kelvi/Documents/42_red-tetris/backend/src/server/game.js":{"path":"/home/kelvi/Documents/42_red-tetris/backend/src/server/game.js","s":{"1":1,"2":0,"3":0,"4":0,"5":0,"6":0},"b":{"1":[0,0],"2":[0,0],"3":[0,0],"4":[0,0],"5":[0,0],"6":[0,0],"7":[0,0]},"f":{"1":0,"2":0},"fnMap":{"1":{"name":"Game","line":5,"loc":{"start":{"line":5,"column":2},"end":{"line":5,"column":24}}},"2":{"name":"(anonymous_11)","line":39,"loc":{"start":{"line":39,"column":25},"end":{"line":39,"column":35}}}},"statementMap":{"1":{"start":{"line":5,"column":2},"end":{"line":13,"column":3}},"2":{"start":{"line":17,"column":4},"end":{"line":21,"column":5}},"3":{"start":{"line":26,"column":4},"end":{"line":29,"column":5}},"4":{"start":{"line":30,"column":4},"end":{"line":32,"column":5}},"5":{"start":{"line":49,"column":4},"end":{"line":52,"column":5}},"6":{"start":{"line":57,"column":4},"end":{"line":59,"column":5}}},"branchMap":{"1":{"line":17,"type":"if","locations":[{"start":{"line":17,"column":4},"end":{"line":17,"column":7}},{"start":{"line":17,"column":4},"end":{"line":17,"column":7}}]},"2":{"line":26,"type":"if","locations":[{"start":{"line":26,"column":4},"end":{"line":26,"column":7}},{"start":{"line":26,"column":4},"end":{"line":26,"column":7}}]},"3":{"line":26,"type":"binary-expr","locations":[{"start":{"line":26,"column":8},"end":{"line":26,"column":7}},{"start":{"line":26,"column":25},"end":{"line":26,"column":4}}]},"4":{"line":30,"type":"if","locations":[{"start":{"line":30,"column":4},"end":{"line":30,"column":7}},{"start":{"line":30,"column":4},"end":{"line":30,"column":7}}]},"5":{"line":46,"type":"cond-expr","locations":[{"start":{"line":46,"column":37},"end":{"line":46,"column":32}},{"start":{"line":46,"column":33},"end":{"line":46,"column":37}}]},"6":{"line":46,"type":"binary-expr","locations":[{"start":{"line":46,"column":37},"end":{"line":46,"column":32}},{"start":{"line":46,"column":37},"end":{"line":46,"column":32}}]},"7":{"line":57,"type":"if","locations":[{"start":{"line":57,"column":4},"end":{"line":57,"column":7}},{"start":{"line":57,"column":4},"end":{"line":57,"column":7}}]}}},"/home/kelvi/Documents/42_red-tetris/backend/src/server/index.js":{"path":"/home/kelvi/Documents/42_red-tetris/backend/src/server/index.js","s":{"1":0,"2":0,"3":0,"4":0,"5":0,"6":0,"7":0,"8":0,"9":0,"10":0,"11":0,"12":0,"13":0,"14":0,"15":0,"16":0,"17":0,"18":0,"19":0,"20":0,"21":0,"22":0,"23":0,"24":0,"25":0,"26":0,"27":0,"28":0,"29":0,"30":0,"31":0,"32":0,"33":0,"34":0,"35":0,"36":0,"37":0,"38":0,"39":0,"40":0,"41":0,"42":0,"43":0,"44":0,"45":0,"46":0,"47":0,"48":0,"49":0,"50":0,"51":0,"52":0,"53":1},"b":{"1":[0,0],"2":[0,0],"3":[0,0,0],"4":[0,0],"5":[0,0],"6":[0,0],"7":[0,0],"8":[0,0],"9":[0,0],"10":[0,0],"11":[0,0],"12":[0,0],"13":[0,0],"14":[0,0],"15":[0,0],"16":[0,0],"17":[0,0],"18":[0,0],"19":[0,0],"20":[0,0],"21":[0,0],"22":[0,0],"23":[0,0],"24":[0,0],"25":[0,0],"26":[0,0],"27":[0,0],"28":[0,0],"29":[0,0],"30":[0,0],"31":[0,0],"32":[0,0,0,0],"33":[0,0],"34":[0,0],"35":[0,0],"36":[0,0],"37":[0,0],"38":[0,0],"39":[0,0],"40":[0,0],"41":[0,0],"42":[0,0],"43":[0,0],"44":[0,0],"45":[0,0],"46":[0,0],"47":[0,0],"48":[0,0],"49":[0,0],"50":[0,0],"51":[0,0],"52":[0,0],"53":[0,0],"54":[0,0],"55":[0,0],"56":[0,0],"57":[0,0]},"f":{"1":0,"2":0,"3":0,"4":0,"5":0,"6":0,"7":0,"8":0,"9":0,"10":0,"11":0,"12":0,"13":0,"14":0,"15":0,"16":0,"17":0,"18":0,"19":0,"20":0},"fnMap":{"1":{"name":"initApp","line":6,"loc":{"start":{"line":6,"column":16},"end":{"line":6,"column":37}}},"2":{"name":"(anonymous_2)","line":13,"loc":{"start":{"line":13,"column":29},"end":{"line":13,"column":35}}},"3":{"name":"initEngine","line":18,"loc":{"start":{"line":18,"column":19},"end":{"line":18,"column":27}}},"4":{"name":"(anonymous_4)","line":22,"loc":{"start":{"line":22,"column":22},"end":{"line":22,"column":34}}},"5":{"name":"(anonymous_5)","line":24,"loc":{"start":{"line":24,"column":26},"end":{"line":24,"column":64}}},"6":{"name":"(anonymous_8)","line":84,"loc":{"start":{"line":84,"column":27},"end":{"line":84,"column":45}}},"7":{"name":"(anonymous_9)","line":99,"loc":{"start":{"line":99,"column":29},"end":{"line":99,"column":63}}},"8":{"name":"findLastOneIndex","line":111,"loc":{"start":{"line":111,"column":29},"end":{"line":111,"column":41}}},"9":{"name":"findFirstOneIndex","line":124,"loc":{"start":{"line":124,"column":30},"end":{"line":124,"column":42}}},"10":{"name":"(anonymous_13)","line":135,"loc":{"start":{"line":135,"column":27},"end":{"line":135,"column":61}}},"11":{"name":"(anonymous_15)","line":155,"loc":{"start":{"line":155,"column":27},"end":{"line":155,"column":55}}},"12":{"name":"(anonymous_17)","line":166,"loc":{"start":{"line":166,"column":29},"end":{"line":166,"column":57}}},"13":{"name":"(anonymous_19)","line":177,"loc":{"start":{"line":177,"column":28},"end":{"line":177,"column":62}}},"14":{"name":"(anonymous_21)","line":196,"loc":{"start":{"line":196,"column":27},"end":{"line":196,"column":49}}},"15":{"name":"(anonymous_24)","line":224,"loc":{"start":{"line":224,"column":28},"end":{"line":224,"column":34}}},"16":{"name":"create","line":267,"loc":{"start":{"line":267,"column":7},"end":{"line":267,"column":31}}},"17":{"name":"(anonymous_29)","line":268,"loc":{"start":{"line":268,"column":30},"end":{"line":268,"column":43}}},"18":{"name":"(anonymous_30)","line":270,"loc":{"start":{"line":270,"column":25},"end":{"line":270,"column":31}}},"19":{"name":"stop","line":278,"loc":{"start":{"line":278,"column":19},"end":{"line":278,"column":27}}},"20":{"name":"(anonymous_32)","line":280,"loc":{"start":{"line":280,"column":18},"end":{"line":280,"column":24}}}},"statementMap":{"1":{"start":{"line":25,"column":6},"end":{"line":34,"column":7}},"2":{"start":{"line":26,"column":8},"end":{"line":29,"column":9}},"3":{"start":{"line":36,"column":6},"end":{"line":39,"column":7}},"4":{"start":{"line":40,"column":6},"end":{"line":43,"column":7}},"5":{"start":{"line":45,"column":6},"end":{"line":45,"column":28}},"6":{"start":{"line":49,"column":6},"end":{"line":52,"column":7}},"7":{"start":{"line":54,"column":6},"end":{"line":57,"column":7}},"8":{"start":{"line":59,"column":6},"end":{"line":62,"column":8}},"9":{"start":{"line":60,"column":8},"end":{"line":59,"column":6}},"10":{"start":{"line":61,"column":11},"end":{"line":62,"column":8}},"11":{"start":{"line":86,"column":6},"end":{"line":96,"column":7}},"12":{"start":{"line":87,"column":8},"end":{"line":87,"column":57}},"13":{"start":{"line":89,"column":8},"end":{"line":92,"column":9}},"14":{"start":{"line":101,"column":6},"end":{"line":107,"column":7}},"15":{"start":{"line":103,"column":8},"end":{"line":106,"column":9}},"16":{"start":{"line":104,"column":10},"end":{"line":104,"column":40}},"17":{"start":{"line":108,"column":6},"end":{"line":108,"column":36}},"18":{"start":{"line":114,"column":6},"end":{"line":120,"column":7}},"19":{"start":{"line":115,"column":8},"end":{"line":119,"column":9}},"20":{"start":{"line":116,"column":10},"end":{"line":118,"column":11}},"21":{"start":{"line":125,"column":6},"end":{"line":131,"column":7}},"22":{"start":{"line":126,"column":8},"end":{"line":130,"column":9}},"23":{"start":{"line":127,"column":10},"end":{"line":129,"column":11}},"24":{"start":{"line":137,"column":6},"end":{"line":152,"column":7}},"25":{"start":{"line":139,"column":8},"end":{"line":151,"column":9}},"26":{"start":{"line":143,"column":10},"end":{"line":150,"column":11}},"27":{"start":{"line":145,"column":12},"end":{"line":148,"column":14}},"28":{"start":{"line":146,"column":14},"end":{"line":145,"column":12}},"29":{"start":{"line":157,"column":6},"end":{"line":163,"column":7}},"30":{"start":{"line":159,"column":8},"end":{"line":162,"column":9}},"31":{"start":{"line":168,"column":6},"end":{"line":174,"column":7}},"32":{"start":{"line":170,"column":8},"end":{"line":173,"column":9}},"33":{"start":{"line":179,"column":6},"end":{"line":193,"column":7}},"34":{"start":{"line":181,"column":8},"end":{"line":190,"column":9}},"35":{"start":{"line":186,"column":10},"end":{"line":186,"column":41}},"36":{"start":{"line":187,"column":10},"end":{"line":187,"column":40}},"37":{"start":{"line":189,"column":10},"end":{"line":189,"column":40}},"38":{"start":{"line":192,"column":8},"end":{"line":192,"column":38}},"39":{"start":{"line":198,"column":6},"end":{"line":220,"column":7}},"40":{"start":{"line":200,"column":8},"end":{"line":219,"column":9}},"41":{"start":{"line":206,"column":12},"end":{"line":209,"column":13}},"42":{"start":{"line":211,"column":12},"end":{"line":215,"column":13}},"43":{"start":{"line":216,"column":12},"end":{"line":216,"column":43}},"44":{"start":{"line":217,"column":12},"end":{"line":217,"column":42}},"45":{"start":{"line":221,"column":6},"end":{"line":221,"column":36}},"46":{"start":{"line":225,"column":6},"end":{"line":262,"column":7}},"47":{"start":{"line":228,"column":8},"end":{"line":261,"column":9}},"48":{"start":{"line":232,"column":10},"end":{"line":259,"column":11}},"49":{"start":{"line":234,"column":12},"end":{"line":244,"column":13}},"50":{"start":{"line":240,"column":14},"end":{"line":243,"column":15}},"51":{"start":{"line":253,"column":12},"end":{"line":257,"column":13}},"52":{"start":{"line":258,"column":12},"end":{"line":258,"column":43}},"53":{"start":{"line":267,"column":7},"end":{"line":291,"column":1}}},"branchMap":{"1":{"line":25,"type":"if","locations":[{"start":{"line":25,"column":6},"end":{"line":25,"column":9}},{"start":{"line":25,"column":6},"end":{"line":25,"column":9}}]},"2":{"line":26,"type":"if","locations":[{"start":{"line":26,"column":8},"end":{"line":26,"column":11}},{"start":{"line":26,"column":8},"end":{"line":26,"column":11}}]},"3":{"line":31,"type":"binary-expr","locations":[{"start":{"line":31,"column":19},"end":{"line":31,"column":32}},{"start":{"line":31,"column":33},"end":{"line":31,"column":19}},{"start":{"line":31,"column":55},"end":{"line":31,"column":10}}]},"4":{"line":33,"type":"binary-expr","locations":[{"start":{"line":33,"column":19},"end":{"line":33,"column":40}},{"start":{"line":33,"column":19},"end":{"line":33,"column":8}}]},"5":{"line":36,"type":"if","locations":[{"start":{"line":36,"column":6},"end":{"line":36,"column":9}},{"start":{"line":36,"column":6},"end":{"line":36,"column":9}}]},"6":{"line":36,"type":"binary-expr","locations":[{"start":{"line":36,"column":10},"end":{"line":36,"column":9}},{"start":{"line":36,"column":31},"end":{"line":36,"column":6}}]},"7":{"line":40,"type":"if","locations":[{"start":{"line":40,"column":6},"end":{"line":40,"column":9}},{"start":{"line":40,"column":6},"end":{"line":40,"column":9}}]},"8":{"line":40,"type":"binary-expr","locations":[{"start":{"line":40,"column":10},"end":{"line":40,"column":9}},{"start":{"line":40,"column":33},"end":{"line":40,"column":6}}]},"9":{"line":45,"type":"if","locations":[{"start":{"line":45,"column":6},"end":{"line":45,"column":9}},{"start":{"line":45,"column":6},"end":{"line":45,"column":9}}]},"10":{"line":49,"type":"if","locations":[{"start":{"line":49,"column":6},"end":{"line":49,"column":9}},{"start":{"line":49,"column":6},"end":{"line":49,"column":9}}]},"11":{"line":54,"type":"if","locations":[{"start":{"line":54,"column":6},"end":{"line":54,"column":9}},{"start":{"line":54,"column":6},"end":{"line":54,"column":9}}]},"12":{"line":59,"type":"if","locations":[{"start":{"line":59,"column":6},"end":{"line":59,"column":9}},{"start":{"line":59,"column":6},"end":{"line":59,"column":9}}]},"13":{"line":59,"type":"binary-expr","locations":[{"start":{"line":59,"column":10},"end":{"line":59,"column":9}},{"start":{"line":59,"column":25},"end":{"line":59,"column":6}}]},"14":{"line":61,"type":"if","locations":[{"start":{"line":61,"column":11},"end":{"line":61,"column":10}},{"start":{"line":61,"column":11},"end":{"line":61,"column":10}}]},"15":{"line":72,"type":"binary-expr","locations":[{"start":{"line":72,"column":16},"end":{"line":72,"column":15}},{"start":{"line":72,"column":29},"end":{"line":72,"column":57}}]},"16":{"line":86,"type":"if","locations":[{"start":{"line":86,"column":6},"end":{"line":86,"column":9}},{"start":{"line":86,"column":6},"end":{"line":86,"column":9}}]},"17":{"line":86,"type":"binary-expr","locations":[{"start":{"line":86,"column":10},"end":{"line":86,"column":17}},{"start":{"line":86,"column":18},"end":{"line":86,"column":6}}]},"18":{"line":87,"type":"if","locations":[{"start":{"line":87,"column":8},"end":{"line":87,"column":11}},{"start":{"line":87,"column":8},"end":{"line":87,"column":11}}]},"19":{"line":87,"type":"binary-expr","locations":[{"start":{"line":87,"column":12},"end":{"line":87,"column":11}},{"start":{"line":87,"column":25},"end":{"line":87,"column":8}}]},"20":{"line":89,"type":"if","locations":[{"start":{"line":89,"column":8},"end":{"line":89,"column":11}},{"start":{"line":89,"column":8},"end":{"line":89,"column":11}}]},"21":{"line":101,"type":"if","locations":[{"start":{"line":101,"column":6},"end":{"line":101,"column":9}},{"start":{"line":101,"column":6},"end":{"line":101,"column":9}}]},"22":{"line":102,"type":"binary-expr","locations":[{"start":{"line":102,"column":48},"end":{"line":102,"column":47}},{"start":{"line":102,"column":74},"end":{"line":102,"column":41}}]},"23":{"line":103,"type":"if","locations":[{"start":{"line":103,"column":8},"end":{"line":103,"column":11}},{"start":{"line":103,"column":8},"end":{"line":103,"column":11}}]},"24":{"line":104,"type":"if","locations":[{"start":{"line":104,"column":10},"end":{"line":104,"column":13}},{"start":{"line":104,"column":10},"end":{"line":104,"column":13}}]},"25":{"line":108,"type":"if","locations":[{"start":{"line":108,"column":6},"end":{"line":108,"column":9}},{"start":{"line":108,"column":6},"end":{"line":108,"column":9}}]},"26":{"line":116,"type":"if","locations":[{"start":{"line":116,"column":10},"end":{"line":116,"column":13}},{"start":{"line":116,"column":10},"end":{"line":116,"column":13}}]},"27":{"line":127,"type":"if","locations":[{"start":{"line":127,"column":10},"end":{"line":127,"column":13}},{"start":{"line":127,"column":10},"end":{"line":127,"column":13}}]},"28":{"line":137,"type":"if","locations":[{"start":{"line":137,"column":6},"end":{"line":137,"column":9}},{"start":{"line":137,"column":6},"end":{"line":137,"column":9}}]},"29":{"line":139,"type":"if","locations":[{"start":{"line":139,"column":8},"end":{"line":139,"column":11}},{"start":{"line":139,"column":8},"end":{"line":139,"column":11}}]},"30":{"line":139,"type":"binary-expr","locations":[{"start":{"line":139,"column":12},"end":{"line":139,"column":21}},{"start":{"line":139,"column":22},"end":{"line":139,"column":8}}]},"31":{"line":143,"type":"if","locations":[{"start":{"line":143,"column":10},"end":{"line":143,"column":14}},{"start":{"line":143,"column":10},"end":{"line":143,"column":14}}]},"32":{"line":143,"type":"binary-expr","locations":[{"start":{"line":143,"column":15},"end":{"line":143,"column":14}},{"start":{"line":143,"column":34},"end":{"line":143,"column":14}},{"start":{"line":144,"column":15},"end":{"line":144,"column":14}},{"start":{"line":144,"column":33},"end":{"line":143,"column":10}}]},"33":{"line":145,"type":"if","locations":[{"start":{"line":145,"column":12},"end":{"line":145,"column":15}},{"start":{"line":145,"column":12},"end":{"line":145,"column":15}}]},"34":{"line":157,"type":"if","locations":[{"start":{"line":157,"column":6},"end":{"line":157,"column":9}},{"start":{"line":157,"column":6},"end":{"line":157,"column":9}}]},"35":{"line":159,"type":"if","locations":[{"start":{"line":159,"column":8},"end":{"line":159,"column":11}},{"start":{"line":159,"column":8},"end":{"line":159,"column":11}}]},"36":{"line":168,"type":"if","locations":[{"start":{"line":168,"column":6},"end":{"line":168,"column":9}},{"start":{"line":168,"column":6},"end":{"line":168,"column":9}}]},"37":{"line":170,"type":"if","locations":[{"start":{"line":170,"column":8},"end":{"line":170,"column":11}},{"start":{"line":170,"column":8},"end":{"line":170,"column":11}}]},"38":{"line":170,"type":"binary-expr","locations":[{"start":{"line":170,"column":12},"end":{"line":170,"column":21}},{"start":{"line":170,"column":22},"end":{"line":170,"column":8}}]},"39":{"line":179,"type":"if","locations":[{"start":{"line":179,"column":6},"end":{"line":179,"column":9}},{"start":{"line":179,"column":6},"end":{"line":179,"column":9}}]},"40":{"line":181,"type":"if","locations":[{"start":{"line":181,"column":8},"end":{"line":181,"column":11}},{"start":{"line":181,"column":8},"end":{"line":181,"column":11}}]},"41":{"line":186,"type":"if","locations":[{"start":{"line":186,"column":10},"end":{"line":186,"column":13}},{"start":{"line":186,"column":10},"end":{"line":186,"column":13}}]},"42":{"line":187,"type":"if","locations":[{"start":{"line":187,"column":10},"end":{"line":187,"column":13}},{"start":{"line":187,"column":10},"end":{"line":187,"column":13}}]},"43":{"line":189,"type":"if","locations":[{"start":{"line":189,"column":10},"end":{"line":189,"column":13}},{"start":{"line":189,"column":10},"end":{"line":189,"column":13}}]},"44":{"line":192,"type":"if","locations":[{"start":{"line":192,"column":8},"end":{"line":192,"column":11}},{"start":{"line":192,"column":8},"end":{"line":192,"column":11}}]},"45":{"line":198,"type":"if","locations":[{"start":{"line":198,"column":6},"end":{"line":198,"column":9}},{"start":{"line":198,"column":6},"end":{"line":198,"column":9}}]},"46":{"line":200,"type":"if","locations":[{"start":{"line":200,"column":8},"end":{"line":200,"column":11}},{"start":{"line":200,"column":8},"end":{"line":200,"column":11}}]},"47":{"line":206,"type":"if","locations":[{"start":{"line":206,"column":12},"end":{"line":206,"column":15}},{"start":{"line":206,"column":12},"end":{"line":206,"column":15}}]},"48":{"line":211,"type":"if","locations":[{"start":{"line":211,"column":12},"end":{"line":211,"column":15}},{"start":{"line":211,"column":12},"end":{"line":211,"column":15}}]},"49":{"line":216,"type":"if","locations":[{"start":{"line":216,"column":12},"end":{"line":216,"column":15}},{"start":{"line":216,"column":12},"end":{"line":216,"column":15}}]},"50":{"line":217,"type":"if","locations":[{"start":{"line":217,"column":12},"end":{"line":217,"column":15}},{"start":{"line":217,"column":12},"end":{"line":217,"column":15}}]},"51":{"line":221,"type":"if","locations":[{"start":{"line":221,"column":6},"end":{"line":221,"column":9}},{"start":{"line":221,"column":6},"end":{"line":221,"column":9}}]},"52":{"line":228,"type":"if","locations":[{"start":{"line":228,"column":8},"end":{"line":228,"column":11}},{"start":{"line":228,"column":8},"end":{"line":228,"column":11}}]},"53":{"line":232,"type":"if","locations":[{"start":{"line":232,"column":10},"end":{"line":232,"column":13}},{"start":{"line":232,"column":10},"end":{"line":232,"column":13}}]},"54":{"line":234,"type":"if","locations":[{"start":{"line":234,"column":12},"end":{"line":234,"column":15}},{"start":{"line":234,"column":12},"end":{"line":234,"column":15}}]},"55":{"line":240,"type":"if","locations":[{"start":{"line":240,"column":14},"end":{"line":240,"column":17}},{"start":{"line":240,"column":14},"end":{"line":240,"column":17}}]},"56":{"line":253,"type":"if","locations":[{"start":{"line":253,"column":12},"end":{"line":253,"column":15}},{"start":{"line":253,"column":12},"end":{"line":253,"column":15}}]},"57":{"line":258,"type":"if","locations":[{"start":{"line":258,"column":12},"end":{"line":258,"column":15}},{"start":{"line":258,"column":12},"end":{"line":258,"column":15}}]}}},"/home/kelvi/Documents/42_red-tetris/backend/src/server/main.js":{"path":"/home/kelvi/Documents/42_red-tetris/backend/src/server/main.js","s":{},"b":{},"f":{},"fnMap":{},"statementMap":{},"branchMap":{}},"/home/kelvi/Documents/42_red-tetris/backend/src/server/piece.js":{"path":"/home/kelvi/Documents/42_red-tetris/backend/src/server/piece.js","s":{"1":1},"b":{"1":[0,0],"2":[0,0]},"f":{"1":0},"fnMap":{"1":{"name":"Piece","line":2,"loc":{"start":{"line":2,"column":2},"end":{"line":2,"column":47}}}},"statementMap":{"1":{"start":{"line":2,"column":2},"end":{"line":7,"column":3}}},"branchMap":{"1":{"line":2,"type":"cond-expr","locations":[{"start":{"line":2,"column":47},"end":{"line":2,"column":30}},{"start":{"line":2,"column":31},"end":{"line":2,"column":47}}]},"2":{"line":2,"type":"binary-expr","locations":[{"start":{"line":2,"column":47},"end":{"line":2,"column":30}},{"start":{"line":2,"column":47},"end":{"line":2,"column":30}}]}}},"/home/kelvi/Documents/42_red-tetris/backend/src/server/player.js":{"path":"/home/kelvi/Documents/42_red-tetris/backend/src/server/player.js","s":{"1":1,"2":0,"3":0,"4":0},"b":{"1":[0,0]},"f":{"1":0},"fnMap":{"1":{"name":"Player","line":2,"loc":{"start":{"line":2,"column":2},"end":{"line":2,"column":28}}}},"statementMap":{"1":{"start":{"line":2,"column":2},"end":{"line":10,"column":3}},"2":{"start":{"line":17,"column":4},"end":{"line":23,"column":5}},"3":{"start":{"line":19,"column":6},"end":{"line":21,"column":7}},"4":{"start":{"line":20,"column":8},"end":{"line":20,"column":30}}},"branchMap":{"1":{"line":20,"type":"if","locations":[{"start":{"line":20,"column":8},"end":{"line":20,"column":11}},{"start":{"line":20,"column":8},"end":{"line":20,"column":11}}]}}}}